#
# There is insufficient memory for the Java Runtime Environment to continue.
# Native memory allocation (mmap) failed to map 65536 bytes for Failed to commit area from 0x000002037e730000 to 0x000002037e740000 of length 65536.
# Possible reasons:
#   The system is out of physical RAM or swap space
#   The process is running with CompressedOops enabled, and the Java Heap may be blocking the growth of the native heap
# Possible solutions:
#   Reduce memory load on the system
#   Increase physical memory or swap space
#   Check if swap backing store is full
#   Decrease Java heap size (-Xmx/-Xms)
#   Decrease number of Java threads
#   Decrease Java thread stack sizes (-Xss)
#   Set larger code cache with -XX:ReservedCodeCacheSize=
#   JVM is running with Unscaled Compressed Oops mode in which the Java heap is
#     placed in the first 4GB address space. The Java Heap base address is the
#     maximum limit for the native heap growth. Please use -XX:HeapBaseMinAddress
#     to set the Java Heap base and to place the Java Heap above 4GB virtual address.
# This output file may be truncated or incomplete.
#
#  Out of Memory Error (src/hotspot/os/windows/os_windows.cpp:3627), pid=7596, tid=14920
#
# JRE version: OpenJDK Runtime Environment (11.0.15) (build 11.0.15+0-b2043.56-9505619)
# Java VM: OpenJDK 64-Bit Server VM (11.0.15+0-b2043.56-9505619, mixed mode, tiered, compressed oops, g1 gc, windows-amd64)
# No core dump will be written. Minidumps are not enabled by default on client versions of Windows
#

---------------  S U M M A R Y ------------

Command Line: --add-opens=java.base/java.util=ALL-UNNAMED --add-opens=java.base/java.lang=ALL-UNNAMED --add-opens=java.base/java.lang.invoke=ALL-UNNAMED --add-opens=java.prefs/java.util.prefs=ALL-UNNAMED --add-opens=java.base/java.nio.charset=ALL-UNNAMED --add-opens=java.base/java.net=ALL-UNNAMED --add-opens=java.base/java.util.concurrent.atomic=ALL-UNNAMED -Xmx2048m -Dfile.encoding=UTF-8 -Duser.country=PE -Duser.language=es -Duser.variant org.gradle.launcher.daemon.bootstrap.GradleDaemon 8.0

Host: AMD Athlon Silver 3050U with Radeon Graphics   , 2 cores, 3G,  Windows 11 , 64 bit Build 22621 (10.0.22621.1635)
Time: Sat Jun 10 21:06:37 2023 Hora est. Pacífico, Sudamérica elapsed time: 68.722338 seconds (0d 0h 1m 8s)

---------------  T H R E A D  ---------------

Current thread (0x000002037ee3e000):  VMThread "VM Thread" [stack: 0x000000ae40300000,0x000000ae40400000] [id=14920]

Stack: [0x000000ae40300000,0x000000ae40400000]
[error occurred during error reporting (printing stack bounds), id 0xc0000005, EXCEPTION_ACCESS_VIOLATION (0xc0000005) at pc=0x000002030000112d]

Native frames: (J=compiled Java code, j=interpreted, Vv=VM code, C=native code)
V  [jvm.dll+0x64135a]
V  [jvm.dll+0x7d39f9]
V  [jvm.dll+0x7d51b9]
V  [jvm.dll+0x7d5805]
V  [jvm.dll+0x7d57bb]
V  [jvm.dll+0x640655]
V  [jvm.dll+0x640d68]
C  [ntdll.dll+0xa3cff]
C  [ntdll.dll+0x1e456]
C  [ntdll.dll+0xa2cee]
C  0x000002030000112d

VM_Operation (0x000000ae3fcfd100): G1CollectForAllocation, mode: safepoint, requested by thread 0x000002031aee4800


---------------  P R O C E S S  ---------------

Threads class SMR info:
_java_thread_list=0x000002031aa3ff50, length=61, elements={
0x000002037a78d800, 0x000002037ee43000, 0x000002037ee45000, 0x000002037ee9d800,
0x000002037eea1000, 0x000002037eea2000, 0x000002037eea4800, 0x000002037f818800,
0x000002037f840800, 0x000002037f932800, 0x0000020316003800, 0x00000203166e1000,
0x0000020315f04000, 0x000002031642f000, 0x000002031642f800, 0x000002031653b800,
0x000002031681e800, 0x0000020316820000, 0x0000020316742800, 0x000002037fb94800,
0x000002037fb95000, 0x000002037fb91000, 0x000002037fb96000, 0x000002037fb90800,
0x000002037fb97000, 0x000002037fb93800, 0x000002037fb92000, 0x000002037fb92800,
0x00000203187e2800, 0x00000203187dd000, 0x00000203187e1000, 0x00000203187dd800,
0x00000203187df000, 0x00000203187e6000, 0x00000203187e7800, 0x00000203187e6800,
0x00000203187ea800, 0x00000203187e9000, 0x00000203187ea000, 0x00000203187e5000,
0x00000203187eb800, 0x00000203169d0000, 0x00000203169d3800, 0x00000203169d1000,
0x00000203169d2000, 0x00000203169ce800, 0x00000203169cf800, 0x00000203169d7800,
0x00000203169d8800, 0x00000203169d6800, 0x00000203169d6000, 0x00000203169d2800,
0x00000203169d9000, 0x00000203169d5000, 0x00000203169da000, 0x00000203169db000,
0x00000203169db800, 0x00000203169dc800, 0x00000203169dd800, 0x000002031aee2800,
0x000002031aee4800
}

Java Threads: ( => current thread )
  0x000002037a78d800 JavaThread "main" [_thread_blocked, id=15588, stack(0x000000ae3fd00000,0x000000ae3fe00000)]
  0x000002037ee43000 JavaThread "Reference Handler" daemon [_thread_blocked, id=11640, stack(0x000000ae40400000,0x000000ae40500000)]
  0x000002037ee45000 JavaThread "Finalizer" daemon [_thread_blocked, id=9336, stack(0x000000ae40500000,0x000000ae40600000)]
  0x000002037ee9d800 JavaThread "Signal Dispatcher" daemon [_thread_blocked, id=14648, stack(0x000000ae40600000,0x000000ae40700000)]
  0x000002037eea1000 JavaThread "Attach Listener" daemon [_thread_blocked, id=15312, stack(0x000000ae40700000,0x000000ae40800000)]
  0x000002037eea2000 JavaThread "Service Thread" daemon [_thread_blocked, id=10752, stack(0x000000ae40800000,0x000000ae40900000)]
  0x000002037eea4800 JavaThread "C2 CompilerThread0" daemon [_thread_blocked, id=14568, stack(0x000000ae40900000,0x000000ae40a00000)]
  0x000002037f818800 JavaThread "C1 CompilerThread0" daemon [_thread_blocked, id=14472, stack(0x000000ae40a00000,0x000000ae40b00000)]
  0x000002037f840800 JavaThread "Sweeper thread" daemon [_thread_blocked, id=16276, stack(0x000000ae40b00000,0x000000ae40c00000)]
  0x000002037f932800 JavaThread "Common-Cleaner" daemon [_thread_blocked, id=9972, stack(0x000000ae40c00000,0x000000ae40d00000)]
  0x0000020316003800 JavaThread "Daemon health stats" [_thread_blocked, id=15196, stack(0x000000ae40f00000,0x000000ae41000000)]
  0x00000203166e1000 JavaThread "Incoming local TCP Connector on port 59816" [_thread_in_native, id=7828, stack(0x000000ae41000000,0x000000ae41100000)]
  0x0000020315f04000 JavaThread "Daemon periodic checks" [_thread_blocked, id=3560, stack(0x000000ae41100000,0x000000ae41200000)]
  0x000002031642f000 JavaThread "Daemon" [_thread_blocked, id=14756, stack(0x000000ae41200000,0x000000ae41300000)]
  0x000002031642f800 JavaThread "Handler for socket connection from /127.0.0.1:59816 to /127.0.0.1:59817" [_thread_in_native, id=13632, stack(0x000000ae41300000,0x000000ae41400000)]
  0x000002031653b800 JavaThread "Cancel handler" [_thread_blocked, id=7896, stack(0x000000ae41400000,0x000000ae41500000)]
  0x000002031681e800 JavaThread "Daemon worker" [_thread_blocked, id=8992, stack(0x000000ae41500000,0x000000ae41600000)]
  0x0000020316820000 JavaThread "Asynchronous log dispatcher for DefaultDaemonConnection: socket connection from /127.0.0.1:59816 to /127.0.0.1:59817" [_thread_blocked, id=13916, stack(0x000000ae41600000,0x000000ae41700000)]
  0x0000020316742800 JavaThread "Daemon client event forwarder" [_thread_blocked, id=3600, stack(0x000000ae41800000,0x000000ae41900000)]
  0x000002037fb94800 JavaThread "Cache worker for journal cache (C:\Users\HP-CSD\.gradle\caches\journal-1)" [_thread_blocked, id=3088, stack(0x000000ae41900000,0x000000ae41a00000)]
  0x000002037fb95000 JavaThread "File lock request listener" [_thread_in_native, id=13556, stack(0x000000ae41a00000,0x000000ae41b00000)]
  0x000002037fb91000 JavaThread "Cache worker for file hash cache (C:\Users\HP-CSD\.gradle\caches\8.0\fileHashes)" [_thread_blocked, id=15932, stack(0x000000ae41b00000,0x000000ae41c00000)]
  0x000002037fb96000 JavaThread "File watcher server" daemon [_thread_blocked, id=10868, stack(0x000000ae41c00000,0x000000ae41d00000)]
  0x000002037fb90800 JavaThread "File watcher consumer" daemon [_thread_blocked, id=8328, stack(0x000000ae41d00000,0x000000ae41e00000)]
  0x000002037fb97000 JavaThread "Cache worker for checksums cache (C:\Users\HP-CSD\AndroidStudioProjects\PokeTinder\.gradle\8.0\checksums)" [_thread_blocked, id=12836, stack(0x000000ae41e00000,0x000000ae41f00000)]
  0x000002037fb93800 JavaThread "Cache worker for cache directory md-rule (C:\Users\HP-CSD\.gradle\caches\8.0\md-rule)" [_thread_blocked, id=15288, stack(0x000000ae41f00000,0x000000ae42000000)]
  0x000002037fb92000 JavaThread "Cache worker for file content cache (C:\Users\HP-CSD\.gradle\caches\8.0\fileContent)" [_thread_blocked, id=15796, stack(0x000000ae42000000,0x000000ae42100000)]
  0x000002037fb92800 JavaThread "Cache worker for file hash cache (C:\Users\HP-CSD\AndroidStudioProjects\PokeTinder\.gradle\8.0\fileHashes)" [_thread_blocked, id=14112, stack(0x000000ae42100000,0x000000ae42200000)]
  0x00000203187e2800 JavaThread "Cache worker for cache directory md-supplier (C:\Users\HP-CSD\.gradle\caches\8.0\md-supplier)" [_thread_blocked, id=6096, stack(0x000000ae42200000,0x000000ae42300000)]
  0x00000203187dd000 JavaThread "Cache worker for execution history cache (C:\Users\HP-CSD\.gradle\caches\8.0\executionHistory)" [_thread_blocked, id=7936, stack(0x000000ae42300000,0x000000ae42400000)]
  0x00000203187e1000 JavaThread "jar transforms" [_thread_blocked, id=14344, stack(0x000000ae42400000,0x000000ae42500000)]
  0x00000203187dd800 JavaThread "jar transforms Thread 2" [_thread_blocked, id=8700, stack(0x000000ae42500000,0x000000ae42600000)]
  0x00000203187df000 JavaThread "Cache worker for dependencies-accessors (C:\Users\HP-CSD\AndroidStudioProjects\PokeTinder\.gradle\8.0\dependencies-accessors)" [_thread_blocked, id=13804, stack(0x000000ae42600000,0x000000ae42700000)]
  0x00000203187e6000 JavaThread "Cache worker for Build Output Cleanup Cache (C:\Users\HP-CSD\AndroidStudioProjects\PokeTinder\.gradle\buildOutputCleanup)" [_thread_blocked, id=12980, stack(0x000000ae42700000,0x000000ae42800000)]
  0x00000203187e7800 JavaThread "Unconstrained build operations" [_thread_blocked, id=7940, stack(0x000000ae42800000,0x000000ae42900000)]
  0x00000203187e6800 JavaThread "Unconstrained build operations Thread 2" [_thread_blocked, id=16148, stack(0x000000ae42900000,0x000000ae42a00000)]
  0x00000203187ea800 JavaThread "Unconstrained build operations Thread 3" [_thread_blocked, id=4928, stack(0x000000ae42a00000,0x000000ae42b00000)]
  0x00000203187e9000 JavaThread "Unconstrained build operations Thread 4" [_thread_blocked, id=5572, stack(0x000000ae42b00000,0x000000ae42c00000)]
  0x00000203187ea000 JavaThread "Unconstrained build operations Thread 5" [_thread_blocked, id=10536, stack(0x000000ae42c00000,0x000000ae42d00000)]
  0x00000203187e5000 JavaThread "Unconstrained build operations Thread 6" [_thread_blocked, id=15072, stack(0x000000ae42d00000,0x000000ae42e00000)]
  0x00000203187eb800 JavaThread "Unconstrained build operations Thread 7" [_thread_blocked, id=8256, stack(0x000000ae42e00000,0x000000ae42f00000)]
  0x00000203169d0000 JavaThread "Unconstrained build operations Thread 8" [_thread_blocked, id=16324, stack(0x000000ae42f00000,0x000000ae43000000)]
  0x00000203169d3800 JavaThread "Unconstrained build operations Thread 9" [_thread_blocked, id=5016, stack(0x000000ae43000000,0x000000ae43100000)]
  0x00000203169d1000 JavaThread "Unconstrained build operations Thread 10" [_thread_blocked, id=5916, stack(0x000000ae43100000,0x000000ae43200000)]
  0x00000203169d2000 JavaThread "Unconstrained build operations Thread 11" [_thread_blocked, id=15260, stack(0x000000ae43200000,0x000000ae43300000)]
  0x00000203169ce800 JavaThread "Unconstrained build operations Thread 12" [_thread_blocked, id=9296, stack(0x000000ae43300000,0x000000ae43400000)]
  0x00000203169cf800 JavaThread "Unconstrained build operations Thread 13" [_thread_blocked, id=3752, stack(0x000000ae43400000,0x000000ae43500000)]
  0x00000203169d7800 JavaThread "Unconstrained build operations Thread 14" [_thread_blocked, id=2932, stack(0x000000ae43500000,0x000000ae43600000)]
  0x00000203169d8800 JavaThread "Unconstrained build operations Thread 15" [_thread_blocked, id=14708, stack(0x000000ae43600000,0x000000ae43700000)]
  0x00000203169d6800 JavaThread "Unconstrained build operations Thread 16" [_thread_blocked, id=3376, stack(0x000000ae43700000,0x000000ae43800000)]
  0x00000203169d6000 JavaThread "Unconstrained build operations Thread 17" [_thread_blocked, id=12216, stack(0x000000ae43800000,0x000000ae43900000)]
  0x00000203169d2800 JavaThread "Unconstrained build operations Thread 18" [_thread_blocked, id=13676, stack(0x000000ae43900000,0x000000ae43a00000)]
  0x00000203169d9000 JavaThread "Unconstrained build operations Thread 19" [_thread_blocked, id=2792, stack(0x000000ae43a00000,0x000000ae43b00000)]
  0x00000203169d5000 JavaThread "Unconstrained build operations Thread 20" [_thread_blocked, id=5708, stack(0x000000ae43b00000,0x000000ae43c00000)]
  0x00000203169da000 JavaThread "build event listener" [_thread_blocked, id=13888, stack(0x000000ae43c00000,0x000000ae43d00000)]
  0x00000203169db000 JavaThread "Memory manager" [_thread_blocked, id=15600, stack(0x000000ae43d00000,0x000000ae43e00000)]
  0x00000203169db800 JavaThread "included builds" [_thread_blocked, id=7488, stack(0x000000ae44000000,0x000000ae44100000)]
  0x00000203169dc800 JavaThread "Execution worker" [_thread_blocked, id=7888, stack(0x000000ae44100000,0x000000ae44200000)]
  0x00000203169dd800 JavaThread "Cache worker for execution history cache (C:\Users\HP-CSD\AndroidStudioProjects\PokeTinder\.gradle\8.0\executionHistory)" [_thread_blocked, id=14712, stack(0x000000ae44200000,0x000000ae44300000)]
  0x000002031aee2800 JavaThread "WorkerExecutor Queue" [_thread_blocked, id=6548, stack(0x000000ae3fa00000,0x000000ae3fb00000)]
  0x000002031aee4800 JavaThread "WorkerExecutor Queue Thread 3" [_thread_blocked, id=7416, stack(0x000000ae3fc00000,0x000000ae3fd00000)]

Other Threads:
=>0x000002037ee3e000 VMThread "VM Thread" [stack: 0x000000ae40300000,0x000000ae40400000] [id=14920]
  0x000002037f964000 WatcherThread [stack: 0x000000ae40d00000,0x000000ae40e00000] [id=9880]
  0x000002037a7a6000 GCTaskThread "GC Thread#0" [stack: 0x000000ae3fe00000,0x000000ae3ff00000] [id=15624]
  0x000002037f9f7000 GCTaskThread "GC Thread#1" [stack: 0x000000ae40e00000,0x000000ae40f00000] [id=1400]
  0x000002037a7d8800 ConcurrentGCThread "G1 Main Marker" [stack: 0x000000ae3ff00000,0x000000ae40000000] [id=5408]
  0x000002037a7da800 ConcurrentGCThread "G1 Conc#0" [stack: 0x000000ae40000000,0x000000ae40100000] [id=7068]
  0x000002037a819000 ConcurrentGCThread "G1 Refine#0" [stack: 0x000000ae40100000,0x000000ae40200000] [id=8732]
  0x000002037a81d000 ConcurrentGCThread "G1 Young RemSet Sampling" [stack: 0x000000ae40200000,0x000000ae40300000] [id=13464]

Threads with active compile tasks:
C2 CompilerThread0    68774 12232 %     4       com.android.tools.r8.dex.i::l @ 64 (2158 bytes)

VM state:at safepoint (normal execution)

VM Mutex/Monitor currently owned by a thread:  ([mutex/lock_event])
[0x000002037a788070] Threads_lock - owner thread: 0x000002037ee3e000
[0x000002037a788c40] Heap_lock - owner thread: 0x000002031aee4800

Heap address: 0x0000000080000000, size: 2048 MB, Compressed Oops mode: 32-bit
Narrow klass base: 0x0000000000000000, Narrow klass shift: 3
Compressed class space size: 1073741824 Address: 0x0000000100000000

Heap:
 garbage-first heap   total 285696K, used 157696K [0x0000000080000000, 0x0000000100000000)
  region size 1024K, 8 young (8192K), 8 survivors (8192K)
 Metaspace       used 97820K, capacity 100443K, committed 100784K, reserved 1136640K
  class space    used 12649K, capacity 13715K, committed 13824K, reserved 1048576K
Heap Regions: E=young(eden), S=young(survivor), O=old, HS=humongous(starts), HC=humongous(continues), CS=collection set, F=free, A=archive, TAMS=top-at-mark-start (previous, next)
|   0|0x0000000080000000, 0x0000000080100000, 0x0000000080100000|100%| O|  |TAMS 0x0000000080100000, 0x0000000080000000| Untracked 
|   1|0x0000000080100000, 0x0000000080200000, 0x0000000080200000|100%|HS|  |TAMS 0x0000000080200000, 0x0000000080100000| Complete 
|   2|0x0000000080200000, 0x0000000080300000, 0x0000000080300000|100%|HC|  |TAMS 0x0000000080300000, 0x0000000080200000| Complete 
|   3|0x0000000080300000, 0x0000000080400000, 0x0000000080400000|100%|HC|  |TAMS 0x0000000080400000, 0x0000000080300000| Complete 
|   4|0x0000000080400000, 0x0000000080500000, 0x0000000080500000|100%|HC|  |TAMS 0x0000000080500000, 0x0000000080400000| Complete 
|   5|0x0000000080500000, 0x0000000080600000, 0x0000000080600000|100%| O|  |TAMS 0x0000000080600000, 0x0000000080500000| Untracked 
|   6|0x0000000080600000, 0x0000000080700000, 0x0000000080700000|100%| O|  |TAMS 0x0000000080700000, 0x0000000080600000| Untracked 
|   7|0x0000000080700000, 0x0000000080800000, 0x0000000080800000|100%| O|  |TAMS 0x0000000080800000, 0x0000000080700000| Untracked 
|   8|0x0000000080800000, 0x0000000080900000, 0x0000000080900000|100%| O|  |TAMS 0x0000000080900000, 0x0000000080800000| Untracked 
|   9|0x0000000080900000, 0x0000000080a00000, 0x0000000080a00000|100%| O|  |TAMS 0x0000000080a00000, 0x0000000080900000| Untracked 
|  10|0x0000000080a00000, 0x0000000080b00000, 0x0000000080b00000|100%| O|  |TAMS 0x0000000080b00000, 0x0000000080a00000| Untracked 
|  11|0x0000000080b00000, 0x0000000080c00000, 0x0000000080c00000|100%| O|  |TAMS 0x0000000080c00000, 0x0000000080b00000| Untracked 
|  12|0x0000000080c00000, 0x0000000080d00000, 0x0000000080d00000|100%| O|  |TAMS 0x0000000080d00000, 0x0000000080c00000| Untracked 
|  13|0x0000000080d00000, 0x0000000080e00000, 0x0000000080e00000|100%| O|  |TAMS 0x0000000080e00000, 0x0000000080d00000| Untracked 
|  14|0x0000000080e00000, 0x0000000080f00000, 0x0000000080f00000|100%| O|  |TAMS 0x0000000080f00000, 0x0000000080e00000| Untracked 
|  15|0x0000000080f00000, 0x0000000081000000, 0x0000000081000000|100%| O|  |TAMS 0x0000000081000000, 0x0000000080f00000| Untracked 
|  16|0x0000000081000000, 0x0000000081100000, 0x0000000081100000|100%| O|  |TAMS 0x0000000081100000, 0x0000000081000000| Untracked 
|  17|0x0000000081100000, 0x0000000081200000, 0x0000000081200000|100%| O|  |TAMS 0x0000000081200000, 0x0000000081100000| Untracked 
|  18|0x0000000081200000, 0x0000000081300000, 0x0000000081300000|100%| O|  |TAMS 0x0000000081300000, 0x0000000081200000| Untracked 
|  19|0x0000000081300000, 0x0000000081400000, 0x0000000081400000|100%| O|  |TAMS 0x0000000081400000, 0x0000000081300000| Untracked 
|  20|0x0000000081400000, 0x0000000081500000, 0x0000000081500000|100%| O|  |TAMS 0x0000000081500000, 0x0000000081400000| Untracked 
|  21|0x0000000081500000, 0x0000000081600000, 0x0000000081600000|100%| O|  |TAMS 0x0000000081600000, 0x0000000081500000| Untracked 
|  22|0x0000000081600000, 0x0000000081700000, 0x0000000081700000|100%| O|  |TAMS 0x0000000081700000, 0x0000000081600000| Untracked 
|  23|0x0000000081700000, 0x0000000081800000, 0x0000000081800000|100%| O|  |TAMS 0x0000000081800000, 0x0000000081700000| Untracked 
|  24|0x0000000081800000, 0x0000000081900000, 0x0000000081900000|100%| O|  |TAMS 0x0000000081900000, 0x0000000081800000| Untracked 
|  25|0x0000000081900000, 0x0000000081a00000, 0x0000000081a00000|100%| O|  |TAMS 0x0000000081a00000, 0x0000000081900000| Untracked 
|  26|0x0000000081a00000, 0x0000000081b00000, 0x0000000081b00000|100%| O|  |TAMS 0x0000000081b00000, 0x0000000081a00000| Untracked 
|  27|0x0000000081b00000, 0x0000000081c00000, 0x0000000081c00000|100%| O|  |TAMS 0x0000000081c00000, 0x0000000081b00000| Untracked 
|  28|0x0000000081c00000, 0x0000000081d00000, 0x0000000081d00000|100%| O|  |TAMS 0x0000000081d00000, 0x0000000081c00000| Untracked 
|  29|0x0000000081d00000, 0x0000000081e00000, 0x0000000081e00000|100%| O|  |TAMS 0x0000000081e00000, 0x0000000081d00000| Untracked 
|  30|0x0000000081e00000, 0x0000000081f00000, 0x0000000081f00000|100%| O|  |TAMS 0x0000000081f00000, 0x0000000081e00000| Untracked 
|  31|0x0000000081f00000, 0x0000000082000000, 0x0000000082000000|100%| O|  |TAMS 0x0000000082000000, 0x0000000081f00000| Untracked 
|  32|0x0000000082000000, 0x0000000082100000, 0x0000000082100000|100%| O|  |TAMS 0x0000000082100000, 0x0000000082000000| Untracked 
|  33|0x0000000082100000, 0x0000000082200000, 0x0000000082200000|100%| O|  |TAMS 0x0000000082200000, 0x0000000082100000| Untracked 
|  34|0x0000000082200000, 0x0000000082300000, 0x0000000082300000|100%| O|  |TAMS 0x0000000082300000, 0x0000000082200000| Untracked 
|  35|0x0000000082300000, 0x0000000082400000, 0x0000000082400000|100%|HS|  |TAMS 0x0000000082400000, 0x0000000082300000| Complete 
|  36|0x0000000082400000, 0x0000000082500000, 0x0000000082500000|100%|HS|  |TAMS 0x0000000082500000, 0x0000000082400000| Complete 
|  37|0x0000000082500000, 0x0000000082600000, 0x0000000082600000|100%|HC|  |TAMS 0x0000000082600000, 0x0000000082500000| Complete 
|  38|0x0000000082600000, 0x0000000082700000, 0x0000000082700000|100%|HS|  |TAMS 0x0000000082700000, 0x0000000082600000| Complete 
|  39|0x0000000082700000, 0x0000000082800000, 0x0000000082800000|100%| O|  |TAMS 0x0000000082800000, 0x0000000082700000| Untracked 
|  40|0x0000000082800000, 0x0000000082900000, 0x0000000082900000|100%|HS|  |TAMS 0x0000000082900000, 0x0000000082800000| Complete 
|  41|0x0000000082900000, 0x0000000082a00000, 0x0000000082a00000|100%|HC|  |TAMS 0x0000000082a00000, 0x0000000082900000| Complete 
|  42|0x0000000082a00000, 0x0000000082b00000, 0x0000000082b00000|100%|HC|  |TAMS 0x0000000082b00000, 0x0000000082a00000| Complete 
|  43|0x0000000082b00000, 0x0000000082c00000, 0x0000000082c00000|100%|HC|  |TAMS 0x0000000082c00000, 0x0000000082b00000| Complete 
|  44|0x0000000082c00000, 0x0000000082d00000, 0x0000000082d00000|100%| O|  |TAMS 0x0000000082d00000, 0x0000000082c00000| Untracked 
|  45|0x0000000082d00000, 0x0000000082e00000, 0x0000000082e00000|100%| O|  |TAMS 0x0000000082e00000, 0x0000000082d00000| Untracked 
|  46|0x0000000082e00000, 0x0000000082f00000, 0x0000000082f00000|100%| O|  |TAMS 0x0000000082f00000, 0x0000000082e00000| Untracked 
|  47|0x0000000082f00000, 0x0000000083000000, 0x0000000083000000|100%| O|  |TAMS 0x0000000083000000, 0x0000000082f00000| Untracked 
|  48|0x0000000083000000, 0x0000000083100000, 0x0000000083100000|100%| O|  |TAMS 0x0000000083100000, 0x0000000083000000| Untracked 
|  49|0x0000000083100000, 0x0000000083200000, 0x0000000083200000|100%| O|  |TAMS 0x0000000083200000, 0x0000000083100000| Untracked 
|  50|0x0000000083200000, 0x0000000083300000, 0x0000000083300000|100%| O|  |TAMS 0x0000000083300000, 0x0000000083200000| Untracked 
|  51|0x0000000083300000, 0x0000000083400000, 0x0000000083400000|100%| O|  |TAMS 0x0000000083400000, 0x0000000083300000| Untracked 
|  52|0x0000000083400000, 0x0000000083500000, 0x0000000083500000|100%| O|  |TAMS 0x0000000083500000, 0x0000000083400000| Untracked 
|  53|0x0000000083500000, 0x0000000083600000, 0x0000000083600000|100%| O|  |TAMS 0x0000000083600000, 0x0000000083500000| Untracked 
|  54|0x0000000083600000, 0x0000000083700000, 0x0000000083700000|100%| O|  |TAMS 0x0000000083700000, 0x0000000083600000| Untracked 
|  55|0x0000000083700000, 0x0000000083800000, 0x0000000083800000|100%| O|  |TAMS 0x0000000083800000, 0x0000000083700000| Untracked 
|  56|0x0000000083800000, 0x0000000083900000, 0x0000000083900000|100%| O|  |TAMS 0x0000000083900000, 0x0000000083800000| Untracked 
|  57|0x0000000083900000, 0x0000000083a00000, 0x0000000083a00000|100%| O|  |TAMS 0x0000000083a00000, 0x0000000083900000| Untracked 
|  58|0x0000000083a00000, 0x0000000083b00000, 0x0000000083b00000|100%| O|  |TAMS 0x0000000083b00000, 0x0000000083a00000| Untracked 
|  59|0x0000000083b00000, 0x0000000083c00000, 0x0000000083c00000|100%| O|  |TAMS 0x0000000083c00000, 0x0000000083b00000| Untracked 
|  60|0x0000000083c00000, 0x0000000083d00000, 0x0000000083d00000|100%| O|  |TAMS 0x0000000083d00000, 0x0000000083c00000| Untracked 
|  61|0x0000000083d00000, 0x0000000083e00000, 0x0000000083e00000|100%| O|  |TAMS 0x0000000083e00000, 0x0000000083d00000| Untracked 
|  62|0x0000000083e00000, 0x0000000083f00000, 0x0000000083f00000|100%| O|  |TAMS 0x0000000083f00000, 0x0000000083e00000| Untracked 
|  63|0x0000000083f00000, 0x0000000084000000, 0x0000000084000000|100%| O|  |TAMS 0x0000000084000000, 0x0000000083f00000| Untracked 
|  64|0x0000000084000000, 0x0000000084100000, 0x0000000084100000|100%| O|  |TAMS 0x0000000084100000, 0x0000000084000000| Untracked 
|  65|0x0000000084100000, 0x0000000084200000, 0x0000000084200000|100%| O|  |TAMS 0x0000000084200000, 0x0000000084100000| Untracked 
|  66|0x0000000084200000, 0x0000000084300000, 0x0000000084300000|100%| O|  |TAMS 0x0000000084300000, 0x0000000084200000| Untracked 
|  67|0x0000000084300000, 0x0000000084400000, 0x0000000084400000|100%| O|  |TAMS 0x0000000084400000, 0x0000000084300000| Untracked 
|  68|0x0000000084400000, 0x0000000084500000, 0x0000000084500000|100%| O|  |TAMS 0x0000000084500000, 0x0000000084400000| Untracked 
|  69|0x0000000084500000, 0x0000000084600000, 0x0000000084600000|100%| O|  |TAMS 0x0000000084600000, 0x0000000084500000| Untracked 
|  70|0x0000000084600000, 0x0000000084700000, 0x0000000084700000|100%| O|  |TAMS 0x0000000084700000, 0x0000000084600000| Untracked 
|  71|0x0000000084700000, 0x0000000084800000, 0x0000000084800000|100%| O|  |TAMS 0x0000000084800000, 0x0000000084700000| Untracked 
|  72|0x0000000084800000, 0x0000000084900000, 0x0000000084900000|100%| O|  |TAMS 0x0000000084900000, 0x0000000084800000| Untracked 
|  73|0x0000000084900000, 0x0000000084a00000, 0x0000000084a00000|100%| O|  |TAMS 0x0000000084a00000, 0x0000000084900000| Untracked 
|  74|0x0000000084a00000, 0x0000000084b00000, 0x0000000084b00000|100%| O|  |TAMS 0x0000000084b00000, 0x0000000084a00000| Untracked 
|  75|0x0000000084b00000, 0x0000000084c00000, 0x0000000084c00000|100%| O|  |TAMS 0x0000000084c00000, 0x0000000084b00000| Untracked 
|  76|0x0000000084c00000, 0x0000000084d00000, 0x0000000084d00000|100%| O|  |TAMS 0x0000000084d00000, 0x0000000084c00000| Untracked 
|  77|0x0000000084d00000, 0x0000000084e00000, 0x0000000084e00000|100%| O|  |TAMS 0x0000000084e00000, 0x0000000084d00000| Untracked 
|  78|0x0000000084e00000, 0x0000000084f00000, 0x0000000084f00000|100%| O|  |TAMS 0x0000000084f00000, 0x0000000084e00000| Untracked 
|  79|0x0000000084f00000, 0x0000000085000000, 0x0000000085000000|100%| O|  |TAMS 0x0000000085000000, 0x0000000084f00000| Untracked 
|  80|0x0000000085000000, 0x0000000085100000, 0x0000000085100000|100%| O|  |TAMS 0x0000000085100000, 0x0000000085000000| Untracked 
|  81|0x0000000085100000, 0x0000000085200000, 0x0000000085200000|100%| O|  |TAMS 0x0000000085200000, 0x0000000085100000| Untracked 
|  82|0x0000000085200000, 0x0000000085300000, 0x0000000085300000|100%| O|  |TAMS 0x0000000085300000, 0x0000000085200000| Untracked 
|  83|0x0000000085300000, 0x0000000085400000, 0x0000000085400000|100%| O|  |TAMS 0x0000000085400000, 0x0000000085300000| Untracked 
|  84|0x0000000085400000, 0x0000000085500000, 0x0000000085500000|100%| O|  |TAMS 0x0000000085500000, 0x0000000085400000| Untracked 
|  85|0x0000000085500000, 0x0000000085600000, 0x0000000085600000|100%| O|  |TAMS 0x0000000085600000, 0x0000000085500000| Untracked 
|  86|0x0000000085600000, 0x0000000085700000, 0x0000000085700000|100%| O|  |TAMS 0x0000000085700000, 0x0000000085600000| Untracked 
|  87|0x0000000085700000, 0x0000000085800000, 0x0000000085800000|100%| O|  |TAMS 0x0000000085800000, 0x0000000085700000| Untracked 
|  88|0x0000000085800000, 0x0000000085900000, 0x0000000085900000|100%| O|  |TAMS 0x0000000085900000, 0x0000000085800000| Untracked 
|  89|0x0000000085900000, 0x0000000085a00000, 0x0000000085a00000|100%| O|  |TAMS 0x0000000085a00000, 0x0000000085900000| Untracked 
|  90|0x0000000085a00000, 0x0000000085b00000, 0x0000000085b00000|100%| O|  |TAMS 0x0000000085b00000, 0x0000000085a00000| Untracked 
|  91|0x0000000085b00000, 0x0000000085c00000, 0x0000000085c00000|100%| O|  |TAMS 0x0000000085c00000, 0x0000000085b00000| Untracked 
|  92|0x0000000085c00000, 0x0000000085d00000, 0x0000000085d00000|100%| O|  |TAMS 0x0000000085d00000, 0x0000000085c00000| Untracked 
|  93|0x0000000085d00000, 0x0000000085e00000, 0x0000000085e00000|100%| O|  |TAMS 0x0000000085e00000, 0x0000000085d00000| Untracked 
|  94|0x0000000085e00000, 0x0000000085f00000, 0x0000000085f00000|100%| O|  |TAMS 0x0000000085f00000, 0x0000000085e00000| Untracked 
|  95|0x0000000085f00000, 0x0000000086000000, 0x0000000086000000|100%| O|  |TAMS 0x0000000086000000, 0x0000000085f00000| Untracked 
|  96|0x0000000086000000, 0x0000000086100000, 0x0000000086100000|100%| O|  |TAMS 0x0000000086100000, 0x0000000086000000| Untracked 
|  97|0x0000000086100000, 0x0000000086200000, 0x0000000086200000|100%| O|  |TAMS 0x0000000086200000, 0x0000000086100000| Untracked 
|  98|0x0000000086200000, 0x0000000086300000, 0x0000000086300000|100%|HS|  |TAMS 0x0000000086300000, 0x0000000086200000| Complete 
|  99|0x0000000086300000, 0x0000000086400000, 0x0000000086400000|100%|HC|  |TAMS 0x0000000086400000, 0x0000000086300000| Complete 
| 100|0x0000000086400000, 0x0000000086500000, 0x0000000086500000|100%|HS|  |TAMS 0x0000000086500000, 0x0000000086400000| Complete 
| 101|0x0000000086500000, 0x0000000086600000, 0x0000000086600000|100%|HS|  |TAMS 0x0000000086600000, 0x0000000086500000| Complete 
| 102|0x0000000086600000, 0x0000000086700000, 0x0000000086700000|100%|HS|  |TAMS 0x0000000086700000, 0x0000000086600000| Complete 
| 103|0x0000000086700000, 0x0000000086800000, 0x0000000086800000|100%|HS|  |TAMS 0x0000000086800000, 0x0000000086700000| Complete 
| 104|0x0000000086800000, 0x0000000086900000, 0x0000000086900000|100%|HC|  |TAMS 0x0000000086900000, 0x0000000086800000| Complete 
| 105|0x0000000086900000, 0x0000000086a00000, 0x0000000086a00000|100%|HS|  |TAMS 0x0000000086a00000, 0x0000000086900000| Complete 
| 106|0x0000000086a00000, 0x0000000086b00000, 0x0000000086b00000|100%|HC|  |TAMS 0x0000000086b00000, 0x0000000086a00000| Complete 
| 107|0x0000000086b00000, 0x0000000086c00000, 0x0000000086c00000|100%|HS|  |TAMS 0x0000000086c00000, 0x0000000086b00000| Complete 
| 108|0x0000000086c00000, 0x0000000086d00000, 0x0000000086d00000|100%|HS|  |TAMS 0x0000000086d00000, 0x0000000086c00000| Complete 
| 109|0x0000000086d00000, 0x0000000086e00000, 0x0000000086e00000|100%|HC|  |TAMS 0x0000000086e00000, 0x0000000086d00000| Complete 
| 110|0x0000000086e00000, 0x0000000086f00000, 0x0000000086f00000|100%|HC|  |TAMS 0x0000000086f00000, 0x0000000086e00000| Complete 
| 111|0x0000000086f00000, 0x0000000087000000, 0x0000000087000000|100%| O|  |TAMS 0x0000000087000000, 0x0000000086f00000| Untracked 
| 112|0x0000000087000000, 0x0000000087100000, 0x0000000087100000|100%| O|  |TAMS 0x0000000087100000, 0x0000000087000000| Untracked 
| 113|0x0000000087100000, 0x0000000087200000, 0x0000000087200000|100%| O|  |TAMS 0x0000000087200000, 0x0000000087100000| Untracked 
| 114|0x0000000087200000, 0x0000000087300000, 0x0000000087300000|100%| O|  |TAMS 0x00000000872f9800, 0x0000000087200000| Untracked 
| 115|0x0000000087300000, 0x0000000087300000, 0x0000000087400000|  0%| F|  |TAMS 0x0000000087300000, 0x0000000087300000| Untracked 
| 116|0x0000000087400000, 0x0000000087400000, 0x0000000087500000|  0%| F|  |TAMS 0x0000000087400000, 0x0000000087400000| Untracked 
| 117|0x0000000087500000, 0x0000000087500000, 0x0000000087600000|  0%| F|  |TAMS 0x0000000087500000, 0x0000000087500000| Untracked 
| 118|0x0000000087600000, 0x0000000087700000, 0x0000000087700000|100%|HS|  |TAMS 0x0000000087600000, 0x0000000087600000| Complete 
| 119|0x0000000087700000, 0x0000000087800000, 0x0000000087800000|100%|HC|  |TAMS 0x0000000087700000, 0x0000000087700000| Complete 
| 120|0x0000000087800000, 0x0000000087800000, 0x0000000087900000|  0%| F|  |TAMS 0x0000000087800000, 0x0000000087800000| Untracked 
| 121|0x0000000087900000, 0x0000000087a00000, 0x0000000087a00000|100%|HS|  |TAMS 0x0000000087900000, 0x0000000087900000| Complete 
| 122|0x0000000087a00000, 0x0000000087a00000, 0x0000000087b00000|  0%| F|  |TAMS 0x0000000087a00000, 0x0000000087a00000| Untracked 
| 123|0x0000000087b00000, 0x0000000087c00000, 0x0000000087c00000|100%|HS|  |TAMS 0x0000000087b00000, 0x0000000087b00000| Complete 
| 124|0x0000000087c00000, 0x0000000087c00000, 0x0000000087d00000|  0%| F|  |TAMS 0x0000000087c00000, 0x0000000087c00000| Untracked 
| 125|0x0000000087d00000, 0x0000000087e00000, 0x0000000087e00000|100%|HS|  |TAMS 0x0000000087d00000, 0x0000000087d00000| Complete 
| 126|0x0000000087e00000, 0x0000000087e00000, 0x0000000087f00000|  0%| F|  |TAMS 0x0000000087e00000, 0x0000000087e00000| Untracked 
| 127|0x0000000087f00000, 0x0000000087f00000, 0x0000000088000000|  0%| F|  |TAMS 0x0000000087f00000, 0x0000000087f00000| Untracked 
| 128|0x0000000088000000, 0x0000000088000000, 0x0000000088100000|  0%| F|  |TAMS 0x0000000088000000, 0x0000000088000000| Untracked 
| 129|0x0000000088100000, 0x0000000088200000, 0x0000000088200000|100%|HS|  |TAMS 0x0000000088100000, 0x0000000088100000| Complete 
| 130|0x0000000088200000, 0x0000000088300000, 0x0000000088300000|100%|HC|  |TAMS 0x0000000088200000, 0x0000000088200000| Complete 
| 131|0x0000000088300000, 0x0000000088300000, 0x0000000088400000|  0%| F|  |TAMS 0x0000000088300000, 0x0000000088300000| Untracked 
| 132|0x0000000088400000, 0x0000000088400000, 0x0000000088500000|  0%| F|  |TAMS 0x0000000088400000, 0x0000000088400000| Untracked 
| 133|0x0000000088500000, 0x0000000088500000, 0x0000000088600000|  0%| F|  |TAMS 0x0000000088500000, 0x0000000088500000| Untracked 
| 134|0x0000000088600000, 0x0000000088700000, 0x0000000088700000|100%|HS|  |TAMS 0x0000000088600000, 0x0000000088600000| Complete 
| 135|0x0000000088700000, 0x0000000088800000, 0x0000000088800000|100%|HC|  |TAMS 0x0000000088700000, 0x0000000088700000| Complete 
| 136|0x0000000088800000, 0x0000000088800000, 0x0000000088900000|  0%| F|  |TAMS 0x0000000088800000, 0x0000000088800000| Untracked 
| 137|0x0000000088900000, 0x0000000088a00000, 0x0000000088a00000|100%|HS|  |TAMS 0x0000000088900000, 0x0000000088900000| Complete 
| 138|0x0000000088a00000, 0x0000000088a00000, 0x0000000088b00000|  0%| F|  |TAMS 0x0000000088a00000, 0x0000000088a00000| Untracked 
| 139|0x0000000088b00000, 0x0000000088b00000, 0x0000000088c00000|  0%| F|  |TAMS 0x0000000088b00000, 0x0000000088b00000| Untracked 
| 140|0x0000000088c00000, 0x0000000088c00000, 0x0000000088d00000|  0%| F|  |TAMS 0x0000000088c00000, 0x0000000088c00000| Untracked 
| 141|0x0000000088d00000, 0x0000000088d00000, 0x0000000088e00000|  0%| F|  |TAMS 0x0000000088d00000, 0x0000000088d00000| Untracked 
| 142|0x0000000088e00000, 0x0000000088e00000, 0x0000000088f00000|  0%| F|  |TAMS 0x0000000088e00000, 0x0000000088e00000| Untracked 
| 143|0x0000000088f00000, 0x0000000088f00000, 0x0000000089000000|  0%| F|  |TAMS 0x0000000088f00000, 0x0000000088f00000| Untracked 
| 144|0x0000000089000000, 0x0000000089100000, 0x0000000089100000|100%|HS|  |TAMS 0x0000000089000000, 0x0000000089000000| Complete 
| 145|0x0000000089100000, 0x0000000089200000, 0x0000000089200000|100%|HC|  |TAMS 0x0000000089100000, 0x0000000089100000| Complete 
| 146|0x0000000089200000, 0x0000000089300000, 0x0000000089300000|100%|HC|  |TAMS 0x0000000089200000, 0x0000000089200000| Complete 
| 147|0x0000000089300000, 0x0000000089400000, 0x0000000089400000|100%| O|  |TAMS 0x0000000089300000, 0x0000000089300000| Untracked 
| 148|0x0000000089400000, 0x0000000089500000, 0x0000000089500000|100%| O|  |TAMS 0x0000000089400000, 0x0000000089400000| Untracked 
| 149|0x0000000089500000, 0x0000000089600000, 0x0000000089600000|100%| O|  |TAMS 0x0000000089500000, 0x0000000089500000| Untracked 
| 150|0x0000000089600000, 0x0000000089700000, 0x0000000089700000|100%| O|  |TAMS 0x0000000089600000, 0x0000000089600000| Untracked 
| 151|0x0000000089700000, 0x0000000089800000, 0x0000000089800000|100%| O|  |TAMS 0x0000000089700000, 0x0000000089700000| Untracked 
| 152|0x0000000089800000, 0x0000000089900000, 0x0000000089900000|100%| O|  |TAMS 0x0000000089800000, 0x0000000089800000| Untracked 
| 153|0x0000000089900000, 0x0000000089a00000, 0x0000000089a00000|100%| O|  |TAMS 0x0000000089900000, 0x0000000089900000| Untracked 
| 154|0x0000000089a00000, 0x0000000089b00000, 0x0000000089b00000|100%| S|CS|TAMS 0x0000000089a00000, 0x0000000089a00000| Complete 
| 155|0x0000000089b00000, 0x0000000089c00000, 0x0000000089c00000|100%| S|CS|TAMS 0x0000000089b00000, 0x0000000089b00000| Complete 
| 156|0x0000000089c00000, 0x0000000089d00000, 0x0000000089d00000|100%| S|CS|TAMS 0x0000000089c00000, 0x0000000089c00000| Complete 
| 157|0x0000000089d00000, 0x0000000089e00000, 0x0000000089e00000|100%| S|CS|TAMS 0x0000000089d00000, 0x0000000089d00000| Complete 
| 158|0x0000000089e00000, 0x0000000089f00000, 0x0000000089f00000|100%| S|CS|TAMS 0x0000000089e00000, 0x0000000089e00000| Complete 
| 159|0x0000000089f00000, 0x000000008a000000, 0x000000008a000000|100%| S|CS|TAMS 0x0000000089f00000, 0x0000000089f00000| Complete 
| 160|0x000000008a000000, 0x000000008a100000, 0x000000008a100000|100%| S|CS|TAMS 0x000000008a000000, 0x000000008a000000| Complete 
| 161|0x000000008a100000, 0x000000008a100000, 0x000000008a200000|  0%| F|  |TAMS 0x000000008a100000, 0x000000008a100000| Untracked 
| 162|0x000000008a200000, 0x000000008a200000, 0x000000008a300000|  0%| F|  |TAMS 0x000000008a200000, 0x000000008a200000| Untracked 
| 163|0x000000008a300000, 0x000000008a300000, 0x000000008a400000|  0%| F|  |TAMS 0x000000008a300000, 0x000000008a300000| Untracked 
| 164|0x000000008a400000, 0x000000008a400000, 0x000000008a500000|  0%| F|  |TAMS 0x000000008a400000, 0x000000008a400000| Untracked 
| 165|0x000000008a500000, 0x000000008a500000, 0x000000008a600000|  0%| F|  |TAMS 0x000000008a500000, 0x000000008a500000| Untracked 
| 166|0x000000008a600000, 0x000000008a600000, 0x000000008a700000|  0%| F|  |TAMS 0x000000008a600000, 0x000000008a600000| Untracked 
| 167|0x000000008a700000, 0x000000008a700000, 0x000000008a800000|  0%| F|  |TAMS 0x000000008a700000, 0x000000008a700000| Untracked 
| 168|0x000000008a800000, 0x000000008a800000, 0x000000008a900000|  0%| F|  |TAMS 0x000000008a800000, 0x000000008a800000| Untracked 
| 169|0x000000008a900000, 0x000000008a900000, 0x000000008aa00000|  0%| F|  |TAMS 0x000000008a900000, 0x000000008a900000| Untracked 
| 170|0x000000008aa00000, 0x000000008aa00000, 0x000000008ab00000|  0%| F|  |TAMS 0x000000008aa00000, 0x000000008aa00000| Untracked 
| 171|0x000000008ab00000, 0x000000008ab00000, 0x000000008ac00000|  0%| F|  |TAMS 0x000000008ab00000, 0x000000008ab00000| Untracked 
| 172|0x000000008ac00000, 0x000000008ac00000, 0x000000008ad00000|  0%| F|  |TAMS 0x000000008ac00000, 0x000000008ac00000| Untracked 
| 173|0x000000008ad00000, 0x000000008ad00000, 0x000000008ae00000|  0%| F|  |TAMS 0x000000008ad00000, 0x000000008ad00000| Untracked 
| 174|0x000000008ae00000, 0x000000008ae00000, 0x000000008af00000|  0%| F|  |TAMS 0x000000008ae00000, 0x000000008ae00000| Untracked 
| 175|0x000000008af00000, 0x000000008af00000, 0x000000008b000000|  0%| F|  |TAMS 0x000000008af00000, 0x000000008af00000| Untracked 
| 176|0x000000008b000000, 0x000000008b000000, 0x000000008b100000|  0%| F|  |TAMS 0x000000008b000000, 0x000000008b000000| Untracked 
| 177|0x000000008b100000, 0x000000008b100000, 0x000000008b200000|  0%| F|  |TAMS 0x000000008b100000, 0x000000008b100000| Untracked 
| 178|0x000000008b200000, 0x000000008b200000, 0x000000008b300000|  0%| F|  |TAMS 0x000000008b200000, 0x000000008b200000| Untracked 
| 179|0x000000008b300000, 0x000000008b300000, 0x000000008b400000|  0%| F|  |TAMS 0x000000008b300000, 0x000000008b300000| Untracked 
| 180|0x000000008b400000, 0x000000008b400000, 0x000000008b500000|  0%| F|  |TAMS 0x000000008b400000, 0x000000008b400000| Untracked 
| 181|0x000000008b500000, 0x000000008b500000, 0x000000008b600000|  0%| F|  |TAMS 0x000000008b500000, 0x000000008b500000| Untracked 
| 182|0x000000008b600000, 0x000000008b600000, 0x000000008b700000|  0%| F|  |TAMS 0x000000008b600000, 0x000000008b600000| Untracked 
| 183|0x000000008b700000, 0x000000008b700000, 0x000000008b800000|  0%| F|  |TAMS 0x000000008b700000, 0x000000008b700000| Untracked 
| 184|0x000000008b800000, 0x000000008b800000, 0x000000008b900000|  0%| F|  |TAMS 0x000000008b800000, 0x000000008b800000| Untracked 
| 185|0x000000008b900000, 0x000000008b900000, 0x000000008ba00000|  0%| F|  |TAMS 0x000000008b900000, 0x000000008b900000| Untracked 
| 186|0x000000008ba00000, 0x000000008ba00000, 0x000000008bb00000|  0%| F|  |TAMS 0x000000008ba00000, 0x000000008ba00000| Untracked 
| 187|0x000000008bb00000, 0x000000008bb00000, 0x000000008bc00000|  0%| F|  |TAMS 0x000000008bb00000, 0x000000008bb00000| Untracked 
| 188|0x000000008bc00000, 0x000000008bc00000, 0x000000008bd00000|  0%| F|  |TAMS 0x000000008bc00000, 0x000000008bc00000| Untracked 
| 189|0x000000008bd00000, 0x000000008bd00000, 0x000000008be00000|  0%| F|  |TAMS 0x000000008bd00000, 0x000000008bd00000| Untracked 
| 190|0x000000008be00000, 0x000000008be00000, 0x000000008bf00000|  0%| F|  |TAMS 0x000000008be00000, 0x000000008be00000| Untracked 
| 191|0x000000008bf00000, 0x000000008bf00000, 0x000000008c000000|  0%| F|  |TAMS 0x000000008bf00000, 0x000000008bf00000| Untracked 
| 192|0x000000008c000000, 0x000000008c000000, 0x000000008c100000|  0%| F|  |TAMS 0x000000008c000000, 0x000000008c000000| Untracked 
| 193|0x000000008c100000, 0x000000008c100000, 0x000000008c200000|  0%| F|  |TAMS 0x000000008c100000, 0x000000008c100000| Untracked 
| 194|0x000000008c200000, 0x000000008c200000, 0x000000008c300000|  0%| F|  |TAMS 0x000000008c200000, 0x000000008c200000| Untracked 
| 195|0x000000008c300000, 0x000000008c300000, 0x000000008c400000|  0%| F|  |TAMS 0x000000008c300000, 0x000000008c300000| Untracked 
| 196|0x000000008c400000, 0x000000008c400000, 0x000000008c500000|  0%| F|  |TAMS 0x000000008c400000, 0x000000008c400000| Untracked 
| 197|0x000000008c500000, 0x000000008c500000, 0x000000008c600000|  0%| F|  |TAMS 0x000000008c500000, 0x000000008c500000| Untracked 
| 198|0x000000008c600000, 0x000000008c600000, 0x000000008c700000|  0%| F|  |TAMS 0x000000008c600000, 0x000000008c600000| Untracked 
| 199|0x000000008c700000, 0x000000008c700000, 0x000000008c800000|  0%| F|  |TAMS 0x000000008c700000, 0x000000008c700000| Untracked 
| 200|0x000000008c800000, 0x000000008c800000, 0x000000008c900000|  0%| F|  |TAMS 0x000000008c800000, 0x000000008c800000| Untracked 
| 201|0x000000008c900000, 0x000000008c900000, 0x000000008ca00000|  0%| F|  |TAMS 0x000000008c900000, 0x000000008c900000| Untracked 
| 202|0x000000008ca00000, 0x000000008ca00000, 0x000000008cb00000|  0%| F|  |TAMS 0x000000008ca00000, 0x000000008ca00000| Untracked 
| 203|0x000000008cb00000, 0x000000008cb00000, 0x000000008cc00000|  0%| F|  |TAMS 0x000000008cb00000, 0x000000008cb00000| Untracked 
| 204|0x000000008cc00000, 0x000000008cc00000, 0x000000008cd00000|  0%| F|  |TAMS 0x000000008cc00000, 0x000000008cc00000| Untracked 
| 205|0x000000008cd00000, 0x000000008cd00000, 0x000000008ce00000|  0%| F|  |TAMS 0x000000008cd00000, 0x000000008cd00000| Untracked 
| 206|0x000000008ce00000, 0x000000008ce00000, 0x000000008cf00000|  0%| F|  |TAMS 0x000000008ce00000, 0x000000008ce00000| Untracked 
| 207|0x000000008cf00000, 0x000000008cf00000, 0x000000008d000000|  0%| F|  |TAMS 0x000000008cf00000, 0x000000008cf00000| Untracked 
| 208|0x000000008d000000, 0x000000008d000000, 0x000000008d100000|  0%| F|  |TAMS 0x000000008d000000, 0x000000008d000000| Untracked 
| 209|0x000000008d100000, 0x000000008d100000, 0x000000008d200000|  0%| F|  |TAMS 0x000000008d100000, 0x000000008d100000| Untracked 
| 210|0x000000008d200000, 0x000000008d200000, 0x000000008d300000|  0%| F|  |TAMS 0x000000008d200000, 0x000000008d200000| Untracked 
| 211|0x000000008d300000, 0x000000008d300000, 0x000000008d400000|  0%| F|  |TAMS 0x000000008d300000, 0x000000008d300000| Untracked 
| 212|0x000000008d400000, 0x000000008d400000, 0x000000008d500000|  0%| F|  |TAMS 0x000000008d400000, 0x000000008d400000| Untracked 
| 213|0x000000008d500000, 0x000000008d500000, 0x000000008d600000|  0%| F|  |TAMS 0x000000008d500000, 0x000000008d500000| Untracked 
| 214|0x000000008d600000, 0x000000008d600000, 0x000000008d700000|  0%| F|  |TAMS 0x000000008d600000, 0x000000008d600000| Untracked 
| 215|0x000000008d700000, 0x000000008d700000, 0x000000008d800000|  0%| F|  |TAMS 0x000000008d700000, 0x000000008d700000| Untracked 
| 216|0x000000008d800000, 0x000000008d800000, 0x000000008d900000|  0%| F|  |TAMS 0x000000008d800000, 0x000000008d800000| Untracked 
| 217|0x000000008d900000, 0x000000008d900000, 0x000000008da00000|  0%| F|  |TAMS 0x000000008d900000, 0x000000008d900000| Untracked 
| 218|0x000000008da00000, 0x000000008da00000, 0x000000008db00000|  0%| F|  |TAMS 0x000000008da00000, 0x000000008da00000| Untracked 
| 219|0x000000008db00000, 0x000000008db00000, 0x000000008dc00000|  0%| F|  |TAMS 0x000000008db00000, 0x000000008db00000| Untracked 
| 220|0x000000008dc00000, 0x000000008dd00000, 0x000000008dd00000|100%| O|  |TAMS 0x000000008dc00000, 0x000000008dc00000| Untracked 
| 221|0x000000008dd00000, 0x000000008de00000, 0x000000008de00000|100%| O|  |TAMS 0x000000008dd00000, 0x000000008dd00000| Untracked 
| 222|0x000000008de00000, 0x000000008df00000, 0x000000008df00000|100%| S|CS|TAMS 0x000000008de00000, 0x000000008de00000| Complete 
| 223|0x000000008df00000, 0x000000008e000000, 0x000000008e000000|100%| O|  |TAMS 0x000000008df00000, 0x000000008df00000| Untracked 
| 224|0x000000008e000000, 0x000000008e100000, 0x000000008e100000|100%| O|  |TAMS 0x000000008e000000, 0x000000008e000000| Untracked 
| 225|0x000000008e100000, 0x000000008e200000, 0x000000008e200000|100%| O|  |TAMS 0x000000008e100000, 0x000000008e100000| Untracked 
| 226|0x000000008e200000, 0x000000008e300000, 0x000000008e300000|100%| O|  |TAMS 0x000000008e200000, 0x000000008e200000| Untracked 
| 227|0x000000008e300000, 0x000000008e400000, 0x000000008e400000|100%| O|  |TAMS 0x000000008e300000, 0x000000008e300000| Untracked 
| 228|0x000000008e400000, 0x000000008e500000, 0x000000008e500000|100%| O|  |TAMS 0x000000008e400000, 0x000000008e400000| Untracked 
| 229|0x000000008e500000, 0x000000008e600000, 0x000000008e600000|100%| O|  |TAMS 0x000000008e500000, 0x000000008e500000| Untracked 
| 230|0x000000008e600000, 0x000000008e700000, 0x000000008e700000|100%| O|  |TAMS 0x000000008e600000, 0x000000008e600000| Untracked 
| 231|0x000000008e700000, 0x000000008e800000, 0x000000008e800000|100%| O|  |TAMS 0x000000008e700000, 0x000000008e700000| Untracked 

Card table byte_map: [0x000002037e2b0000,0x000002037e6b0000] _byte_map_base: 0x000002037deb0000

Marking Bits (Prev, Next): (CMBitMap*) 0x000002037a7ceab8, (CMBitMap*) 0x000002037a7ceaf0
 Prev Bits: [0x000002030f000000, 0x0000020311000000)
 Next Bits: [0x0000020311000000, 0x0000020313000000)

Polling page: 0x00000203786e0000

Metaspace:

Usage:
  Non-class:     84.70 MB capacity,    83.18 MB ( 98%) used,     1.20 MB (  1%) free+waste,   324.06 KB ( <1%) overhead. 
      Class:     13.39 MB capacity,    12.35 MB ( 92%) used,   921.52 KB (  7%) free+waste,   144.12 KB (  1%) overhead. 
       Both:     98.09 MB capacity,    95.53 MB ( 97%) used,     2.10 MB (  2%) free+waste,   468.19 KB ( <1%) overhead. 

Virtual space:
  Non-class space:       86.00 MB reserved,      84.92 MB ( 99%) committed 
      Class space:        1.00 GB reserved,      13.50 MB (  1%) committed 
             Both:        1.08 GB reserved,      98.42 MB (  9%) committed 

Chunk freelists:
   Non-Class:  40.00 KB
       Class:  13.00 KB
        Both:  53.00 KB

MaxMetaspaceSize: 17179869184.00 GB
CompressedClassSpaceSize: 1.00 GB
Initial GC threshold: 20.80 MB
Current GC threshold: 163.41 MB
CDS: off

CodeHeap 'non-profiled nmethods': size=120064Kb used=7846Kb max_used=7846Kb free=112217Kb
 bounds [0x0000020307ac0000, 0x0000020308270000, 0x000002030f000000]
CodeHeap 'profiled nmethods': size=120000Kb used=26953Kb max_used=26953Kb free=93046Kb
 bounds [0x0000020300590000, 0x0000020301ff0000, 0x0000020307ac0000]
CodeHeap 'non-nmethods': size=5696Kb used=2392Kb max_used=2439Kb free=3304Kb
 bounds [0x0000020300000000, 0x0000020300280000, 0x0000020300590000]
 total_blobs=13155 nmethods=12239 adapters=828
 compilation: enabled
              stopped_count=0, restarted_count=0
 full_count=0

Compilation events (20 events):
Event: 68.426 Thread 0x000002037f818800 12290 %     3       java.lang.Long::parseLong @ 176 (267 bytes)
Event: 68.429 Thread 0x000002037f818800 nmethod 12290% 0x0000020301fd4410 code [0x0000020301fd4b60, 0x0000020301fd8408]
Event: 68.430 Thread 0x000002037f818800 12291       3       java.lang.Long::parseLong (267 bytes)
Event: 68.433 Thread 0x000002037f818800 nmethod 12291 0x0000020301fd9910 code [0x0000020301fda040, 0x0000020301fdd768]
Event: 68.480 Thread 0x000002037f818800 12292       2       com.android.tools.r8.graph.q0::h (62 bytes)
Event: 68.481 Thread 0x000002037f818800 nmethod 12292 0x0000020301fdec10 code [0x0000020301fdee00, 0x0000020301fdf1e8]
Event: 68.506 Thread 0x000002037f818800 12293       2       com.android.tools.r8.internal.ao::c (41 bytes)
Event: 68.506 Thread 0x000002037f818800 nmethod 12293 0x0000020301fdf490 code [0x0000020301fdf640, 0x0000020301fdf7b8]
Event: 68.507 Thread 0x000002037f818800 12294       2       com.android.tools.r8.internal.ny::a (160 bytes)
Event: 68.508 Thread 0x000002037f818800 nmethod 12294 0x0000020301fdf890 code [0x0000020301fdfa60, 0x0000020301fdfdf8]
Event: 68.524 Thread 0x000002037f818800 12295       2       org.gradle.internal.operations.DefaultBuildOperationRunner::access$400 (7 bytes)
Event: 68.525 Thread 0x000002037f818800 nmethod 12295 0x0000020301fdff90 code [0x0000020301fe0140, 0x0000020301fe0228]
Event: 68.525 Thread 0x000002037f818800 12296       1       org.gradle.internal.snapshot.AbstractListChildMap::isEmpty (2 bytes)
Event: 68.525 Thread 0x000002037f818800 nmethod 12296 0x0000020308269690 code [0x0000020308269840, 0x00000203082698f8]
Event: 68.527 Thread 0x000002037f818800 12297       2       org.gradle.internal.serialize.kryo.KryoBackedEncoder::writeString (23 bytes)
Event: 68.528 Thread 0x000002037f818800 nmethod 12297 0x0000020301fe0310 code [0x0000020301fe04e0, 0x0000020301fe06b8]
Event: 68.584 Thread 0x000002037f818800 12299 %     3       com.android.tools.r8.dex.i::k @ 15 (52 bytes)
Event: 68.585 Thread 0x000002037f818800 nmethod 12299% 0x0000020301fe0810 code [0x0000020301fe0a60, 0x0000020301fe1388]
Event: 68.585 Thread 0x000002037f818800 12300       3       com.android.tools.r8.dex.i::k (52 bytes)
Event: 68.585 Thread 0x000002037f818800 nmethod 12300 0x0000020301fe1810 code [0x0000020301fe1a60, 0x0000020301fe2308]

GC Heap History (20 events):
Event: 42.258 GC heap after
{Heap after GC invocations=70 (full 0):
 garbage-first heap   total 176128K, used 69317K [0x0000000080000000, 0x0000000100000000)
  region size 1024K, 5 young (5120K), 5 survivors (5120K)
 Metaspace       used 76897K, capacity 78692K, committed 79024K, reserved 1118208K
  class space    used 9949K, capacity 10640K, committed 10752K, reserved 1048576K
}
Event: 45.730 GC heap before
{Heap before GC invocations=70 (full 0):
 garbage-first heap   total 176128K, used 118469K [0x0000000080000000, 0x0000000100000000)
  region size 1024K, 53 young (54272K), 5 survivors (5120K)
 Metaspace       used 81145K, capacity 83117K, committed 83248K, reserved 1122304K
  class space    used 10492K, capacity 11269K, committed 11392K, reserved 1048576K
}
Event: 45.780 GC heap after
{Heap after GC invocations=71 (full 0):
 garbage-first heap   total 176128K, used 73081K [0x0000000080000000, 0x0000000100000000)
  region size 1024K, 6 young (6144K), 6 survivors (6144K)
 Metaspace       used 81145K, capacity 83117K, committed 83248K, reserved 1122304K
  class space    used 10492K, capacity 11269K, committed 11392K, reserved 1048576K
}
Event: 47.813 GC heap before
{Heap before GC invocations=71 (full 0):
 garbage-first heap   total 176128K, used 126329K [0x0000000080000000, 0x0000000100000000)
  region size 1024K, 58 young (59392K), 6 survivors (6144K)
 Metaspace       used 86314K, capacity 88408K, committed 88624K, reserved 1126400K
  class space    used 11194K, capacity 12047K, committed 12160K, reserved 1048576K
}
Event: 47.853 GC heap after
{Heap after GC invocations=72 (full 0):
 garbage-first heap   total 176128K, used 77229K [0x0000000080000000, 0x0000000100000000)
  region size 1024K, 8 young (8192K), 8 survivors (8192K)
 Metaspace       used 86314K, capacity 88408K, committed 88624K, reserved 1126400K
  class space    used 11194K, capacity 12047K, committed 12160K, reserved 1048576K
}
Event: 48.904 GC heap before
{Heap before GC invocations=72 (full 0):
 garbage-first heap   total 176128K, used 131501K [0x0000000080000000, 0x0000000100000000)
  region size 1024K, 61 young (62464K), 8 survivors (8192K)
 Metaspace       used 87501K, capacity 89659K, committed 89776K, reserved 1126400K
  class space    used 11344K, capacity 12182K, committed 12288K, reserved 1048576K
}
Event: 48.989 GC heap after
{Heap after GC invocations=73 (full 0):
 garbage-first heap   total 176128K, used 82944K [0x0000000080000000, 0x0000000100000000)
  region size 1024K, 8 young (8192K), 8 survivors (8192K)
 Metaspace       used 87501K, capacity 89659K, committed 89776K, reserved 1126400K
  class space    used 11344K, capacity 12182K, committed 12288K, reserved 1048576K
}
Event: 50.771 GC heap before
{Heap before GC invocations=73 (full 0):
 garbage-first heap   total 176128K, used 136192K [0x0000000080000000, 0x0000000100000000)
  region size 1024K, 60 young (61440K), 8 survivors (8192K)
 Metaspace       used 89307K, capacity 91685K, committed 91952K, reserved 1128448K
  class space    used 11663K, capacity 12586K, committed 12672K, reserved 1048576K
}
Event: 50.859 GC heap after
{Heap after GC invocations=74 (full 0):
 garbage-first heap   total 225280K, used 90030K [0x0000000080000000, 0x0000000100000000)
  region size 1024K, 7 young (7168K), 7 survivors (7168K)
 Metaspace       used 89307K, capacity 91685K, committed 91952K, reserved 1128448K
  class space    used 11663K, capacity 12586K, committed 12672K, reserved 1048576K
}
Event: 55.723 GC heap before
{Heap before GC invocations=74 (full 0):
 garbage-first heap   total 225280K, used 153518K [0x0000000080000000, 0x0000000100000000)
  region size 1024K, 70 young (71680K), 7 survivors (7168K)
 Metaspace       used 90409K, capacity 92752K, committed 93104K, reserved 1130496K
  class space    used 11739K, capacity 12674K, committed 12800K, reserved 1048576K
}
Event: 55.795 GC heap after
{Heap after GC invocations=75 (full 0):
 garbage-first heap   total 225280K, used 95232K [0x0000000080000000, 0x0000000100000000)
  region size 1024K, 6 young (6144K), 6 survivors (6144K)
 Metaspace       used 90409K, capacity 92752K, committed 93104K, reserved 1130496K
  class space    used 11739K, capacity 12674K, committed 12800K, reserved 1048576K
}
Event: 59.524 GC heap before
{Heap before GC invocations=75 (full 0):
 garbage-first heap   total 225280K, used 168960K [0x0000000080000000, 0x0000000100000000)
  region size 1024K, 79 young (80896K), 6 survivors (6144K)
 Metaspace       used 91017K, capacity 93447K, committed 93616K, reserved 1130496K
  class space    used 11781K, capacity 12733K, committed 12800K, reserved 1048576K
}
Event: 59.585 GC heap after
{Heap after GC invocations=76 (full 0):
 garbage-first heap   total 225280K, used 100864K [0x0000000080000000, 0x0000000100000000)
  region size 1024K, 6 young (6144K), 6 survivors (6144K)
 Metaspace       used 91017K, capacity 93447K, committed 93616K, reserved 1130496K
  class space    used 11781K, capacity 12733K, committed 12800K, reserved 1048576K
}
Event: 63.002 GC heap before
{Heap before GC invocations=76 (full 0):
 garbage-first heap   total 225280K, used 174592K [0x0000000080000000, 0x0000000100000000)
  region size 1024K, 79 young (80896K), 6 survivors (6144K)
 Metaspace       used 91855K, capacity 94372K, committed 94512K, reserved 1130496K
  class space    used 11897K, capacity 12847K, committed 12928K, reserved 1048576K
}
Event: 63.037 GC heap after
{Heap after GC invocations=77 (full 0):
 garbage-first heap   total 225280K, used 104951K [0x0000000080000000, 0x0000000100000000)
  region size 1024K, 5 young (5120K), 5 survivors (5120K)
 Metaspace       used 91855K, capacity 94372K, committed 94512K, reserved 1130496K
  class space    used 11897K, capacity 12847K, committed 12928K, reserved 1048576K
}
Event: 65.063 GC heap before
{Heap before GC invocations=77 (full 0):
 garbage-first heap   total 225280K, used 152055K [0x0000000080000000, 0x0000000100000000)
  region size 1024K, 53 young (54272K), 5 survivors (5120K)
 Metaspace       used 93061K, capacity 95577K, committed 95920K, reserved 1132544K
  class space    used 11991K, capacity 12939K, committed 13056K, reserved 1048576K
}
Event: 65.092 GC heap after
{Heap after GC invocations=78 (full 0):
 garbage-first heap   total 225280K, used 106909K [0x0000000080000000, 0x0000000100000000)
  region size 1024K, 7 young (7168K), 7 survivors (7168K)
 Metaspace       used 93061K, capacity 95577K, committed 95920K, reserved 1132544K
  class space    used 11991K, capacity 12939K, committed 13056K, reserved 1048576K
}
Event: 66.974 GC heap before
{Heap before GC invocations=79 (full 0):
 garbage-first heap   total 225280K, used 149917K [0x0000000080000000, 0x0000000100000000)
  region size 1024K, 38 young (38912K), 7 survivors (7168K)
 Metaspace       used 97533K, capacity 100177K, committed 100400K, reserved 1136640K
  class space    used 12605K, capacity 13649K, committed 13696K, reserved 1048576K
}
Event: 67.023 GC heap after
{Heap after GC invocations=80 (full 0):
 garbage-first heap   total 225280K, used 127462K [0x0000000080000000, 0x0000000100000000)
  region size 1024K, 10 young (10240K), 10 survivors (10240K)
 Metaspace       used 97533K, capacity 100177K, committed 100400K, reserved 1136640K
  class space    used 12605K, capacity 13649K, committed 13696K, reserved 1048576K
}
Event: 68.586 GC heap before
{Heap before GC invocations=81 (full 0):
 garbage-first heap   total 225280K, used 209382K [0x0000000080000000, 0x0000000100000000)
  region size 1024K, 59 young (60416K), 10 survivors (10240K)
 Metaspace       used 97820K, capacity 100443K, committed 100784K, reserved 1136640K
  class space    used 12649K, capacity 13715K, committed 13824K, reserved 1048576K
}

Deoptimization events (20 events):
Event: 68.283 Thread 0x00000203169dc800 DEOPT PACKING pc=0x00000203081cdb98 sp=0x000000ae441f8ee0
Event: 68.283 Thread 0x00000203169dc800 DEOPT UNPACKING pc=0x000002030004a1af sp=0x000000ae441f8eb0 mode 2
Event: 68.284 Thread 0x00000203187dd000 Uncommon trap: trap_request=0xffffff4d fr.pc=0x0000020307d65414 relative=0x0000000000000234
Event: 68.284 Thread 0x00000203187dd000 Uncommon trap: reason=unstable_if action=reinterpret pc=0x0000020307d65414 method=com.esotericsoftware.kryo.io.Output.writeString(Ljava/lang/CharSequence;)V @ 50 c2
Event: 68.284 Thread 0x00000203187dd000 DEOPT PACKING pc=0x0000020307d65414 sp=0x000000ae423fe710
Event: 68.284 Thread 0x00000203187dd000 DEOPT UNPACKING pc=0x000002030004a1af sp=0x000000ae423fe6a0 mode 2
Event: 68.373 Thread 0x00000203169dc800 Uncommon trap: trap_request=0xffffffc6 fr.pc=0x00000203081f86b8 relative=0x00000000000020f8
Event: 68.373 Thread 0x00000203169dc800 Uncommon trap: reason=bimorphic_or_optimized_type_check action=maybe_recompile pc=0x00000203081f86b8 method=org.gradle.internal.snapshot.AbstractListChildMap.store(Lorg/gradle/internal/snapshot/VfsRelativePath;Lorg/gradle/internal/snapshot/CaseSensitivity
Event: 68.373 Thread 0x00000203169dc800 DEOPT PACKING pc=0x00000203081f86b8 sp=0x000000ae441f7c20
Event: 68.373 Thread 0x00000203169dc800 DEOPT UNPACKING pc=0x000002030004a1af sp=0x000000ae441f7c20 mode 2
Event: 68.425 Thread 0x000002031aee4800 DEOPT PACKING pc=0x0000020301fc0081 sp=0x000000ae3fcfd590
Event: 68.425 Thread 0x000002031aee4800 DEOPT UNPACKING pc=0x000002030004a95e sp=0x000000ae3fcfca68 mode 0
Event: 68.436 Thread 0x000002031aee4800 DEOPT PACKING pc=0x0000020301fc8c1b sp=0x000000ae3fcfd560
Event: 68.436 Thread 0x000002031aee4800 DEOPT UNPACKING pc=0x000002030004a95e sp=0x000000ae3fcfcb20 mode 0
Event: 68.501 Thread 0x00000203169dc800 Uncommon trap: trap_request=0xffffffc6 fr.pc=0x00000203081f86b8 relative=0x00000000000020f8
Event: 68.501 Thread 0x00000203169dc800 Uncommon trap: reason=bimorphic_or_optimized_type_check action=maybe_recompile pc=0x00000203081f86b8 method=org.gradle.internal.snapshot.AbstractListChildMap.store(Lorg/gradle/internal/snapshot/VfsRelativePath;Lorg/gradle/internal/snapshot/CaseSensitivity
Event: 68.501 Thread 0x00000203169dc800 DEOPT PACKING pc=0x00000203081f86b8 sp=0x000000ae441f7c20
Event: 68.501 Thread 0x00000203169dc800 DEOPT UNPACKING pc=0x000002030004a1af sp=0x000000ae441f7c20 mode 2
Event: 68.585 Thread 0x000002031aee4800 DEOPT PACKING pc=0x0000020301fcf0fa sp=0x000000ae3fcfd7a0
Event: 68.585 Thread 0x000002031aee4800 DEOPT UNPACKING pc=0x000002030004a95e sp=0x000000ae3fcfcc78 mode 0

Classes redefined (0 events):
No events

Internal exceptions (20 events):
Event: 52.102 Thread 0x00000203187e7800 Exception <a 'java/lang/NoSuchMethodError'{0x000000008d0bf480}: 'java.lang.Object java.lang.invoke.DirectMethodHandle$Holder.invokeSpecialIFC(java.lang.Object, java.lang.Object, java.lang.Object)'> (0x000000008d0bf480) thrown at [src/hotspot/share/interpreter/linkResolver.cpp, line 773]
Event: 52.642 Thread 0x00000203187e7800 Exception <a 'java/lang/NoSuchMethodError'{0x000000008ca600d8}: 'void java.lang.invoke.DirectMethodHandle$Holder.invokeVirtual(java.lang.Object, java.lang.Object)'> (0x000000008ca600d8) thrown at [src/hotspot/share/interpreter/linkResolver.cpp, line 773]
Event: 58.573 Thread 0x00000203169dc800 Exception <a 'java/lang/NoSuchMethodError'{0x000000008a8c8c30}: 'java.lang.Object java.lang.invoke.DirectMethodHandle$Holder.invokeStatic(java.lang.Object, java.lang.Object, java.lang.Object, java.lang.Object, java.lang.Object, java.lang.Object, java.lang.Object, java.lang.Object, java.lang.Object, java.lang.Object, java.lang.Object, java.lang.Object, java.lang.Object, java.lang.Object, java.lang.Object, int)'> (0x000000008a8c8c30) thrown at [src/hotspot/share/interpreter/linkResolver.cpp, line 773]
Event: 59.664 Thread 0x00000203169db800 Exception <a 'java/lang/NoSuchMethodError'{0x000000008dbaa958}: <clinit>> (0x000000008dbaa958) thrown at [src/hotspot/share/prims/jni.cpp, line 1367]
Event: 59.664 Thread 0x00000203169db800 Exception <a 'java/lang/NoSuchMethodError'{0x000000008dbac3b8}: <clinit>> (0x000000008dbac3b8) thrown at [src/hotspot/share/prims/jni.cpp, line 1367]
Event: 59.664 Thread 0x00000203169db800 Exception <a 'java/lang/NoSuchMethodError'{0x000000008dbaf878}: <clinit>> (0x000000008dbaf878) thrown at [src/hotspot/share/prims/jni.cpp, line 1367]
Event: 59.672 Thread 0x00000203169db800 Exception <a 'java/lang/NoSuchMethodError'{0x000000008dbca1e0}: <clinit>> (0x000000008dbca1e0) thrown at [src/hotspot/share/prims/jni.cpp, line 1367]
Event: 59.673 Thread 0x00000203169db800 Exception <a 'java/lang/NoSuchMethodError'{0x000000008dbcb6c0}: <clinit>> (0x000000008dbcb6c0) thrown at [src/hotspot/share/prims/jni.cpp, line 1367]
Event: 62.243 Thread 0x00000203169db800 Exception <a 'java/lang/reflect/InvocationTargetException'{0x000000008a7ec2d8}> (0x000000008a7ec2d8) thrown at [src/hotspot/share/runtime/reflection.cpp, line 1247]
Event: 62.289 Thread 0x0000020316742800 Exception <a 'java/lang/NoSuchMethodError'{0x000000008a415670}: <clinit>> (0x000000008a415670) thrown at [src/hotspot/share/prims/jni.cpp, line 1367]
Event: 62.297 Thread 0x0000020316742800 Exception <a 'java/lang/NoSuchMethodError'{0x000000008a440c30}: <clinit>> (0x000000008a440c30) thrown at [src/hotspot/share/prims/jni.cpp, line 1367]
Event: 62.300 Thread 0x0000020316742800 Exception <a 'java/lang/NoSuchMethodError'{0x000000008a452f20}: <clinit>> (0x000000008a452f20) thrown at [src/hotspot/share/prims/jni.cpp, line 1367]
Event: 62.401 Thread 0x00000203169dc800 Exception <a 'sun/nio/fs/WindowsException'{0x000000008d95cee8}> (0x000000008d95cee8) thrown at [src/hotspot/share/prims/jni.cpp, line 617]
Event: 62.748 Thread 0x00000203169dc800 Exception <a 'sun/nio/fs/WindowsException'{0x0000000089c94b00}> (0x0000000089c94b00) thrown at [src/hotspot/share/prims/jni.cpp, line 617]
Event: 65.359 Thread 0x00000203169dc800 Exception <a 'java/lang/NoSuchMethodError'{0x000000008d94b228}: 'java.lang.Object java.lang.invoke.DirectMethodHandle$Holder.newInvokeSpecial(java.lang.Object, java.lang.Object, java.lang.Object, java.lang.Object)'> (0x000000008d94b228) thrown at [src/hotspot/share/interpreter/linkResolver.cpp, line 773]
Event: 65.658 Thread 0x00000203169dc800 Exception <a 'java/lang/NoSuchMethodError'{0x000000008d5dab70}: <clinit>> (0x000000008d5dab70) thrown at [src/hotspot/share/prims/jni.cpp, line 1367]
Event: 65.981 Thread 0x000002031aee4800 Exception <a 'sun/nio/fs/WindowsException'{0x000000008cd0a9d0}> (0x000000008cd0a9d0) thrown at [src/hotspot/share/prims/jni.cpp, line 617]
Event: 66.341 Thread 0x000002031aee4800 Exception <a 'java/lang/NoSuchMethodError'{0x000000008c939cb0}: 'java.lang.Object java.lang.invoke.DirectMethodHandle$Holder.newInvokeSpecial(java.lang.Object, int)'> (0x000000008c939cb0) thrown at [src/hotspot/share/interpreter/linkResolver.cpp, line 773]
Event: 66.554 Thread 0x00000203169dc800 Exception <a 'sun/nio/fs/WindowsException'{0x000000008c667170}> (0x000000008c667170) thrown at [src/hotspot/share/prims/jni.cpp, line 617]
Event: 66.922 Thread 0x000002031aee4800 Exception <a 'java/lang/NoSuchMethodError'{0x000000008beb89b8}: 'java.lang.Object java.lang.invoke.DirectMethodHandle$Holder.invokeStaticInit(java.lang.Object, java.lang.Object, java.lang.Object, java.lang.Object, java.lang.Object, java.lang.Object, java.lang.Object, java.lang.Object, java.lang.Object, java.lang.Object, java.lang.Object, java.lang.Object, java.lang.Object, java.lang.Object, java.lang.Object, java.lang.Object, java.lang.Object, java.lang.Object, java.lang.Object, int, java.lang.Object, java

Events (20 events):
Event: 68.014 loading class com/android/tools/r8/internal/TD done
Event: 68.023 loading class com/android/tools/r8/internal/a
Event: 68.023 loading class com/android/tools/r8/internal/a done
Event: 68.024 loading class com/android/tools/r8/internal/PD
Event: 68.024 loading class com/android/tools/r8/internal/PD done
Event: 68.025 loading class com/android/tools/r8/internal/Zb
Event: 68.025 loading class com/android/tools/r8/internal/Zb done
Event: 68.026 loading class com/android/tools/r8/internal/OD
Event: 68.026 loading class com/android/tools/r8/internal/OD done
Event: 68.026 loading class com/android/tools/r8/internal/SD
Event: 68.026 loading class com/android/tools/r8/internal/SD done
Event: 68.027 loading class com/android/tools/r8/graph/g1
Event: 68.027 loading class com/android/tools/r8/graph/g1 done
Event: 68.027 loading class com/android/tools/r8/graph/g1
Event: 68.027 loading class com/android/tools/r8/graph/g1 done
Event: 68.027 loading class com/android/tools/r8/dex/i
Event: 68.027 loading class com/android/tools/r8/dex/i done
Event: 68.028 loading class com/android/tools/r8/graph/J
Event: 68.028 loading class com/android/tools/r8/graph/J done
Event: 68.586 Executing VM operation: G1CollectForAllocation


Dynamic libraries:
0x00007ff681620000 - 0x00007ff68162a000 	C:\Program Files\Android\Android Studio\jbr\bin\java.exe
0x00007ffe03f10000 - 0x00007ffe04124000 	C:\WINDOWS\SYSTEM32\ntdll.dll
0x00007ffe03db0000 - 0x00007ffe03e72000 	C:\WINDOWS\System32\KERNEL32.DLL
0x00007ffe01770000 - 0x00007ffe01b13000 	C:\WINDOWS\System32\KERNELBASE.dll
0x00007ffe01650000 - 0x00007ffe01761000 	C:\WINDOWS\System32\ucrtbase.dll
0x00007ffde9de0000 - 0x00007ffde9df7000 	C:\Program Files\Android\Android Studio\jbr\bin\jli.dll
0x00007ffde9ae0000 - 0x00007ffde9afb000 	C:\Program Files\Android\Android Studio\jbr\bin\VCRUNTIME140.dll
0x00007ffe03c00000 - 0x00007ffe03dab000 	C:\WINDOWS\System32\USER32.dll
0x00007ffe01ce0000 - 0x00007ffe01d06000 	C:\WINDOWS\System32\win32u.dll
0x00007ffe01fd0000 - 0x00007ffe01ff9000 	C:\WINDOWS\System32\GDI32.dll
0x00007ffe01b20000 - 0x00007ffe01c38000 	C:\WINDOWS\System32\gdi32full.dll
0x00007ffe01c40000 - 0x00007ffe01cda000 	C:\WINDOWS\System32\msvcp_win.dll
0x00007ffded3d0000 - 0x00007ffded65e000 	C:\WINDOWS\WinSxS\amd64_microsoft.windows.common-controls_6595b64144ccf1df_6.0.22621.1635_none_270f70857386168e\COMCTL32.dll
0x00007ffe03190000 - 0x00007ffe03237000 	C:\WINDOWS\System32\msvcrt.dll
0x00007ffe03e90000 - 0x00007ffe03ec1000 	C:\WINDOWS\System32\IMM32.DLL
0x00007ffdf11e0000 - 0x00007ffdf11ec000 	C:\Program Files\Android\Android Studio\jbr\bin\vcruntime140_1.dll
0x00007ffde9a50000 - 0x00007ffde9add000 	C:\Program Files\Android\Android Studio\jbr\bin\msvcp140.dll
0x00007ffdb55c0000 - 0x00007ffdb617c000 	C:\Program Files\Android\Android Studio\jbr\bin\server\jvm.dll
0x00007ffe034e0000 - 0x00007ffe0358e000 	C:\WINDOWS\System32\ADVAPI32.dll
0x00007ffe03ac0000 - 0x00007ffe03b64000 	C:\WINDOWS\System32\sechost.dll
0x00007ffe03310000 - 0x00007ffe03427000 	C:\WINDOWS\System32\RPCRT4.dll
0x00007ffe03e80000 - 0x00007ffe03e88000 	C:\WINDOWS\System32\PSAPI.DLL
0x00007ffddd2f0000 - 0x00007ffddd2f9000 	C:\WINDOWS\SYSTEM32\WSOCK32.dll
0x00007ffdfa0b0000 - 0x00007ffdfa0e4000 	C:\WINDOWS\SYSTEM32\WINMM.dll
0x00007ffdfa6b0000 - 0x00007ffdfa6ba000 	C:\WINDOWS\SYSTEM32\VERSION.dll
0x00007ffe03440000 - 0x00007ffe034b1000 	C:\WINDOWS\System32\ws2_32.DLL
0x00007ffe00380000 - 0x00007ffe00398000 	C:\WINDOWS\SYSTEM32\kernel.appcore.dll
0x00007ffdfa350000 - 0x00007ffdfa360000 	C:\Program Files\Android\Android Studio\jbr\bin\verify.dll
0x00007ffdeada0000 - 0x00007ffdeafce000 	C:\WINDOWS\SYSTEM32\DBGHELP.DLL
0x00007ffe03590000 - 0x00007ffe03919000 	C:\WINDOWS\System32\combase.dll
0x00007ffe02af0000 - 0x00007ffe02bc7000 	C:\WINDOWS\System32\OLEAUT32.dll
0x00007ffde1e20000 - 0x00007ffde1e52000 	C:\WINDOWS\SYSTEM32\dbgcore.DLL
0x00007ffe01560000 - 0x00007ffe015db000 	C:\WINDOWS\System32\bcryptPrimitives.dll
0x00007ffdfa320000 - 0x00007ffdfa348000 	C:\Program Files\Android\Android Studio\jbr\bin\java.dll
0x00007ffdfa310000 - 0x00007ffdfa31a000 	C:\Program Files\Android\Android Studio\jbr\bin\jimage.dll
0x00007ffdfa2f0000 - 0x00007ffdfa308000 	C:\Program Files\Android\Android Studio\jbr\bin\zip.dll
0x00007ffe02000000 - 0x00007ffe027fa000 	C:\WINDOWS\System32\SHELL32.dll
0x00007ffdff330000 - 0x00007ffdffbfe000 	C:\WINDOWS\SYSTEM32\windows.storage.dll
0x00007ffdff1f0000 - 0x00007ffdff32e000 	C:\WINDOWS\SYSTEM32\wintypes.dll
0x00007ffe01d10000 - 0x00007ffe01e01000 	C:\WINDOWS\System32\SHCORE.dll
0x00007ffe02a90000 - 0x00007ffe02aee000 	C:\WINDOWS\System32\shlwapi.dll
0x00007ffe01260000 - 0x00007ffe01281000 	C:\WINDOWS\SYSTEM32\profapi.dll
0x00007ffdfa2d0000 - 0x00007ffdfa2e9000 	C:\Program Files\Android\Android Studio\jbr\bin\net.dll
0x00007ffdf9190000 - 0x00007ffdf92c7000 	C:\WINDOWS\SYSTEM32\WINHTTP.dll
0x00007ffe007f0000 - 0x00007ffe00859000 	C:\WINDOWS\system32\mswsock.dll
0x00007ffdebd90000 - 0x00007ffdebda3000 	C:\Program Files\Android\Android Studio\jbr\bin\nio.dll
0x00007ffdf0850000 - 0x00007ffdf0877000 	C:\Users\HP-CSD\.gradle\native\68d5fa5c4cc2d200863cafc0d521ce42e7d3e7ee720ec0a83991735586a16f82\windows-amd64\native-platform.dll
0x00007ffdbe320000 - 0x00007ffdbe464000 	C:\Users\HP-CSD\.gradle\native\e376f236ea51e6404a007f0833ffe2c6e607c4080706a723a18a27aeea778392\windows-amd64\native-platform-file-events.dll
0x00007ffdfa2c0000 - 0x00007ffdfa2ca000 	C:\Program Files\Android\Android Studio\jbr\bin\management.dll
0x00007ffded070000 - 0x00007ffded07b000 	C:\Program Files\Android\Android Studio\jbr\bin\management_ext.dll
0x00007ffe00a50000 - 0x00007ffe00a6b000 	C:\WINDOWS\SYSTEM32\CRYPTSP.dll
0x00007ffe002f0000 - 0x00007ffe00325000 	C:\WINDOWS\system32\rsaenh.dll
0x00007ffe008f0000 - 0x00007ffe00918000 	C:\WINDOWS\SYSTEM32\USERENV.dll
0x00007ffe00c10000 - 0x00007ffe00c38000 	C:\WINDOWS\SYSTEM32\bcrypt.dll
0x00007ffe00a70000 - 0x00007ffe00a7c000 	C:\WINDOWS\SYSTEM32\CRYPTBASE.dll
0x00007ffdffe60000 - 0x00007ffdffe8d000 	C:\WINDOWS\SYSTEM32\IPHLPAPI.DLL
0x00007ffe03430000 - 0x00007ffe03439000 	C:\WINDOWS\System32\NSI.dll
0x00007ffdf9120000 - 0x00007ffdf9139000 	C:\WINDOWS\SYSTEM32\dhcpcsvc6.DLL
0x00007ffdf8f20000 - 0x00007ffdf8f3f000 	C:\WINDOWS\SYSTEM32\dhcpcsvc.DLL
0x00007ffdffed0000 - 0x00007ffdfffc3000 	C:\WINDOWS\SYSTEM32\DNSAPI.dll
0x00007ffde8170000 - 0x00007ffde8187000 	C:\WINDOWS\system32\napinsp.dll
0x00007ffde8150000 - 0x00007ffde816b000 	C:\WINDOWS\system32\pnrpnsp.dll
0x00007ffde8130000 - 0x00007ffde8141000 	C:\WINDOWS\System32\winrnr.dll
0x00007ffde8110000 - 0x00007ffde8125000 	C:\WINDOWS\system32\wshbth.dll
0x00007ffde80e0000 - 0x00007ffde8101000 	C:\WINDOWS\system32\nlansp_c.dll
0x00007ffde5950000 - 0x00007ffde595a000 	C:\Windows\System32\rasadhlp.dll
0x00007ffdf6740000 - 0x00007ffdf67c4000 	C:\WINDOWS\System32\fwpuclnt.dll

dbghelp: loaded successfully - version: 4.0.5 - missing functions: none
symbol engine: initialized successfully - sym options: 0x614 - pdb path: .;C:\Program Files\Android\Android Studio\jbr\bin;C:\WINDOWS\SYSTEM32;C:\WINDOWS\WinSxS\amd64_microsoft.windows.common-controls_6595b64144ccf1df_6.0.22621.1635_none_270f70857386168e;C:\Program Files\Android\Android Studio\jbr\bin\server;C:\Users\HP-CSD\.gradle\native\68d5fa5c4cc2d200863cafc0d521ce42e7d3e7ee720ec0a83991735586a16f82\windows-amd64;C:\Users\HP-CSD\.gradle\native\e376f236ea51e6404a007f0833ffe2c6e607c4080706a723a18a27aeea778392\windows-amd64

VM Arguments:
jvm_args: --add-opens=java.base/java.util=ALL-UNNAMED --add-opens=java.base/java.lang=ALL-UNNAMED --add-opens=java.base/java.lang.invoke=ALL-UNNAMED --add-opens=java.prefs/java.util.prefs=ALL-UNNAMED --add-opens=java.base/java.nio.charset=ALL-UNNAMED --add-opens=java.base/java.net=ALL-UNNAMED --add-opens=java.base/java.util.concurrent.atomic=ALL-UNNAMED -Xmx2048m -Dfile.encoding=UTF-8 -Duser.country=PE -Duser.language=es -Duser.variant 
java_command: org.gradle.launcher.daemon.bootstrap.GradleDaemon 8.0
java_class_path (initial): C:\Users\HP-CSD\.gradle\wrapper\dists\gradle-8.0-bin\ca5e32bp14vu59qr306oxotwh\gradle-8.0\lib\gradle-launcher-8.0.jar
Launcher Type: SUN_STANDARD

[Global flags]
     intx CICompilerCount                          = 2                                         {product} {ergonomic}
     uint ConcGCThreads                            = 1                                         {product} {ergonomic}
     uint G1ConcRefinementThreads                  = 2                                         {product} {ergonomic}
   size_t G1HeapRegionSize                         = 1048576                                   {product} {ergonomic}
    uintx GCDrainStackTargetSize                   = 64                                        {product} {ergonomic}
   size_t InitialHeapSize                          = 58720256                                  {product} {ergonomic}
   size_t MarkStackSize                            = 4194304                                   {product} {ergonomic}
   size_t MaxHeapSize                              = 2147483648                                {product} {command line}
   size_t MaxNewSize                               = 1287651328                                {product} {ergonomic}
   size_t MinHeapDeltaBytes                        = 1048576                                   {product} {ergonomic}
    uintx NonNMethodCodeHeapSize                   = 5825164                                {pd product} {ergonomic}
    uintx NonProfiledCodeHeapSize                  = 122916538                              {pd product} {ergonomic}
    uintx ProfiledCodeHeapSize                     = 122916538                              {pd product} {ergonomic}
    uintx ReservedCodeCacheSize                    = 251658240                              {pd product} {ergonomic}
     bool SegmentedCodeCache                       = true                                      {product} {ergonomic}
     bool UseCompressedClassPointers               = true                                 {lp64_product} {ergonomic}
     bool UseCompressedOops                        = true                                 {lp64_product} {ergonomic}
     bool UseG1GC                                  = true                                      {product} {ergonomic}
     bool UseLargePagesIndividualAllocation        = false                                  {pd product} {ergonomic}

Logging:
Log output configuration:
 #0: stdout all=warning uptime,level,tags
 #1: stderr all=off uptime,level,tags

Environment Variables:
JAVA_HOME=C:\Program Files\Java\jdk-17
PATH=C:\app\HP-CSD\product\21c\dbhomeXE\bin;C:\Program Files\Common Files\Oracle\Java\javapath;C:\oraclexe\app\oracle\product\11.2.0\server\bin;C:\WINDOWS\system32;C:\WINDOWS;C:\WINDOWS\System32\Wbem;C:\WINDOWS\System32\WindowsPowerShell\v1.0\;C:\WINDOWS\System32\OpenSSH\;C:\Program Files\Git\cmd;C:\Program Files\nodejs\;C:\xampp\php;C:\ProgramData\ComposerSetup\bin;C:\Program Files\Java\jdk-17\bin;C:\Program Files\Apache Software Foundation\Tomcat 9.0\bin;C:\Users\HP-CSD\AppData\Local\Programs\Python\Python310\Scripts\;C:\Users\HP-CSD\AppData\Local\Programs\Python\Python310\;C:\Users\HP-CSD\AppData\Local\Microsoft\WindowsApps;C:\Program Files\MongoDB\Server\6.0\bin;C:\Program Files\MongoDB\Server\5.0\bin;D:\VISUAL\Microsoft VS Code\bin;C:\Users\HP-CSD\AppData\Roaming\npm;C:\Users\HP-CSD\AppData\Roaming\Composer\vendor\bin;
USERNAME=HP-CSD
OS=Windows_NT
PROCESSOR_IDENTIFIER=AMD64 Family 23 Model 24 Stepping 1, AuthenticAMD



---------------  S Y S T E M  ---------------

OS: Windows 11 , 64 bit Build 22621 (10.0.22621.1635)
OS uptime: 0 days 10:08 hours

CPU:total 2 (initial active 2) (2 cores per cpu, 1 threads per core) family 23 model 24 stepping 1 microcode 0x0, cmov, cx8, fxsr, mmx, sse, sse2, sse3, ssse3, sse4.1, sse4.2, popcnt, avx, avx2, aes, clmul, mmxext, 3dnowpref, lzcnt, sse4a, tsc, tscinvbit, tscinv, bmi1, bmi2, adx, sha, fma

Memory: 4k page, system-wide physical 3500M (149M free)
TotalPageFile size 14252M (AvailPageFile size 3M)
current process WorkingSet (physical memory assigned to process): 416M, peak: 416M
current process commit charge ("private bytes"): 570M, peak: 570M

vm_info: OpenJDK 64-Bit Server VM (11.0.15+0-b2043.56-9505619) for windows-amd64 JRE (11.0.15+0-b2043.56-9505619), built on Jan 19 2023 02:48:00 by "builduser" with unknown MS VC++:1929

END.
