#
# There is insufficient memory for the Java Runtime Environment to continue.
# Native memory allocation (malloc) failed to allocate 358096 bytes for Chunk::new
# Possible reasons:
#   The system is out of physical RAM or swap space
#   The process is running with CompressedOops enabled, and the Java Heap may be blocking the growth of the native heap
# Possible solutions:
#   Reduce memory load on the system
#   Increase physical memory or swap space
#   Check if swap backing store is full
#   Decrease Java heap size (-Xmx/-Xms)
#   Decrease number of Java threads
#   Decrease Java thread stack sizes (-Xss)
#   Set larger code cache with -XX:ReservedCodeCacheSize=
#   JVM is running with Zero Based Compressed Oops mode in which the Java heap is
#     placed in the first 32GB address space. The Java Heap base address is the
#     maximum limit for the native heap growth. Please use -XX:HeapBaseMinAddress
#     to set the Java Heap base and to place the Java Heap above 32GB virtual address.
# This output file may be truncated or incomplete.
#
#  Out of Memory Error (arena.cpp:189), pid=1868, tid=13316
#
# JRE version: OpenJDK Runtime Environment Zulu17.42+19-CA (17.0.7+7) (build 17.0.7+7-LTS)
# Java VM: OpenJDK 64-Bit Server VM Zulu17.42+19-CA (17.0.7+7-LTS, mixed mode, sharing, tiered, compressed oops, compressed class ptrs, g1 gc, windows-amd64)
# No core dump will be written. Minidumps are not enabled by default on client versions of Windows
#

---------------  S U M M A R Y ------------

Command Line: --add-opens=java.base/java.util=ALL-UNNAMED --add-opens=java.base/java.lang=ALL-UNNAMED --add-opens=java.base/java.lang.invoke=ALL-UNNAMED --add-opens=java.prefs/java.util.prefs=ALL-UNNAMED --add-opens=java.base/java.nio.charset=ALL-UNNAMED --add-opens=java.base/java.net=ALL-UNNAMED --add-opens=java.base/java.util.concurrent.atomic=ALL-UNNAMED -Xmx4g -Dfile.encoding=windows-1252 -Duser.country=PE -Duser.language=es -Duser.variant org.gradle.launcher.daemon.bootstrap.GradleDaemon 8.0

Host: AMD Athlon Silver 3050U with Radeon Graphics   , 2 cores, 3G,  Windows 11 , 64 bit Build 22621 (10.0.22621.1778)
Time: Fri Jun 16 23:34:57 2023 Hora est. Pacífico, Sudamérica elapsed time: 23.225003 seconds (0d 0h 0m 23s)

---------------  T H R E A D  ---------------

Current thread (0x000002449516dc30):  JavaThread "C2 CompilerThread0" daemon [_thread_in_native, id=13316, stack(0x000000cbc0600000,0x000000cbc0700000)]


Current CompileTask:
C2:  23225 5841 % !   4       sun.nio.fs.WindowsPath::initOffsets @ 50 (153 bytes)

Stack: [0x000000cbc0600000,0x000000cbc0700000]
Native frames: (J=compiled Java code, j=interpreted, Vv=VM code, C=native code)
V  [jvm.dll+0x67c77a]
V  [jvm.dll+0x83a0b4]
V  [jvm.dll+0x83b85e]
V  [jvm.dll+0x83bec3]
V  [jvm.dll+0x24a5af]
V  [jvm.dll+0xac24c]
V  [jvm.dll+0xac81c]
V  [jvm.dll+0x369212]
V  [jvm.dll+0x333101]
V  [jvm.dll+0x3325aa]
V  [jvm.dll+0x219b21]
V  [jvm.dll+0x218f41]
V  [jvm.dll+0x1a513d]
V  [jvm.dll+0x22892a]
V  [jvm.dll+0x226a85]
V  [jvm.dll+0x7f01dc]
V  [jvm.dll+0x7ea73a]
V  [jvm.dll+0x67b5c5]
C  [ucrtbase.dll+0x29363]
C  [KERNEL32.DLL+0x126ad]
C  [ntdll.dll+0x5a9f8]


---------------  P R O C E S S  ---------------

Threads class SMR info:
_java_thread_list=0x000002449ba53ea0, length=57, elements={
0x00000244f2bd97a0, 0x0000024495133e90, 0x0000024495135100, 0x00000244951672f0,
0x0000024495169cd0, 0x000002449516c6b0, 0x000002449516cf80, 0x000002449516dc30,
0x0000024495182570, 0x00000244951df110, 0x00000244953f28b0, 0x00000244953f6fc0,
0x000002449b361cb0, 0x000002449aeb05e0, 0x000002449afa08e0, 0x000002449a889e80,
0x000002449a9d90a0, 0x000002449a329060, 0x000002449a329570, 0x000002449a329a80,
0x000002449a32c810, 0x000002449a329f90, 0x000002449a32a4a0, 0x000002449a32a9b0,
0x000002449a32b3d0, 0x000002449a32b8e0, 0x000002449a32bdf0, 0x000002449a32c300,
0x00000244957c9930, 0x00000244957c5250, 0x00000244957c4320, 0x00000244957c6180,
0x00000244957c8f10, 0x00000244957c84f0, 0x00000244957c29d0, 0x00000244957c6690,
0x00000244957c6ba0, 0x00000244957c4d40, 0x00000244957c70b0, 0x00000244957c9e40,
0x00000244957c5760, 0x00000244957c3900, 0x00000244957c9420, 0x00000244957c5c70,
0x00000244957c2ee0, 0x00000244957c75c0, 0x00000244957c33f0, 0x00000244957c7ad0,
0x00000244957c7fe0, 0x000002449c729e80, 0x000002449c729460, 0x000002449c72a390,
0x000002449c72bce0, 0x000002449c7261c0, 0x000002449c72a8a0, 0x000002449c725cb0,
0x000002449c72adb0
}

Java Threads: ( => current thread )
  0x00000244f2bd97a0 JavaThread "main" [_thread_blocked, id=3124, stack(0x000000cbbf900000,0x000000cbbfa00000)]
  0x0000024495133e90 JavaThread "Reference Handler" daemon [_thread_blocked, id=5156, stack(0x000000cbc0000000,0x000000cbc0100000)]
  0x0000024495135100 JavaThread "Finalizer" daemon [_thread_blocked, id=13300, stack(0x000000cbc0100000,0x000000cbc0200000)]
  0x00000244951672f0 JavaThread "Signal Dispatcher" daemon [_thread_blocked, id=8388, stack(0x000000cbc0200000,0x000000cbc0300000)]
  0x0000024495169cd0 JavaThread "Attach Listener" daemon [_thread_blocked, id=11800, stack(0x000000cbc0300000,0x000000cbc0400000)]
  0x000002449516c6b0 JavaThread "Service Thread" daemon [_thread_blocked, id=11676, stack(0x000000cbc0400000,0x000000cbc0500000)]
  0x000002449516cf80 JavaThread "Monitor Deflation Thread" daemon [_thread_blocked, id=4080, stack(0x000000cbc0500000,0x000000cbc0600000)]
=>0x000002449516dc30 JavaThread "C2 CompilerThread0" daemon [_thread_in_native, id=13316, stack(0x000000cbc0600000,0x000000cbc0700000)]
  0x0000024495182570 JavaThread "C1 CompilerThread0" daemon [_thread_blocked, id=2976, stack(0x000000cbc0700000,0x000000cbc0800000)]
  0x00000244951df110 JavaThread "Sweeper thread" daemon [_thread_blocked, id=3808, stack(0x000000cbc0800000,0x000000cbc0900000)]
  0x00000244953f28b0 JavaThread "Common-Cleaner" daemon [_thread_blocked, id=1396, stack(0x000000cbc0900000,0x000000cbc0a00000)]
  0x00000244953f6fc0 JavaThread "Notification Thread" daemon [_thread_blocked, id=13664, stack(0x000000cbc0a00000,0x000000cbc0b00000)]
  0x000002449b361cb0 JavaThread "Daemon health stats" [_thread_blocked, id=10784, stack(0x000000cbc0d00000,0x000000cbc0e00000)]
  0x000002449aeb05e0 JavaThread "Incoming local TCP Connector on port 61848" [_thread_in_native, id=11660, stack(0x000000cbc0e00000,0x000000cbc0f00000)]
  0x000002449afa08e0 JavaThread "Daemon periodic checks" [_thread_blocked, id=2116, stack(0x000000cbc0f00000,0x000000cbc1000000)]
  0x000002449a889e80 JavaThread "Daemon" [_thread_blocked, id=12192, stack(0x000000cbc1000000,0x000000cbc1100000)]
  0x000002449a9d90a0 JavaThread "Handler for socket connection from /127.0.0.1:61848 to /127.0.0.1:61849" [_thread_in_native, id=1124, stack(0x000000cbc1100000,0x000000cbc1200000)]
  0x000002449a329060 JavaThread "Cancel handler" [_thread_blocked, id=12660, stack(0x000000cbc1200000,0x000000cbc1300000)]
  0x000002449a329570 JavaThread "Daemon worker" [_thread_in_Java, id=612, stack(0x000000cbc1300000,0x000000cbc1400000)]
  0x000002449a329a80 JavaThread "Asynchronous log dispatcher for DefaultDaemonConnection: socket connection from /127.0.0.1:61848 to /127.0.0.1:61849" [_thread_blocked, id=13224, stack(0x000000cbc1400000,0x000000cbc1500000)]
  0x000002449a32c810 JavaThread "Stdin handler" [_thread_blocked, id=7180, stack(0x000000cbc1500000,0x000000cbc1600000)]
  0x000002449a329f90 JavaThread "Daemon client event forwarder" [_thread_blocked, id=8104, stack(0x000000cbc1600000,0x000000cbc1700000)]
  0x000002449a32a4a0 JavaThread "Cache worker for journal cache (C:\Users\HP-CSD\.gradle\caches\journal-1)" [_thread_blocked, id=10264, stack(0x000000cbc1700000,0x000000cbc1800000)]
  0x000002449a32a9b0 JavaThread "File lock request listener" [_thread_in_native, id=7428, stack(0x000000cbc1800000,0x000000cbc1900000)]
  0x000002449a32b3d0 JavaThread "Cache worker for file hash cache (C:\Users\HP-CSD\.gradle\caches\8.0\fileHashes)" [_thread_blocked, id=6808, stack(0x000000cbc1900000,0x000000cbc1a00000)]
  0x000002449a32b8e0 JavaThread "File watcher server" daemon [_thread_in_native, id=9508, stack(0x000000cbc1a00000,0x000000cbc1b00000)]
  0x000002449a32bdf0 JavaThread "File watcher consumer" daemon [_thread_blocked, id=12368, stack(0x000000cbc1b00000,0x000000cbc1c00000)]
  0x000002449a32c300 JavaThread "jar transforms" [_thread_blocked, id=13552, stack(0x000000cbc1c00000,0x000000cbc1d00000)]
  0x00000244957c9930 JavaThread "jar transforms Thread 2" [_thread_blocked, id=10516, stack(0x000000cbc1d00000,0x000000cbc1e00000)]
  0x00000244957c5250 JavaThread "Cache worker for checksums cache (C:\Users\HP-CSD\AndroidStudioProjects\PokeTinder\.gradle\8.0\checksums)" [_thread_blocked, id=12784, stack(0x000000cbc1e00000,0x000000cbc1f00000)]
  0x00000244957c4320 JavaThread "Cache worker for cache directory md-rule (C:\Users\HP-CSD\.gradle\caches\8.0\md-rule)" [_thread_blocked, id=6296, stack(0x000000cbc1f00000,0x000000cbc2000000)]
  0x00000244957c6180 JavaThread "Cache worker for file content cache (C:\Users\HP-CSD\.gradle\caches\8.0\fileContent)" [_thread_blocked, id=9220, stack(0x000000cbc2000000,0x000000cbc2100000)]
  0x00000244957c8f10 JavaThread "Cache worker for file hash cache (C:\Users\HP-CSD\AndroidStudioProjects\PokeTinder\.gradle\8.0\fileHashes)" [_thread_blocked, id=8140, stack(0x000000cbc2100000,0x000000cbc2200000)]
  0x00000244957c84f0 JavaThread "Cache worker for cache directory md-supplier (C:\Users\HP-CSD\.gradle\caches\8.0\md-supplier)" [_thread_blocked, id=8200, stack(0x000000cbc2200000,0x000000cbc2300000)]
  0x00000244957c29d0 JavaThread "Cache worker for execution history cache (C:\Users\HP-CSD\.gradle\caches\8.0\executionHistory)" [_thread_blocked, id=12524, stack(0x000000cbc2300000,0x000000cbc2400000)]
  0x00000244957c6690 JavaThread "Cache worker for dependencies-accessors (C:\Users\HP-CSD\AndroidStudioProjects\PokeTinder\.gradle\8.0\dependencies-accessors)" [_thread_blocked, id=7864, stack(0x000000cbc2400000,0x000000cbc2500000)]
  0x00000244957c6ba0 JavaThread "Cache worker for Build Output Cleanup Cache (C:\Users\HP-CSD\AndroidStudioProjects\PokeTinder\.gradle\buildOutputCleanup)" [_thread_blocked, id=2380, stack(0x000000cbc2500000,0x000000cbc2600000)]
  0x00000244957c4d40 JavaThread "Unconstrained build operations" [_thread_blocked, id=10156, stack(0x000000cbc2600000,0x000000cbc2700000)]
  0x00000244957c70b0 JavaThread "Unconstrained build operations Thread 2" [_thread_blocked, id=6420, stack(0x000000cbc2700000,0x000000cbc2800000)]
  0x00000244957c9e40 JavaThread "Unconstrained build operations Thread 3" [_thread_blocked, id=11580, stack(0x000000cbc2800000,0x000000cbc2900000)]
  0x00000244957c5760 JavaThread "Unconstrained build operations Thread 4" [_thread_blocked, id=7196, stack(0x000000cbc2900000,0x000000cbc2a00000)]
  0x00000244957c3900 JavaThread "Unconstrained build operations Thread 5" [_thread_blocked, id=8008, stack(0x000000cbc2a00000,0x000000cbc2b00000)]
  0x00000244957c9420 JavaThread "Unconstrained build operations Thread 6" [_thread_blocked, id=4368, stack(0x000000cbc2b00000,0x000000cbc2c00000)]
  0x00000244957c5c70 JavaThread "Unconstrained build operations Thread 7" [_thread_blocked, id=8048, stack(0x000000cbc2c00000,0x000000cbc2d00000)]
  0x00000244957c2ee0 JavaThread "Unconstrained build operations Thread 8" [_thread_blocked, id=6388, stack(0x000000cbc2d00000,0x000000cbc2e00000)]
  0x00000244957c75c0 JavaThread "Unconstrained build operations Thread 9" [_thread_blocked, id=9972, stack(0x000000cbc2e00000,0x000000cbc2f00000)]
  0x00000244957c33f0 JavaThread "Unconstrained build operations Thread 10" [_thread_blocked, id=9924, stack(0x000000cbc2f00000,0x000000cbc3000000)]
  0x00000244957c7ad0 JavaThread "Unconstrained build operations Thread 11" [_thread_blocked, id=12796, stack(0x000000cbc3000000,0x000000cbc3100000)]
  0x00000244957c7fe0 JavaThread "Unconstrained build operations Thread 12" [_thread_blocked, id=10024, stack(0x000000cbc3100000,0x000000cbc3200000)]
  0x000002449c729e80 JavaThread "Unconstrained build operations Thread 13" [_thread_blocked, id=4588, stack(0x000000cbc3200000,0x000000cbc3300000)]
  0x000002449c729460 JavaThread "Unconstrained build operations Thread 14" [_thread_blocked, id=11892, stack(0x000000cbc3300000,0x000000cbc3400000)]
  0x000002449c72a390 JavaThread "Unconstrained build operations Thread 15" [_thread_blocked, id=8488, stack(0x000000cbc3400000,0x000000cbc3500000)]
  0x000002449c72bce0 JavaThread "Unconstrained build operations Thread 16" [_thread_blocked, id=13456, stack(0x000000cbc3500000,0x000000cbc3600000)]
  0x000002449c7261c0 JavaThread "Unconstrained build operations Thread 17" [_thread_blocked, id=11164, stack(0x000000cbc3600000,0x000000cbc3700000)]
  0x000002449c72a8a0 JavaThread "Unconstrained build operations Thread 18" [_thread_blocked, id=1532, stack(0x000000cbc3700000,0x000000cbc3800000)]
  0x000002449c725cb0 JavaThread "Unconstrained build operations Thread 19" [_thread_blocked, id=7480, stack(0x000000cbc3800000,0x000000cbc3900000)]
  0x000002449c72adb0 JavaThread "Unconstrained build operations Thread 20" [_thread_blocked, id=6820, stack(0x000000cbc3900000,0x000000cbc3a00000)]

Other Threads:
  0x000002449512cd20 VMThread "VM Thread" [stack: 0x000000cbbff00000,0x000000cbc0000000] [id=12160]
  0x00000244f2c5b340 WatcherThread [stack: 0x000000cbc0b00000,0x000000cbc0c00000] [id=3880]
  0x00000244f2c43af0 GCTaskThread "GC Thread#0" [stack: 0x000000cbbfa00000,0x000000cbbfb00000] [id=11444]
  0x0000024495467700 GCTaskThread "GC Thread#1" [stack: 0x000000cbc0c00000,0x000000cbc0d00000] [id=7748]
  0x00000244f2c54950 ConcurrentGCThread "G1 Main Marker" [stack: 0x000000cbbfb00000,0x000000cbbfc00000] [id=8556]
  0x00000244f2c55270 ConcurrentGCThread "G1 Conc#0" [stack: 0x000000cbbfc00000,0x000000cbbfd00000] [id=3616]
  0x00000244f2c825f0 ConcurrentGCThread "G1 Refine#0" [stack: 0x000000cbbfd00000,0x000000cbbfe00000] [id=10680]
  0x00000244f2c82f30 ConcurrentGCThread "G1 Service" [stack: 0x000000cbbfe00000,0x000000cbbff00000] [id=7904]

Threads with active compile tasks:
C2 CompilerThread0    23262 5841 % !   4       sun.nio.fs.WindowsPath::initOffsets @ 50 (153 bytes)

VM state: not at safepoint (normal execution)

VM Mutex/Monitor currently owned by a thread: None

Heap address: 0x0000000700000000, size: 4096 MB, Compressed Oops mode: Zero based, Oop shift amount: 3

CDS archive(s) mapped at: [0x0000000800000000-0x0000000800c00000-0x0000000800c00000), size 12582912, SharedBaseAddress: 0x0000000800000000, ArchiveRelocationMode: 0.
Compressed class space mapped at: 0x0000000801000000-0x0000000841000000, reserved size: 1073741824
Narrow klass base: 0x0000000800000000, Narrow klass shift: 0, Narrow klass range: 0x100000000

GC Precious Log:
 CPUs: 2 total, 2 available
 Memory: 3500M
 Large Page Support: Disabled
 NUMA Support: Disabled
 Compressed Oops: Enabled (Zero based)
 Heap Region Size: 2M
 Heap Min Capacity: 8M
 Heap Initial Capacity: 56M
 Heap Max Capacity: 4G
 Pre-touch: Disabled
 Parallel Workers: 2
 Concurrent Workers: 1
 Concurrent Refinement Workers: 2
 Periodic GC: Disabled

Heap:
 garbage-first heap   total 260096K, used 197177K [0x0000000700000000, 0x0000000800000000)
  region size 2048K, 52 young (106496K), 2 survivors (4096K)
 Metaspace       used 44075K, committed 44672K, reserved 1114112K
  class space    used 6083K, committed 6336K, reserved 1048576K

Heap Regions: E=young(eden), S=young(survivor), O=old, HS=humongous(starts), HC=humongous(continues), CS=collection set, F=free, OA=open archive, CA=closed archive, TAMS=top-at-mark-start (previous, next)
|   0|0x0000000700000000, 0x0000000700200000, 0x0000000700200000|100%| O|  |TAMS 0x0000000700200000, 0x0000000700200000| Untracked 
|   1|0x0000000700200000, 0x0000000700400000, 0x0000000700400000|100%|HS|  |TAMS 0x0000000700400000, 0x0000000700400000| Complete 
|   2|0x0000000700400000, 0x0000000700600000, 0x0000000700600000|100%|HC|  |TAMS 0x0000000700600000, 0x0000000700600000| Complete 
|   3|0x0000000700600000, 0x0000000700800000, 0x0000000700800000|100%| O|  |TAMS 0x0000000700800000, 0x0000000700800000| Untracked 
|   4|0x0000000700800000, 0x0000000700a00000, 0x0000000700a00000|100%| O|  |TAMS 0x0000000700a00000, 0x0000000700a00000| Untracked 
|   5|0x0000000700a00000, 0x0000000700c00000, 0x0000000700c00000|100%| O|  |TAMS 0x0000000700c00000, 0x0000000700c00000| Untracked 
|   6|0x0000000700c00000, 0x0000000700e00000, 0x0000000700e00000|100%| O|  |TAMS 0x0000000700e00000, 0x0000000700e00000| Untracked 
|   7|0x0000000700e00000, 0x0000000701000000, 0x0000000701000000|100%| O|  |TAMS 0x0000000701000000, 0x0000000701000000| Untracked 
|   8|0x0000000701000000, 0x0000000701200000, 0x0000000701200000|100%| O|  |TAMS 0x0000000701200000, 0x0000000701200000| Untracked 
|   9|0x0000000701200000, 0x0000000701400000, 0x0000000701400000|100%| O|  |TAMS 0x0000000701400000, 0x0000000701400000| Untracked 
|  10|0x0000000701400000, 0x0000000701600000, 0x0000000701600000|100%|HS|  |TAMS 0x0000000701600000, 0x0000000701600000| Complete 
|  11|0x0000000701600000, 0x0000000701800000, 0x0000000701800000|100%|HS|  |TAMS 0x0000000701800000, 0x0000000701800000| Complete 
|  12|0x0000000701800000, 0x0000000701a00000, 0x0000000701a00000|100%|HC|  |TAMS 0x0000000701a00000, 0x0000000701a00000| Complete 
|  13|0x0000000701a00000, 0x0000000701c00000, 0x0000000701c00000|100%|HS|  |TAMS 0x0000000701c00000, 0x0000000701c00000| Complete 
|  14|0x0000000701c00000, 0x0000000701e00000, 0x0000000701e00000|100%|HC|  |TAMS 0x0000000701e00000, 0x0000000701e00000| Complete 
|  15|0x0000000701e00000, 0x0000000702000000, 0x0000000702000000|100%| O|  |TAMS 0x0000000702000000, 0x0000000702000000| Untracked 
|  16|0x0000000702000000, 0x0000000702200000, 0x0000000702200000|100%| O|  |TAMS 0x0000000702200000, 0x0000000702200000| Untracked 
|  17|0x0000000702200000, 0x0000000702400000, 0x0000000702400000|100%|HS|  |TAMS 0x0000000702400000, 0x0000000702400000| Complete 
|  18|0x0000000702400000, 0x0000000702600000, 0x0000000702600000|100%|HS|  |TAMS 0x0000000702600000, 0x0000000702600000| Complete 
|  19|0x0000000702600000, 0x0000000702800000, 0x0000000702800000|100%|HC|  |TAMS 0x0000000702800000, 0x0000000702800000| Complete 
|  20|0x0000000702800000, 0x0000000702a00000, 0x0000000702a00000|100%|HC|  |TAMS 0x0000000702a00000, 0x0000000702a00000| Complete 
|  21|0x0000000702a00000, 0x0000000702c00000, 0x0000000702c00000|100%|HS|  |TAMS 0x0000000702c00000, 0x0000000702c00000| Complete 
|  22|0x0000000702c00000, 0x0000000702e00000, 0x0000000702e00000|100%|HC|  |TAMS 0x0000000702e00000, 0x0000000702e00000| Complete 
|  23|0x0000000702e00000, 0x0000000703000000, 0x0000000703000000|100%|HC|  |TAMS 0x0000000703000000, 0x0000000703000000| Complete 
|  24|0x0000000703000000, 0x0000000703200000, 0x0000000703200000|100%|HC|  |TAMS 0x0000000703200000, 0x0000000703200000| Complete 
|  25|0x0000000703200000, 0x0000000703400000, 0x0000000703400000|100%|HC|  |TAMS 0x0000000703400000, 0x0000000703400000| Complete 
|  26|0x0000000703400000, 0x0000000703600000, 0x0000000703600000|100%| O|  |TAMS 0x0000000703600000, 0x0000000703600000| Untracked 
|  27|0x0000000703600000, 0x0000000703800000, 0x0000000703800000|100%|HS|  |TAMS 0x0000000703800000, 0x0000000703800000| Complete 
|  28|0x0000000703800000, 0x0000000703a00000, 0x0000000703a00000|100%| O|  |TAMS 0x0000000703a00000, 0x0000000703a00000| Untracked 
|  29|0x0000000703a00000, 0x0000000703c00000, 0x0000000703c00000|100%| O|  |TAMS 0x0000000703c00000, 0x0000000703c00000| Untracked 
|  30|0x0000000703c00000, 0x0000000703e00000, 0x0000000703e00000|100%| O|  |TAMS 0x0000000703e00000, 0x0000000703e00000| Untracked 
|  31|0x0000000703e00000, 0x0000000703e4e200, 0x0000000704000000| 15%| O|  |TAMS 0x0000000703e4e200, 0x0000000703e4e200| Untracked 
|  32|0x0000000704000000, 0x0000000704200000, 0x0000000704200000|100%| O|  |TAMS 0x0000000704200000, 0x0000000704200000| Untracked 
|  33|0x0000000704200000, 0x0000000704400000, 0x0000000704400000|100%|HS|  |TAMS 0x0000000704400000, 0x0000000704400000| Complete 
|  34|0x0000000704400000, 0x0000000704600000, 0x0000000704600000|100%|HC|  |TAMS 0x0000000704600000, 0x0000000704600000| Complete 
|  35|0x0000000704600000, 0x0000000704800000, 0x0000000704800000|100%|HC|  |TAMS 0x0000000704800000, 0x0000000704800000| Complete 
|  36|0x0000000704800000, 0x0000000704a00000, 0x0000000704a00000|100%|HC|  |TAMS 0x0000000704a00000, 0x0000000704a00000| Complete 
|  37|0x0000000704a00000, 0x0000000704c00000, 0x0000000704c00000|100%|HC|  |TAMS 0x0000000704c00000, 0x0000000704c00000| Complete 
|  38|0x0000000704c00000, 0x0000000704e00000, 0x0000000704e00000|100%|HS|  |TAMS 0x0000000704e00000, 0x0000000704e00000| Complete 
|  39|0x0000000704e00000, 0x0000000705000000, 0x0000000705000000|100%|HS|  |TAMS 0x0000000705000000, 0x0000000705000000| Complete 
|  40|0x0000000705000000, 0x0000000705200000, 0x0000000705200000|100%|HC|  |TAMS 0x0000000705200000, 0x0000000705200000| Complete 
|  41|0x0000000705200000, 0x0000000705400000, 0x0000000705400000|100%|HS|  |TAMS 0x0000000705200000, 0x0000000705400000| Complete 
|  42|0x0000000705400000, 0x0000000705600000, 0x0000000705600000|100%|HS|  |TAMS 0x0000000705400000, 0x0000000705400000| Complete 
|  43|0x0000000705600000, 0x0000000705800000, 0x0000000705800000|100%|HC|  |TAMS 0x0000000705600000, 0x0000000705600000| Complete 
|  44|0x0000000705800000, 0x0000000705a00000, 0x0000000705a00000|100%|HS|  |TAMS 0x0000000705800000, 0x0000000705800000| Complete 
|  45|0x0000000705a00000, 0x0000000705c00000, 0x0000000705c00000|100%|HC|  |TAMS 0x0000000705a00000, 0x0000000705a00000| Complete 
|  46|0x0000000705c00000, 0x0000000705e00000, 0x0000000705e00000|100%|HC|  |TAMS 0x0000000705c00000, 0x0000000705c00000| Complete 
|  47|0x0000000705e00000, 0x0000000705e00000, 0x0000000706000000|  0%| F|  |TAMS 0x0000000705e00000, 0x0000000705e00000| Untracked 
|  48|0x0000000706000000, 0x0000000706000000, 0x0000000706200000|  0%| F|  |TAMS 0x0000000706000000, 0x0000000706000000| Untracked 
|  49|0x0000000706200000, 0x0000000706200000, 0x0000000706400000|  0%| F|  |TAMS 0x0000000706200000, 0x0000000706200000| Untracked 
|  50|0x0000000706400000, 0x0000000706400000, 0x0000000706600000|  0%| F|  |TAMS 0x0000000706400000, 0x0000000706400000| Untracked 
|  51|0x0000000706600000, 0x0000000706600000, 0x0000000706800000|  0%| F|  |TAMS 0x0000000706600000, 0x0000000706600000| Untracked 
|  52|0x0000000706800000, 0x0000000706800000, 0x0000000706a00000|  0%| F|  |TAMS 0x0000000706800000, 0x0000000706800000| Untracked 
|  53|0x0000000706a00000, 0x0000000706a00000, 0x0000000706c00000|  0%| F|  |TAMS 0x0000000706a00000, 0x0000000706a00000| Untracked 
|  54|0x0000000706c00000, 0x0000000706c00000, 0x0000000706e00000|  0%| F|  |TAMS 0x0000000706c00000, 0x0000000706c00000| Untracked 
|  55|0x0000000706e00000, 0x0000000706e00000, 0x0000000707000000|  0%| F|  |TAMS 0x0000000706e00000, 0x0000000706e00000| Untracked 
|  56|0x0000000707000000, 0x0000000707000000, 0x0000000707200000|  0%| F|  |TAMS 0x0000000707000000, 0x0000000707000000| Untracked 
|  57|0x0000000707200000, 0x0000000707200000, 0x0000000707400000|  0%| F|  |TAMS 0x0000000707200000, 0x0000000707200000| Untracked 
|  58|0x0000000707400000, 0x0000000707400000, 0x0000000707600000|  0%| F|  |TAMS 0x0000000707400000, 0x0000000707400000| Untracked 
|  59|0x0000000707600000, 0x0000000707600000, 0x0000000707800000|  0%| F|  |TAMS 0x0000000707600000, 0x0000000707600000| Untracked 
|  60|0x0000000707800000, 0x0000000707800000, 0x0000000707a00000|  0%| F|  |TAMS 0x0000000707800000, 0x0000000707800000| Untracked 
|  61|0x0000000707a00000, 0x0000000707a00000, 0x0000000707c00000|  0%| F|  |TAMS 0x0000000707a00000, 0x0000000707a00000| Untracked 
|  62|0x0000000707c00000, 0x0000000707c00000, 0x0000000707e00000|  0%| F|  |TAMS 0x0000000707c00000, 0x0000000707c00000| Untracked 
|  63|0x0000000707e00000, 0x0000000707e00000, 0x0000000708000000|  0%| F|  |TAMS 0x0000000707e00000, 0x0000000707e00000| Untracked 
|  64|0x0000000708000000, 0x0000000708000000, 0x0000000708200000|  0%| F|  |TAMS 0x0000000708000000, 0x0000000708000000| Untracked 
|  65|0x0000000708200000, 0x0000000708200000, 0x0000000708400000|  0%| F|  |TAMS 0x0000000708200000, 0x0000000708200000| Untracked 
|  66|0x0000000708400000, 0x0000000708400000, 0x0000000708600000|  0%| F|  |TAMS 0x0000000708400000, 0x0000000708400000| Untracked 
|  67|0x0000000708600000, 0x0000000708640380, 0x0000000708800000| 12%| S|CS|TAMS 0x0000000708600000, 0x0000000708600000| Complete 
|  68|0x0000000708800000, 0x0000000708a00000, 0x0000000708a00000|100%| S|CS|TAMS 0x0000000708800000, 0x0000000708800000| Complete 
|  69|0x0000000708a00000, 0x0000000708a00000, 0x0000000708c00000|  0%| F|  |TAMS 0x0000000708a00000, 0x0000000708a00000| Untracked 
|  70|0x0000000708c00000, 0x0000000708c00000, 0x0000000708e00000|  0%| F|  |TAMS 0x0000000708c00000, 0x0000000708c00000| Untracked 
|  71|0x0000000708e00000, 0x0000000708e00000, 0x0000000709000000|  0%| F|  |TAMS 0x0000000708e00000, 0x0000000708e00000| Untracked 
|  72|0x0000000709000000, 0x0000000709000000, 0x0000000709200000|  0%| F|  |TAMS 0x0000000709000000, 0x0000000709000000| Untracked 
|  73|0x0000000709200000, 0x0000000709200000, 0x0000000709400000|  0%| F|  |TAMS 0x0000000709200000, 0x0000000709200000| Untracked 
|  74|0x0000000709400000, 0x0000000709400000, 0x0000000709600000|  0%| F|  |TAMS 0x0000000709400000, 0x0000000709400000| Untracked 
|  75|0x0000000709600000, 0x0000000709600000, 0x0000000709800000|  0%| F|  |TAMS 0x0000000709600000, 0x0000000709600000| Untracked 
|  76|0x0000000709800000, 0x0000000709800000, 0x0000000709a00000|  0%| F|  |TAMS 0x0000000709800000, 0x0000000709800000| Untracked 
|  77|0x0000000709a00000, 0x0000000709a68fa0, 0x0000000709c00000| 20%| E|  |TAMS 0x0000000709a00000, 0x0000000709a00000| Complete 
|  78|0x0000000709c00000, 0x0000000709e00000, 0x0000000709e00000|100%| E|CS|TAMS 0x0000000709c00000, 0x0000000709c00000| Complete 
|  79|0x0000000709e00000, 0x000000070a000000, 0x000000070a000000|100%| E|CS|TAMS 0x0000000709e00000, 0x0000000709e00000| Complete 
|  80|0x000000070a000000, 0x000000070a200000, 0x000000070a200000|100%| E|CS|TAMS 0x000000070a000000, 0x000000070a000000| Complete 
|  81|0x000000070a200000, 0x000000070a400000, 0x000000070a400000|100%| E|CS|TAMS 0x000000070a200000, 0x000000070a200000| Complete 
|  82|0x000000070a400000, 0x000000070a600000, 0x000000070a600000|100%| E|CS|TAMS 0x000000070a400000, 0x000000070a400000| Complete 
|  83|0x000000070a600000, 0x000000070a800000, 0x000000070a800000|100%| E|CS|TAMS 0x000000070a600000, 0x000000070a600000| Complete 
|  84|0x000000070a800000, 0x000000070aa00000, 0x000000070aa00000|100%| E|CS|TAMS 0x000000070a800000, 0x000000070a800000| Complete 
|  85|0x000000070aa00000, 0x000000070ac00000, 0x000000070ac00000|100%| E|CS|TAMS 0x000000070aa00000, 0x000000070aa00000| Complete 
|  86|0x000000070ac00000, 0x000000070ae00000, 0x000000070ae00000|100%| E|CS|TAMS 0x000000070ac00000, 0x000000070ac00000| Complete 
|  87|0x000000070ae00000, 0x000000070b000000, 0x000000070b000000|100%| E|CS|TAMS 0x000000070ae00000, 0x000000070ae00000| Complete 
|  88|0x000000070b000000, 0x000000070b200000, 0x000000070b200000|100%| E|CS|TAMS 0x000000070b000000, 0x000000070b000000| Complete 
|  89|0x000000070b200000, 0x000000070b400000, 0x000000070b400000|100%| E|CS|TAMS 0x000000070b200000, 0x000000070b200000| Complete 
|  90|0x000000070b400000, 0x000000070b600000, 0x000000070b600000|100%| E|CS|TAMS 0x000000070b400000, 0x000000070b400000| Complete 
|  91|0x000000070b600000, 0x000000070b800000, 0x000000070b800000|100%| E|CS|TAMS 0x000000070b600000, 0x000000070b600000| Complete 
|  92|0x000000070b800000, 0x000000070ba00000, 0x000000070ba00000|100%| E|CS|TAMS 0x000000070b800000, 0x000000070b800000| Complete 
|  93|0x000000070ba00000, 0x000000070bc00000, 0x000000070bc00000|100%| E|CS|TAMS 0x000000070ba00000, 0x000000070ba00000| Complete 
|  94|0x000000070bc00000, 0x000000070be00000, 0x000000070be00000|100%| E|CS|TAMS 0x000000070bc00000, 0x000000070bc00000| Complete 
|  95|0x000000070be00000, 0x000000070c000000, 0x000000070c000000|100%| E|CS|TAMS 0x000000070be00000, 0x000000070be00000| Complete 
|  96|0x000000070c000000, 0x000000070c200000, 0x000000070c200000|100%| E|CS|TAMS 0x000000070c000000, 0x000000070c000000| Complete 
|  97|0x000000070c200000, 0x000000070c400000, 0x000000070c400000|100%| E|CS|TAMS 0x000000070c200000, 0x000000070c200000| Complete 
|  98|0x000000070c400000, 0x000000070c600000, 0x000000070c600000|100%| E|CS|TAMS 0x000000070c400000, 0x000000070c400000| Complete 
|  99|0x000000070c600000, 0x000000070c800000, 0x000000070c800000|100%| E|CS|TAMS 0x000000070c600000, 0x000000070c600000| Complete 
| 100|0x000000070c800000, 0x000000070ca00000, 0x000000070ca00000|100%| E|CS|TAMS 0x000000070c800000, 0x000000070c800000| Complete 
| 101|0x000000070ca00000, 0x000000070cc00000, 0x000000070cc00000|100%| E|CS|TAMS 0x000000070ca00000, 0x000000070ca00000| Complete 
| 102|0x000000070cc00000, 0x000000070ce00000, 0x000000070ce00000|100%| E|CS|TAMS 0x000000070cc00000, 0x000000070cc00000| Complete 
| 103|0x000000070ce00000, 0x000000070d000000, 0x000000070d000000|100%| E|CS|TAMS 0x000000070ce00000, 0x000000070ce00000| Complete 
| 104|0x000000070d000000, 0x000000070d200000, 0x000000070d200000|100%| E|CS|TAMS 0x000000070d000000, 0x000000070d000000| Complete 
| 105|0x000000070d200000, 0x000000070d400000, 0x000000070d400000|100%| E|CS|TAMS 0x000000070d200000, 0x000000070d200000| Complete 
| 106|0x000000070d400000, 0x000000070d600000, 0x000000070d600000|100%| E|CS|TAMS 0x000000070d400000, 0x000000070d400000| Complete 
| 107|0x000000070d600000, 0x000000070d800000, 0x000000070d800000|100%| E|CS|TAMS 0x000000070d600000, 0x000000070d600000| Complete 
| 108|0x000000070d800000, 0x000000070da00000, 0x000000070da00000|100%| E|CS|TAMS 0x000000070d800000, 0x000000070d800000| Complete 
| 109|0x000000070da00000, 0x000000070dc00000, 0x000000070dc00000|100%| E|CS|TAMS 0x000000070da00000, 0x000000070da00000| Complete 
| 110|0x000000070dc00000, 0x000000070de00000, 0x000000070de00000|100%| E|CS|TAMS 0x000000070dc00000, 0x000000070dc00000| Complete 
| 111|0x000000070de00000, 0x000000070e000000, 0x000000070e000000|100%| E|CS|TAMS 0x000000070de00000, 0x000000070de00000| Complete 
| 112|0x000000070e000000, 0x000000070e200000, 0x000000070e200000|100%| E|CS|TAMS 0x000000070e000000, 0x000000070e000000| Complete 
| 113|0x000000070e200000, 0x000000070e400000, 0x000000070e400000|100%| E|CS|TAMS 0x000000070e200000, 0x000000070e200000| Complete 
| 114|0x000000070e400000, 0x000000070e600000, 0x000000070e600000|100%| E|CS|TAMS 0x000000070e400000, 0x000000070e400000| Complete 
| 115|0x000000070e600000, 0x000000070e800000, 0x000000070e800000|100%| E|CS|TAMS 0x000000070e600000, 0x000000070e600000| Complete 
| 116|0x000000070e800000, 0x000000070ea00000, 0x000000070ea00000|100%| E|CS|TAMS 0x000000070e800000, 0x000000070e800000| Complete 
| 117|0x000000070ea00000, 0x000000070ec00000, 0x000000070ec00000|100%| E|CS|TAMS 0x000000070ea00000, 0x000000070ea00000| Complete 
| 118|0x000000070ec00000, 0x000000070ee00000, 0x000000070ee00000|100%| E|CS|TAMS 0x000000070ec00000, 0x000000070ec00000| Complete 
| 119|0x000000070ee00000, 0x000000070f000000, 0x000000070f000000|100%| E|CS|TAMS 0x000000070ee00000, 0x000000070ee00000| Complete 
| 120|0x000000070f000000, 0x000000070f200000, 0x000000070f200000|100%| E|CS|TAMS 0x000000070f000000, 0x000000070f000000| Complete 
| 121|0x000000070f200000, 0x000000070f400000, 0x000000070f400000|100%| E|CS|TAMS 0x000000070f200000, 0x000000070f200000| Complete 
| 122|0x000000070f400000, 0x000000070f600000, 0x000000070f600000|100%| E|CS|TAMS 0x000000070f400000, 0x000000070f400000| Complete 
| 123|0x000000070f600000, 0x000000070f800000, 0x000000070f800000|100%| E|CS|TAMS 0x000000070f600000, 0x000000070f600000| Complete 
| 124|0x000000070f800000, 0x000000070fa00000, 0x000000070fa00000|100%| E|CS|TAMS 0x000000070f800000, 0x000000070f800000| Complete 
| 125|0x000000070fa00000, 0x000000070fc00000, 0x000000070fc00000|100%| E|CS|TAMS 0x000000070fa00000, 0x000000070fa00000| Complete 
| 126|0x000000070fc00000, 0x000000070fe00000, 0x000000070fe00000|100%| E|CS|TAMS 0x000000070fc00000, 0x000000070fc00000| Complete 

Card table byte_map: [0x00000244faf60000,0x00000244fb760000] _byte_map_base: 0x00000244f7760000

Marking Bits (Prev, Next): (CMBitMap*) 0x00000244f2c44020, (CMBitMap*) 0x00000244f2c44060
 Prev Bits: [0x00000244fbf60000, 0x00000244fff60000)
 Next Bits: [0x000002448f000000, 0x0000024493000000)

Polling page: 0x00000244f0a20000

Metaspace:

Usage:
  Non-class:     37.10 MB used.
      Class:      5.94 MB used.
       Both:     43.04 MB used.

Virtual space:
  Non-class space:       64.00 MB reserved,      37.44 MB ( 58%) committed,  1 nodes.
      Class space:        1.00 GB reserved,       6.19 MB ( <1%) committed,  1 nodes.
             Both:        1.06 GB reserved,      43.62 MB (  4%) committed. 

Chunk freelists:
   Non-Class:  10.48 MB
       Class:  9.86 MB
        Both:  20.34 MB

MaxMetaspaceSize: unlimited
CompressedClassSpaceSize: 1.00 GB
Initial GC threshold: 21.00 MB
Current GC threshold: 59.62 MB
CDS: on
MetaspaceReclaimPolicy: balanced
 - commit_granule_bytes: 65536.
 - commit_granule_words: 8192.
 - virtual_space_node_default_size: 8388608.
 - enlarge_chunks_in_place: 1.
 - new_chunks_are_fully_committed: 0.
 - uncommit_free_chunks: 1.
 - use_allocation_guard: 0.
 - handle_deallocations: 1.


Internal statistics:

num_allocs_failed_limit: 0.
num_arena_births: 572.
num_arena_deaths: 0.
num_vsnodes_births: 2.
num_vsnodes_deaths: 0.
num_space_committed: 698.
num_space_uncommitted: 0.
num_chunks_returned_to_freelist: 0.
num_chunks_taken_from_freelist: 2334.
num_chunk_merges: 0.
num_chunk_splits: 1503.
num_chunks_enlarged: 992.
num_inconsistent_stats: 0.

CodeHeap 'non-profiled nmethods': size=120064Kb used=2562Kb max_used=3161Kb free=117502Kb
 bounds [0x0000024487ac0000, 0x0000024487de0000, 0x000002448f000000]
CodeHeap 'profiled nmethods': size=120000Kb used=9983Kb max_used=10487Kb free=110016Kb
 bounds [0x0000024480000000, 0x0000024480a40000, 0x0000024487530000]
CodeHeap 'non-nmethods': size=5696Kb used=2317Kb max_used=2355Kb free=3378Kb
 bounds [0x0000024487530000, 0x00000244877a0000, 0x0000024487ac0000]
 total_blobs=5954 nmethods=5121 adapters=745
 compilation: enabled
              stopped_count=0, restarted_count=0
 full_count=0

Compilation events (20 events):
Event: 23.196 Thread 0x0000024495182570 nmethod 5831 0x00000244800cb810 code [0x00000244800cb9a0, 0x00000244800cbb18]
Event: 23.197 Thread 0x0000024495182570 5832       3       org.gradle.cache.internal.DefaultMultiProcessSafePersistentIndexedCache$$Lambda$272/0x00000008012f8c40::create (12 bytes)
Event: 23.198 Thread 0x0000024495182570 nmethod 5832 0x00000244805d6c10 code [0x00000244805d6dc0, 0x00000244805d6f88]
Event: 23.198 Thread 0x0000024495182570 5833       3       org.gradle.cache.internal.btree.BTreePersistentIndexedCache$IndexBlock::get (38 bytes)
Event: 23.198 Thread 0x0000024495182570 nmethod 5833 0x00000244805d6410 code [0x00000244805d6600, 0x00000244805d6a58]
Event: 23.198 Thread 0x0000024495182570 5834       3       org.gradle.cache.internal.btree.BTreePersistentIndexedCache$DataBlock::getValue (47 bytes)
Event: 23.198 Thread 0x0000024495182570 nmethod 5834 0x00000244805d5c90 code [0x00000244805d5e60, 0x00000244805d6298]
Event: 23.199 Thread 0x0000024495182570 5835       3       com.google.common.cache.LocalCache$EntryFactory$2::newEntry (12 bytes)
Event: 23.199 Thread 0x0000024495182570 nmethod 5835 0x00000244805d5210 code [0x00000244805d5400, 0x00000244805d5a78]
Event: 23.202 Thread 0x0000024495182570 5836       1       org.gradle.internal.component.model.DefaultIvyArtifactName::getName (5 bytes)
Event: 23.202 Thread 0x0000024495182570 nmethod 5836 0x0000024487ca7810 code [0x0000024487ca79a0, 0x0000024487ca7a78]
Event: 23.202 Thread 0x0000024495182570 5837       1       org.gradle.internal.component.model.DefaultIvyArtifactName::getClassifier (5 bytes)
Event: 23.202 Thread 0x0000024495182570 nmethod 5837 0x0000024487ca7510 code [0x0000024487ca76a0, 0x0000024487ca7778]
Event: 23.203 Thread 0x000002449516dc30 5838       4       jdk.internal.misc.Unsafe::putIntUnaligned (14 bytes)
Event: 23.204 Thread 0x000002449516dc30 nmethod 5838 0x0000024487ca7210 code [0x0000024487ca7380, 0x0000024487ca7438]
Event: 23.205 Thread 0x0000024495182570 5839       3       org.gradle.internal.resolve.result.DefaultBuildableTypedResolveResult::assertHasResult (18 bytes)
Event: 23.205 Thread 0x0000024495182570 nmethod 5839 0x00000244805d4b90 code [0x00000244805d4d40, 0x00000244805d50e8]
Event: 23.206 Thread 0x0000024495182570 5840       3       org.gradle.internal.logging.events.CategorisedOutputEvent::<init> (21 bytes)
Event: 23.206 Thread 0x0000024495182570 nmethod 5840 0x00000244805d4610 code [0x00000244805d47c0, 0x00000244805d4a58]
Event: 23.208 Thread 0x000002449516dc30 5841 % !   4       sun.nio.fs.WindowsPath::initOffsets @ 50 (153 bytes)

GC Heap History (20 events):
Event: 14.753 GC heap before
{Heap before GC invocations=21 (full 0):
 garbage-first heap   total 102400K, used 74712K [0x0000000700000000, 0x0000000800000000)
  region size 2048K, 9 young (18432K), 1 survivors (2048K)
 Metaspace       used 25510K, committed 25856K, reserved 1114112K
  class space    used 3834K, committed 3968K, reserved 1048576K
}
Event: 14.760 GC heap after
{Heap after GC invocations=22 (full 0):
 garbage-first heap   total 102400K, used 59005K [0x0000000700000000, 0x0000000800000000)
  region size 2048K, 1 young (2048K), 1 survivors (2048K)
 Metaspace       used 25510K, committed 25856K, reserved 1114112K
  class space    used 3834K, committed 3968K, reserved 1048576K
}
Event: 16.251 GC heap before
{Heap before GC invocations=22 (full 0):
 garbage-first heap   total 102400K, used 79485K [0x0000000700000000, 0x0000000800000000)
  region size 2048K, 12 young (24576K), 1 survivors (2048K)
 Metaspace       used 31538K, committed 31936K, reserved 1114112K
  class space    used 4481K, committed 4672K, reserved 1048576K
}
Event: 16.262 GC heap after
{Heap after GC invocations=23 (full 0):
 garbage-first heap   total 102400K, used 63052K [0x0000000700000000, 0x0000000800000000)
  region size 2048K, 2 young (4096K), 2 survivors (4096K)
 Metaspace       used 31538K, committed 31936K, reserved 1114112K
  class space    used 4481K, committed 4672K, reserved 1048576K
}
Event: 16.546 GC heap before
{Heap before GC invocations=24 (full 0):
 garbage-first heap   total 110592K, used 81484K [0x0000000700000000, 0x0000000800000000)
  region size 2048K, 11 young (22528K), 2 survivors (4096K)
 Metaspace       used 31889K, committed 32320K, reserved 1114112K
  class space    used 4511K, committed 4736K, reserved 1048576K
}
Event: 16.555 GC heap after
{Heap after GC invocations=25 (full 0):
 garbage-first heap   total 110592K, used 64220K [0x0000000700000000, 0x0000000800000000)
  region size 2048K, 1 young (2048K), 1 survivors (2048K)
 Metaspace       used 31889K, committed 32320K, reserved 1114112K
  class space    used 4511K, committed 4736K, reserved 1048576K
}
Event: 16.809 GC heap before
{Heap before GC invocations=25 (full 0):
 garbage-first heap   total 110592K, used 68316K [0x0000000700000000, 0x0000000800000000)
  region size 2048K, 5 young (10240K), 1 survivors (2048K)
 Metaspace       used 32308K, committed 32768K, reserved 1114112K
  class space    used 4551K, committed 4800K, reserved 1048576K
}
Event: 16.814 GC heap after
{Heap after GC invocations=26 (full 0):
 garbage-first heap   total 110592K, used 65756K [0x0000000700000000, 0x0000000800000000)
  region size 2048K, 2 young (4096K), 2 survivors (4096K)
 Metaspace       used 32308K, committed 32768K, reserved 1114112K
  class space    used 4551K, committed 4800K, reserved 1048576K
}
Event: 17.599 GC heap before
{Heap before GC invocations=27 (full 0):
 garbage-first heap   total 120832K, used 88284K [0x0000000700000000, 0x0000000800000000)
  region size 2048K, 12 young (24576K), 2 survivors (4096K)
 Metaspace       used 35498K, committed 35904K, reserved 1114112K
  class space    used 4925K, committed 5120K, reserved 1048576K
}
Event: 17.605 GC heap after
{Heap after GC invocations=28 (full 0):
 garbage-first heap   total 120832K, used 66158K [0x0000000700000000, 0x0000000800000000)
  region size 2048K, 2 young (4096K), 2 survivors (4096K)
 Metaspace       used 35498K, committed 35904K, reserved 1114112K
  class space    used 4925K, committed 5120K, reserved 1048576K
}
Event: 18.218 GC heap before
{Heap before GC invocations=28 (full 0):
 garbage-first heap   total 120832K, used 72302K [0x0000000700000000, 0x0000000800000000)
  region size 2048K, 7 young (14336K), 2 survivors (4096K)
 Metaspace       used 36164K, committed 36608K, reserved 1114112K
  class space    used 5036K, committed 5248K, reserved 1048576K
}
Event: 18.224 GC heap after
{Heap after GC invocations=29 (full 0):
 garbage-first heap   total 120832K, used 67592K [0x0000000700000000, 0x0000000800000000)
  region size 2048K, 2 young (4096K), 2 survivors (4096K)
 Metaspace       used 36164K, committed 36608K, reserved 1114112K
  class space    used 5036K, committed 5248K, reserved 1048576K
}
Event: 18.331 GC heap before
{Heap before GC invocations=30 (full 0):
 garbage-first heap   total 120832K, used 77832K [0x0000000700000000, 0x0000000800000000)
  region size 2048K, 3 young (6144K), 2 survivors (4096K)
 Metaspace       used 36164K, committed 36608K, reserved 1114112K
  class space    used 5036K, committed 5248K, reserved 1048576K
}
Event: 18.337 GC heap after
{Heap after GC invocations=31 (full 0):
 garbage-first heap   total 120832K, used 77781K [0x0000000700000000, 0x0000000800000000)
  region size 2048K, 1 young (2048K), 1 survivors (2048K)
 Metaspace       used 36164K, committed 36608K, reserved 1114112K
  class space    used 5036K, committed 5248K, reserved 1048576K
}
Event: 18.443 GC heap before
{Heap before GC invocations=32 (full 0):
 garbage-first heap   total 133120K, used 79829K [0x0000000700000000, 0x0000000800000000)
  region size 2048K, 2 young (4096K), 1 survivors (2048K)
 Metaspace       used 36164K, committed 36608K, reserved 1114112K
  class space    used 5036K, committed 5248K, reserved 1048576K
}
Event: 18.445 GC heap after
{Heap after GC invocations=33 (full 0):
 garbage-first heap   total 133120K, used 79897K [0x0000000700000000, 0x0000000800000000)
  region size 2048K, 1 young (2048K), 1 survivors (2048K)
 Metaspace       used 36164K, committed 36608K, reserved 1114112K
  class space    used 5036K, committed 5248K, reserved 1048576K
}
Event: 18.528 GC heap before
{Heap before GC invocations=34 (full 0):
 garbage-first heap   total 137216K, used 83993K [0x0000000700000000, 0x0000000800000000)
  region size 2048K, 2 young (4096K), 1 survivors (2048K)
 Metaspace       used 36164K, committed 36608K, reserved 1114112K
  class space    used 5036K, committed 5248K, reserved 1048576K
}
Event: 18.531 GC heap after
{Heap after GC invocations=35 (full 0):
 garbage-first heap   total 137216K, used 84280K [0x0000000700000000, 0x0000000800000000)
  region size 2048K, 1 young (2048K), 1 survivors (2048K)
 Metaspace       used 36164K, committed 36608K, reserved 1114112K
  class space    used 5036K, committed 5248K, reserved 1048576K
}
Event: 18.601 GC heap before
{Heap before GC invocations=36 (full 0):
 garbage-first heap   total 143360K, used 86328K [0x0000000700000000, 0x0000000800000000)
  region size 2048K, 2 young (4096K), 1 survivors (2048K)
 Metaspace       used 36164K, committed 36608K, reserved 1114112K
  class space    used 5036K, committed 5248K, reserved 1048576K
}
Event: 18.605 GC heap after
{Heap after GC invocations=37 (full 0):
 garbage-first heap   total 260096K, used 86585K [0x0000000700000000, 0x0000000800000000)
  region size 2048K, 2 young (4096K), 2 survivors (4096K)
 Metaspace       used 36164K, committed 36608K, reserved 1114112K
  class space    used 5036K, committed 5248K, reserved 1048576K
}

Dll operation events (12 events):
Event: 0.014 Loaded shared library C:\Users\HP-CSD\.jdks\azul-17.0.7\bin\java.dll
Event: 0.026 Loaded shared library C:\Users\HP-CSD\.jdks\azul-17.0.7\bin\jsvml.dll
Event: 0.122 Loaded shared library C:\Users\HP-CSD\.jdks\azul-17.0.7\bin\net.dll
Event: 0.124 Loaded shared library C:\Users\HP-CSD\.jdks\azul-17.0.7\bin\nio.dll
Event: 0.130 Loaded shared library C:\Users\HP-CSD\.jdks\azul-17.0.7\bin\zip.dll
Event: 0.935 Loaded shared library C:\Users\HP-CSD\.jdks\azul-17.0.7\bin\jimage.dll
Event: 1.337 Loaded shared library C:\Users\HP-CSD\.jdks\azul-17.0.7\bin\verify.dll
Event: 1.735 Loaded shared library C:\Users\HP-CSD\.gradle\native\68d5fa5c4cc2d200863cafc0d521ce42e7d3e7ee720ec0a83991735586a16f82\windows-amd64\native-platform.dll
Event: 1.758 Loaded shared library C:\Users\HP-CSD\.gradle\native\e376f236ea51e6404a007f0833ffe2c6e607c4080706a723a18a27aeea778392\windows-amd64\native-platform-file-events.dll
Event: 3.739 Loaded shared library C:\Users\HP-CSD\.jdks\azul-17.0.7\bin\management.dll
Event: 3.757 Loaded shared library C:\Users\HP-CSD\.jdks\azul-17.0.7\bin\management_ext.dll
Event: 5.419 Loaded shared library C:\Users\HP-CSD\.jdks\azul-17.0.7\bin\sunmscapi.dll

Deoptimization events (20 events):
Event: 23.011 Thread 0x000002449a329570 Uncommon trap: trap_request=0xffffffc6 fr.pc=0x0000024487ba1358 relative=0x00000000000004f8
Event: 23.011 Thread 0x000002449a329570 Uncommon trap: reason=bimorphic_or_optimized_type_check action=maybe_recompile pc=0x0000024487ba1358 method=com.google.common.collect.ImmutableList.copyOf(Ljava/util/Collection;)Lcom/google/common/collect/ImmutableList; @ 35 c2
Event: 23.011 Thread 0x000002449a329570 DEOPT PACKING pc=0x0000024487ba1358 sp=0x000000cbc13f7e30
Event: 23.011 Thread 0x000002449a329570 DEOPT UNPACKING pc=0x00000244875869a3 sp=0x000000cbc13f7df8 mode 2
Event: 23.042 Thread 0x000002449a329570 Uncommon trap: trap_request=0xffffffc6 fr.pc=0x0000024487b81d64 relative=0x00000000000001a4
Event: 23.042 Thread 0x000002449a329570 Uncommon trap: reason=bimorphic_or_optimized_type_check action=maybe_recompile pc=0x0000024487b81d64 method=com.google.common.collect.ImmutableList.copyOf(Ljava/util/Collection;)Lcom/google/common/collect/ImmutableList; @ 11 c2
Event: 23.042 Thread 0x000002449a329570 DEOPT PACKING pc=0x0000024487b81d64 sp=0x000000cbc13f8d60
Event: 23.042 Thread 0x000002449a329570 DEOPT UNPACKING pc=0x00000244875869a3 sp=0x000000cbc13f8d08 mode 2
Event: 23.063 Thread 0x000002449a329570 Uncommon trap: trap_request=0xffffff45 fr.pc=0x0000024487b3e454 relative=0x0000000000000294
Event: 23.063 Thread 0x000002449a329570 Uncommon trap: reason=unstable_if action=reinterpret pc=0x0000024487b3e454 method=com.esotericsoftware.kryo.io.Output.writeString(Ljava/lang/CharSequence;)V @ 1 c2
Event: 23.063 Thread 0x000002449a329570 DEOPT PACKING pc=0x0000024487b3e454 sp=0x000000cbc13f7530
Event: 23.063 Thread 0x000002449a329570 DEOPT UNPACKING pc=0x00000244875869a3 sp=0x000000cbc13f74c8 mode 2
Event: 23.067 Thread 0x000002449a329570 Uncommon trap: trap_request=0xffffffc6 fr.pc=0x0000024487b81d64 relative=0x00000000000001a4
Event: 23.067 Thread 0x000002449a329570 Uncommon trap: reason=bimorphic_or_optimized_type_check action=maybe_recompile pc=0x0000024487b81d64 method=com.google.common.collect.ImmutableList.copyOf(Ljava/util/Collection;)Lcom/google/common/collect/ImmutableList; @ 11 c2
Event: 23.067 Thread 0x000002449a329570 DEOPT PACKING pc=0x0000024487b81d64 sp=0x000000cbc13f8d60
Event: 23.067 Thread 0x000002449a329570 DEOPT UNPACKING pc=0x00000244875869a3 sp=0x000000cbc13f8d08 mode 2
Event: 23.138 Thread 0x00000244957c4d40 DEOPT PACKING pc=0x000002448046aaf4 sp=0x000000cbc26fd4a0
Event: 23.138 Thread 0x00000244957c4d40 DEOPT UNPACKING pc=0x0000024487587143 sp=0x000000cbc26fca20 mode 0
Event: 23.184 Thread 0x00000244957c4d40 DEOPT PACKING pc=0x000002448046aaf4 sp=0x000000cbc26fddc0
Event: 23.184 Thread 0x00000244957c4d40 DEOPT UNPACKING pc=0x0000024487587143 sp=0x000000cbc26fd340 mode 0

Classes unloaded (0 events):
No events

Classes redefined (0 events):
No events

Internal exceptions (20 events):
Event: 21.285 Thread 0x000002449a329570 Exception <a 'java/lang/NoSuchMethodError'{0x000000070c6eb070}: 'java.lang.Object java.lang.invoke.DirectMethodHandle$Holder.invokeStatic(java.lang.Object, java.lang.Object, java.lang.Object, java.lang.Object, java.lang.Object, java.lang.Object, java.lang.Object, java.lang.Object, java.lang.Object, java.lang.Object, java.lang.Object, java.lang.Object, java.lang.Object, java.lang.Object, java.lang.Object, java.lang.Object, java.lang.Object)'> (0x000000070c6eb070) 
thrown [s\src\hotspot\share\interpreter\lin
Event: 21.289 Thread 0x000002449a329570 Exception <a 'java/lang/NoSuchMethodError'{0x000000070c7cf848}: 'java.lang.Object java.lang.invoke.DirectMethodHandle$Holder.invokeStatic(java.lang.Object, java.lang.Object, java.lang.Object, java.lang.Object, java.lang.Object, java.lang.Object, java.lang.Object, java.lang.Object, java.lang.Object, java.lang.Object, java.lang.Object, java.lang.Object, java.lang.Object, java.lang.Object, java.lang.Object, java.lang.Object, java.lang.Object, java.lang.Object)'> (0x000000070c7cf848) 
thrown [s\src\hotspot\sha
Event: 21.295 Thread 0x000002449a329570 Exception <a 'java/lang/NoSuchMethodError'{0x000000070c7f8bd8}: 'java.lang.Object java.lang.invoke.DirectMethodHandle$Holder.invokeStatic(java.lang.Object, java.lang.Object, java.lang.Object, java.lang.Object, java.lang.Object, java.lang.Object, java.lang.Object, java.lang.Object, java.lang.Object, java.lang.Object, java.lang.Object, java.lang.Object, java.lang.Object, java.lang.Object, java.lang.Object, java.lang.Object, java.lang.Object, java.lang.Object, java.lang.Object)'> (0x000000070c7f8bd8) 
thrown 
Event: 21.304 Thread 0x000002449a329570 Exception <a 'java/lang/NoSuchMethodError'{0x000000070c4236c0}: 'java.lang.Object java.lang.invoke.DirectMethodHandle$Holder.invokeStatic(java.lang.Object, java.lang.Object, java.lang.Object, java.lang.Object, java.lang.Object, java.lang.Object, java.lang.Object, java.lang.Object, java.lang.Object, java.lang.Object, java.lang.Object, java.lang.Object, java.lang.Object, java.lang.Object, java.lang.Object, java.lang.Object, java.lang.Object, java.lang.Object, java.lang.Object, java.lang.Object)'> (0x00000007
Event: 21.307 Thread 0x000002449a329570 Exception <a 'java/lang/NoSuchMethodError'{0x000000070c44ed70}: 'java.lang.Object java.lang.invoke.DirectMethodHandle$Holder.invokeStatic(java.lang.Object, java.lang.Object, java.lang.Object, java.lang.Object, java.lang.Object, java.lang.Object, java.lang.Object, java.lang.Object, java.lang.Object, java.lang.Object, java.lang.Object, java.lang.Object, java.lang.Object, java.lang.Object, java.lang.Object, java.lang.Object, java.lang.Object, java.lang.Object, java.lang.Object, java.lang.Object, java.lang.Obj
Event: 21.319 Thread 0x000002449a329570 Exception <a 'java/lang/NoSuchMethodError'{0x000000070c47adc0}: 'java.lang.Object java.lang.invoke.DirectMethodHandle$Holder.invokeStatic(java.lang.Object, java.lang.Object, java.lang.Object, java.lang.Object, java.lang.Object, java.lang.Object, java.lang.Object, java.lang.Object, java.lang.Object, java.lang.Object, java.lang.Object, java.lang.Object, java.lang.Object, java.lang.Object, java.lang.Object, java.lang.Object, java.lang.Object, java.lang.Object, java.lang.Object, java.lang.Object, java.lang.Obj
Event: 21.326 Thread 0x000002449a329570 Exception <a 'java/lang/NoSuchMethodError'{0x000000070c4a88a8}: 'java.lang.Object java.lang.invoke.DirectMethodHandle$Holder.invokeStatic(java.lang.Object, java.lang.Object, java.lang.Object, java.lang.Object, java.lang.Object, java.lang.Object, java.lang.Object, java.lang.Object, java.lang.Object, java.lang.Object, java.lang.Object, java.lang.Object, java.lang.Object, java.lang.Object, java.lang.Object, java.lang.Object, java.lang.Object, java.lang.Object, java.lang.Object, java.lang.Object, java.lang.Obj
Event: 21.333 Thread 0x000002449a329570 Exception <a 'java/lang/NoSuchMethodError'{0x000000070c4d7c48}: 'java.lang.Object java.lang.invoke.DirectMethodHandle$Holder.invokeStatic(java.lang.Object, java.lang.Object, java.lang.Object, java.lang.Object, java.lang.Object, java.lang.Object, java.lang.Object, java.lang.Object, java.lang.Object, java.lang.Object, java.lang.Object, java.lang.Object, java.lang.Object, java.lang.Object, java.lang.Object, java.lang.Object, java.lang.Object, java.lang.Object, java.lang.Object, java.lang.Object, java.lang.Obj
Event: 21.650 Thread 0x000002449a329570 Exception <a 'java/lang/ClassNotFoundException'{0x000000070bc39e60}: build_2cik0udh1ggpomacehsf0cxm9BeanInfo> (0x000000070bc39e60) 
thrown [s\src\hotspot\share\classfile\systemDictionary.cpp, line 259]
Event: 21.651 Thread 0x000002449a329570 Exception <a 'java/lang/ClassNotFoundException'{0x000000070bc45430}: org/gradle/api/internal/project/ProjectScriptBeanInfo> (0x000000070bc45430) 
thrown [s\src\hotspot\share\classfile\systemDictionary.cpp, line 259]
Event: 21.651 Thread 0x000002449a329570 Exception <a 'java/lang/ClassNotFoundException'{0x000000070bc507a8}: org/gradle/api/internal/project/ProjectScriptCustomizer> (0x000000070bc507a8) 
thrown [s\src\hotspot\share\classfile\systemDictionary.cpp, line 259]
Event: 21.653 Thread 0x000002449a329570 Exception <a 'java/lang/ClassNotFoundException'{0x000000070bc67cc8}: build_2cik0udh1ggpomacehsf0cxm9Customizer> (0x000000070bc67cc8) 
thrown [s\src\hotspot\share\classfile\systemDictionary.cpp, line 259]
Event: 21.667 Thread 0x000002449a329570 Exception <a 'java/lang/ClassNotFoundException'{0x000000070bcdb1e0}: org/gradle/plugin/use/internal/PluginRequestCollector$PluginDependenciesSpecImplBeanInfo> (0x000000070bcdb1e0) 
thrown [s\src\hotspot\share\classfile\systemDictionary.cpp, line 259]
Event: 21.668 Thread 0x000002449a329570 Exception <a 'java/lang/ClassNotFoundException'{0x000000070bced618}: org/gradle/plugin/use/internal/PluginRequestCollector$PluginDependenciesSpecImplCustomizer> (0x000000070bced618) 
thrown [s\src\hotspot\share\classfile\systemDictionary.cpp, line 259]
Event: 21.672 Thread 0x000002449a329570 Exception <a 'java/lang/ClassNotFoundException'{0x000000070bd271d8}: org/gradle/plugin/use/internal/PluginRequestCollector$PluginDependencySpecImplBeanInfo> (0x000000070bd271d8) 
thrown [s\src\hotspot\share\classfile\systemDictionary.cpp, line 259]
Event: 21.673 Thread 0x000002449a329570 Exception <a 'java/lang/ClassNotFoundException'{0x000000070bd39900}: org/gradle/plugin/use/internal/PluginRequestCollector$PluginDependencySpecImplCustomizer> (0x000000070bd39900) 
thrown [s\src\hotspot\share\classfile\systemDictionary.cpp, line 259]
Event: 22.300 Thread 0x000002449a329570 Exception <a 'java/lang/NoSuchMethodError'{0x000000070b21da28}: 'java.lang.Object java.lang.invoke.DirectMethodHandle$Holder.newInvokeSpecial(java.lang.Object, java.lang.Object, java.lang.Object, java.lang.Object, java.lang.Object, int)'> (0x000000070b21da28) 
thrown [s\src\hotspot\share\interpreter\linkResolver.cpp, line 759]
Event: 22.301 Thread 0x000002449a329570 Exception <a 'java/lang/NoSuchMethodError'{0x000000070b223080}: 'java.lang.Object java.lang.invoke.DirectMethodHandle$Holder.invokeSpecial(java.lang.Object, java.lang.Object, java.lang.Object, java.lang.Object, java.lang.Object, java.lang.Object, int)'> (0x000000070b223080) 
thrown [s\src\hotspot\share\interpreter\linkResolver.cpp, line 759]
Event: 22.314 Thread 0x000002449a329570 Exception <a 'java/lang/NoSuchMethodError'{0x000000070b2bb650}: 'void java.lang.invoke.DirectMethodHandle$Holder.invokeStatic(java.lang.Object, java.lang.Object, java.lang.Object, int, java.lang.Object)'> (0x000000070b2bb650) 
thrown [s\src\hotspot\share\interpreter\linkResolver.cpp, line 759]
Event: 23.063 Thread 0x000002449a329570 Implicit null exception at 0x0000024487b3e1ef to 0x0000024487b3e444

VM Operations (20 events):
Event: 20.948 Executing VM operation: Cleanup
Event: 20.949 Executing VM operation: Cleanup done
Event: 21.004 Executing VM operation: HandshakeAllThreads
Event: 21.004 Executing VM operation: HandshakeAllThreads done
Event: 21.377 Executing VM operation: HandshakeAllThreads
Event: 21.377 Executing VM operation: HandshakeAllThreads done
Event: 21.568 Executing VM operation: HandshakeAllThreads
Event: 21.568 Executing VM operation: HandshakeAllThreads done
Event: 21.575 Executing VM operation: ICBufferFull
Event: 21.576 Executing VM operation: ICBufferFull done
Event: 22.064 Executing VM operation: HandshakeAllThreads
Event: 22.064 Executing VM operation: HandshakeAllThreads done
Event: 22.199 Executing VM operation: HandshakeAllThreads
Event: 22.199 Executing VM operation: HandshakeAllThreads done
Event: 22.702 Executing VM operation: ICBufferFull
Event: 22.702 Executing VM operation: ICBufferFull done
Event: 22.905 Executing VM operation: HandshakeAllThreads
Event: 22.905 Executing VM operation: HandshakeAllThreads done
Event: 23.110 Executing VM operation: ICBufferFull
Event: 23.131 Executing VM operation: ICBufferFull done

Events (20 events):
Event: 23.094 Thread 0x00000244957c4d40 Thread added: 0x00000244957c4d40
Event: 23.094 Thread 0x00000244957c70b0 Thread added: 0x00000244957c70b0
Event: 23.094 Thread 0x00000244957c9e40 Thread added: 0x00000244957c9e40
Event: 23.095 Thread 0x00000244957c5760 Thread added: 0x00000244957c5760
Event: 23.095 Thread 0x00000244957c3900 Thread added: 0x00000244957c3900
Event: 23.095 Thread 0x00000244957c9420 Thread added: 0x00000244957c9420
Event: 23.096 Thread 0x00000244957c5c70 Thread added: 0x00000244957c5c70
Event: 23.096 Thread 0x00000244957c2ee0 Thread added: 0x00000244957c2ee0
Event: 23.096 Thread 0x00000244957c75c0 Thread added: 0x00000244957c75c0
Event: 23.099 Thread 0x00000244957c33f0 Thread added: 0x00000244957c33f0
Event: 23.099 Thread 0x00000244957c7ad0 Thread added: 0x00000244957c7ad0
Event: 23.099 Thread 0x00000244957c7fe0 Thread added: 0x00000244957c7fe0
Event: 23.099 Thread 0x000002449c729e80 Thread added: 0x000002449c729e80
Event: 23.100 Thread 0x000002449c729460 Thread added: 0x000002449c729460
Event: 23.100 Thread 0x000002449c72a390 Thread added: 0x000002449c72a390
Event: 23.100 Thread 0x000002449c72bce0 Thread added: 0x000002449c72bce0
Event: 23.100 Thread 0x000002449c7261c0 Thread added: 0x000002449c7261c0
Event: 23.100 Thread 0x000002449c72a8a0 Thread added: 0x000002449c72a8a0
Event: 23.100 Thread 0x000002449c725cb0 Thread added: 0x000002449c725cb0
Event: 23.100 Thread 0x000002449c72adb0 Thread added: 0x000002449c72adb0


Dynamic libraries:
0x00007ff68a960000 - 0x00007ff68a96e000 	C:\Users\HP-CSD\.jdks\azul-17.0.7\bin\java.exe
0x00007ffc68250000 - 0x00007ffc68464000 	C:\WINDOWS\SYSTEM32\ntdll.dll
0x00007ffc679a0000 - 0x00007ffc67a62000 	C:\WINDOWS\System32\KERNEL32.DLL
0x00007ffc65820000 - 0x00007ffc65bc3000 	C:\WINDOWS\System32\KERNELBASE.dll
0x00007ffc65d40000 - 0x00007ffc65e51000 	C:\WINDOWS\System32\ucrtbase.dll
0x00007ffc51d70000 - 0x00007ffc51d89000 	C:\Users\HP-CSD\.jdks\azul-17.0.7\bin\jli.dll
0x00007ffc663f0000 - 0x00007ffc6659b000 	C:\WINDOWS\System32\USER32.dll
0x00007ffc65e60000 - 0x00007ffc65e86000 	C:\WINDOWS\System32\win32u.dll
0x00007ffc67160000 - 0x00007ffc67189000 	C:\WINDOWS\System32\GDI32.dll
0x00007ffc65e90000 - 0x00007ffc65fa9000 	C:\WINDOWS\System32\gdi32full.dll
0x00007ffc4f610000 - 0x00007ffc4f62b000 	C:\Users\HP-CSD\.jdks\azul-17.0.7\bin\VCRUNTIME140.dll
0x00007ffc65780000 - 0x00007ffc6581a000 	C:\WINDOWS\System32\msvcp_win.dll
0x00007ffc52d90000 - 0x00007ffc5301e000 	C:\WINDOWS\WinSxS\amd64_microsoft.windows.common-controls_6595b64144ccf1df_6.0.22621.1635_none_270f70857386168e\COMCTL32.dll
0x00007ffc665a0000 - 0x00007ffc66647000 	C:\WINDOWS\System32\msvcrt.dll
0x00007ffc66670000 - 0x00007ffc666a1000 	C:\WINDOWS\System32\IMM32.DLL
0x00007ffc57460000 - 0x00007ffc5746c000 	C:\Users\HP-CSD\.jdks\azul-17.0.7\bin\vcruntime140_1.dll
0x00007ffc36280000 - 0x00007ffc3630d000 	C:\Users\HP-CSD\.jdks\azul-17.0.7\bin\msvcp140.dll
0x00007ffbfaa80000 - 0x00007ffbfb6e5000 	C:\Users\HP-CSD\.jdks\azul-17.0.7\bin\server\jvm.dll
0x00007ffc662d0000 - 0x00007ffc6637e000 	C:\WINDOWS\System32\ADVAPI32.dll
0x00007ffc670b0000 - 0x00007ffc67154000 	C:\WINDOWS\System32\sechost.dll
0x00007ffc67af0000 - 0x00007ffc67c07000 	C:\WINDOWS\System32\RPCRT4.dll
0x00007ffc44940000 - 0x00007ffc44949000 	C:\WINDOWS\SYSTEM32\WSOCK32.dll
0x00007ffc5dab0000 - 0x00007ffc5dae4000 	C:\WINDOWS\SYSTEM32\WINMM.dll
0x00007ffc67a70000 - 0x00007ffc67ae1000 	C:\WINDOWS\System32\WS2_32.dll
0x00007ffc5f2e0000 - 0x00007ffc5f2ea000 	C:\WINDOWS\SYSTEM32\VERSION.dll
0x00007ffc646a0000 - 0x00007ffc646b8000 	C:\WINDOWS\SYSTEM32\kernel.appcore.dll
0x00007ffc573e0000 - 0x00007ffc573ea000 	C:\Users\HP-CSD\.jdks\azul-17.0.7\bin\jimage.dll
0x00007ffc4ffd0000 - 0x00007ffc501fe000 	C:\WINDOWS\SYSTEM32\DBGHELP.DLL
0x00007ffc67560000 - 0x00007ffc678e9000 	C:\WINDOWS\System32\combase.dll
0x00007ffc661f0000 - 0x00007ffc662c7000 	C:\WINDOWS\System32\OLEAUT32.dll
0x00007ffc47a60000 - 0x00007ffc47a92000 	C:\WINDOWS\SYSTEM32\dbgcore.DLL
0x00007ffc65fb0000 - 0x00007ffc6602b000 	C:\WINDOWS\System32\bcryptPrimitives.dll
0x00007ffc4ba80000 - 0x00007ffc4baa5000 	C:\Users\HP-CSD\.jdks\azul-17.0.7\bin\java.dll
0x00007ffc1fe10000 - 0x00007ffc1fee7000 	C:\Users\HP-CSD\.jdks\azul-17.0.7\bin\jsvml.dll
0x00007ffc66850000 - 0x00007ffc6704a000 	C:\WINDOWS\System32\SHELL32.dll
0x00007ffc63650000 - 0x00007ffc63f1e000 	C:\WINDOWS\SYSTEM32\windows.storage.dll
0x00007ffc63510000 - 0x00007ffc6364e000 	C:\WINDOWS\SYSTEM32\wintypes.dll
0x00007ffc67330000 - 0x00007ffc67421000 	C:\WINDOWS\System32\SHCORE.dll
0x00007ffc66380000 - 0x00007ffc663de000 	C:\WINDOWS\System32\shlwapi.dll
0x00007ffc65580000 - 0x00007ffc655a1000 	C:\WINDOWS\SYSTEM32\profapi.dll
0x00007ffc4f5f0000 - 0x00007ffc4f609000 	C:\Users\HP-CSD\.jdks\azul-17.0.7\bin\net.dll
0x00007ffc5b370000 - 0x00007ffc5b4a7000 	C:\WINDOWS\SYSTEM32\WINHTTP.dll
0x00007ffc64b10000 - 0x00007ffc64b79000 	C:\WINDOWS\system32\mswsock.dll
0x00007ffc4ba60000 - 0x00007ffc4ba76000 	C:\Users\HP-CSD\.jdks\azul-17.0.7\bin\nio.dll
0x00007ffc4ba40000 - 0x00007ffc4ba58000 	C:\Users\HP-CSD\.jdks\azul-17.0.7\bin\zip.dll
0x00007ffc519c0000 - 0x00007ffc519d0000 	C:\Users\HP-CSD\.jdks\azul-17.0.7\bin\verify.dll
0x00007ffc573f0000 - 0x00007ffc57417000 	C:\Users\HP-CSD\.gradle\native\68d5fa5c4cc2d200863cafc0d521ce42e7d3e7ee720ec0a83991735586a16f82\windows-amd64\native-platform.dll
0x00007ffc253b0000 - 0x00007ffc254f4000 	C:\Users\HP-CSD\.gradle\native\e376f236ea51e6404a007f0833ffe2c6e607c4080706a723a18a27aeea778392\windows-amd64\native-platform-file-events.dll
0x00007ffc51840000 - 0x00007ffc51849000 	C:\Users\HP-CSD\.jdks\azul-17.0.7\bin\management.dll
0x00007ffc51580000 - 0x00007ffc5158b000 	C:\Users\HP-CSD\.jdks\azul-17.0.7\bin\management_ext.dll
0x00007ffc667f0000 - 0x00007ffc667f8000 	C:\WINDOWS\System32\PSAPI.DLL
0x00007ffc64d70000 - 0x00007ffc64d8b000 	C:\WINDOWS\SYSTEM32\CRYPTSP.dll
0x00007ffc64610000 - 0x00007ffc64645000 	C:\WINDOWS\system32\rsaenh.dll
0x00007ffc64c10000 - 0x00007ffc64c38000 	C:\WINDOWS\SYSTEM32\USERENV.dll
0x00007ffc64f30000 - 0x00007ffc64f58000 	C:\WINDOWS\SYSTEM32\bcrypt.dll
0x00007ffc64d90000 - 0x00007ffc64d9c000 	C:\WINDOWS\SYSTEM32\CRYPTBASE.dll
0x00007ffc641c0000 - 0x00007ffc641ed000 	C:\WINDOWS\SYSTEM32\IPHLPAPI.DLL
0x00007ffc667c0000 - 0x00007ffc667c9000 	C:\WINDOWS\System32\NSI.dll
0x00007ffc5b300000 - 0x00007ffc5b319000 	C:\WINDOWS\SYSTEM32\dhcpcsvc6.DLL
0x00007ffc5b2c0000 - 0x00007ffc5b2df000 	C:\WINDOWS\SYSTEM32\dhcpcsvc.DLL
0x00007ffc641f0000 - 0x00007ffc642e3000 	C:\WINDOWS\SYSTEM32\DNSAPI.dll
0x00007ffc51360000 - 0x00007ffc5136e000 	C:\Users\HP-CSD\.jdks\azul-17.0.7\bin\sunmscapi.dll
0x00007ffc65bd0000 - 0x00007ffc65d37000 	C:\WINDOWS\System32\CRYPT32.dll
0x00007ffc64f00000 - 0x00007ffc64f2e000 	C:\WINDOWS\SYSTEM32\ncrypt.dll
0x00007ffc64ec0000 - 0x00007ffc64ef7000 	C:\WINDOWS\SYSTEM32\NTASN1.dll
0x00007ffc51340000 - 0x00007ffc51348000 	C:\WINDOWS\system32\wshunix.dll

dbghelp: loaded successfully - version: 4.0.5 - missing functions: none
symbol engine: initialized successfully - sym options: 0x614 - pdb path: .;C:\Users\HP-CSD\.jdks\azul-17.0.7\bin;C:\WINDOWS\SYSTEM32;C:\WINDOWS\WinSxS\amd64_microsoft.windows.common-controls_6595b64144ccf1df_6.0.22621.1635_none_270f70857386168e;C:\Users\HP-CSD\.jdks\azul-17.0.7\bin\server;C:\Users\HP-CSD\.gradle\native\68d5fa5c4cc2d200863cafc0d521ce42e7d3e7ee720ec0a83991735586a16f82\windows-amd64;C:\Users\HP-CSD\.gradle\native\e376f236ea51e6404a007f0833ffe2c6e607c4080706a723a18a27aeea778392\windows-amd64

VM Arguments:
jvm_args: --add-opens=java.base/java.util=ALL-UNNAMED --add-opens=java.base/java.lang=ALL-UNNAMED --add-opens=java.base/java.lang.invoke=ALL-UNNAMED --add-opens=java.prefs/java.util.prefs=ALL-UNNAMED --add-opens=java.base/java.nio.charset=ALL-UNNAMED --add-opens=java.base/java.net=ALL-UNNAMED --add-opens=java.base/java.util.concurrent.atomic=ALL-UNNAMED -Xmx4g -Dfile.encoding=windows-1252 -Duser.country=PE -Duser.language=es -Duser.variant 
java_command: org.gradle.launcher.daemon.bootstrap.GradleDaemon 8.0
java_class_path (initial): C:\Users\HP-CSD\.gradle\wrapper\dists\gradle-8.0-bin\ca5e32bp14vu59qr306oxotwh\gradle-8.0\lib\gradle-launcher-8.0.jar
Launcher Type: SUN_STANDARD

[Global flags]
     intx CICompilerCount                          = 2                                         {product} {ergonomic}
     uint ConcGCThreads                            = 1                                         {product} {ergonomic}
     uint G1ConcRefinementThreads                  = 2                                         {product} {ergonomic}
   size_t G1HeapRegionSize                         = 2097152                                   {product} {ergonomic}
    uintx GCDrainStackTargetSize                   = 64                                        {product} {ergonomic}
   size_t InitialHeapSize                          = 58720256                                  {product} {ergonomic}
   size_t MarkStackSize                            = 4194304                                   {product} {ergonomic}
   size_t MaxHeapSize                              = 4294967296                                {product} {command line}
   size_t MaxNewSize                               = 2575302656                                {product} {ergonomic}
   size_t MinHeapDeltaBytes                        = 2097152                                   {product} {ergonomic}
   size_t MinHeapSize                              = 8388608                                   {product} {ergonomic}
    uintx NonNMethodCodeHeapSize                   = 5826188                                {pd product} {ergonomic}
    uintx NonProfiledCodeHeapSize                  = 122916026                              {pd product} {ergonomic}
    uintx ProfiledCodeHeapSize                     = 122916026                              {pd product} {ergonomic}
    uintx ReservedCodeCacheSize                    = 251658240                              {pd product} {ergonomic}
     bool SegmentedCodeCache                       = true                                      {product} {ergonomic}
   size_t SoftMaxHeapSize                          = 4294967296                             {manageable} {ergonomic}
     bool UseCompressedClassPointers               = true                           {product lp64_product} {ergonomic}
     bool UseCompressedOops                        = true                           {product lp64_product} {ergonomic}
     bool UseG1GC                                  = true                                      {product} {ergonomic}
     bool UseLargePagesIndividualAllocation        = false                                  {pd product} {ergonomic}

Logging:
Log output configuration:
 #0: stdout all=warning uptime,level,tags
 #1: stderr all=off uptime,level,tags

Environment Variables:
JAVA_HOME=C:\Program Files\Java\jdk-17
PATH=C:\app\HP-CSD\product\21c\dbhomeXE\bin;C:\Program Files\Common Files\Oracle\Java\javapath;C:\oraclexe\app\oracle\product\11.2.0\server\bin;C:\WINDOWS\system32;C:\WINDOWS;C:\WINDOWS\System32\Wbem;C:\WINDOWS\System32\WindowsPowerShell\v1.0\;C:\WINDOWS\System32\OpenSSH\;C:\Program Files\Git\cmd;C:\Program Files\nodejs\;C:\xampp\php;C:\ProgramData\ComposerSetup\bin;C:\Program Files\Java\jdk-17\bin;C:\Program Files\Apache Software Foundation\Tomcat 9.0\bin;C:\Users\HP-CSD\AppData\Local\Programs\Python\Python310\Scripts\;C:\Users\HP-CSD\AppData\Local\Programs\Python\Python310\;C:\Users\HP-CSD\AppData\Local\Microsoft\WindowsApps;C:\Program Files\MongoDB\Server\6.0\bin;C:\Program Files\MongoDB\Server\5.0\bin;D:\VISUAL\Microsoft VS Code\bin;C:\Users\HP-CSD\AppData\Roaming\npm;C:\Users\HP-CSD\AppData\Roaming\Composer\vendor\bin;
USERNAME=HP-CSD
OS=Windows_NT
PROCESSOR_IDENTIFIER=AMD64 Family 23 Model 24 Stepping 1, AuthenticAMD
TMP=C:\Users\HP-CSD\AppData\Local\Temp
TEMP=C:\Users\HP-CSD\AppData\Local\Temp



---------------  S Y S T E M  ---------------

OS:
 Windows 11 , 64 bit Build 22621 (10.0.22621.1778)
OS uptime: 1 days 0:37 hours

CPU: total 2 (initial active 2) (2 cores per cpu, 1 threads per core) family 23 model 24 stepping 1 microcode 0x0, cx8, cmov, fxsr, mmx, 3dnowpref, sse, sse2, sse3, ssse3, sse4a, sse4.1, sse4.2, popcnt, lzcnt, tsc, tscinvbit, avx, avx2, aes, clmul, bmi1, bmi2, adx, sha, fma, vzeroupper, clflush, clflushopt

Memory: 4k page, system-wide physical 3500M (215M free)
TotalPageFile size 14252M (AvailPageFile size 4M)
current process WorkingSet (physical memory assigned to process): 354M, peak: 361M
current process commit charge ("private bytes"): 439M, peak: 443M

vm_info: OpenJDK 64-Bit Server VM (17.0.7+7-LTS) for windows-amd64 JRE (17.0.7+7-LTS) (Zulu17.42+19-CA), built on Apr 10 2023 13:02:30 by "zulu_re" with MS VC++ 16.10 / 16.11 (VS2019)

END.
