#
# There is insufficient memory for the Java Runtime Environment to continue.
# Native memory allocation (malloc) failed to allocate 1078256 bytes for Chunk::new
# Possible reasons:
#   The system is out of physical RAM or swap space
#   The process is running with CompressedOops enabled, and the Java Heap may be blocking the growth of the native heap
# Possible solutions:
#   Reduce memory load on the system
#   Increase physical memory or swap space
#   Check if swap backing store is full
#   Decrease Java heap size (-Xmx/-Xms)
#   Decrease number of Java threads
#   Decrease Java thread stack sizes (-Xss)
#   Set larger code cache with -XX:ReservedCodeCacheSize=
#   JVM is running with Unscaled Compressed Oops mode in which the Java heap is
#     placed in the first 4GB address space. The Java Heap base address is the
#     maximum limit for the native heap growth. Please use -XX:HeapBaseMinAddress
#     to set the Java Heap base and to place the Java Heap above 4GB virtual address.
# This output file may be truncated or incomplete.
#
#  Out of Memory Error (src/hotspot/share/memory/arena.cpp:197), pid=11340, tid=3360
#
# JRE version: OpenJDK Runtime Environment (11.0.15) (build 11.0.15+0-b2043.56-9505619)
# Java VM: OpenJDK 64-Bit Server VM (11.0.15+0-b2043.56-9505619, mixed mode, tiered, compressed oops, g1 gc, windows-amd64)
# No core dump will be written. Minidumps are not enabled by default on client versions of Windows
#

---------------  S U M M A R Y ------------

Command Line: --add-opens=java.base/java.util=ALL-UNNAMED --add-opens=java.base/java.lang=ALL-UNNAMED --add-opens=java.base/java.lang.invoke=ALL-UNNAMED --add-opens=java.prefs/java.util.prefs=ALL-UNNAMED --add-opens=java.base/java.nio.charset=ALL-UNNAMED --add-opens=java.base/java.net=ALL-UNNAMED --add-opens=java.base/java.util.concurrent.atomic=ALL-UNNAMED -Xmx2048m -Dfile.encoding=UTF-8 -Duser.country=PE -Duser.language=es -Duser.variant org.gradle.launcher.daemon.bootstrap.GradleDaemon 8.0

Host: AMD Athlon Silver 3050U with Radeon Graphics   , 2 cores, 3G,  Windows 11 , 64 bit Build 22621 (10.0.22621.1778)
Time: Tue Jun 27 01:20:03 2023 Hora est. Pacífico, Sudamérica elapsed time: 342.497878 seconds (0d 0h 5m 42s)

---------------  T H R E A D  ---------------

Current thread (0x00000225f3984800):  JavaThread "C2 CompilerThread0" daemon [_thread_in_native, id=3360, stack(0x0000009553300000,0x0000009553400000)]


Current CompileTask:
C2: 342498 4019       4       org.codehaus.groovy.reflection.CachedMethod::compareTo (25 bytes)

Stack: [0x0000009553300000,0x0000009553400000]
Native frames: (J=compiled Java code, j=interpreted, Vv=VM code, C=native code)
V  [jvm.dll+0x64135a]
V  [jvm.dll+0x7d39f9]
V  [jvm.dll+0x7d51b9]
V  [jvm.dll+0x7d58a3]
V  [jvm.dll+0x2691c5]
V  [jvm.dll+0xc1a5c]
V  [jvm.dll+0xc200c]
V  [jvm.dll+0x377462]
V  [jvm.dll+0x342495]
V  [jvm.dll+0x34186a]
V  [jvm.dll+0x2214bd]
V  [jvm.dll+0x220498]
V  [jvm.dll+0x19e851]
V  [jvm.dll+0x230479]
V  [jvm.dll+0x22e5ef]
V  [jvm.dll+0x794de1]
V  [jvm.dll+0x78dc24]
V  [jvm.dll+0x6400f6]
C  [ucrtbase.dll+0x29363]
C  [KERNEL32.DLL+0x126ad]
C  [ntdll.dll+0x5a9f8]


---------------  P R O C E S S  ---------------

Threads class SMR info:
_java_thread_list=0x00000225f6f66760, length=33, elements={
0x00000225da08c800, 0x00000225f3925000, 0x00000225f392e000, 0x00000225f397d800,
0x00000225f3981000, 0x00000225f3982000, 0x00000225f3984800, 0x00000225f41e8800,
0x00000225f39ae000, 0x00000225f42e7800, 0x00000225f57eb800, 0x00000225f4e40800,
0x00000225f50fd800, 0x00000225f50ff000, 0x00000225f48ac800, 0x00000225f505d800,
0x00000225f4ebb000, 0x00000225f494d000, 0x00000225f4ff6000, 0x00000225f5930000,
0x00000225f5932800, 0x00000225f5930800, 0x00000225f592e000, 0x00000225f5931800,
0x00000225f5934000, 0x00000225f592f000, 0x00000225f5933000, 0x00000225f5935000,
0x00000225f6f7d000, 0x00000225f6f7a800, 0x00000225f6f7e000, 0x00000225f6f7c000,
0x00000225f6f79800
}

Java Threads: ( => current thread )
  0x00000225da08c800 JavaThread "main" [_thread_blocked, id=3452, stack(0x0000009552600000,0x0000009552700000)]
  0x00000225f3925000 JavaThread "Reference Handler" daemon [_thread_blocked, id=13228, stack(0x0000009552e00000,0x0000009552f00000)]
  0x00000225f392e000 JavaThread "Finalizer" daemon [_thread_blocked, id=10860, stack(0x0000009552f00000,0x0000009553000000)]
  0x00000225f397d800 JavaThread "Signal Dispatcher" daemon [_thread_blocked, id=10072, stack(0x0000009553000000,0x0000009553100000)]
  0x00000225f3981000 JavaThread "Attach Listener" daemon [_thread_blocked, id=9784, stack(0x0000009553100000,0x0000009553200000)]
  0x00000225f3982000 JavaThread "Service Thread" daemon [_thread_blocked, id=1776, stack(0x0000009553200000,0x0000009553300000)]
=>0x00000225f3984800 JavaThread "C2 CompilerThread0" daemon [_thread_in_native, id=3360, stack(0x0000009553300000,0x0000009553400000)]
  0x00000225f41e8800 JavaThread "C1 CompilerThread0" daemon [_thread_blocked, id=8152, stack(0x0000009553400000,0x0000009553500000)]
  0x00000225f39ae000 JavaThread "Sweeper thread" daemon [_thread_blocked, id=7868, stack(0x0000009553500000,0x0000009553600000)]
  0x00000225f42e7800 JavaThread "Common-Cleaner" daemon [_thread_blocked, id=3704, stack(0x0000009553600000,0x0000009553700000)]
  0x00000225f57eb800 JavaThread "Daemon health stats" [_thread_blocked, id=12996, stack(0x0000009552500000,0x0000009552600000)]
  0x00000225f4e40800 JavaThread "Incoming local TCP Connector on port 51506" [_thread_in_native, id=14080, stack(0x0000009553a00000,0x0000009553b00000)]
  0x00000225f50fd800 JavaThread "Daemon periodic checks" [_thread_blocked, id=9288, stack(0x0000009553b00000,0x0000009553c00000)]
  0x00000225f50ff000 JavaThread "Daemon" [_thread_blocked, id=10232, stack(0x0000009553c00000,0x0000009553d00000)]
  0x00000225f48ac800 JavaThread "Handler for socket connection from /127.0.0.1:51506 to /127.0.0.1:51532" [_thread_in_native, id=11444, stack(0x0000009553d00000,0x0000009553e00000)]
  0x00000225f505d800 JavaThread "Cancel handler" [_thread_blocked, id=10580, stack(0x0000009553e00000,0x0000009553f00000)]
  0x00000225f4ebb000 JavaThread "Daemon worker" [_thread_in_Java, id=9568, stack(0x0000009553f00000,0x0000009554000000)]
  0x00000225f494d000 JavaThread "Asynchronous log dispatcher for DefaultDaemonConnection: socket connection from /127.0.0.1:51506 to /127.0.0.1:51532" [_thread_blocked, id=13908, stack(0x0000009554000000,0x0000009554100000)]
  0x00000225f4ff6000 JavaThread "Daemon client event forwarder" [_thread_blocked, id=8588, stack(0x0000009554200000,0x0000009554300000)]
  0x00000225f5930000 JavaThread "Cache worker for journal cache (C:\Users\HP-CSD\.gradle\caches\journal-1)" [_thread_blocked, id=2388, stack(0x0000009554500000,0x0000009554600000)]
  0x00000225f5932800 JavaThread "File lock request listener" [_thread_in_native, id=12620, stack(0x0000009554600000,0x0000009554700000)]
  0x00000225f5930800 JavaThread "File lock release action executor" [_thread_blocked, id=3672, stack(0x0000009554700000,0x0000009554800000)]
  0x00000225f592e000 JavaThread "Cache worker for file hash cache (C:\Users\HP-CSD\.gradle\caches\8.0\fileHashes)" [_thread_blocked, id=6324, stack(0x0000009552700000,0x0000009552800000)]
  0x00000225f5931800 JavaThread "File watcher server" daemon [_thread_in_native, id=14100, stack(0x0000009553900000,0x0000009553a00000)]
  0x00000225f5934000 JavaThread "File watcher consumer" daemon [_thread_blocked, id=10984, stack(0x0000009554800000,0x0000009554900000)]
  0x00000225f592f000 JavaThread "jar transforms" [_thread_blocked, id=14004, stack(0x0000009554100000,0x0000009554200000)]
  0x00000225f5933000 JavaThread "jar transforms Thread 2" [_thread_blocked, id=11812, stack(0x0000009554900000,0x0000009554a00000)]
  0x00000225f5935000 JavaThread "Cache worker for checksums cache (C:\Users\HP-CSD\AndroidStudioProjects\PokeTinder\.gradle\8.0\checksums)" [_thread_blocked, id=14636, stack(0x0000009554a00000,0x0000009554b00000)]
  0x00000225f6f7d000 JavaThread "Cache worker for cache directory md-rule (C:\Users\HP-CSD\.gradle\caches\8.0\md-rule)" [_thread_blocked, id=14644, stack(0x0000009554b00000,0x0000009554c00000)]
  0x00000225f6f7a800 JavaThread "Cache worker for file content cache (C:\Users\HP-CSD\.gradle\caches\8.0\fileContent)" [_thread_blocked, id=14664, stack(0x0000009554c00000,0x0000009554d00000)]
  0x00000225f6f7e000 JavaThread "Cache worker for file hash cache (C:\Users\HP-CSD\AndroidStudioProjects\PokeTinder\.gradle\8.0\fileHashes)" [_thread_blocked, id=14716, stack(0x0000009554d00000,0x0000009554e00000)]
  0x00000225f6f7c000 JavaThread "Cache worker for cache directory md-supplier (C:\Users\HP-CSD\.gradle\caches\8.0\md-supplier)" [_thread_blocked, id=14752, stack(0x0000009554300000,0x0000009554400000)]
  0x00000225f6f79800 JavaThread "Cache worker for execution history cache (C:\Users\HP-CSD\.gradle\caches\8.0\executionHistory)" [_thread_blocked, id=14828, stack(0x0000009554400000,0x0000009554500000)]

Other Threads:
  0x00000225f3920000 VMThread "VM Thread" [stack: 0x0000009552d00000,0x0000009552e00000] [id=9440]
  0x00000225f433f000 WatcherThread [stack: 0x0000009553700000,0x0000009553800000] [id=14016]
  0x00000225da0a6000 GCTaskThread "GC Thread#0" [stack: 0x0000009552800000,0x0000009552900000] [id=3532]
  0x00000225f44d2000 GCTaskThread "GC Thread#1" [stack: 0x0000009553800000,0x0000009553900000] [id=8412]
  0x00000225da0d7000 ConcurrentGCThread "G1 Main Marker" [stack: 0x0000009552900000,0x0000009552a00000] [id=4720]
  0x00000225da0d9800 ConcurrentGCThread "G1 Conc#0" [stack: 0x0000009552a00000,0x0000009552b00000] [id=10744]
  0x00000225da117000 ConcurrentGCThread "G1 Refine#0" [stack: 0x0000009552b00000,0x0000009552c00000] [id=624]
  0x00000225da119000 ConcurrentGCThread "G1 Young RemSet Sampling" [stack: 0x0000009552c00000,0x0000009552d00000] [id=12384]

Threads with active compile tasks:
C2 CompilerThread0   342524 4019       4       org.codehaus.groovy.reflection.CachedMethod::compareTo (25 bytes)

VM state:not at safepoint (normal execution)

VM Mutex/Monitor currently owned by a thread: None

Heap address: 0x0000000080000000, size: 2048 MB, Compressed Oops mode: 32-bit
Narrow klass base: 0x0000000000000000, Narrow klass shift: 3
Compressed class space size: 1073741824 Address: 0x0000000100000000

Heap:
 garbage-first heap   total 70656K, used 63733K [0x0000000080000000, 0x0000000100000000)
  region size 1024K, 3 young (3072K), 1 survivors (1024K)
 Metaspace       used 40973K, capacity 42100K, committed 42288K, reserved 1085440K
  class space    used 5252K, capacity 5663K, committed 5760K, reserved 1048576K
Heap Regions: E=young(eden), S=young(survivor), O=old, HS=humongous(starts), HC=humongous(continues), CS=collection set, F=free, A=archive, TAMS=top-at-mark-start (previous, next)
|   0|0x0000000080000000, 0x0000000080100000, 0x0000000080100000|100%| O|  |TAMS 0x0000000080100000, 0x0000000080000000| Untracked 
|   1|0x0000000080100000, 0x0000000080200000, 0x0000000080200000|100%|HS|  |TAMS 0x0000000080200000, 0x0000000080100000| Complete 
|   2|0x0000000080200000, 0x0000000080300000, 0x0000000080300000|100%|HC|  |TAMS 0x0000000080300000, 0x0000000080200000| Complete 
|   3|0x0000000080300000, 0x0000000080400000, 0x0000000080400000|100%|HC|  |TAMS 0x0000000080400000, 0x0000000080300000| Complete 
|   4|0x0000000080400000, 0x0000000080500000, 0x0000000080500000|100%|HC|  |TAMS 0x0000000080500000, 0x0000000080400000| Complete 
|   5|0x0000000080500000, 0x0000000080600000, 0x0000000080600000|100%| O|  |TAMS 0x0000000080600000, 0x0000000080500000| Untracked 
|   6|0x0000000080600000, 0x0000000080700000, 0x0000000080700000|100%| O|  |TAMS 0x0000000080700000, 0x0000000080600000| Untracked 
|   7|0x0000000080700000, 0x0000000080800000, 0x0000000080800000|100%| O|  |TAMS 0x0000000080800000, 0x0000000080700000| Untracked 
|   8|0x0000000080800000, 0x0000000080900000, 0x0000000080900000|100%| O|  |TAMS 0x0000000080900000, 0x0000000080800000| Untracked 
|   9|0x0000000080900000, 0x0000000080a00000, 0x0000000080a00000|100%| O|  |TAMS 0x0000000080a00000, 0x0000000080900000| Untracked 
|  10|0x0000000080a00000, 0x0000000080b00000, 0x0000000080b00000|100%| O|  |TAMS 0x0000000080b00000, 0x0000000080a00000| Untracked 
|  11|0x0000000080b00000, 0x0000000080c00000, 0x0000000080c00000|100%| O|  |TAMS 0x0000000080c00000, 0x0000000080b00000| Untracked 
|  12|0x0000000080c00000, 0x0000000080d00000, 0x0000000080d00000|100%| O|  |TAMS 0x0000000080d00000, 0x0000000080c00000| Untracked 
|  13|0x0000000080d00000, 0x0000000080e00000, 0x0000000080e00000|100%| O|  |TAMS 0x0000000080e00000, 0x0000000080d00000| Untracked 
|  14|0x0000000080e00000, 0x0000000080f00000, 0x0000000080f00000|100%| O|  |TAMS 0x0000000080f00000, 0x0000000080e00000| Untracked 
|  15|0x0000000080f00000, 0x0000000081000000, 0x0000000081000000|100%| O|  |TAMS 0x0000000081000000, 0x0000000080f00000| Untracked 
|  16|0x0000000081000000, 0x0000000081100000, 0x0000000081100000|100%| O|  |TAMS 0x0000000081100000, 0x0000000081000000| Untracked 
|  17|0x0000000081100000, 0x0000000081200000, 0x0000000081200000|100%| O|  |TAMS 0x0000000081200000, 0x0000000081100000| Untracked 
|  18|0x0000000081200000, 0x0000000081300000, 0x0000000081300000|100%| O|  |TAMS 0x0000000081300000, 0x0000000081200000| Untracked 
|  19|0x0000000081300000, 0x0000000081400000, 0x0000000081400000|100%|HS|  |TAMS 0x0000000081400000, 0x0000000081300000| Complete 
|  20|0x0000000081400000, 0x0000000081500000, 0x0000000081500000|100%|HC|  |TAMS 0x0000000081500000, 0x0000000081400000| Complete 
|  21|0x0000000081500000, 0x0000000081600000, 0x0000000081600000|100%|HS|  |TAMS 0x0000000081600000, 0x0000000081500000| Complete 
|  22|0x0000000081600000, 0x0000000081700000, 0x0000000081700000|100%|HC|  |TAMS 0x0000000081700000, 0x0000000081600000| Complete 
|  23|0x0000000081700000, 0x0000000081800000, 0x0000000081800000|100%|HC|  |TAMS 0x0000000081800000, 0x0000000081700000| Complete 
|  24|0x0000000081800000, 0x0000000081900000, 0x0000000081900000|100%| O|  |TAMS 0x0000000081900000, 0x0000000081800000| Untracked 
|  25|0x0000000081900000, 0x0000000081a00000, 0x0000000081a00000|100%|HS|  |TAMS 0x0000000081a00000, 0x0000000081900000| Complete 
|  26|0x0000000081a00000, 0x0000000081b00000, 0x0000000081b00000|100%|HC|  |TAMS 0x0000000081b00000, 0x0000000081a00000| Complete 
|  27|0x0000000081b00000, 0x0000000081c00000, 0x0000000081c00000|100%|HC|  |TAMS 0x0000000081c00000, 0x0000000081b00000| Complete 
|  28|0x0000000081c00000, 0x0000000081d00000, 0x0000000081d00000|100%| O|  |TAMS 0x0000000081d00000, 0x0000000081c00000| Untracked 
|  29|0x0000000081d00000, 0x0000000081e00000, 0x0000000081e00000|100%|HS|  |TAMS 0x0000000081e00000, 0x0000000081d00000| Complete 
|  30|0x0000000081e00000, 0x0000000081f00000, 0x0000000081f00000|100%|HC|  |TAMS 0x0000000081f00000, 0x0000000081e00000| Complete 
|  31|0x0000000081f00000, 0x0000000082000000, 0x0000000082000000|100%| O|  |TAMS 0x0000000082000000, 0x0000000081f00000| Untracked 
|  32|0x0000000082000000, 0x0000000082100000, 0x0000000082100000|100%|HS|  |TAMS 0x0000000082100000, 0x0000000082000000| Complete 
|  33|0x0000000082100000, 0x0000000082200000, 0x0000000082200000|100%|HC|  |TAMS 0x0000000082200000, 0x0000000082100000| Complete 
|  34|0x0000000082200000, 0x0000000082300000, 0x0000000082300000|100%|HC|  |TAMS 0x0000000082300000, 0x0000000082200000| Complete 
|  35|0x0000000082300000, 0x0000000082400000, 0x0000000082400000|100%|HC|  |TAMS 0x0000000082400000, 0x0000000082300000| Complete 
|  36|0x0000000082400000, 0x0000000082500000, 0x0000000082500000|100%|HC|  |TAMS 0x0000000082500000, 0x0000000082400000| Complete 
|  37|0x0000000082500000, 0x0000000082600000, 0x0000000082600000|100%|HC|  |TAMS 0x0000000082600000, 0x0000000082500000| Complete 
|  38|0x0000000082600000, 0x0000000082700000, 0x0000000082700000|100%|HC|  |TAMS 0x0000000082700000, 0x0000000082600000| Complete 
|  39|0x0000000082700000, 0x0000000082800000, 0x0000000082800000|100%|HC|  |TAMS 0x0000000082800000, 0x0000000082700000| Complete 
|  40|0x0000000082800000, 0x0000000082900000, 0x0000000082900000|100%|HC|  |TAMS 0x0000000082900000, 0x0000000082800000| Complete 
|  41|0x0000000082900000, 0x0000000082a00000, 0x0000000082a00000|100%|HC|  |TAMS 0x0000000082a00000, 0x0000000082900000| Complete 
|  42|0x0000000082a00000, 0x0000000082b00000, 0x0000000082b00000|100%| O|  |TAMS 0x0000000082b00000, 0x0000000082a00000| Untracked 
|  43|0x0000000082b00000, 0x0000000082c00000, 0x0000000082c00000|100%|HS|  |TAMS 0x0000000082c00000, 0x0000000082b00000| Complete 
|  44|0x0000000082c00000, 0x0000000082d00000, 0x0000000082d00000|100%|HC|  |TAMS 0x0000000082d00000, 0x0000000082c00000| Complete 
|  45|0x0000000082d00000, 0x0000000082e00000, 0x0000000082e00000|100%| O|  |TAMS 0x0000000082e00000, 0x0000000082d00000| Untracked 
|  46|0x0000000082e00000, 0x0000000082f00000, 0x0000000082f00000|100%|HS|  |TAMS 0x0000000082f00000, 0x0000000082e00000| Complete 
|  47|0x0000000082f00000, 0x0000000083000000, 0x0000000083000000|100%|HC|  |TAMS 0x0000000083000000, 0x0000000082f00000| Complete 
|  48|0x0000000083000000, 0x0000000083100000, 0x0000000083100000|100%|HC|  |TAMS 0x0000000083100000, 0x0000000083000000| Complete 
|  49|0x0000000083100000, 0x0000000083200000, 0x0000000083200000|100%|HC|  |TAMS 0x0000000083200000, 0x0000000083100000| Complete 
|  50|0x0000000083200000, 0x0000000083300000, 0x0000000083300000|100%|HC|  |TAMS 0x0000000083300000, 0x0000000083200000| Complete 
|  51|0x0000000083300000, 0x0000000083400000, 0x0000000083400000|100%| O|  |TAMS 0x0000000083400000, 0x0000000083300000| Untracked 
|  52|0x0000000083400000, 0x0000000083500000, 0x0000000083500000|100%| O|  |TAMS 0x0000000083500000, 0x0000000083400000| Untracked 
|  53|0x0000000083500000, 0x0000000083600000, 0x0000000083600000|100%| O|  |TAMS 0x0000000083600000, 0x0000000083500000| Untracked 
|  54|0x0000000083600000, 0x0000000083700000, 0x0000000083700000|100%| O|  |TAMS 0x0000000083700000, 0x0000000083600000| Untracked 
|  55|0x0000000083700000, 0x0000000083800000, 0x0000000083800000|100%| O|  |TAMS 0x0000000083800000, 0x0000000083700000| Untracked 
|  56|0x0000000083800000, 0x0000000083900000, 0x0000000083900000|100%| O|  |TAMS 0x0000000083900000, 0x0000000083800000| Untracked 
|  57|0x0000000083900000, 0x0000000083a00000, 0x0000000083a00000|100%| O|  |TAMS 0x0000000083a00000, 0x0000000083900000| Untracked 
|  58|0x0000000083a00000, 0x0000000083af0400, 0x0000000083b00000| 93%| O|  |TAMS 0x0000000083a79200, 0x0000000083a00000| Untracked 
|  59|0x0000000083b00000, 0x0000000083c00000, 0x0000000083c00000|100%| O|  |TAMS 0x0000000083c00000, 0x0000000083b00000| Untracked 
|  60|0x0000000083c00000, 0x0000000083d00000, 0x0000000083d00000|100%| O|  |TAMS 0x0000000083d00000, 0x0000000083c00000| Untracked 
|  61|0x0000000083d00000, 0x0000000083d00000, 0x0000000083e00000|  0%| F|  |TAMS 0x0000000083d00000, 0x0000000083d00000| Untracked 
|  62|0x0000000083e00000, 0x0000000083e00000, 0x0000000083f00000|  0%| F|  |TAMS 0x0000000083e00000, 0x0000000083e00000| Untracked 
|  63|0x0000000083f00000, 0x0000000083f00000, 0x0000000084000000|  0%| F|  |TAMS 0x0000000083f00000, 0x0000000083f00000| Untracked 
|  64|0x0000000084000000, 0x0000000084000000, 0x0000000084100000|  0%| F|  |TAMS 0x0000000084000000, 0x0000000084000000| Untracked 
|  65|0x0000000084100000, 0x0000000084100000, 0x0000000084200000|  0%| F|  |TAMS 0x0000000084100000, 0x0000000084100000| Untracked 
|  66|0x0000000084200000, 0x000000008424d080, 0x0000000084300000| 30%| S|CS|TAMS 0x0000000084200000, 0x0000000084200000| Complete 
|  67|0x0000000084300000, 0x0000000084314498, 0x0000000084400000|  7%| E|  |TAMS 0x0000000084300000, 0x0000000084300000| Complete 
|  68|0x0000000084400000, 0x0000000084500000, 0x0000000084500000|100%| E|CS|TAMS 0x0000000084400000, 0x0000000084400000| Complete 

Card table byte_map: [0x00000225ecfb0000,0x00000225ed3b0000] _byte_map_base: 0x00000225ecbb0000

Marking Bits (Prev, Next): (CMBitMap*) 0x00000225da0ce5c0, (CMBitMap*) 0x00000225da0ce588
 Prev Bits: [0x00000225ef7b0000, 0x00000225f17b0000)
 Next Bits: [0x00000225ed7b0000, 0x00000225ef7b0000)

Polling page: 0x00000225d9860000

Metaspace:

Usage:
  Non-class:     35.58 MB capacity,    34.88 MB ( 98%) used,   606.31 KB (  2%) free+waste,   109.62 KB ( <1%) overhead. 
      Class:      5.53 MB capacity,     5.13 MB ( 93%) used,   357.16 KB (  6%) free+waste,    53.06 KB ( <1%) overhead. 
       Both:     41.11 MB capacity,    40.01 MB ( 97%) used,   963.47 KB (  2%) free+waste,   162.69 KB ( <1%) overhead. 

Virtual space:
  Non-class space:       36.00 MB reserved,      35.67 MB (>99%) committed 
      Class space:        1.00 GB reserved,       5.62 MB ( <1%) committed 
             Both:        1.04 GB reserved,      41.30 MB (  4%) committed 

Chunk freelists:
   Non-Class:  27.00 KB
       Class:  1.00 KB
        Both:  28.00 KB

MaxMetaspaceSize: 17179869184.00 GB
CompressedClassSpaceSize: 1.00 GB
Initial GC threshold: 20.80 MB
Current GC threshold: 68.20 MB
CDS: off

CodeHeap 'non-profiled nmethods': size=120064Kb used=2275Kb max_used=2275Kb free=117789Kb
 bounds [0x00000225e5670000, 0x00000225e58e0000, 0x00000225ecbb0000]
CodeHeap 'profiled nmethods': size=120000Kb used=8425Kb max_used=8425Kb free=111574Kb
 bounds [0x00000225de140000, 0x00000225de980000, 0x00000225e5670000]
CodeHeap 'non-nmethods': size=5696Kb used=1583Kb max_used=1611Kb free=4112Kb
 bounds [0x00000225ddbb0000, 0x00000225dde20000, 0x00000225de140000]
 total_blobs=4624 nmethods=3998 adapters=538
 compilation: enabled
              stopped_count=0, restarted_count=0
 full_count=0

Compilation events (20 events):
Event: 339.855 Thread 0x00000225f41e8800 nmethod 4010 0x00000225de977e10 code [0x00000225de977fe0, 0x00000225de978318]
Event: 339.855 Thread 0x00000225f41e8800 4011       3       groovy.lang.MetaClassImpl::createMetaBeanProperty (35 bytes)
Event: 339.855 Thread 0x00000225f41e8800 nmethod 4011 0x00000225de978410 code [0x00000225de978600, 0x00000225de978aa8]
Event: 339.856 Thread 0x00000225f41e8800 4012       3       org.codehaus.groovy.util.ManagedReference::<init> (14 bytes)
Event: 339.856 Thread 0x00000225f41e8800 nmethod 4012 0x00000225de978c90 code [0x00000225de978e40, 0x00000225de978fa8]
Event: 341.088 Thread 0x00000225f41e8800 4013       3       java.beans.FeatureDescriptor::setClass0 (9 bytes)
Event: 341.088 Thread 0x00000225f41e8800 nmethod 4013 0x00000225de979090 code [0x00000225de979280, 0x00000225de979608]
Event: 341.093 Thread 0x00000225f41e8800 4014       1       groovy.lang.MetaBeanProperty::getSetter (5 bytes)
Event: 341.094 Thread 0x00000225f41e8800 nmethod 4014 0x00000225e58a7610 code [0x00000225e58a77c0, 0x00000225e58a7878]
Event: 341.094 Thread 0x00000225f41e8800 4015       1       org.codehaus.groovy.reflection.GeneratedMetaMethod::getReturnType (5 bytes)
Event: 341.094 Thread 0x00000225f41e8800 nmethod 4015 0x00000225e58a7910 code [0x00000225e58a7ac0, 0x00000225e58a7b78]
Event: 342.411 Thread 0x00000225f41e8800 4016       3       java.lang.Class::getMethods (26 bytes)
Event: 342.412 Thread 0x00000225f41e8800 nmethod 4016 0x00000225de979790 code [0x00000225de979980, 0x00000225de979bf8]
Event: 342.415 Thread 0x00000225f41e8800 4017       3       java.lang.reflect.Proxy::<init> (15 bytes)
Event: 342.415 Thread 0x00000225f41e8800 nmethod 4017 0x00000225de979d10 code [0x00000225de979ee0, 0x00000225de97a1e8]
Event: 342.421 Thread 0x00000225f3984800 4018       4       java.lang.PublicMethods$MethodList::filter (104 bytes)
Event: 342.430 Thread 0x00000225f41e8800 4020       3       org.codehaus.groovy.reflection.ClassInfo::isSAM (13 bytes)
Event: 342.430 Thread 0x00000225f41e8800 nmethod 4020 0x00000225de97a310 code [0x00000225de97a4e0, 0x00000225de97a6c8]
Event: 342.433 Thread 0x00000225f3984800 nmethod 4018 0x00000225e58a7c10 code [0x00000225e58a7de0, 0x00000225e58a8718]
Event: 342.433 Thread 0x00000225f3984800 4019       4       org.codehaus.groovy.reflection.CachedMethod::compareTo (25 bytes)

GC Heap History (20 events):
Event: 333.996 GC heap before
{Heap before GC invocations=87 (full 0):
 garbage-first heap   total 70656K, used 63050K [0x0000000080000000, 0x0000000100000000)
  region size 1024K, 3 young (3072K), 1 survivors (1024K)
 Metaspace       used 40689K, capacity 41793K, committed 41904K, reserved 1085440K
  class space    used 5225K, capacity 5628K, committed 5632K, reserved 1048576K
}
Event: 333.999 GC heap after
{Heap after GC invocations=88 (full 0):
 garbage-first heap   total 70656K, used 61175K [0x0000000080000000, 0x0000000100000000)
  region size 1024K, 1 young (1024K), 1 survivors (1024K)
 Metaspace       used 40689K, capacity 41793K, committed 41904K, reserved 1085440K
  class space    used 5225K, capacity 5628K, committed 5632K, reserved 1048576K
}
Event: 334.028 GC heap before
{Heap before GC invocations=88 (full 0):
 garbage-first heap   total 70656K, used 63223K [0x0000000080000000, 0x0000000100000000)
  region size 1024K, 3 young (3072K), 1 survivors (1024K)
 Metaspace       used 40710K, capacity 41796K, committed 41904K, reserved 1085440K
  class space    used 5225K, capacity 5628K, committed 5632K, reserved 1048576K
}
Event: 334.031 GC heap after
{Heap after GC invocations=89 (full 0):
 garbage-first heap   total 70656K, used 61373K [0x0000000080000000, 0x0000000100000000)
  region size 1024K, 1 young (1024K), 1 survivors (1024K)
 Metaspace       used 40710K, capacity 41796K, committed 41904K, reserved 1085440K
  class space    used 5225K, capacity 5628K, committed 5632K, reserved 1048576K
}
Event: 334.917 GC heap before
{Heap before GC invocations=90 (full 0):
 garbage-first heap   total 70656K, used 63421K [0x0000000080000000, 0x0000000100000000)
  region size 1024K, 3 young (3072K), 1 survivors (1024K)
 Metaspace       used 40717K, capacity 41796K, committed 41904K, reserved 1085440K
  class space    used 5225K, capacity 5628K, committed 5632K, reserved 1048576K
}
Event: 334.922 GC heap after
{Heap after GC invocations=91 (full 0):
 garbage-first heap   total 70656K, used 61636K [0x0000000080000000, 0x0000000100000000)
  region size 1024K, 1 young (1024K), 1 survivors (1024K)
 Metaspace       used 40717K, capacity 41796K, committed 41904K, reserved 1085440K
  class space    used 5225K, capacity 5628K, committed 5632K, reserved 1048576K
}
Event: 335.076 GC heap before
{Heap before GC invocations=91 (full 0):
 garbage-first heap   total 70656K, used 63684K [0x0000000080000000, 0x0000000100000000)
  region size 1024K, 3 young (3072K), 1 survivors (1024K)
 Metaspace       used 40718K, capacity 41796K, committed 41904K, reserved 1085440K
  class space    used 5225K, capacity 5628K, committed 5632K, reserved 1048576K
}
Event: 335.081 GC heap after
{Heap after GC invocations=92 (full 0):
 garbage-first heap   total 70656K, used 61843K [0x0000000080000000, 0x0000000100000000)
  region size 1024K, 1 young (1024K), 1 survivors (1024K)
 Metaspace       used 40718K, capacity 41796K, committed 41904K, reserved 1085440K
  class space    used 5225K, capacity 5628K, committed 5632K, reserved 1048576K
}
Event: 335.404 GC heap before
{Heap before GC invocations=93 (full 0):
 garbage-first heap   total 70656K, used 63891K [0x0000000080000000, 0x0000000100000000)
  region size 1024K, 3 young (3072K), 1 survivors (1024K)
 Metaspace       used 40718K, capacity 41796K, committed 41904K, reserved 1085440K
  class space    used 5225K, capacity 5628K, committed 5632K, reserved 1048576K
}
Event: 335.409 GC heap after
{Heap after GC invocations=94 (full 0):
 garbage-first heap   total 70656K, used 62185K [0x0000000080000000, 0x0000000100000000)
  region size 1024K, 1 young (1024K), 1 survivors (1024K)
 Metaspace       used 40718K, capacity 41796K, committed 41904K, reserved 1085440K
  class space    used 5225K, capacity 5628K, committed 5632K, reserved 1048576K
}
Event: 335.679 GC heap before
{Heap before GC invocations=94 (full 0):
 garbage-first heap   total 70656K, used 64233K [0x0000000080000000, 0x0000000100000000)
  region size 1024K, 3 young (3072K), 1 survivors (1024K)
 Metaspace       used 40718K, capacity 41796K, committed 41904K, reserved 1085440K
  class space    used 5225K, capacity 5628K, committed 5632K, reserved 1048576K
}
Event: 335.738 GC heap after
{Heap after GC invocations=95 (full 0):
 garbage-first heap   total 70656K, used 61665K [0x0000000080000000, 0x0000000100000000)
  region size 1024K, 1 young (1024K), 1 survivors (1024K)
 Metaspace       used 40718K, capacity 41796K, committed 41904K, reserved 1085440K
  class space    used 5225K, capacity 5628K, committed 5632K, reserved 1048576K
}
Event: 335.889 GC heap before
{Heap before GC invocations=95 (full 0):
 garbage-first heap   total 70656K, used 63713K [0x0000000080000000, 0x0000000100000000)
  region size 1024K, 3 young (3072K), 1 survivors (1024K)
 Metaspace       used 40718K, capacity 41796K, committed 41904K, reserved 1085440K
  class space    used 5225K, capacity 5628K, committed 5632K, reserved 1048576K
}
Event: 335.992 GC heap after
{Heap after GC invocations=96 (full 0):
 garbage-first heap   total 70656K, used 61950K [0x0000000080000000, 0x0000000100000000)
  region size 1024K, 1 young (1024K), 1 survivors (1024K)
 Metaspace       used 40718K, capacity 41796K, committed 41904K, reserved 1085440K
  class space    used 5225K, capacity 5628K, committed 5632K, reserved 1048576K
}
Event: 337.451 GC heap before
{Heap before GC invocations=97 (full 0):
 garbage-first heap   total 70656K, used 63998K [0x0000000080000000, 0x0000000100000000)
  region size 1024K, 3 young (3072K), 1 survivors (1024K)
 Metaspace       used 40744K, capacity 41804K, committed 41904K, reserved 1085440K
  class space    used 5227K, capacity 5629K, committed 5632K, reserved 1048576K
}
Event: 337.457 GC heap after
{Heap after GC invocations=98 (full 0):
 garbage-first heap   total 70656K, used 62399K [0x0000000080000000, 0x0000000100000000)
  region size 1024K, 1 young (1024K), 1 survivors (1024K)
 Metaspace       used 40744K, capacity 41804K, committed 41904K, reserved 1085440K
  class space    used 5227K, capacity 5629K, committed 5632K, reserved 1048576K
}
Event: 337.489 GC heap before
{Heap before GC invocations=98 (full 0):
 garbage-first heap   total 70656K, used 64447K [0x0000000080000000, 0x0000000100000000)
  region size 1024K, 3 young (3072K), 1 survivors (1024K)
 Metaspace       used 40765K, capacity 41869K, committed 41904K, reserved 1085440K
  class space    used 5227K, capacity 5629K, committed 5632K, reserved 1048576K
}
Event: 337.494 GC heap after
{Heap after GC invocations=99 (full 0):
 garbage-first heap   total 70656K, used 62636K [0x0000000080000000, 0x0000000100000000)
  region size 1024K, 1 young (1024K), 1 survivors (1024K)
 Metaspace       used 40765K, capacity 41869K, committed 41904K, reserved 1085440K
  class space    used 5227K, capacity 5629K, committed 5632K, reserved 1048576K
}
Event: 341.054 GC heap before
{Heap before GC invocations=100 (full 0):
 garbage-first heap   total 70656K, used 64684K [0x0000000080000000, 0x0000000100000000)
  region size 1024K, 3 young (3072K), 1 survivors (1024K)
 Metaspace       used 40890K, capacity 42030K, committed 42288K, reserved 1085440K
  class space    used 5241K, capacity 5661K, committed 5760K, reserved 1048576K
}
Event: 341.057 GC heap after
{Heap after GC invocations=101 (full 0):
 garbage-first heap   total 70656K, used 62709K [0x0000000080000000, 0x0000000100000000)
  region size 1024K, 1 young (1024K), 1 survivors (1024K)
 Metaspace       used 40890K, capacity 42030K, committed 42288K, reserved 1085440K
  class space    used 5241K, capacity 5661K, committed 5760K, reserved 1048576K
}

Deoptimization events (20 events):
Event: 334.924 Thread 0x00000225f4ebb000 DEOPT PACKING pc=0x00000225e58903cc sp=0x0000009553ff6b90
Event: 334.924 Thread 0x00000225f4ebb000 DEOPT UNPACKING pc=0x00000225ddbfa1af sp=0x0000009553ff6a68 mode 2
Event: 334.926 Thread 0x00000225f4ebb000 Uncommon trap: trap_request=0xffffffbe fr.pc=0x00000225e58903cc relative=0x000000000000096c
Event: 334.926 Thread 0x00000225f4ebb000 Uncommon trap: reason=profile_predicate action=maybe_recompile pc=0x00000225e58903cc method=jdk.internal.jimage.ImageStringsReader.charsFromByteBuffer([CLjava/nio/ByteBuffer;)V @ 6 c2
Event: 334.926 Thread 0x00000225f4ebb000 DEOPT PACKING pc=0x00000225e58903cc sp=0x0000009553ff69b0
Event: 334.926 Thread 0x00000225f4ebb000 DEOPT UNPACKING pc=0x00000225ddbfa1af sp=0x0000009553ff6888 mode 2
Event: 334.926 Thread 0x00000225f4ebb000 Uncommon trap: trap_request=0xffffffbe fr.pc=0x00000225e58903cc relative=0x000000000000096c
Event: 334.926 Thread 0x00000225f4ebb000 Uncommon trap: reason=profile_predicate action=maybe_recompile pc=0x00000225e58903cc method=jdk.internal.jimage.ImageStringsReader.charsFromByteBuffer([CLjava/nio/ByteBuffer;)V @ 6 c2
Event: 334.926 Thread 0x00000225f4ebb000 DEOPT PACKING pc=0x00000225e58903cc sp=0x0000009553ff69b0
Event: 334.926 Thread 0x00000225f4ebb000 DEOPT UNPACKING pc=0x00000225ddbfa1af sp=0x0000009553ff6888 mode 2
Event: 335.039 Thread 0x00000225f4ebb000 DEOPT PACKING pc=0x00000225de915398 sp=0x0000009553ff6ed0
Event: 335.039 Thread 0x00000225f4ebb000 DEOPT UNPACKING pc=0x00000225ddbfa95e sp=0x0000009553ff63e0 mode 0
Event: 339.798 Thread 0x00000225f4ebb000 Uncommon trap: trap_request=0xffffffde fr.pc=0x00000225e588daec relative=0x000000000000044c
Event: 339.798 Thread 0x00000225f4ebb000 Uncommon trap: reason=class_check action=maybe_recompile pc=0x00000225e588daec method=java.util.regex.Pattern$Start.match(Ljava/util/regex/Matcher;ILjava/lang/CharSequence;)Z @ 44 c2
Event: 339.798 Thread 0x00000225f4ebb000 DEOPT PACKING pc=0x00000225e588daec sp=0x0000009553ff6730
Event: 339.798 Thread 0x00000225f4ebb000 DEOPT UNPACKING pc=0x00000225ddbfa1af sp=0x0000009553ff65f8 mode 2
Event: 339.801 Thread 0x00000225f4ebb000 Uncommon trap: trap_request=0xffffffde fr.pc=0x00000225e588daec relative=0x000000000000044c
Event: 339.801 Thread 0x00000225f4ebb000 Uncommon trap: reason=class_check action=maybe_recompile pc=0x00000225e588daec method=java.util.regex.Pattern$Start.match(Ljava/util/regex/Matcher;ILjava/lang/CharSequence;)Z @ 44 c2
Event: 339.801 Thread 0x00000225f4ebb000 DEOPT PACKING pc=0x00000225e588daec sp=0x0000009553ff6730
Event: 339.801 Thread 0x00000225f4ebb000 DEOPT UNPACKING pc=0x00000225ddbfa1af sp=0x0000009553ff65f8 mode 2

Classes redefined (0 events):
No events

Internal exceptions (20 events):
Event: 322.663 Thread 0x00000225f4ebb000 Exception <a 'java/lang/ClassNotFoundException'{0x00000000844c1738}: groovy/lang/MetaClassImplCustomizer> (0x00000000844c1738) thrown at [src/hotspot/share/classfile/systemDictionary.cpp, line 230]
Event: 322.669 Thread 0x00000225f4ebb000 Exception <a 'java/lang/ClassNotFoundException'{0x0000000084302dc0}: groovy/lang/ExpandoMetaClassCustomizer> (0x0000000084302dc0) thrown at [src/hotspot/share/classfile/systemDictionary.cpp, line 230]
Event: 337.461 Thread 0x00000225f4ebb000 Exception <a 'java/lang/ClassNotFoundException'{0x0000000084407360}: groovy/lang/BindingBeanInfo> (0x0000000084407360) thrown at [src/hotspot/share/classfile/systemDictionary.cpp, line 230]
Event: 337.465 Thread 0x00000225f4ebb000 Exception <a 'java/lang/ClassNotFoundException'{0x000000008442a3c0}: groovy/lang/GroovyObjectSupportBeanInfo> (0x000000008442a3c0) thrown at [src/hotspot/share/classfile/systemDictionary.cpp, line 230]
Event: 337.468 Thread 0x00000225f4ebb000 Exception <a 'java/lang/ClassNotFoundException'{0x000000008444d170}: groovy/lang/GroovyObjectSupportCustomizer> (0x000000008444d170) thrown at [src/hotspot/share/classfile/systemDictionary.cpp, line 230]
Event: 337.470 Thread 0x00000225f4ebb000 Exception <a 'java/lang/ClassNotFoundException'{0x0000000084472690}: groovy/lang/BindingCustomizer> (0x0000000084472690) thrown at [src/hotspot/share/classfile/systemDictionary.cpp, line 230]
Event: 337.486 Thread 0x00000225f4ebb000 Exception <a 'java/lang/ClassNotFoundException'{0x00000000843c33f8}: ijmapper_3emvlev0p1lcreaovho84vlrcBeanInfo> (0x00000000843c33f8) thrown at [src/hotspot/share/classfile/systemDictionary.cpp, line 230]
Event: 337.487 Thread 0x00000225f4ebb000 Exception <a 'java/lang/ClassNotFoundException'{0x00000000843da0d0}: org/gradle/initialization/InitScriptBeanInfo> (0x00000000843da0d0) thrown at [src/hotspot/share/classfile/systemDictionary.cpp, line 230]
Event: 337.488 Thread 0x00000225f4ebb000 Exception <a 'java/lang/ClassNotFoundException'{0x00000000843f0d38}: org/gradle/groovy/scripts/DefaultScriptBeanInfo> (0x00000000843f0d38) thrown at [src/hotspot/share/classfile/systemDictionary.cpp, line 230]
Event: 337.495 Thread 0x00000225f4ebb000 Exception <a 'java/lang/ClassNotFoundException'{0x0000000084407a08}: org/gradle/groovy/scripts/BasicScriptBeanInfo> (0x0000000084407a08) thrown at [src/hotspot/share/classfile/systemDictionary.cpp, line 230]
Event: 337.497 Thread 0x00000225f4ebb000 Exception <a 'java/lang/ClassNotFoundException'{0x000000008441dd18}: org/gradle/groovy/scripts/ScriptBeanInfo> (0x000000008441dd18) thrown at [src/hotspot/share/classfile/systemDictionary.cpp, line 230]
Event: 337.499 Thread 0x00000225f4ebb000 Exception <a 'java/lang/ClassNotFoundException'{0x000000008443f650}: groovy/lang/ScriptBeanInfo> (0x000000008443f650) thrown at [src/hotspot/share/classfile/systemDictionary.cpp, line 230]
Event: 337.500 Thread 0x00000225f4ebb000 Exception <a 'java/lang/ClassNotFoundException'{0x00000000844614a0}: groovy/lang/ScriptCustomizer> (0x00000000844614a0) thrown at [src/hotspot/share/classfile/systemDictionary.cpp, line 230]
Event: 337.510 Thread 0x00000225f4ebb000 Exception <a 'java/lang/ClassNotFoundException'{0x000000008447f140}: org/gradle/groovy/scripts/ScriptCustomizer> (0x000000008447f140) thrown at [src/hotspot/share/classfile/systemDictionary.cpp, line 230]
Event: 339.499 Thread 0x00000225f4ebb000 Exception <a 'java/lang/ClassNotFoundException'{0x00000000844a3548}: org/gradle/groovy/scripts/BasicScriptCustomizer> (0x00000000844a3548) thrown at [src/hotspot/share/classfile/systemDictionary.cpp, line 230]
Event: 339.796 Thread 0x00000225f4ebb000 Exception <a 'java/lang/ClassNotFoundException'{0x00000000844c5be0}: org/gradle/groovy/scripts/DefaultScriptCustomizer> (0x00000000844c5be0) thrown at [src/hotspot/share/classfile/systemDictionary.cpp, line 230]
Event: 339.832 Thread 0x00000225f4ebb000 Exception <a 'java/lang/ClassNotFoundException'{0x00000000844f93f8}: org/gradle/initialization/InitScriptCustomizer> (0x00000000844f93f8) thrown at [src/hotspot/share/classfile/systemDictionary.cpp, line 230]
Event: 339.838 Thread 0x00000225f4ebb000 Exception <a 'java/lang/ClassNotFoundException'{0x000000008430e100}: ijmapper_3emvlev0p1lcreaovho84vlrcCustomizer> (0x000000008430e100) thrown at [src/hotspot/share/classfile/systemDictionary.cpp, line 230]
Event: 341.067 Thread 0x00000225f4ebb000 Exception <a 'java/lang/ClassNotFoundException'{0x0000000084404c98}: org/gradle/internal/extensibility/DefaultExtraPropertiesExtensionBeanInfo> (0x0000000084404c98) thrown at [src/hotspot/share/classfile/systemDictionary.cpp, line 230]
Event: 341.083 Thread 0x00000225f4ebb000 Exception <a 'java/lang/ClassNotFoundException'{0x000000008441f7e8}: org/gradle/internal/extensibility/DefaultExtraPropertiesExtensionCustomizer> (0x000000008441f7e8) thrown at [src/hotspot/share/classfile/systemDictionary.cpp, line 230]

Events (20 events):
Event: 342.353 loading class org/gradle/api/internal/resources/DefaultResourceHandler
Event: 342.353 loading class org/gradle/api/internal/resources/DefaultResourceHandler done
Event: 342.354 loading class org/gradle/api/internal/file/copy/FileCopier
Event: 342.354 loading class org/gradle/api/internal/file/copy/FileCopier done
Event: 342.358 loading class org/gradle/api/internal/file/copy/CopyAction
Event: 342.358 loading class org/gradle/api/internal/file/copy/CopyAction done
Event: 342.360 loading class org/gradle/api/internal/file/copy/CopySpecInternal
Event: 342.360 loading class org/gradle/api/internal/file/copy/CopySpecInternal done
Event: 342.361 loading class org/gradle/api/file/SyncSpec
Event: 342.361 loading class org/gradle/api/file/SyncSpec done
Event: 342.401 loading class org/codehaus/groovy/runtime/callsite/PogoGetPropertySite
Event: 342.401 loading class org/codehaus/groovy/runtime/callsite/PogoGetPropertySite done
Event: 342.407 loading class org/gradle/internal/metaobject/DynamicInvokeResult
Event: 342.407 loading class org/gradle/internal/metaobject/DynamicInvokeResult done
Event: 342.410 loading class groovy/runtime/metaclass/org/gradle/invocation/DefaultGradle_DecoratedMetaClass
Event: 342.410 loading class groovy/runtime/metaclass/org/gradle/invocation/DefaultGradle_DecoratedMetaClass done
Event: 342.431 loading class org/gradle/api/internal/project/ProjectStateInternal
Event: 342.431 loading class org/gradle/api/internal/project/ProjectStateInternal done
Event: 342.471 loading class org/gradle/api/internal/tasks/TaskContainerInternal
Event: 342.471 loading class org/gradle/api/internal/tasks/TaskContainerInternal done


Dynamic libraries:
0x00007ff72e500000 - 0x00007ff72e50a000 	C:\Program Files\Android\Android Studio\jbr\bin\java.exe
0x00007ffb574d0000 - 0x00007ffb576e4000 	C:\WINDOWS\SYSTEM32\ntdll.dll
0x00007ffb55740000 - 0x00007ffb55802000 	C:\WINDOWS\System32\KERNEL32.DLL
0x00007ffb548d0000 - 0x00007ffb54c73000 	C:\WINDOWS\System32\KERNELBASE.dll
0x00007ffb54cf0000 - 0x00007ffb54e01000 	C:\WINDOWS\System32\ucrtbase.dll
0x00007ffb16430000 - 0x00007ffb16447000 	C:\Program Files\Android\Android Studio\jbr\bin\jli.dll
0x00007ffb570c0000 - 0x00007ffb5726b000 	C:\WINDOWS\System32\USER32.dll
0x00007ffb54f30000 - 0x00007ffb54f56000 	C:\WINDOWS\System32\win32u.dll
0x00007ffb56500000 - 0x00007ffb56529000 	C:\WINDOWS\System32\GDI32.dll
0x00007ffb54e10000 - 0x00007ffb54f29000 	C:\WINDOWS\System32\gdi32full.dll
0x00007ffb55190000 - 0x00007ffb5522a000 	C:\WINDOWS\System32\msvcp_win.dll
0x00007ffb131d0000 - 0x00007ffb131eb000 	C:\Program Files\Android\Android Studio\jbr\bin\VCRUNTIME140.dll
0x00007ffb40730000 - 0x00007ffb409be000 	C:\WINDOWS\WinSxS\amd64_microsoft.windows.common-controls_6595b64144ccf1df_6.0.22621.1635_none_270f70857386168e\COMCTL32.dll
0x00007ffb55aa0000 - 0x00007ffb55b47000 	C:\WINDOWS\System32\msvcrt.dll
0x00007ffb57070000 - 0x00007ffb570a1000 	C:\WINDOWS\System32\IMM32.DLL
0x00007ffb40310000 - 0x00007ffb4031c000 	C:\Program Files\Android\Android Studio\jbr\bin\vcruntime140_1.dll
0x00007ffb08930000 - 0x00007ffb089bd000 	C:\Program Files\Android\Android Studio\jbr\bin\msvcp140.dll
0x00007ffb01ed0000 - 0x00007ffb02a8c000 	C:\Program Files\Android\Android Studio\jbr\bin\server\jvm.dll
0x00007ffb559f0000 - 0x00007ffb55a9e000 	C:\WINDOWS\System32\ADVAPI32.dll
0x00007ffb55930000 - 0x00007ffb559d4000 	C:\WINDOWS\System32\sechost.dll
0x00007ffb56d20000 - 0x00007ffb56e37000 	C:\WINDOWS\System32\RPCRT4.dll
0x00007ffb55b50000 - 0x00007ffb55b58000 	C:\WINDOWS\System32\PSAPI.DLL
0x00007ffb33d50000 - 0x00007ffb33d59000 	C:\WINDOWS\SYSTEM32\WSOCK32.dll
0x00007ffb57270000 - 0x00007ffb572e1000 	C:\WINDOWS\System32\WS2_32.dll
0x00007ffb4cc00000 - 0x00007ffb4cc34000 	C:\WINDOWS\SYSTEM32\WINMM.dll
0x00007ffb52690000 - 0x00007ffb5269a000 	C:\WINDOWS\SYSTEM32\VERSION.dll
0x00007ffb53920000 - 0x00007ffb53938000 	C:\WINDOWS\SYSTEM32\kernel.appcore.dll
0x00007ffb3fae0000 - 0x00007ffb3faf0000 	C:\Program Files\Android\Android Studio\jbr\bin\verify.dll
0x00007ffb3da30000 - 0x00007ffb3dc5e000 	C:\WINDOWS\SYSTEM32\DBGHELP.DLL
0x00007ffb552b0000 - 0x00007ffb55639000 	C:\WINDOWS\System32\combase.dll
0x00007ffb55b60000 - 0x00007ffb55c37000 	C:\WINDOWS\System32\OLEAUT32.dll
0x00007ffb36f60000 - 0x00007ffb36f92000 	C:\WINDOWS\SYSTEM32\dbgcore.DLL
0x00007ffb55230000 - 0x00007ffb552ab000 	C:\WINDOWS\System32\bcryptPrimitives.dll
0x00007ffb3f7d0000 - 0x00007ffb3f7f8000 	C:\Program Files\Android\Android Studio\jbr\bin\java.dll
0x00007ffb3fad0000 - 0x00007ffb3fada000 	C:\Program Files\Android\Android Studio\jbr\bin\jimage.dll
0x00007ffb3f7b0000 - 0x00007ffb3f7c8000 	C:\Program Files\Android\Android Studio\jbr\bin\zip.dll
0x00007ffb55d00000 - 0x00007ffb564fa000 	C:\WINDOWS\System32\SHELL32.dll
0x00007ffb528d0000 - 0x00007ffb5319e000 	C:\WINDOWS\SYSTEM32\windows.storage.dll
0x00007ffb52790000 - 0x00007ffb528ce000 	C:\WINDOWS\SYSTEM32\wintypes.dll
0x00007ffb55640000 - 0x00007ffb55731000 	C:\WINDOWS\System32\SHCORE.dll
0x00007ffb55ca0000 - 0x00007ffb55cfe000 	C:\WINDOWS\System32\shlwapi.dll
0x00007ffb54800000 - 0x00007ffb54821000 	C:\WINDOWS\SYSTEM32\profapi.dll
0x00007ffb3f790000 - 0x00007ffb3f7a9000 	C:\Program Files\Android\Android Studio\jbr\bin\net.dll
0x00007ffb4a3e0000 - 0x00007ffb4a517000 	C:\WINDOWS\SYSTEM32\WINHTTP.dll
0x00007ffb53d90000 - 0x00007ffb53df9000 	C:\WINDOWS\system32\mswsock.dll
0x00007ffb3f770000 - 0x00007ffb3f783000 	C:\Program Files\Android\Android Studio\jbr\bin\nio.dll
0x00007ffb40390000 - 0x00007ffb403b7000 	C:\Users\HP-CSD\.gradle\native\68d5fa5c4cc2d200863cafc0d521ce42e7d3e7ee720ec0a83991735586a16f82\windows-amd64\native-platform.dll
0x00007ffab9d30000 - 0x00007ffab9e74000 	C:\Users\HP-CSD\.gradle\native\e376f236ea51e6404a007f0833ffe2c6e607c4080706a723a18a27aeea778392\windows-amd64\native-platform-file-events.dll
0x00007ffb3f740000 - 0x00007ffb3f74a000 	C:\Program Files\Android\Android Studio\jbr\bin\management.dll
0x00007ffb20ee0000 - 0x00007ffb20eeb000 	C:\Program Files\Android\Android Studio\jbr\bin\management_ext.dll
0x00007ffb53ff0000 - 0x00007ffb5400b000 	C:\WINDOWS\SYSTEM32\CRYPTSP.dll
0x00007ffb53890000 - 0x00007ffb538c5000 	C:\WINDOWS\system32\rsaenh.dll
0x00007ffb53e90000 - 0x00007ffb53eb8000 	C:\WINDOWS\SYSTEM32\USERENV.dll
0x00007ffb541b0000 - 0x00007ffb541d8000 	C:\WINDOWS\SYSTEM32\bcrypt.dll
0x00007ffb54010000 - 0x00007ffb5401c000 	C:\WINDOWS\SYSTEM32\CRYPTBASE.dll
0x00007ffb53440000 - 0x00007ffb5346d000 	C:\WINDOWS\SYSTEM32\IPHLPAPI.DLL
0x00007ffb566f0000 - 0x00007ffb566f9000 	C:\WINDOWS\System32\NSI.dll
0x00007ffb4a600000 - 0x00007ffb4a619000 	C:\WINDOWS\SYSTEM32\dhcpcsvc6.DLL
0x00007ffb4a2c0000 - 0x00007ffb4a2df000 	C:\WINDOWS\SYSTEM32\dhcpcsvc.DLL
0x00007ffb53470000 - 0x00007ffb53563000 	C:\WINDOWS\SYSTEM32\DNSAPI.dll

dbghelp: loaded successfully - version: 4.0.5 - missing functions: none
symbol engine: initialized successfully - sym options: 0x614 - pdb path: .;C:\Program Files\Android\Android Studio\jbr\bin;C:\WINDOWS\SYSTEM32;C:\WINDOWS\WinSxS\amd64_microsoft.windows.common-controls_6595b64144ccf1df_6.0.22621.1635_none_270f70857386168e;C:\Program Files\Android\Android Studio\jbr\bin\server;C:\Users\HP-CSD\.gradle\native\68d5fa5c4cc2d200863cafc0d521ce42e7d3e7ee720ec0a83991735586a16f82\windows-amd64;C:\Users\HP-CSD\.gradle\native\e376f236ea51e6404a007f0833ffe2c6e607c4080706a723a18a27aeea778392\windows-amd64

VM Arguments:
jvm_args: --add-opens=java.base/java.util=ALL-UNNAMED --add-opens=java.base/java.lang=ALL-UNNAMED --add-opens=java.base/java.lang.invoke=ALL-UNNAMED --add-opens=java.prefs/java.util.prefs=ALL-UNNAMED --add-opens=java.base/java.nio.charset=ALL-UNNAMED --add-opens=java.base/java.net=ALL-UNNAMED --add-opens=java.base/java.util.concurrent.atomic=ALL-UNNAMED -Xmx2048m -Dfile.encoding=UTF-8 -Duser.country=PE -Duser.language=es -Duser.variant 
java_command: org.gradle.launcher.daemon.bootstrap.GradleDaemon 8.0
java_class_path (initial): C:\Users\HP-CSD\.gradle\wrapper\dists\gradle-8.0-bin\ca5e32bp14vu59qr306oxotwh\gradle-8.0\lib\gradle-launcher-8.0.jar
Launcher Type: SUN_STANDARD

[Global flags]
     intx CICompilerCount                          = 2                                         {product} {ergonomic}
     uint ConcGCThreads                            = 1                                         {product} {ergonomic}
     uint G1ConcRefinementThreads                  = 2                                         {product} {ergonomic}
   size_t G1HeapRegionSize                         = 1048576                                   {product} {ergonomic}
    uintx GCDrainStackTargetSize                   = 64                                        {product} {ergonomic}
   size_t InitialHeapSize                          = 58720256                                  {product} {ergonomic}
   size_t MarkStackSize                            = 4194304                                   {product} {ergonomic}
   size_t MaxHeapSize                              = 2147483648                                {product} {command line}
   size_t MaxNewSize                               = 1287651328                                {product} {ergonomic}
   size_t MinHeapDeltaBytes                        = 1048576                                   {product} {ergonomic}
    uintx NonNMethodCodeHeapSize                   = 5825164                                {pd product} {ergonomic}
    uintx NonProfiledCodeHeapSize                  = 122916538                              {pd product} {ergonomic}
    uintx ProfiledCodeHeapSize                     = 122916538                              {pd product} {ergonomic}
    uintx ReservedCodeCacheSize                    = 251658240                              {pd product} {ergonomic}
     bool SegmentedCodeCache                       = true                                      {product} {ergonomic}
     bool UseCompressedClassPointers               = true                                 {lp64_product} {ergonomic}
     bool UseCompressedOops                        = true                                 {lp64_product} {ergonomic}
     bool UseG1GC                                  = true                                      {product} {ergonomic}
     bool UseLargePagesIndividualAllocation        = false                                  {pd product} {ergonomic}

Logging:
Log output configuration:
 #0: stdout all=warning uptime,level,tags
 #1: stderr all=off uptime,level,tags

Environment Variables:
JAVA_HOME=C:\Program Files\Java\jdk-17
PATH=C:\app\HP-CSD\product\21c\dbhomeXE\bin;C:\Program Files\Common Files\Oracle\Java\javapath;C:\oraclexe\app\oracle\product\11.2.0\server\bin;C:\WINDOWS\system32;C:\WINDOWS;C:\WINDOWS\System32\Wbem;C:\WINDOWS\System32\WindowsPowerShell\v1.0\;C:\WINDOWS\System32\OpenSSH\;C:\Program Files\Git\cmd;C:\Program Files\nodejs\;C:\xampp\php;C:\ProgramData\ComposerSetup\bin;C:\Program Files\Java\jdk-17\bin;C:\Program Files\Apache Software Foundation\Tomcat 9.0\bin;C:\Users\HP-CSD\AppData\Local\Programs\Python\Python310\Scripts\;C:\Users\HP-CSD\AppData\Local\Programs\Python\Python310\;C:\Users\HP-CSD\AppData\Local\Microsoft\WindowsApps;C:\Program Files\MongoDB\Server\6.0\bin;C:\Program Files\MongoDB\Server\5.0\bin;D:\VISUAL\Microsoft VS Code\bin;C:\Users\HP-CSD\AppData\Roaming\npm;C:\Users\HP-CSD\AppData\Roaming\Composer\vendor\bin;
USERNAME=HP-CSD
OS=Windows_NT
PROCESSOR_IDENTIFIER=AMD64 Family 23 Model 24 Stepping 1, AuthenticAMD



---------------  S Y S T E M  ---------------

OS: Windows 11 , 64 bit Build 22621 (10.0.22621.1778)
OS uptime: 0 days 0:39 hours

CPU:total 2 (initial active 2) (2 cores per cpu, 1 threads per core) family 23 model 24 stepping 1 microcode 0x0, cmov, cx8, fxsr, mmx, sse, sse2, sse3, ssse3, sse4.1, sse4.2, popcnt, avx, avx2, aes, clmul, mmxext, 3dnowpref, lzcnt, sse4a, tsc, tscinvbit, tscinv, bmi1, bmi2, adx, sha, fma

Memory: 4k page, system-wide physical 3500M (24M free)
TotalPageFile size 14252M (AvailPageFile size 5M)
current process WorkingSet (physical memory assigned to process): 101M, peak: 137M
current process commit charge ("private bytes"): 220M, peak: 223M

vm_info: OpenJDK 64-Bit Server VM (11.0.15+0-b2043.56-9505619) for windows-amd64 JRE (11.0.15+0-b2043.56-9505619), built on Jan 19 2023 02:48:00 by "builduser" with unknown MS VC++:1929

END.
