#
# There is insufficient memory for the Java Runtime Environment to continue.
# Native memory allocation (mmap) failed to map 92274688 bytes for G1 virtual space
# Possible reasons:
#   The system is out of physical RAM or swap space
#   The process is running with CompressedOops enabled, and the Java Heap may be blocking the growth of the native heap
# Possible solutions:
#   Reduce memory load on the system
#   Increase physical memory or swap space
#   Check if swap backing store is full
#   Decrease Java heap size (-Xmx/-Xms)
#   Decrease number of Java threads
#   Decrease Java thread stack sizes (-Xss)
#   Set larger code cache with -XX:ReservedCodeCacheSize=
#   JVM is running with Unscaled Compressed Oops mode in which the Java heap is
#     placed in the first 4GB address space. The Java Heap base address is the
#     maximum limit for the native heap growth. Please use -XX:HeapBaseMinAddress
#     to set the Java Heap base and to place the Java Heap above 4GB virtual address.
# This output file may be truncated or incomplete.
#
#  Out of Memory Error (os_windows.cpp:3559), pid=7668, tid=13880
#
# JRE version: OpenJDK Runtime Environment Zulu17.42+19-CA (17.0.7+7) (build 17.0.7+7-LTS)
# Java VM: OpenJDK 64-Bit Server VM Zulu17.42+19-CA (17.0.7+7-LTS, mixed mode, sharing, tiered, compressed oops, compressed class ptrs, g1 gc, windows-amd64)
# No core dump will be written. Minidumps are not enabled by default on client versions of Windows
#

---------------  S U M M A R Y ------------

Command Line: org.jetbrains.kotlin.cli.jvm.K2JVMCompiler @C:\Users\HP-CSD\AndroidStudioProjects\PokeTinder\app\build\20230616_1560641243155501796.compiler.options

Host: AMD Athlon Silver 3050U with Radeon Graphics   , 2 cores, 3G,  Windows 11 , 64 bit Build 22621 (10.0.22621.1778)
Time: Fri Jun 16 23:29:33 2023 Hora est. Pacífico, Sudamérica elapsed time: 18.649978 seconds (0d 0h 0m 18s)

---------------  T H R E A D  ---------------

Current thread (0x00000248f4fb80d0):  VMThread "VM Thread" [stack: 0x000000f340b00000,0x000000f340c00000] [id=13880]

Stack: [0x000000f340b00000,0x000000f340c00000]
Native frames: (J=compiled Java code, j=interpreted, Vv=VM code, C=native code)
V  [jvm.dll+0x67c77a]
V  [jvm.dll+0x83a0b4]
V  [jvm.dll+0x83b85e]
V  [jvm.dll+0x83bec3]
V  [jvm.dll+0x24a5af]
V  [jvm.dll+0x679649]
V  [jvm.dll+0x66deda]
V  [jvm.dll+0x309ccb]
V  [jvm.dll+0x311176]
V  [jvm.dll+0x3612fe]
V  [jvm.dll+0x36152f]
V  [jvm.dll+0x2e0c28]
V  [jvm.dll+0x2dee04]
V  [jvm.dll+0x2de40c]
V  [jvm.dll+0x32212b]
V  [jvm.dll+0x84039b]
V  [jvm.dll+0x8410d4]
V  [jvm.dll+0x8415ed]
V  [jvm.dll+0x8419c4]
V  [jvm.dll+0x841a90]
V  [jvm.dll+0x7ea73a]
V  [jvm.dll+0x67b5c5]
C  [ucrtbase.dll+0x29363]
C  [KERNEL32.DLL+0x126ad]
C  [ntdll.dll+0x5a9f8]

VM_Operation (0x000000f3404fa3f0): G1CollectForAllocation, mode: safepoint, requested by thread 0x00000248da3c76b0


---------------  P R O C E S S  ---------------

Threads class SMR info:
_java_thread_list=0x00000248f5079860, length=12, elements={
0x00000248da3c76b0, 0x00000248f4fbf270, 0x00000248f4fbfe30, 0x00000248f4fddac0,
0x00000248f4fde680, 0x00000248f4fe1150, 0x00000248f4fe1b10, 0x00000248f4fe28b0,
0x00000248f4fe3360, 0x00000248f504c350, 0x00000248f508d450, 0x00000248f508e360
}

Java Threads: ( => current thread )
  0x00000248da3c76b0 JavaThread "main" [_thread_blocked, id=2836, stack(0x000000f340400000,0x000000f340500000)]
  0x00000248f4fbf270 JavaThread "Reference Handler" daemon [_thread_blocked, id=9152, stack(0x000000f340c00000,0x000000f340d00000)]
  0x00000248f4fbfe30 JavaThread "Finalizer" daemon [_thread_blocked, id=7364, stack(0x000000f340d00000,0x000000f340e00000)]
  0x00000248f4fddac0 JavaThread "Signal Dispatcher" daemon [_thread_blocked, id=4032, stack(0x000000f340e00000,0x000000f340f00000)]
  0x00000248f4fde680 JavaThread "Attach Listener" daemon [_thread_blocked, id=10040, stack(0x000000f340f00000,0x000000f341000000)]
  0x00000248f4fe1150 JavaThread "Service Thread" daemon [_thread_blocked, id=11404, stack(0x000000f341000000,0x000000f341100000)]
  0x00000248f4fe1b10 JavaThread "Monitor Deflation Thread" daemon [_thread_blocked, id=8188, stack(0x000000f341100000,0x000000f341200000)]
  0x00000248f4fe28b0 JavaThread "C2 CompilerThread0" daemon [_thread_blocked, id=7732, stack(0x000000f341200000,0x000000f341300000)]
  0x00000248f4fe3360 JavaThread "C1 CompilerThread0" daemon [_thread_blocked, id=12276, stack(0x000000f341300000,0x000000f341400000)]
  0x00000248f504c350 JavaThread "Sweeper thread" daemon [_thread_blocked, id=7552, stack(0x000000f341400000,0x000000f341500000)]
  0x00000248f508d450 JavaThread "Notification Thread" daemon [_thread_blocked, id=7680, stack(0x000000f341500000,0x000000f341600000)]
  0x00000248f508e360 JavaThread "Common-Cleaner" daemon [_thread_blocked, id=4088, stack(0x000000f341700000,0x000000f341800000)]

Other Threads:
=>0x00000248f4fb80d0 VMThread "VM Thread" [stack: 0x000000f340b00000,0x000000f340c00000] [id=13880]
  0x00000248f508d930 WatcherThread [stack: 0x000000f341600000,0x000000f341700000] [id=5204]
  0x00000248da400c30 GCTaskThread "GC Thread#0" [stack: 0x000000f340600000,0x000000f340700000] [id=9900]
  0x00000248f53eef00 GCTaskThread "GC Thread#1" [stack: 0x000000f341800000,0x000000f341900000] [id=11164]
  0x00000248da408900 ConcurrentGCThread "G1 Main Marker" [stack: 0x000000f340700000,0x000000f340800000] [id=1068]
  0x00000248da409310 ConcurrentGCThread "G1 Conc#0" [stack: 0x000000f340800000,0x000000f340900000] [id=616]
  0x00000248da479880 ConcurrentGCThread "G1 Refine#0" [stack: 0x000000f340900000,0x000000f340a00000] [id=9696]
  0x00000248f56f3870 ConcurrentGCThread "G1 Refine#1" [stack: 0x000000f341900000,0x000000f341a00000] [id=596]
  0x00000248da47b160 ConcurrentGCThread "G1 Service" [stack: 0x000000f340a00000,0x000000f340b00000] [id=3260]

Threads with active compile tasks:
C2 CompilerThread0    18678 7143       4       org.jetbrains.kotlin.load.java.lazy.descriptors.LazyJavaScope::getContributedVariables (48 bytes)

VM state: at safepoint (normal execution)

VM Mutex/Monitor currently owned by a thread:  ([mutex/lock_event])
[0x00000248da3c4940] Threads_lock - owner thread: 0x00000248f4fb80d0
[0x00000248da3c44c0] Heap_lock - owner thread: 0x00000248da3c76b0

Heap address: 0x00000000c9400000, size: 876 MB, Compressed Oops mode: 32-bit

CDS archive(s) mapped at: [0x0000000800000000-0x0000000800c00000-0x0000000800c00000), size 12582912, SharedBaseAddress: 0x0000000800000000, ArchiveRelocationMode: 0.
Compressed class space mapped at: 0x0000000801000000-0x0000000841000000, reserved size: 1073741824
Narrow klass base: 0x0000000800000000, Narrow klass shift: 0, Narrow klass range: 0x100000000

GC Precious Log:
 CPUs: 2 total, 2 available
 Memory: 3500M
 Large Page Support: Disabled
 NUMA Support: Disabled
 Compressed Oops: Enabled (32-bit)
 Heap Region Size: 1M
 Heap Min Capacity: 8M
 Heap Initial Capacity: 56M
 Heap Max Capacity: 876M
 Pre-touch: Disabled
 Parallel Workers: 2
 Concurrent Workers: 1
 Concurrent Refinement Workers: 2
 Periodic GC: Disabled

Heap:
 garbage-first heap   total 87040K, used 55493K [0x00000000c9400000, 0x0000000100000000)
  region size 1024K, 3 young (3072K), 3 survivors (3072K)
 Metaspace       used 54248K, committed 54528K, reserved 1114112K
  class space    used 6571K, committed 6720K, reserved 1048576K

Heap Regions: E=young(eden), S=young(survivor), O=old, HS=humongous(starts), HC=humongous(continues), CS=collection set, F=free, OA=open archive, CA=closed archive, TAMS=top-at-mark-start (previous, next)
|   0|0x00000000c9400000, 0x00000000c9500000, 0x00000000c9500000|100%|HS|  |TAMS 0x00000000c9500000, 0x00000000c9500000| Complete 
|   1|0x00000000c9500000, 0x00000000c9600000, 0x00000000c9600000|100%|HC|  |TAMS 0x00000000c9600000, 0x00000000c9600000| Complete 
|   2|0x00000000c9600000, 0x00000000c9700000, 0x00000000c9700000|100%|HC|  |TAMS 0x00000000c9700000, 0x00000000c9700000| Complete 
|   3|0x00000000c9700000, 0x00000000c9800000, 0x00000000c9800000|100%|HC|  |TAMS 0x00000000c9800000, 0x00000000c9800000| Complete 
|   4|0x00000000c9800000, 0x00000000c9900000, 0x00000000c9900000|100%| O|  |TAMS 0x00000000c9900000, 0x00000000c9900000| Untracked 
|   5|0x00000000c9900000, 0x00000000c9a00000, 0x00000000c9a00000|100%| O|  |TAMS 0x00000000c9a00000, 0x00000000c9a00000| Untracked 
|   6|0x00000000c9a00000, 0x00000000c9b00000, 0x00000000c9b00000|100%| O|  |TAMS 0x00000000c9b00000, 0x00000000c9b00000| Untracked 
|   7|0x00000000c9b00000, 0x00000000c9c00000, 0x00000000c9c00000|100%|HS|  |TAMS 0x00000000c9c00000, 0x00000000c9c00000| Complete 
|   8|0x00000000c9c00000, 0x00000000c9d00000, 0x00000000c9d00000|100%|HC|  |TAMS 0x00000000c9d00000, 0x00000000c9d00000| Complete 
|   9|0x00000000c9d00000, 0x00000000c9e00000, 0x00000000c9e00000|100%|HC|  |TAMS 0x00000000c9e00000, 0x00000000c9e00000| Complete 
|  10|0x00000000c9e00000, 0x00000000c9f00000, 0x00000000c9f00000|100%|HC|  |TAMS 0x00000000c9f00000, 0x00000000c9f00000| Complete 
|  11|0x00000000c9f00000, 0x00000000ca000000, 0x00000000ca000000|100%| O|  |TAMS 0x00000000ca000000, 0x00000000ca000000| Untracked 
|  12|0x00000000ca000000, 0x00000000ca100000, 0x00000000ca100000|100%| O|  |TAMS 0x00000000ca100000, 0x00000000ca100000| Untracked 
|  13|0x00000000ca100000, 0x00000000ca200000, 0x00000000ca200000|100%| O|  |TAMS 0x00000000ca200000, 0x00000000ca200000| Untracked 
|  14|0x00000000ca200000, 0x00000000ca300000, 0x00000000ca300000|100%| O|  |TAMS 0x00000000ca300000, 0x00000000ca300000| Untracked 
|  15|0x00000000ca300000, 0x00000000ca400000, 0x00000000ca400000|100%| O|  |TAMS 0x00000000ca400000, 0x00000000ca400000| Untracked 
|  16|0x00000000ca400000, 0x00000000ca500000, 0x00000000ca500000|100%| O|  |TAMS 0x00000000ca500000, 0x00000000ca500000| Untracked 
|  17|0x00000000ca500000, 0x00000000ca600000, 0x00000000ca600000|100%| O|  |TAMS 0x00000000ca600000, 0x00000000ca600000| Untracked 
|  18|0x00000000ca600000, 0x00000000ca700000, 0x00000000ca700000|100%| O|  |TAMS 0x00000000ca700000, 0x00000000ca700000| Untracked 
|  19|0x00000000ca700000, 0x00000000ca800000, 0x00000000ca800000|100%| O|  |TAMS 0x00000000ca800000, 0x00000000ca800000| Untracked 
|  20|0x00000000ca800000, 0x00000000ca900000, 0x00000000ca900000|100%| O|  |TAMS 0x00000000ca900000, 0x00000000ca900000| Untracked 
|  21|0x00000000ca900000, 0x00000000caa00000, 0x00000000caa00000|100%| O|  |TAMS 0x00000000caa00000, 0x00000000caa00000| Untracked 
|  22|0x00000000caa00000, 0x00000000cab00000, 0x00000000cab00000|100%| O|  |TAMS 0x00000000cab00000, 0x00000000cab00000| Untracked 
|  23|0x00000000cab00000, 0x00000000cac00000, 0x00000000cac00000|100%| O|  |TAMS 0x00000000cac00000, 0x00000000cac00000| Untracked 
|  24|0x00000000cac00000, 0x00000000cad00000, 0x00000000cad00000|100%| O|  |TAMS 0x00000000cad00000, 0x00000000cad00000| Untracked 
|  25|0x00000000cad00000, 0x00000000cae00000, 0x00000000cae00000|100%| O|  |TAMS 0x00000000cae00000, 0x00000000cae00000| Untracked 
|  26|0x00000000cae00000, 0x00000000caf00000, 0x00000000caf00000|100%| O|  |TAMS 0x00000000caf00000, 0x00000000caf00000| Untracked 
|  27|0x00000000caf00000, 0x00000000cb000000, 0x00000000cb000000|100%|HS|  |TAMS 0x00000000cb000000, 0x00000000cb000000| Complete 
|  28|0x00000000cb000000, 0x00000000cb100000, 0x00000000cb100000|100%|HC|  |TAMS 0x00000000cb100000, 0x00000000cb100000| Complete 
|  29|0x00000000cb100000, 0x00000000cb200000, 0x00000000cb200000|100%| O|  |TAMS 0x00000000cb200000, 0x00000000cb200000| Untracked 
|  30|0x00000000cb200000, 0x00000000cb300000, 0x00000000cb300000|100%| O|  |TAMS 0x00000000cb300000, 0x00000000cb300000| Untracked 
|  31|0x00000000cb300000, 0x00000000cb400000, 0x00000000cb400000|100%| O|  |TAMS 0x00000000cb400000, 0x00000000cb400000| Untracked 
|  32|0x00000000cb400000, 0x00000000cb500000, 0x00000000cb500000|100%| O|  |TAMS 0x00000000cb500000, 0x00000000cb500000| Untracked 
|  33|0x00000000cb500000, 0x00000000cb600000, 0x00000000cb600000|100%| O|  |TAMS 0x00000000cb600000, 0x00000000cb600000| Untracked 
|  34|0x00000000cb600000, 0x00000000cb700000, 0x00000000cb700000|100%| O|  |TAMS 0x00000000cb700000, 0x00000000cb700000| Untracked 
|  35|0x00000000cb700000, 0x00000000cb800000, 0x00000000cb800000|100%| O|  |TAMS 0x00000000cb800000, 0x00000000cb800000| Untracked 
|  36|0x00000000cb800000, 0x00000000cb900000, 0x00000000cb900000|100%| O|  |TAMS 0x00000000cb900000, 0x00000000cb900000| Untracked 
|  37|0x00000000cb900000, 0x00000000cba00000, 0x00000000cba00000|100%| O|  |TAMS 0x00000000cba00000, 0x00000000cba00000| Untracked 
|  38|0x00000000cba00000, 0x00000000cbb00000, 0x00000000cbb00000|100%| O|  |TAMS 0x00000000cbb00000, 0x00000000cbb00000| Untracked 
|  39|0x00000000cbb00000, 0x00000000cbc00000, 0x00000000cbc00000|100%| O|  |TAMS 0x00000000cbc00000, 0x00000000cbc00000| Untracked 
|  40|0x00000000cbc00000, 0x00000000cbd00000, 0x00000000cbd00000|100%| O|  |TAMS 0x00000000cbd00000, 0x00000000cbd00000| Untracked 
|  41|0x00000000cbd00000, 0x00000000cbe00000, 0x00000000cbe00000|100%| O|  |TAMS 0x00000000cbd00000, 0x00000000cbe00000| Untracked 
|  42|0x00000000cbe00000, 0x00000000cbf00000, 0x00000000cbf00000|100%| O|  |TAMS 0x00000000cbf00000, 0x00000000cbf00000| Untracked 
|  43|0x00000000cbf00000, 0x00000000cc000000, 0x00000000cc000000|100%| O|  |TAMS 0x00000000cc000000, 0x00000000cc000000| Untracked 
|  44|0x00000000cc000000, 0x00000000cc100000, 0x00000000cc100000|100%| O|  |TAMS 0x00000000cc100000, 0x00000000cc100000| Untracked 
|  45|0x00000000cc100000, 0x00000000cc200000, 0x00000000cc200000|100%| O|  |TAMS 0x00000000cc200000, 0x00000000cc200000| Untracked 
|  46|0x00000000cc200000, 0x00000000cc300000, 0x00000000cc300000|100%| O|  |TAMS 0x00000000cc266200, 0x00000000cc300000| Untracked 
|  47|0x00000000cc300000, 0x00000000cc400000, 0x00000000cc400000|100%| O|  |TAMS 0x00000000cc300000, 0x00000000cc400000| Untracked 
|  48|0x00000000cc400000, 0x00000000cc500000, 0x00000000cc500000|100%| O|  |TAMS 0x00000000cc400000, 0x00000000cc48fe00| Untracked 
|  49|0x00000000cc500000, 0x00000000cc600000, 0x00000000cc600000|100%| O|  |TAMS 0x00000000cc500000, 0x00000000cc500000| Untracked 
|  50|0x00000000cc600000, 0x00000000cc700000, 0x00000000cc700000|100%| O|  |TAMS 0x00000000cc600000, 0x00000000cc600000| Untracked 
|  51|0x00000000cc700000, 0x00000000cc73bc00, 0x00000000cc800000| 23%| O|  |TAMS 0x00000000cc700000, 0x00000000cc700000| Untracked 
|  52|0x00000000cc800000, 0x00000000cc800000, 0x00000000cc900000|  0%| F|  |TAMS 0x00000000cc800000, 0x00000000cc800000| Untracked 
|  53|0x00000000cc900000, 0x00000000cc900000, 0x00000000cca00000|  0%| F|  |TAMS 0x00000000cc900000, 0x00000000cc900000| Untracked 
|  54|0x00000000cca00000, 0x00000000cca00000, 0x00000000ccb00000|  0%| F|  |TAMS 0x00000000cca00000, 0x00000000cca00000| Untracked 
|  55|0x00000000ccb00000, 0x00000000ccb00000, 0x00000000ccc00000|  0%| F|  |TAMS 0x00000000ccb00000, 0x00000000ccb00000| Untracked 
|  56|0x00000000ccc00000, 0x00000000ccc00000, 0x00000000ccd00000|  0%| F|  |TAMS 0x00000000ccc00000, 0x00000000ccc00000| Untracked 
|  57|0x00000000ccd00000, 0x00000000ccd00000, 0x00000000cce00000|  0%| F|  |TAMS 0x00000000ccd00000, 0x00000000ccd00000| Untracked 
|  58|0x00000000cce00000, 0x00000000cce00000, 0x00000000ccf00000|  0%| F|  |TAMS 0x00000000cce00000, 0x00000000cce00000| Untracked 
|  59|0x00000000ccf00000, 0x00000000ccf00000, 0x00000000cd000000|  0%| F|  |TAMS 0x00000000ccf00000, 0x00000000ccf00000| Untracked 
|  60|0x00000000cd000000, 0x00000000cd000000, 0x00000000cd100000|  0%| F|  |TAMS 0x00000000cd000000, 0x00000000cd000000| Untracked 
|  61|0x00000000cd100000, 0x00000000cd100000, 0x00000000cd200000|  0%| F|  |TAMS 0x00000000cd100000, 0x00000000cd100000| Untracked 
|  62|0x00000000cd200000, 0x00000000cd200000, 0x00000000cd300000|  0%| F|  |TAMS 0x00000000cd200000, 0x00000000cd200000| Untracked 
|  63|0x00000000cd300000, 0x00000000cd3f5b00, 0x00000000cd400000| 95%| S|CS|TAMS 0x00000000cd300000, 0x00000000cd300000| Complete 
|  64|0x00000000cd400000, 0x00000000cd500000, 0x00000000cd500000|100%| S|CS|TAMS 0x00000000cd400000, 0x00000000cd400000| Complete 
|  65|0x00000000cd500000, 0x00000000cd600000, 0x00000000cd600000|100%| S|CS|TAMS 0x00000000cd500000, 0x00000000cd500000| Complete 
|  66|0x00000000cd600000, 0x00000000cd600000, 0x00000000cd700000|  0%| F|  |TAMS 0x00000000cd600000, 0x00000000cd600000| Untracked 
|  67|0x00000000cd700000, 0x00000000cd700000, 0x00000000cd800000|  0%| F|  |TAMS 0x00000000cd700000, 0x00000000cd700000| Untracked 
|  68|0x00000000cd800000, 0x00000000cd800000, 0x00000000cd900000|  0%| F|  |TAMS 0x00000000cd800000, 0x00000000cd800000| Untracked 
|  69|0x00000000cd900000, 0x00000000cd900000, 0x00000000cda00000|  0%| F|  |TAMS 0x00000000cd900000, 0x00000000cd900000| Untracked 
|  70|0x00000000cda00000, 0x00000000cda00000, 0x00000000cdb00000|  0%| F|  |TAMS 0x00000000cda00000, 0x00000000cda00000| Untracked 
|  71|0x00000000cdb00000, 0x00000000cdb00000, 0x00000000cdc00000|  0%| F|  |TAMS 0x00000000cdb00000, 0x00000000cdb00000| Untracked 
|  72|0x00000000cdc00000, 0x00000000cdc00000, 0x00000000cdd00000|  0%| F|  |TAMS 0x00000000cdc00000, 0x00000000cdc00000| Untracked 
|  73|0x00000000cdd00000, 0x00000000cdd00000, 0x00000000cde00000|  0%| F|  |TAMS 0x00000000cdd00000, 0x00000000cdd00000| Untracked 
|  74|0x00000000cde00000, 0x00000000cde00000, 0x00000000cdf00000|  0%| F|  |TAMS 0x00000000cde00000, 0x00000000cde00000| Untracked 
|  75|0x00000000cdf00000, 0x00000000cdf00000, 0x00000000ce000000|  0%| F|  |TAMS 0x00000000cdf00000, 0x00000000cdf00000| Untracked 
|  76|0x00000000ce000000, 0x00000000ce000000, 0x00000000ce100000|  0%| F|  |TAMS 0x00000000ce000000, 0x00000000ce000000| Untracked 
|  77|0x00000000ce100000, 0x00000000ce100000, 0x00000000ce200000|  0%| F|  |TAMS 0x00000000ce100000, 0x00000000ce100000| Untracked 
|  78|0x00000000ce200000, 0x00000000ce200000, 0x00000000ce300000|  0%| F|  |TAMS 0x00000000ce200000, 0x00000000ce200000| Untracked 
|  79|0x00000000ce300000, 0x00000000ce300000, 0x00000000ce400000|  0%| F|  |TAMS 0x00000000ce300000, 0x00000000ce300000| Untracked 
|  80|0x00000000ce400000, 0x00000000ce400000, 0x00000000ce500000|  0%| F|  |TAMS 0x00000000ce400000, 0x00000000ce400000| Untracked 
|  81|0x00000000ce500000, 0x00000000ce500000, 0x00000000ce600000|  0%| F|  |TAMS 0x00000000ce500000, 0x00000000ce500000| Untracked 
|  82|0x00000000ce600000, 0x00000000ce600000, 0x00000000ce700000|  0%| F|  |TAMS 0x00000000ce600000, 0x00000000ce600000| Untracked 
|  83|0x00000000ce700000, 0x00000000ce700000, 0x00000000ce800000|  0%| F|  |TAMS 0x00000000ce700000, 0x00000000ce700000| Untracked 
|  84|0x00000000ce800000, 0x00000000ce800000, 0x00000000ce900000|  0%| F|  |TAMS 0x00000000ce800000, 0x00000000ce800000| Untracked 

Card table byte_map: [0x00000248da150000,0x00000248da310000] _byte_map_base: 0x00000248d9b06000

Marking Bits (Prev, Next): (CMBitMap*) 0x00000248da401290, (CMBitMap*) 0x00000248da401250
 Prev Bits: [0x00000248f1ec0000, 0x00000248f2c70000)
 Next Bits: [0x00000248f1110000, 0x00000248f1ec0000)

Polling page: 0x00000248d8370000

Metaspace:

Usage:
  Non-class:     46.56 MB used.
      Class:      6.42 MB used.
       Both:     52.98 MB used.

Virtual space:
  Non-class space:       64.00 MB reserved,      46.69 MB ( 73%) committed,  1 nodes.
      Class space:        1.00 GB reserved,       6.56 MB ( <1%) committed,  1 nodes.
             Both:        1.06 GB reserved,      53.25 MB (  5%) committed. 

Chunk freelists:
   Non-Class:  972.00 KB
       Class:  9.36 MB
        Both:  10.31 MB

MaxMetaspaceSize: unlimited
CompressedClassSpaceSize: 1.00 GB
Initial GC threshold: 21.00 MB
Current GC threshold: 88.56 MB
CDS: on
MetaspaceReclaimPolicy: balanced
 - commit_granule_bytes: 65536.
 - commit_granule_words: 8192.
 - virtual_space_node_default_size: 8388608.
 - enlarge_chunks_in_place: 1.
 - new_chunks_are_fully_committed: 0.
 - uncommit_free_chunks: 1.
 - use_allocation_guard: 0.
 - handle_deallocations: 1.


Internal statistics:

num_allocs_failed_limit: 6.
num_arena_births: 290.
num_arena_deaths: 0.
num_vsnodes_births: 2.
num_vsnodes_deaths: 0.
num_space_committed: 850.
num_space_uncommitted: 0.
num_chunks_returned_to_freelist: 6.
num_chunks_taken_from_freelist: 2184.
num_chunk_merges: 6.
num_chunk_splits: 1762.
num_chunks_enlarged: 1540.
num_inconsistent_stats: 0.

CodeHeap 'non-profiled nmethods': size=120064Kb used=3270Kb max_used=3270Kb free=116793Kb
 bounds [0x00000248e9a10000, 0x00000248e9d50000, 0x00000248f0f50000]
CodeHeap 'profiled nmethods': size=120000Kb used=15067Kb max_used=15067Kb free=104932Kb
 bounds [0x00000248e1f50000, 0x00000248e2e10000, 0x00000248e9480000]
CodeHeap 'non-nmethods': size=5696Kb used=1309Kb max_used=1351Kb free=4387Kb
 bounds [0x00000248e9480000, 0x00000248e96f0000, 0x00000248e9a10000]
 total_blobs=6893 nmethods=6264 adapters=539
 compilation: enabled
              stopped_count=0, restarted_count=0
 full_count=0

Compilation events (20 events):
Event: 18.613 Thread 0x00000248f4fe3360 7141       3       org.jetbrains.kotlin.com.intellij.openapi.util.registry.Registry::is (16 bytes)
Event: 18.613 Thread 0x00000248f4fe3360 nmethod 7141 0x00000248e2e01c10 code [0x00000248e2e01e60, 0x00000248e2e02548]
Event: 18.613 Thread 0x00000248f4fe3360 7142       3       org.jetbrains.kotlin.com.intellij.openapi.util.registry.RegistryValue::asBoolean (24 bytes)
Event: 18.614 Thread 0x00000248f4fe3360 nmethod 7142 0x00000248e2e02790 code [0x00000248e2e02980, 0x00000248e2e02de8]
Event: 18.618 Thread 0x00000248f4fe28b0 nmethod 7129 0x00000248e9d40c10 code [0x00000248e9d40dc0, 0x00000248e9d41118]
Event: 18.618 Thread 0x00000248f4fe28b0 7126       4       kotlin.sequences.FilteringSequence::iterator (12 bytes)
Event: 18.619 Thread 0x00000248f4fe28b0 nmethod 7126 0x00000248e9d41410 code [0x00000248e9d415a0, 0x00000248e9d41778]
Event: 18.619 Thread 0x00000248f4fe28b0 7134       4       javaslang.collection.HashArrayMappedTrieModule$AbstractNode::toBitmap (4 bytes)
Event: 18.620 Thread 0x00000248f4fe28b0 nmethod 7134 0x00000248e9d41890 code [0x00000248e9d41a00, 0x00000248e9d41a58]
Event: 18.620 Thread 0x00000248f4fe28b0 7143       4       org.jetbrains.kotlin.load.java.lazy.descriptors.LazyJavaScope::getContributedVariables (48 bytes)
Event: 18.624 Thread 0x00000248f4fe3360 7146       3       java.util.Collections::newSetFromMap (9 bytes)
Event: 18.624 Thread 0x00000248f4fe3360 nmethod 7146 0x00000248e2e02f90 code [0x00000248e2e03140, 0x00000248e2e032c8]
Event: 18.627 Thread 0x00000248f4fe3360 7148       3       org.jetbrains.kotlin.descriptors.impl.AbstractTypeParameterDescriptor::getUpperBounds (20 bytes)
Event: 18.627 Thread 0x00000248f4fe3360 nmethod 7148 0x00000248e2e03390 code [0x00000248e2e035a0, 0x00000248e2e03d98]
Event: 18.629 Thread 0x00000248f4fe3360 7149       3       org.jetbrains.kotlin.types.checker.SimpleClassicTypeSystemContext::getArgument (7 bytes)
Event: 18.629 Thread 0x00000248f4fe3360 nmethod 7149 0x00000248e2e03f90 code [0x00000248e2e04120, 0x00000248e2e04248]
Event: 18.629 Thread 0x00000248f4fe3360 7150       3       org.jetbrains.kotlin.types.TypeSubstitutionKt::replace (70 bytes)
Event: 18.630 Thread 0x00000248f4fe3360 nmethod 7150 0x00000248e2e04310 code [0x00000248e2e046a0, 0x00000248e2e05bc8]
Event: 18.632 Thread 0x00000248f4fe3360 7151       3       org.jetbrains.kotlin.load.java.structure.impl.classFiles.BinaryClassSignatureParser::parseClassifierRefSignature (51 bytes)
Event: 18.633 Thread 0x00000248f4fe3360 nmethod 7151 0x00000248e2e06210 code [0x00000248e2e064e0, 0x00000248e2e07148]

GC Heap History (20 events):
Event: 13.472 GC heap after
{Heap after GC invocations=18 (full 0):
 garbage-first heap   total 69632K, used 41258K [0x00000000c9400000, 0x0000000100000000)
  region size 1024K, 2 young (2048K), 2 survivors (2048K)
 Metaspace       used 47047K, committed 47296K, reserved 1114112K
  class space    used 5719K, committed 5824K, reserved 1048576K
}
Event: 13.713 GC heap before
{Heap before GC invocations=19 (full 0):
 garbage-first heap   total 70656K, used 54570K [0x00000000c9400000, 0x0000000100000000)
  region size 1024K, 15 young (15360K), 2 survivors (2048K)
 Metaspace       used 47070K, committed 47360K, reserved 1114112K
  class space    used 5719K, committed 5824K, reserved 1048576K
}
Event: 13.720 GC heap after
{Heap after GC invocations=20 (full 0):
 garbage-first heap   total 70656K, used 44987K [0x00000000c9400000, 0x0000000100000000)
  region size 1024K, 2 young (2048K), 2 survivors (2048K)
 Metaspace       used 47070K, committed 47360K, reserved 1114112K
  class space    used 5719K, committed 5824K, reserved 1048576K
}
Event: 13.812 GC heap before
{Heap before GC invocations=20 (full 0):
 garbage-first heap   total 70656K, used 56251K [0x00000000c9400000, 0x0000000100000000)
  region size 1024K, 13 young (13312K), 2 survivors (2048K)
 Metaspace       used 47081K, committed 47360K, reserved 1114112K
  class space    used 5719K, committed 5824K, reserved 1048576K
}
Event: 13.816 GC heap after
{Heap after GC invocations=21 (full 0):
 garbage-first heap   total 70656K, used 44183K [0x00000000c9400000, 0x0000000100000000)
  region size 1024K, 1 young (1024K), 1 survivors (1024K)
 Metaspace       used 47081K, committed 47360K, reserved 1114112K
  class space    used 5719K, committed 5824K, reserved 1048576K
}
Event: 14.632 GC heap before
{Heap before GC invocations=22 (full 0):
 garbage-first heap   total 76800K, used 55447K [0x00000000c9400000, 0x0000000100000000)
  region size 1024K, 13 young (13312K), 1 survivors (1024K)
 Metaspace       used 48272K, committed 48576K, reserved 1114112K
  class space    used 5886K, committed 6016K, reserved 1048576K
}
Event: 14.635 GC heap after
{Heap after GC invocations=23 (full 0):
 garbage-first heap   total 76800K, used 45082K [0x00000000c9400000, 0x0000000100000000)
  region size 1024K, 2 young (2048K), 2 survivors (2048K)
 Metaspace       used 48272K, committed 48576K, reserved 1114112K
  class space    used 5886K, committed 6016K, reserved 1048576K
}
Event: 14.677 GC heap before
{Heap before GC invocations=23 (full 0):
 garbage-first heap   total 76800K, used 45082K [0x00000000c9400000, 0x0000000100000000)
  region size 1024K, 3 young (3072K), 2 survivors (2048K)
 Metaspace       used 48494K, committed 48768K, reserved 1114112K
  class space    used 5917K, committed 6016K, reserved 1048576K
}
Event: 14.680 GC heap after
{Heap after GC invocations=24 (full 0):
 garbage-first heap   total 76800K, used 44240K [0x00000000c9400000, 0x0000000100000000)
  region size 1024K, 1 young (1024K), 1 survivors (1024K)
 Metaspace       used 48494K, committed 48768K, reserved 1114112K
  class space    used 5917K, committed 6016K, reserved 1048576K
}
Event: 15.300 GC heap before
{Heap before GC invocations=24 (full 0):
 garbage-first heap   total 76800K, used 59600K [0x00000000c9400000, 0x0000000100000000)
  region size 1024K, 17 young (17408K), 1 survivors (1024K)
 Metaspace       used 50815K, committed 51072K, reserved 1114112K
  class space    used 6211K, committed 6336K, reserved 1048576K
}
Event: 15.310 GC heap after
{Heap after GC invocations=25 (full 0):
 garbage-first heap   total 76800K, used 45609K [0x00000000c9400000, 0x0000000100000000)
  region size 1024K, 2 young (2048K), 2 survivors (2048K)
 Metaspace       used 50815K, committed 51072K, reserved 1114112K
  class space    used 6211K, committed 6336K, reserved 1048576K
}
Event: 16.843 GC heap before
{Heap before GC invocations=26 (full 0):
 garbage-first heap   total 78848K, used 60969K [0x00000000c9400000, 0x0000000100000000)
  region size 1024K, 18 young (18432K), 2 survivors (2048K)
 Metaspace       used 53527K, committed 53760K, reserved 1114112K
  class space    used 6545K, committed 6656K, reserved 1048576K
}
Event: 16.858 GC heap after
{Heap after GC invocations=27 (full 0):
 garbage-first heap   total 78848K, used 47374K [0x00000000c9400000, 0x0000000100000000)
  region size 1024K, 3 young (3072K), 3 survivors (3072K)
 Metaspace       used 53527K, committed 53760K, reserved 1114112K
  class space    used 6545K, committed 6656K, reserved 1048576K
}
Event: 16.868 GC heap before
{Heap before GC invocations=27 (full 0):
 garbage-first heap   total 78848K, used 48398K [0x00000000c9400000, 0x0000000100000000)
  region size 1024K, 4 young (4096K), 3 survivors (3072K)
 Metaspace       used 53530K, committed 53760K, reserved 1114112K
  class space    used 6545K, committed 6656K, reserved 1048576K
}
Event: 16.875 GC heap after
{Heap after GC invocations=28 (full 0):
 garbage-first heap   total 78848K, used 47014K [0x00000000c9400000, 0x0000000100000000)
  region size 1024K, 1 young (1024K), 1 survivors (1024K)
 Metaspace       used 53530K, committed 53760K, reserved 1114112K
  class space    used 6545K, committed 6656K, reserved 1048576K
}
Event: 17.780 GC heap before
{Heap before GC invocations=28 (full 0):
 garbage-first heap   total 78848K, used 63398K [0x00000000c9400000, 0x0000000100000000)
  region size 1024K, 17 young (17408K), 1 survivors (1024K)
 Metaspace       used 54074K, committed 54400K, reserved 1114112K
  class space    used 6561K, committed 6720K, reserved 1048576K
}
Event: 17.793 GC heap after
{Heap after GC invocations=29 (full 0):
 garbage-first heap   total 78848K, used 49790K [0x00000000c9400000, 0x0000000100000000)
  region size 1024K, 3 young (3072K), 3 survivors (3072K)
 Metaspace       used 54074K, committed 54400K, reserved 1114112K
  class space    used 6561K, committed 6720K, reserved 1048576K
}
Event: 18.264 GC heap before
{Heap before GC invocations=30 (full 0):
 garbage-first heap   total 87040K, used 64126K [0x00000000c9400000, 0x0000000100000000)
  region size 1024K, 17 young (17408K), 3 survivors (3072K)
 Metaspace       used 54120K, committed 54400K, reserved 1114112K
  class space    used 6562K, committed 6720K, reserved 1048576K
}
Event: 18.286 GC heap after
{Heap after GC invocations=31 (full 0):
 garbage-first heap   total 87040K, used 52274K [0x00000000c9400000, 0x0000000100000000)
  region size 1024K, 3 young (3072K), 3 survivors (3072K)
 Metaspace       used 54120K, committed 54400K, reserved 1114112K
  class space    used 6562K, committed 6720K, reserved 1048576K
}
Event: 18.636 GC heap before
{Heap before GC invocations=31 (full 0):
 garbage-first heap   total 87040K, used 68658K [0x00000000c9400000, 0x0000000100000000)
  region size 1024K, 19 young (19456K), 3 survivors (3072K)
 Metaspace       used 54248K, committed 54528K, reserved 1114112K
  class space    used 6571K, committed 6720K, reserved 1048576K
}

Dll operation events (7 events):
Event: 0.018 Loaded shared library C:\Users\HP-CSD\.jdks\azul-17.0.7\bin\java.dll
Event: 0.032 Loaded shared library C:\Users\HP-CSD\.jdks\azul-17.0.7\bin\jsvml.dll
Event: 0.190 Loaded shared library C:\Users\HP-CSD\.jdks\azul-17.0.7\bin\net.dll
Event: 0.197 Loaded shared library C:\Users\HP-CSD\.jdks\azul-17.0.7\bin\nio.dll
Event: 0.270 Loaded shared library C:\Users\HP-CSD\.jdks\azul-17.0.7\bin\zip.dll
Event: 0.346 Loaded shared library C:\Users\HP-CSD\.jdks\azul-17.0.7\bin\jimage.dll
Event: 3.603 Loaded shared library C:\Users\HP-CSD\.jdks\azul-17.0.7\bin\verify.dll

Deoptimization events (20 events):
Event: 18.421 Thread 0x00000248da3c76b0 DEOPT PACKING pc=0x00000248e9d1993c sp=0x000000f3404fd140
Event: 18.421 Thread 0x00000248da3c76b0 DEOPT UNPACKING pc=0x00000248e94d69a3 sp=0x000000f3404fd120 mode 2
Event: 18.421 Thread 0x00000248da3c76b0 Uncommon trap: trap_request=0xffffffc6 fr.pc=0x00000248e9d1993c relative=0x000000000000103c
Event: 18.421 Thread 0x00000248da3c76b0 Uncommon trap: reason=bimorphic_or_optimized_type_check action=maybe_recompile pc=0x00000248e9d1993c method=kotlin.collections.CollectionsKt___CollectionsKt.toSet(Ljava/lang/Iterable;)Ljava/util/Set; @ 71 c2
Event: 18.421 Thread 0x00000248da3c76b0 DEOPT PACKING pc=0x00000248e9d1993c sp=0x000000f3404fd140
Event: 18.421 Thread 0x00000248da3c76b0 DEOPT UNPACKING pc=0x00000248e94d69a3 sp=0x000000f3404fd120 mode 2
Event: 18.434 Thread 0x00000248da3c76b0 Uncommon trap: trap_request=0xffffff45 fr.pc=0x00000248e9bb66e8 relative=0x00000000000004a8
Event: 18.434 Thread 0x00000248da3c76b0 Uncommon trap: reason=unstable_if action=reinterpret pc=0x00000248e9bb66e8 method=java.util.HashMap.getNode(Ljava/lang/Object;)Ljava/util/HashMap$Node; @ 131 c2
Event: 18.434 Thread 0x00000248da3c76b0 DEOPT PACKING pc=0x00000248e9bb66e8 sp=0x000000f3404fbd70
Event: 18.435 Thread 0x00000248da3c76b0 DEOPT UNPACKING pc=0x00000248e94d69a3 sp=0x000000f3404fbc10 mode 2
Event: 18.513 Thread 0x00000248da3c76b0 Uncommon trap: trap_request=0xffffff45 fr.pc=0x00000248e9cb1180 relative=0x0000000000000d20
Event: 18.513 Thread 0x00000248da3c76b0 Uncommon trap: reason=unstable_if action=reinterpret pc=0x00000248e9cb1180 method=org.jetbrains.kotlin.util.Checks.isApplicable(Lorg/jetbrains/kotlin/descriptors/FunctionDescriptor;)Z @ 26 c2
Event: 18.513 Thread 0x00000248da3c76b0 DEOPT PACKING pc=0x00000248e9cb1180 sp=0x000000f3404fc8f0
Event: 18.513 Thread 0x00000248da3c76b0 DEOPT UNPACKING pc=0x00000248e94d69a3 sp=0x000000f3404fc898 mode 2
Event: 18.513 Thread 0x00000248da3c76b0 Uncommon trap: trap_request=0xffffff45 fr.pc=0x00000248e9a13eb8 relative=0x0000000000000118
Event: 18.513 Thread 0x00000248da3c76b0 Uncommon trap: reason=unstable_if action=reinterpret pc=0x00000248e9a13eb8 method=org.jetbrains.kotlin.util.AbstractModifierChecks.check(Lorg/jetbrains/kotlin/descriptors/FunctionDescriptor;)Lorg/jetbrains/kotlin/util/CheckResult; @ 40 c2
Event: 18.513 Thread 0x00000248da3c76b0 DEOPT PACKING pc=0x00000248e9a13eb8 sp=0x000000f3404fc940
Event: 18.513 Thread 0x00000248da3c76b0 DEOPT UNPACKING pc=0x00000248e94d69a3 sp=0x000000f3404fc8d0 mode 2
Event: 18.635 Thread 0x00000248da3c76b0 DEOPT PACKING pc=0x00000248e27a6ccc sp=0x000000f3404fabb0
Event: 18.636 Thread 0x00000248da3c76b0 DEOPT UNPACKING pc=0x00000248e94d7143 sp=0x000000f3404fa120 mode 0

Classes unloaded (0 events):
No events

Classes redefined (0 events):
No events

Internal exceptions (20 events):
Event: 14.420 Thread 0x00000248da3c76b0 Implicit null exception at 0x00000248e9c3348f to 0x00000248e9c334c0
Event: 14.579 Thread 0x00000248da3c76b0 Exception <a 'java/lang/NoSuchMethodError'{0x00000000cd30c430}: 'java.lang.Object java.lang.invoke.DirectMethodHandle$Holder.invokeSpecial(java.lang.Object, java.lang.Object, int, java.lang.Object, java.lang.Object)'> (0x00000000cd30c430) 
thrown [s\src\hotspot\share\interpreter\linkResolver.cpp, line 759]
Event: 15.140 Thread 0x00000248da3c76b0 Exception <a 'java/lang/NoSuchMethodError'{0x00000000cd17b410}: 'java.lang.Object java.lang.invoke.DirectMethodHandle$Holder.invokeStatic(java.lang.Object, java.lang.Object, java.lang.Object, java.lang.Object, int)'> (0x00000000cd17b410) 
thrown [s\src\hotspot\share\interpreter\linkResolver.cpp, line 759]
Event: 15.140 Thread 0x00000248da3c76b0 Exception <a 'java/lang/NoSuchMethodError'{0x00000000cd184d58}: 'java.lang.Object java.lang.invoke.DirectMethodHandle$Holder.newInvokeSpecial(java.lang.Object, java.lang.Object, java.lang.Object, java.lang.Object, int)'> (0x00000000cd184d58) 
thrown [s\src\hotspot\share\interpreter\linkResolver.cpp, line 759]
Event: 15.142 Thread 0x00000248da3c76b0 Exception <a 'java/lang/NoSuchMethodError'{0x00000000cd189888}: 'java.lang.Object java.lang.invoke.DirectMethodHandle$Holder.invokeSpecial(java.lang.Object, java.lang.Object, java.lang.Object, java.lang.Object, java.lang.Object, int)'> (0x00000000cd189888) 
thrown [s\src\hotspot\share\interpreter\linkResolver.cpp, line 759]
Event: 15.142 Thread 0x00000248da3c76b0 Exception <a 'java/lang/NoSuchMethodError'{0x00000000cd18dd68}: 'java.lang.Object java.lang.invoke.Invokers$Holder.linkToTargetMethod(java.lang.Object, java.lang.Object, java.lang.Object, int, java.lang.Object)'> (0x00000000cd18dd68) 
thrown [s\src\hotspot\share\interpreter\linkResolver.cpp, line 759]
Event: 15.212 Thread 0x00000248da3c76b0 Exception <a 'java/lang/NoSuchMethodError'{0x00000000ccf9f080}: 'java.lang.Object java.lang.invoke.DirectMethodHandle$Holder.newInvokeSpecial(java.lang.Object, java.lang.Object, java.lang.Object, java.lang.Object, java.lang.Object, java.lang.Object, java.lang.Object, java.lang.Object)'> (0x00000000ccf9f080) 
thrown [s\src\hotspot\share\interpreter\linkResolver.cpp, line 759]
Event: 15.213 Thread 0x00000248da3c76b0 Exception <a 'java/lang/NoSuchMethodError'{0x00000000ccfa4908}: 'java.lang.Object java.lang.invoke.DirectMethodHandle$Holder.invokeSpecial(java.lang.Object, java.lang.Object, java.lang.Object, java.lang.Object, java.lang.Object, java.lang.Object, java.lang.Object, java.lang.Object, java.lang.Object)'> (0x00000000ccfa4908) 
thrown [s\src\hotspot\share\interpreter\linkResolver.cpp, line 759]
Event: 15.213 Thread 0x00000248da3c76b0 Exception <a 'java/lang/NoSuchMethodError'{0x00000000ccfa9838}: 'java.lang.Object java.lang.invoke.Invokers$Holder.linkToTargetMethod(java.lang.Object, java.lang.Object, java.lang.Object, java.lang.Object, java.lang.Object, java.lang.Object, java.lang.Object, java.lang.Object)'> (0x00000000ccfa9838) 
thrown [s\src\hotspot\share\interpreter\linkResolver.cpp, line 759]
Event: 15.239 Thread 0x00000248da3c76b0 Implicit null exception at 0x00000248e9aef49e to 0x00000248e9aef618
Event: 15.239 Thread 0x00000248da3c76b0 Implicit null exception at 0x00000248e9a75558 to 0x00000248e9a755ee
Event: 15.253 Thread 0x00000248da3c76b0 Implicit null exception at 0x00000248e9a6740f to 0x00000248e9a67489
Event: 15.589 Thread 0x00000248da3c76b0 Exception <a 'java/lang/NoSuchMethodError'{0x00000000cdfb7140}: 'int java.lang.invoke.DirectMethodHandle$Holder.invokeInterface(java.lang.Object, java.lang.Object)'> (0x00000000cdfb7140) 
thrown [s\src\hotspot\share\interpreter\linkResolver.cpp, line 759]
Event: 15.799 Thread 0x00000248da3c76b0 Exception <a 'java/lang/NoSuchMethodError'{0x00000000cda02a30}: 'int java.lang.invoke.DirectMethodHandle$Holder.invokeVirtual(java.lang.Object, java.lang.Object, java.lang.Object)'> (0x00000000cda02a30) 
thrown [s\src\hotspot\share\interpreter\linkResolver.cpp, line 759]
Event: 16.089 Thread 0x00000248da3c76b0 Exception <a 'java/lang/NoSuchMethodError'{0x00000000cda2d4e8}: 'java.lang.Object java.lang.invoke.DirectMethodHandle$Holder.invokeStaticInit(java.lang.Object, java.lang.Object, java.lang.Object)'> (0x00000000cda2d4e8) 
thrown [s\src\hotspot\share\interpreter\linkResolver.cpp, line 759]
Event: 16.276 Thread 0x00000248da3c76b0 Exception <a 'java/lang/NoSuchMethodError'{0x00000000cdaeac28}: 'void java.lang.invoke.DirectMethodHandle$Holder.invokeSpecial(java.lang.Object, java.lang.Object, int, java.lang.Object)'> (0x00000000cdaeac28) 
thrown [s\src\hotspot\share\interpreter\linkResolver.cpp, line 759]
Event: 16.481 Thread 0x00000248da3c76b0 Exception <a 'java/lang/NoSuchMethodError'{0x00000000cd788158}: 'void java.lang.invoke.DirectMethodHandle$Holder.invokeInterface(java.lang.Object, java.lang.Object)'> (0x00000000cd788158) 
thrown [s\src\hotspot\share\interpreter\linkResolver.cpp, line 759]
Event: 16.663 Thread 0x00000248da3c76b0 Exception <a 'java/lang/IncompatibleClassChangeError'{0x00000000cd41b1e8}: Found class java.lang.Object, but interface was expected> (0x00000000cd41b1e8) 
thrown [s\src\hotspot\share\interpreter\linkResolver.cpp, line 826]
Event: 18.516 Thread 0x00000248da3c76b0 Exception <a 'java/lang/NoSuchMethodError'{0x00000000cde899c8}: 'java.lang.Object java.lang.invoke.DirectMethodHandle$Holder.invokeStatic(java.lang.Object, int, java.lang.Object, java.lang.Object)'> (0x00000000cde899c8) 
thrown [s\src\hotspot\share\interpreter\linkResolver.cpp, line 759]
Event: 18.517 Thread 0x00000248da3c76b0 Exception <a 'java/lang/NoSuchMethodError'{0x00000000cde91990}: 'java.lang.Object java.lang.invoke.DirectMethodHandle$Holder.newInvokeSpecial(java.lang.Object, int, java.lang.Object)'> (0x00000000cde91990) 
thrown [s\src\hotspot\share\interpreter\linkResolver.cpp, line 759]

VM Operations (20 events):
Event: 17.569 Executing VM operation: ICBufferFull done
Event: 17.699 Executing VM operation: HandshakeAllThreads
Event: 17.699 Executing VM operation: HandshakeAllThreads done
Event: 17.700 Executing VM operation: ICBufferFull
Event: 17.701 Executing VM operation: ICBufferFull done
Event: 17.779 Executing VM operation: G1CollectForAllocation
Event: 17.796 Executing VM operation: G1CollectForAllocation done
Event: 17.859 Executing VM operation: G1Concurrent
Event: 17.866 Executing VM operation: G1Concurrent done
Event: 17.895 Executing VM operation: G1Concurrent
Event: 17.896 Executing VM operation: G1Concurrent done
Event: 18.264 Executing VM operation: G1CollectForAllocation
Event: 18.286 Executing VM operation: G1CollectForAllocation done
Event: 18.442 Executing VM operation: HandshakeAllThreads
Event: 18.442 Executing VM operation: HandshakeAllThreads done
Event: 18.489 Executing VM operation: ICBufferFull
Event: 18.489 Executing VM operation: ICBufferFull done
Event: 18.514 Executing VM operation: HandshakeAllThreads
Event: 18.514 Executing VM operation: HandshakeAllThreads done
Event: 18.636 Executing VM operation: G1CollectForAllocation

Events (20 events):
Event: 16.546 Thread 0x00000248f504c350 flushing nmethod 0x00000248e2907010
Event: 16.546 Thread 0x00000248f504c350 flushing nmethod 0x00000248e2907390
Event: 16.546 Thread 0x00000248f504c350 flushing nmethod 0x00000248e2910510
Event: 16.546 Thread 0x00000248f504c350 flushing nmethod 0x00000248e2928210
Event: 16.546 Thread 0x00000248f504c350 flushing nmethod 0x00000248e292d790
Event: 16.546 Thread 0x00000248f504c350 flushing nmethod 0x00000248e292e510
Event: 16.546 Thread 0x00000248f504c350 flushing nmethod 0x00000248e292fa10
Event: 16.546 Thread 0x00000248f504c350 flushing nmethod 0x00000248e2931610
Event: 16.546 Thread 0x00000248f504c350 flushing nmethod 0x00000248e294a490
Event: 16.546 Thread 0x00000248f504c350 flushing nmethod 0x00000248e296fe10
Event: 16.546 Thread 0x00000248f504c350 flushing nmethod 0x00000248e2978910
Event: 16.546 Thread 0x00000248f504c350 flushing nmethod 0x00000248e297b110
Event: 16.546 Thread 0x00000248f504c350 flushing nmethod 0x00000248e297cb10
Event: 16.546 Thread 0x00000248f504c350 flushing nmethod 0x00000248e2a17690
Event: 16.546 Thread 0x00000248f504c350 flushing nmethod 0x00000248e2a48410
Event: 16.546 Thread 0x00000248f504c350 flushing nmethod 0x00000248e2a5c210
Event: 16.546 Thread 0x00000248f504c350 flushing nmethod 0x00000248e2a5f310
Event: 16.547 Thread 0x00000248f504c350 flushing nmethod 0x00000248e2b65390
Event: 16.547 Thread 0x00000248f504c350 flushing nmethod 0x00000248e2bfb010
Event: 16.547 Thread 0x00000248f504c350 flushing nmethod 0x00000248e2c0c210


Dynamic libraries:
0x00007ff68a960000 - 0x00007ff68a96e000 	C:\Users\HP-CSD\.jdks\azul-17.0.7\bin\java.exe
0x00007ffc68250000 - 0x00007ffc68464000 	C:\WINDOWS\SYSTEM32\ntdll.dll
0x00007ffc679a0000 - 0x00007ffc67a62000 	C:\WINDOWS\System32\KERNEL32.DLL
0x00007ffc65820000 - 0x00007ffc65bc3000 	C:\WINDOWS\System32\KERNELBASE.dll
0x00007ffc65d40000 - 0x00007ffc65e51000 	C:\WINDOWS\System32\ucrtbase.dll
0x00007ffc51d70000 - 0x00007ffc51d89000 	C:\Users\HP-CSD\.jdks\azul-17.0.7\bin\jli.dll
0x00007ffc663f0000 - 0x00007ffc6659b000 	C:\WINDOWS\System32\USER32.dll
0x00007ffc65e60000 - 0x00007ffc65e86000 	C:\WINDOWS\System32\win32u.dll
0x00007ffc67160000 - 0x00007ffc67189000 	C:\WINDOWS\System32\GDI32.dll
0x00007ffc65e90000 - 0x00007ffc65fa9000 	C:\WINDOWS\System32\gdi32full.dll
0x00007ffc65780000 - 0x00007ffc6581a000 	C:\WINDOWS\System32\msvcp_win.dll
0x00007ffc4f610000 - 0x00007ffc4f62b000 	C:\Users\HP-CSD\.jdks\azul-17.0.7\bin\VCRUNTIME140.dll
0x00007ffc52d90000 - 0x00007ffc5301e000 	C:\WINDOWS\WinSxS\amd64_microsoft.windows.common-controls_6595b64144ccf1df_6.0.22621.1635_none_270f70857386168e\COMCTL32.dll
0x00007ffc665a0000 - 0x00007ffc66647000 	C:\WINDOWS\System32\msvcrt.dll
0x00007ffc66670000 - 0x00007ffc666a1000 	C:\WINDOWS\System32\IMM32.DLL
0x00007ffc57460000 - 0x00007ffc5746c000 	C:\Users\HP-CSD\.jdks\azul-17.0.7\bin\vcruntime140_1.dll
0x00007ffc36280000 - 0x00007ffc3630d000 	C:\Users\HP-CSD\.jdks\azul-17.0.7\bin\msvcp140.dll
0x00007ffbfaa80000 - 0x00007ffbfb6e5000 	C:\Users\HP-CSD\.jdks\azul-17.0.7\bin\server\jvm.dll
0x00007ffc662d0000 - 0x00007ffc6637e000 	C:\WINDOWS\System32\ADVAPI32.dll
0x00007ffc670b0000 - 0x00007ffc67154000 	C:\WINDOWS\System32\sechost.dll
0x00007ffc67af0000 - 0x00007ffc67c07000 	C:\WINDOWS\System32\RPCRT4.dll
0x00007ffc44940000 - 0x00007ffc44949000 	C:\WINDOWS\SYSTEM32\WSOCK32.dll
0x00007ffc67a70000 - 0x00007ffc67ae1000 	C:\WINDOWS\System32\WS2_32.dll
0x00007ffc5dab0000 - 0x00007ffc5dae4000 	C:\WINDOWS\SYSTEM32\WINMM.dll
0x00007ffc5f2e0000 - 0x00007ffc5f2ea000 	C:\WINDOWS\SYSTEM32\VERSION.dll
0x00007ffc646a0000 - 0x00007ffc646b8000 	C:\WINDOWS\SYSTEM32\kernel.appcore.dll
0x00007ffc573e0000 - 0x00007ffc573ea000 	C:\Users\HP-CSD\.jdks\azul-17.0.7\bin\jimage.dll
0x00007ffc4ffd0000 - 0x00007ffc501fe000 	C:\WINDOWS\SYSTEM32\DBGHELP.DLL
0x00007ffc67560000 - 0x00007ffc678e9000 	C:\WINDOWS\System32\combase.dll
0x00007ffc661f0000 - 0x00007ffc662c7000 	C:\WINDOWS\System32\OLEAUT32.dll
0x00007ffc47a60000 - 0x00007ffc47a92000 	C:\WINDOWS\SYSTEM32\dbgcore.DLL
0x00007ffc65fb0000 - 0x00007ffc6602b000 	C:\WINDOWS\System32\bcryptPrimitives.dll
0x00007ffc4ba80000 - 0x00007ffc4baa5000 	C:\Users\HP-CSD\.jdks\azul-17.0.7\bin\java.dll
0x00007ffc1fe10000 - 0x00007ffc1fee7000 	C:\Users\HP-CSD\.jdks\azul-17.0.7\bin\jsvml.dll
0x00007ffc66850000 - 0x00007ffc6704a000 	C:\WINDOWS\System32\SHELL32.dll
0x00007ffc63650000 - 0x00007ffc63f1e000 	C:\WINDOWS\SYSTEM32\windows.storage.dll
0x00007ffc63510000 - 0x00007ffc6364e000 	C:\WINDOWS\SYSTEM32\wintypes.dll
0x00007ffc67330000 - 0x00007ffc67421000 	C:\WINDOWS\System32\SHCORE.dll
0x00007ffc66380000 - 0x00007ffc663de000 	C:\WINDOWS\System32\shlwapi.dll
0x00007ffc65580000 - 0x00007ffc655a1000 	C:\WINDOWS\SYSTEM32\profapi.dll
0x00007ffc4f5f0000 - 0x00007ffc4f609000 	C:\Users\HP-CSD\.jdks\azul-17.0.7\bin\net.dll
0x00007ffc5b370000 - 0x00007ffc5b4a7000 	C:\WINDOWS\SYSTEM32\WINHTTP.dll
0x00007ffc64b10000 - 0x00007ffc64b79000 	C:\WINDOWS\system32\mswsock.dll
0x00007ffc4ba60000 - 0x00007ffc4ba76000 	C:\Users\HP-CSD\.jdks\azul-17.0.7\bin\nio.dll
0x00007ffc4ba40000 - 0x00007ffc4ba58000 	C:\Users\HP-CSD\.jdks\azul-17.0.7\bin\zip.dll
0x00007ffc519c0000 - 0x00007ffc519d0000 	C:\Users\HP-CSD\.jdks\azul-17.0.7\bin\verify.dll

dbghelp: loaded successfully - version: 4.0.5 - missing functions: none
symbol engine: initialized successfully - sym options: 0x614 - pdb path: .;C:\Users\HP-CSD\.jdks\azul-17.0.7\bin;C:\WINDOWS\SYSTEM32;C:\WINDOWS\WinSxS\amd64_microsoft.windows.common-controls_6595b64144ccf1df_6.0.22621.1635_none_270f70857386168e;C:\Users\HP-CSD\.jdks\azul-17.0.7\bin\server

VM Arguments:
java_command: org.jetbrains.kotlin.cli.jvm.K2JVMCompiler @C:\Users\HP-CSD\AndroidStudioProjects\PokeTinder\app\build\20230616_1560641243155501796.compiler.options
java_class_path (initial): C:\Users\HP-CSD\.gradle\caches\modules-2\files-2.1\org.jetbrains.kotlin\kotlin-compiler-embeddable\1.8.0\eb9118d4bcceaa2a94b2ae2a33a4ddba7c9a947f\kotlin-compiler-embeddable-1.8.0.jar;C:\Users\HP-CSD\.gradle\caches\modules-2\files-2.1\org.jetbrains.kotlin\kotlin-stdlib\1.8.0\1796921c7a3e2e2665a83e6c8d33399336cd39bc\kotlin-stdlib-1.8.0.jar;C:\Users\HP-CSD\.gradle\caches\modules-2\files-2.1\org.jetbrains.kotlin\kotlin-script-runtime\1.8.0\b2f7e760d283cb339974851c222a4c1d48f2d3d\kotlin-script-runtime-1.8.0.jar;C:\Users\HP-CSD\.gradle\caches\modules-2\files-2.1\org.jetbrains.kotlin\kotlin-reflect\1.6.10\1cbe9c92c12a94eea200d23c2bbaedaf3daf5132\kotlin-reflect-1.6.10.jar;C:\Users\HP-CSD\.gradle\caches\modules-2\files-2.1\org.jetbrains.kotlin\kotlin-daemon-embeddable\1.8.0\d255216c551685dc3a7e852b53617f5f01aaaa5c\kotlin-daemon-embeddable-1.8.0.jar;C:\Users\HP-CSD\.gradle\caches\modules-2\files-2.1\org.jetbrains.intellij.deps\trove4j\1.0.20200330\3afb14d5f9ceb459d724e907a21145e8ff394f02\trove4j-1.0.20200330.jar;C:\Users\HP-CSD\.gradle\caches\modules-2\files-2.1\net.java.dev.jna\jna\5.6.0\330f2244e9030119ab3030fc3fededc86713d9cc\jna-5.6.0.jar;C:\Users\HP-CSD\.gradle\caches\modules-2\files-2.1\org.jetbrains.kotlin\kotlin-stdlib-common\1.8.0\f7197e7cc76453ac59f8b0f8d5137cc600becd36\kotlin-stdlib-common-1.8.0.jar;C:\Users\HP-CSD\.gradle\caches\modules-2\files-2.1\org.jetbrains\annotations\13.0\919f0dfe192fb4e063e7dacadee7f8bb9a2672a9\annotations-13.0.jar
Launcher Type: SUN_STANDARD

[Global flags]
     intx CICompilerCount                          = 2                                         {product} {ergonomic}
     uint ConcGCThreads                            = 1                                         {product} {ergonomic}
     uint G1ConcRefinementThreads                  = 2                                         {product} {ergonomic}
   size_t G1HeapRegionSize                         = 1048576                                   {product} {ergonomic}
    uintx GCDrainStackTargetSize                   = 64                                        {product} {ergonomic}
   size_t InitialHeapSize                          = 58720256                                  {product} {ergonomic}
   size_t MarkStackSize                            = 4194304                                   {product} {ergonomic}
   size_t MaxHeapSize                              = 918552576                                 {product} {ergonomic}
   size_t MaxNewSize                               = 550502400                                 {product} {ergonomic}
   size_t MinHeapDeltaBytes                        = 1048576                                   {product} {ergonomic}
   size_t MinHeapSize                              = 8388608                                   {product} {ergonomic}
    uintx NonNMethodCodeHeapSize                   = 5826188                                {pd product} {ergonomic}
    uintx NonProfiledCodeHeapSize                  = 122916026                              {pd product} {ergonomic}
    uintx ProfiledCodeHeapSize                     = 122916026                              {pd product} {ergonomic}
    uintx ReservedCodeCacheSize                    = 251658240                              {pd product} {ergonomic}
     bool SegmentedCodeCache                       = true                                      {product} {ergonomic}
   size_t SoftMaxHeapSize                          = 918552576                              {manageable} {ergonomic}
     bool UseCompressedClassPointers               = true                           {product lp64_product} {ergonomic}
     bool UseCompressedOops                        = true                           {product lp64_product} {ergonomic}
     bool UseG1GC                                  = true                                      {product} {ergonomic}
     bool UseLargePagesIndividualAllocation        = false                                  {pd product} {ergonomic}

Logging:
Log output configuration:
 #0: stdout all=warning uptime,level,tags
 #1: stderr all=off uptime,level,tags

Environment Variables:
JAVA_HOME=C:\Program Files\Java\jdk-17
PATH=C:\app\HP-CSD\product\21c\dbhomeXE\bin;C:\Program Files\Common Files\Oracle\Java\javapath;C:\oraclexe\app\oracle\product\11.2.0\server\bin;C:\WINDOWS\system32;C:\WINDOWS;C:\WINDOWS\System32\Wbem;C:\WINDOWS\System32\WindowsPowerShell\v1.0\;C:\WINDOWS\System32\OpenSSH\;C:\Program Files\Git\cmd;C:\Program Files\nodejs\;C:\xampp\php;C:\ProgramData\ComposerSetup\bin;C:\Program Files\Java\jdk-17\bin;C:\Program Files\Apache Software Foundation\Tomcat 9.0\bin;C:\Users\HP-CSD\AppData\Local\Programs\Python\Python310\Scripts\;C:\Users\HP-CSD\AppData\Local\Programs\Python\Python310\;C:\Users\HP-CSD\AppData\Local\Microsoft\WindowsApps;C:\Program Files\MongoDB\Server\6.0\bin;C:\Program Files\MongoDB\Server\5.0\bin;D:\VISUAL\Microsoft VS Code\bin;C:\Users\HP-CSD\AppData\Roaming\npm;C:\Users\HP-CSD\AppData\Roaming\Composer\vendor\bin;
USERNAME=HP-CSD
OS=Windows_NT
PROCESSOR_IDENTIFIER=AMD64 Family 23 Model 24 Stepping 1, AuthenticAMD
TMP=C:\Users\HP-CSD\AppData\Local\Temp
TEMP=C:\Users\HP-CSD\AppData\Local\Temp



---------------  S Y S T E M  ---------------

OS:
 Windows 11 , 64 bit Build 22621 (10.0.22621.1778)
OS uptime: 1 days 0:31 hours

CPU: total 2 (initial active 2) (2 cores per cpu, 1 threads per core) family 23 model 24 stepping 1 microcode 0x0, cx8, cmov, fxsr, mmx, 3dnowpref, sse, sse2, sse3, ssse3, sse4a, sse4.1, sse4.2, popcnt, lzcnt, tsc, tscinvbit, avx, avx2, aes, clmul, bmi1, bmi2, adx, sha, fma, vzeroupper, clflush, clflushopt

Memory: 4k page, system-wide physical 3500M (257M free)
TotalPageFile size 14252M (AvailPageFile size 67M)
current process WorkingSet (physical memory assigned to process): 240M, peak: 243M
current process commit charge ("private bytes"): 268M, peak: 356M

vm_info: OpenJDK 64-Bit Server VM (17.0.7+7-LTS) for windows-amd64 JRE (17.0.7+7-LTS) (Zulu17.42+19-CA), built on Apr 10 2023 13:02:30 by "zulu_re" with MS VC++ 16.10 / 16.11 (VS2019)

END.
