#
# There is insufficient memory for the Java Runtime Environment to continue.
# Native memory allocation (malloc) failed to allocate 1240336 bytes for Chunk::new
# Possible reasons:
#   The system is out of physical RAM or swap space
#   The process is running with CompressedOops enabled, and the Java Heap may be blocking the growth of the native heap
# Possible solutions:
#   Reduce memory load on the system
#   Increase physical memory or swap space
#   Check if swap backing store is full
#   Decrease Java heap size (-Xmx/-Xms)
#   Decrease number of Java threads
#   Decrease Java thread stack sizes (-Xss)
#   Set larger code cache with -XX:ReservedCodeCacheSize=
#   JVM is running with Unscaled Compressed Oops mode in which the Java heap is
#     placed in the first 4GB address space. The Java Heap base address is the
#     maximum limit for the native heap growth. Please use -XX:HeapBaseMinAddress
#     to set the Java Heap base and to place the Java Heap above 4GB virtual address.
# This output file may be truncated or incomplete.
#
#  Out of Memory Error (src/hotspot/share/memory/arena.cpp:197), pid=3688, tid=5108
#
# JRE version: OpenJDK Runtime Environment (11.0.15) (build 11.0.15+0-b2043.56-9505619)
# Java VM: OpenJDK 64-Bit Server VM (11.0.15+0-b2043.56-9505619, mixed mode, tiered, compressed oops, g1 gc, windows-amd64)
# No core dump will be written. Minidumps are not enabled by default on client versions of Windows
#

---------------  S U M M A R Y ------------

Command Line: --add-opens=java.base/java.util=ALL-UNNAMED --add-opens=java.base/java.lang=ALL-UNNAMED --add-opens=java.base/java.lang.invoke=ALL-UNNAMED --add-opens=java.prefs/java.util.prefs=ALL-UNNAMED --add-opens=java.base/java.nio.charset=ALL-UNNAMED --add-opens=java.base/java.net=ALL-UNNAMED --add-opens=java.base/java.util.concurrent.atomic=ALL-UNNAMED -Xmx2048m -Dfile.encoding=UTF-8 -Duser.country=PE -Duser.language=es -Duser.variant org.gradle.launcher.daemon.bootstrap.GradleDaemon 8.0

Host: AMD Athlon Silver 3050U with Radeon Graphics   , 2 cores, 3G,  Windows 11 , 64 bit Build 22621 (10.0.22621.1778)
Time: Tue Jun 27 01:20:01 2023 Hora est. Pacífico, Sudamérica elapsed time: 345.289526 seconds (0d 0h 5m 45s)

---------------  T H R E A D  ---------------

Current thread (0x000001e59e444000):  JavaThread "C2 CompilerThread0" daemon [_thread_in_native, id=5108, stack(0x000000449d400000,0x000000449d500000)]


Current CompileTask:
C2: 345290 3907   !   4       jdk.internal.loader.URLClassPath$JarLoader::getResource (353 bytes)

Stack: [0x000000449d400000,0x000000449d500000]
Native frames: (J=compiled Java code, j=interpreted, Vv=VM code, C=native code)
V  [jvm.dll+0x64135a]
V  [jvm.dll+0x7d39f9]
V  [jvm.dll+0x7d51b9]
V  [jvm.dll+0x7d58a3]
V  [jvm.dll+0x2691c5]
V  [jvm.dll+0xc1a5c]
V  [jvm.dll+0xc200c]
V  [jvm.dll+0x3774a7]
V  [jvm.dll+0x342495]
V  [jvm.dll+0x34186a]
V  [jvm.dll+0x2214bd]
V  [jvm.dll+0x220498]
V  [jvm.dll+0x19e851]
V  [jvm.dll+0x230479]
V  [jvm.dll+0x22e5ef]
V  [jvm.dll+0x794de1]
V  [jvm.dll+0x78dc24]
V  [jvm.dll+0x6400f6]
C  [ucrtbase.dll+0x29363]
C  [KERNEL32.DLL+0x126ad]
C  [ntdll.dll+0x5a9f8]


---------------  P R O C E S S  ---------------

Threads class SMR info:
_java_thread_list=0x000001e5a1868630, length=33, elements={
0x000001e584b4c800, 0x000001e59e3e3000, 0x000001e59e3e4000, 0x000001e59e43d800,
0x000001e59e440800, 0x000001e59e442000, 0x000001e59e444000, 0x000001e59e445800,
0x000001e59ecb0000, 0x000001e59eda7800, 0x000001e5a0807800, 0x000001e5a131d800,
0x000001e5a07f6800, 0x000001e5a1319800, 0x000001e5a0346000, 0x000001e5a130c800,
0x000001e5a0202000, 0x000001e5a0686000, 0x000001e59fb8d800, 0x000001e5a12e5000,
0x000001e5a12e4800, 0x000001e5a12e6000, 0x000001e5a12e0800, 0x000001e5a12e2000,
0x000001e5a12e2800, 0x000001e5a12e3800, 0x000001e5a12e7000, 0x000001e5a12e1000,
0x000001e5a3185800, 0x000001e5a3186000, 0x000001e5a3187800, 0x000001e5a318b000,
0x000001e5a3188800
}

Java Threads: ( => current thread )
  0x000001e584b4c800 JavaThread "main" [_thread_blocked, id=9792, stack(0x000000449c700000,0x000000449c800000)]
  0x000001e59e3e3000 JavaThread "Reference Handler" daemon [_thread_blocked, id=10956, stack(0x000000449cf00000,0x000000449d000000)]
  0x000001e59e3e4000 JavaThread "Finalizer" daemon [_thread_blocked, id=7916, stack(0x000000449d000000,0x000000449d100000)]
  0x000001e59e43d800 JavaThread "Signal Dispatcher" daemon [_thread_blocked, id=10488, stack(0x000000449d100000,0x000000449d200000)]
  0x000001e59e440800 JavaThread "Attach Listener" daemon [_thread_blocked, id=1296, stack(0x000000449d200000,0x000000449d300000)]
  0x000001e59e442000 JavaThread "Service Thread" daemon [_thread_blocked, id=2580, stack(0x000000449d300000,0x000000449d400000)]
=>0x000001e59e444000 JavaThread "C2 CompilerThread0" daemon [_thread_in_native, id=5108, stack(0x000000449d400000,0x000000449d500000)]
  0x000001e59e445800 JavaThread "C1 CompilerThread0" daemon [_thread_blocked, id=6036, stack(0x000000449d500000,0x000000449d600000)]
  0x000001e59ecb0000 JavaThread "Sweeper thread" daemon [_thread_blocked, id=8444, stack(0x000000449d600000,0x000000449d700000)]
  0x000001e59eda7800 JavaThread "Common-Cleaner" daemon [_thread_blocked, id=3964, stack(0x000000449d700000,0x000000449d800000)]
  0x000001e5a0807800 JavaThread "Daemon health stats" [_thread_blocked, id=12916, stack(0x000000449c600000,0x000000449c700000)]
  0x000001e5a131d800 JavaThread "Incoming local TCP Connector on port 51468" [_thread_in_native, id=14316, stack(0x000000449db00000,0x000000449dc00000)]
  0x000001e5a07f6800 JavaThread "Daemon periodic checks" [_thread_blocked, id=8752, stack(0x000000449dc00000,0x000000449dd00000)]
  0x000001e5a1319800 JavaThread "Daemon" [_thread_blocked, id=10916, stack(0x000000449dd00000,0x000000449de00000)]
  0x000001e5a0346000 JavaThread "Handler for socket connection from /127.0.0.1:51468 to /127.0.0.1:51469" [_thread_in_native, id=10736, stack(0x000000449de00000,0x000000449df00000)]
  0x000001e5a130c800 JavaThread "Cancel handler" [_thread_blocked, id=9468, stack(0x000000449df00000,0x000000449e000000)]
  0x000001e5a0202000 JavaThread "Daemon worker" [_thread_in_vm, id=4772, stack(0x000000449e000000,0x000000449e100000)]
  0x000001e5a0686000 JavaThread "Asynchronous log dispatcher for DefaultDaemonConnection: socket connection from /127.0.0.1:51468 to /127.0.0.1:51469" [_thread_blocked, id=11856, stack(0x000000449e100000,0x000000449e200000)]
  0x000001e59fb8d800 JavaThread "Daemon client event forwarder" [_thread_blocked, id=9788, stack(0x000000449e300000,0x000000449e400000)]
  0x000001e5a12e5000 JavaThread "Cache worker for journal cache (C:\Users\HP-CSD\.gradle\caches\journal-1)" [_thread_blocked, id=10856, stack(0x000000449e600000,0x000000449e700000)]
  0x000001e5a12e4800 JavaThread "File lock request listener" [_thread_in_native, id=7232, stack(0x000000449e700000,0x000000449e800000)]
  0x000001e5a12e6000 JavaThread "File lock release action executor" [_thread_blocked, id=10700, stack(0x000000449e800000,0x000000449e900000)]
  0x000001e5a12e0800 JavaThread "Cache worker for file hash cache (C:\Users\HP-CSD\.gradle\caches\8.0\fileHashes)" [_thread_blocked, id=2816, stack(0x000000449e900000,0x000000449ea00000)]
  0x000001e5a12e2000 JavaThread "File watcher server" daemon [_thread_in_native, id=13004, stack(0x000000449c800000,0x000000449c900000)]
  0x000001e5a12e2800 JavaThread "File watcher consumer" daemon [_thread_blocked, id=11924, stack(0x000000449da00000,0x000000449db00000)]
  0x000001e5a12e3800 JavaThread "jar transforms" [_thread_blocked, id=10380, stack(0x000000449e200000,0x000000449e300000)]
  0x000001e5a12e7000 JavaThread "jar transforms Thread 2" [_thread_blocked, id=2316, stack(0x000000449ea00000,0x000000449eb00000)]
  0x000001e5a12e1000 JavaThread "Cache worker for checksums cache (C:\Users\HP-CSD\AndroidStudioProjects\PokeTinder\.gradle\8.0\checksums)" [_thread_blocked, id=14412, stack(0x000000449eb00000,0x000000449ec00000)]
  0x000001e5a3185800 JavaThread "Cache worker for cache directory md-rule (C:\Users\HP-CSD\.gradle\caches\8.0\md-rule)" [_thread_blocked, id=14428, stack(0x000000449ec00000,0x000000449ed00000)]
  0x000001e5a3186000 JavaThread "Cache worker for file content cache (C:\Users\HP-CSD\.gradle\caches\8.0\fileContent)" [_thread_blocked, id=14480, stack(0x000000449ed00000,0x000000449ee00000)]
  0x000001e5a3187800 JavaThread "Cache worker for file hash cache (C:\Users\HP-CSD\AndroidStudioProjects\PokeTinder\.gradle\8.0\fileHashes)" [_thread_blocked, id=14584, stack(0x000000449ee00000,0x000000449ef00000)]
  0x000001e5a318b000 JavaThread "Cache worker for cache directory md-supplier (C:\Users\HP-CSD\.gradle\caches\8.0\md-supplier)" [_thread_blocked, id=14620, stack(0x000000449ef00000,0x000000449f000000)]
  0x000001e5a3188800 JavaThread "Cache worker for execution history cache (C:\Users\HP-CSD\.gradle\caches\8.0\executionHistory)" [_thread_blocked, id=14660, stack(0x000000449f000000,0x000000449f100000)]

Other Threads:
  0x000001e59e3dd800 VMThread "VM Thread" [stack: 0x000000449ce00000,0x000000449cf00000] [id=13052]
  0x000001e59edd3800 WatcherThread [stack: 0x000000449d800000,0x000000449d900000] [id=11436]
  0x000001e584b66000 GCTaskThread "GC Thread#0" [stack: 0x000000449c900000,0x000000449ca00000] [id=8460]
  0x000001e59ee8e800 GCTaskThread "GC Thread#1" [stack: 0x000000449d900000,0x000000449da00000] [id=4728]
  0x000001e584b97000 ConcurrentGCThread "G1 Main Marker" [stack: 0x000000449ca00000,0x000000449cb00000] [id=13208]
  0x000001e584b99800 ConcurrentGCThread "G1 Conc#0" [stack: 0x000000449cb00000,0x000000449cc00000] [id=13948]
  0x000001e584bd7000 ConcurrentGCThread "G1 Refine#0" [stack: 0x000000449cc00000,0x000000449cd00000] [id=14176]
  0x000001e584bdb000 ConcurrentGCThread "G1 Young RemSet Sampling" [stack: 0x000000449cd00000,0x000000449ce00000] [id=4424]

Threads with active compile tasks:
C2 CompilerThread0   345391 3907   !   4       jdk.internal.loader.URLClassPath$JarLoader::getResource (353 bytes)

VM state:not at safepoint (normal execution)

VM Mutex/Monitor currently owned by a thread: None

Heap address: 0x0000000080000000, size: 2048 MB, Compressed Oops mode: 32-bit
Narrow klass base: 0x0000000000000000, Narrow klass shift: 3
Compressed class space size: 1073741824 Address: 0x0000000100000000

Heap:
 garbage-first heap   total 69632K, used 63617K [0x0000000080000000, 0x0000000100000000)
  region size 1024K, 3 young (3072K), 1 survivors (1024K)
 Metaspace       used 40714K, capacity 41805K, committed 41904K, reserved 1085440K
  class space    used 5227K, capacity 5629K, committed 5632K, reserved 1048576K
Heap Regions: E=young(eden), S=young(survivor), O=old, HS=humongous(starts), HC=humongous(continues), CS=collection set, F=free, A=archive, TAMS=top-at-mark-start (previous, next)
|   0|0x0000000080000000, 0x0000000080100000, 0x0000000080100000|100%| O|  |TAMS 0x0000000080100000, 0x0000000080000000| Untracked 
|   1|0x0000000080100000, 0x0000000080200000, 0x0000000080200000|100%|HS|  |TAMS 0x0000000080200000, 0x0000000080100000| Complete 
|   2|0x0000000080200000, 0x0000000080300000, 0x0000000080300000|100%|HC|  |TAMS 0x0000000080300000, 0x0000000080200000| Complete 
|   3|0x0000000080300000, 0x0000000080400000, 0x0000000080400000|100%|HC|  |TAMS 0x0000000080400000, 0x0000000080300000| Complete 
|   4|0x0000000080400000, 0x0000000080500000, 0x0000000080500000|100%|HC|  |TAMS 0x0000000080500000, 0x0000000080400000| Complete 
|   5|0x0000000080500000, 0x0000000080600000, 0x0000000080600000|100%| O|  |TAMS 0x0000000080600000, 0x0000000080500000| Untracked 
|   6|0x0000000080600000, 0x0000000080700000, 0x0000000080700000|100%| O|  |TAMS 0x0000000080700000, 0x0000000080600000| Untracked 
|   7|0x0000000080700000, 0x0000000080800000, 0x0000000080800000|100%| O|  |TAMS 0x0000000080800000, 0x0000000080700000| Untracked 
|   8|0x0000000080800000, 0x0000000080900000, 0x0000000080900000|100%| O|  |TAMS 0x0000000080900000, 0x0000000080800000| Untracked 
|   9|0x0000000080900000, 0x0000000080a00000, 0x0000000080a00000|100%| O|  |TAMS 0x0000000080a00000, 0x0000000080900000| Untracked 
|  10|0x0000000080a00000, 0x0000000080b00000, 0x0000000080b00000|100%| O|  |TAMS 0x0000000080b00000, 0x0000000080a00000| Untracked 
|  11|0x0000000080b00000, 0x0000000080c00000, 0x0000000080c00000|100%| O|  |TAMS 0x0000000080c00000, 0x0000000080b00000| Untracked 
|  12|0x0000000080c00000, 0x0000000080d00000, 0x0000000080d00000|100%| O|  |TAMS 0x0000000080d00000, 0x0000000080c00000| Untracked 
|  13|0x0000000080d00000, 0x0000000080e00000, 0x0000000080e00000|100%| O|  |TAMS 0x0000000080e00000, 0x0000000080d00000| Untracked 
|  14|0x0000000080e00000, 0x0000000080f00000, 0x0000000080f00000|100%| O|  |TAMS 0x0000000080f00000, 0x0000000080e00000| Untracked 
|  15|0x0000000080f00000, 0x0000000081000000, 0x0000000081000000|100%| O|  |TAMS 0x0000000081000000, 0x0000000080f00000| Untracked 
|  16|0x0000000081000000, 0x0000000081100000, 0x0000000081100000|100%| O|  |TAMS 0x0000000081100000, 0x0000000081000000| Untracked 
|  17|0x0000000081100000, 0x0000000081200000, 0x0000000081200000|100%| O|  |TAMS 0x0000000081200000, 0x0000000081100000| Untracked 
|  18|0x0000000081200000, 0x0000000081300000, 0x0000000081300000|100%| O|  |TAMS 0x0000000081300000, 0x0000000081200000| Untracked 
|  19|0x0000000081300000, 0x0000000081400000, 0x0000000081400000|100%|HS|  |TAMS 0x0000000081400000, 0x0000000081300000| Complete 
|  20|0x0000000081400000, 0x0000000081500000, 0x0000000081500000|100%|HC|  |TAMS 0x0000000081500000, 0x0000000081400000| Complete 
|  21|0x0000000081500000, 0x0000000081600000, 0x0000000081600000|100%|HS|  |TAMS 0x0000000081600000, 0x0000000081500000| Complete 
|  22|0x0000000081600000, 0x0000000081700000, 0x0000000081700000|100%|HC|  |TAMS 0x0000000081700000, 0x0000000081600000| Complete 
|  23|0x0000000081700000, 0x0000000081800000, 0x0000000081800000|100%|HC|  |TAMS 0x0000000081800000, 0x0000000081700000| Complete 
|  24|0x0000000081800000, 0x0000000081900000, 0x0000000081900000|100%| O|  |TAMS 0x0000000081900000, 0x0000000081800000| Untracked 
|  25|0x0000000081900000, 0x0000000081a00000, 0x0000000081a00000|100%| O|  |TAMS 0x0000000081a00000, 0x0000000081900000| Untracked 
|  26|0x0000000081a00000, 0x0000000081b00000, 0x0000000081b00000|100%| O|  |TAMS 0x0000000081b00000, 0x0000000081a00000| Untracked 
|  27|0x0000000081b00000, 0x0000000081c00000, 0x0000000081c00000|100%|HS|  |TAMS 0x0000000081c00000, 0x0000000081b00000| Complete 
|  28|0x0000000081c00000, 0x0000000081d00000, 0x0000000081d00000|100%|HC|  |TAMS 0x0000000081d00000, 0x0000000081c00000| Complete 
|  29|0x0000000081d00000, 0x0000000081e00000, 0x0000000081e00000|100%|HC|  |TAMS 0x0000000081e00000, 0x0000000081d00000| Complete 
|  30|0x0000000081e00000, 0x0000000081f00000, 0x0000000081f00000|100%|HS|  |TAMS 0x0000000081f00000, 0x0000000081e00000| Complete 
|  31|0x0000000081f00000, 0x0000000082000000, 0x0000000082000000|100%|HC|  |TAMS 0x0000000082000000, 0x0000000081f00000| Complete 
|  32|0x0000000082000000, 0x0000000082100000, 0x0000000082100000|100%|HS|  |TAMS 0x0000000082100000, 0x0000000082000000| Complete 
|  33|0x0000000082100000, 0x0000000082200000, 0x0000000082200000|100%|HC|  |TAMS 0x0000000082200000, 0x0000000082100000| Complete 
|  34|0x0000000082200000, 0x0000000082300000, 0x0000000082300000|100%|HC|  |TAMS 0x0000000082300000, 0x0000000082200000| Complete 
|  35|0x0000000082300000, 0x0000000082400000, 0x0000000082400000|100%|HC|  |TAMS 0x0000000082400000, 0x0000000082300000| Complete 
|  36|0x0000000082400000, 0x0000000082500000, 0x0000000082500000|100%|HC|  |TAMS 0x0000000082500000, 0x0000000082400000| Complete 
|  37|0x0000000082500000, 0x0000000082600000, 0x0000000082600000|100%|HC|  |TAMS 0x0000000082600000, 0x0000000082500000| Complete 
|  38|0x0000000082600000, 0x0000000082700000, 0x0000000082700000|100%|HC|  |TAMS 0x0000000082700000, 0x0000000082600000| Complete 
|  39|0x0000000082700000, 0x0000000082800000, 0x0000000082800000|100%|HC|  |TAMS 0x0000000082800000, 0x0000000082700000| Complete 
|  40|0x0000000082800000, 0x0000000082900000, 0x0000000082900000|100%|HC|  |TAMS 0x0000000082900000, 0x0000000082800000| Complete 
|  41|0x0000000082900000, 0x0000000082a00000, 0x0000000082a00000|100%|HC|  |TAMS 0x0000000082a00000, 0x0000000082900000| Complete 
|  42|0x0000000082a00000, 0x0000000082b00000, 0x0000000082b00000|100%| O|  |TAMS 0x0000000082b00000, 0x0000000082a00000| Untracked 
|  43|0x0000000082b00000, 0x0000000082c00000, 0x0000000082c00000|100%|HS|  |TAMS 0x0000000082c00000, 0x0000000082b00000| Complete 
|  44|0x0000000082c00000, 0x0000000082d00000, 0x0000000082d00000|100%|HC|  |TAMS 0x0000000082d00000, 0x0000000082c00000| Complete 
|  45|0x0000000082d00000, 0x0000000082e00000, 0x0000000082e00000|100%| O|  |TAMS 0x0000000082e00000, 0x0000000082d00000| Untracked 
|  46|0x0000000082e00000, 0x0000000082f00000, 0x0000000082f00000|100%|HS|  |TAMS 0x0000000082f00000, 0x0000000082e00000| Complete 
|  47|0x0000000082f00000, 0x0000000083000000, 0x0000000083000000|100%|HC|  |TAMS 0x0000000083000000, 0x0000000082f00000| Complete 
|  48|0x0000000083000000, 0x0000000083100000, 0x0000000083100000|100%|HC|  |TAMS 0x0000000083100000, 0x0000000083000000| Complete 
|  49|0x0000000083100000, 0x0000000083200000, 0x0000000083200000|100%|HC|  |TAMS 0x0000000083200000, 0x0000000083100000| Complete 
|  50|0x0000000083200000, 0x0000000083300000, 0x0000000083300000|100%|HC|  |TAMS 0x0000000083300000, 0x0000000083200000| Complete 
|  51|0x0000000083300000, 0x0000000083400000, 0x0000000083400000|100%| O|  |TAMS 0x0000000083400000, 0x0000000083300000| Untracked 
|  52|0x0000000083400000, 0x0000000083500000, 0x0000000083500000|100%| O|  |TAMS 0x0000000083500000, 0x0000000083400000| Untracked 
|  53|0x0000000083500000, 0x0000000083600000, 0x0000000083600000|100%| O|  |TAMS 0x0000000083600000, 0x0000000083500000| Untracked 
|  54|0x0000000083600000, 0x0000000083700000, 0x0000000083700000|100%| O|  |TAMS 0x0000000083700000, 0x0000000083600000| Untracked 
|  55|0x0000000083700000, 0x0000000083800000, 0x0000000083800000|100%| O|  |TAMS 0x0000000083800000, 0x0000000083700000| Untracked 
|  56|0x0000000083800000, 0x0000000083900000, 0x0000000083900000|100%| O|  |TAMS 0x0000000083900000, 0x0000000083800000| Untracked 
|  57|0x0000000083900000, 0x0000000083a00000, 0x0000000083a00000|100%| O|  |TAMS 0x0000000083a00000, 0x0000000083900000| Untracked 
|  58|0x0000000083a00000, 0x0000000083b00000, 0x0000000083b00000|100%| O|  |TAMS 0x0000000083b00000, 0x0000000083a00000| Untracked 
|  59|0x0000000083b00000, 0x0000000083c00000, 0x0000000083c00000|100%| O|  |TAMS 0x0000000083b39a00, 0x0000000083b00000| Untracked 
|  60|0x0000000083c00000, 0x0000000083c3c000, 0x0000000083d00000| 23%| O|  |TAMS 0x0000000083c00000, 0x0000000083c00000| Untracked 
|  61|0x0000000083d00000, 0x0000000083d00000, 0x0000000083e00000|  0%| F|  |TAMS 0x0000000083d00000, 0x0000000083d00000| Untracked 
|  62|0x0000000083e00000, 0x0000000083e00000, 0x0000000083f00000|  0%| F|  |TAMS 0x0000000083e00000, 0x0000000083e00000| Untracked 
|  63|0x0000000083f00000, 0x0000000083f00000, 0x0000000084000000|  0%| F|  |TAMS 0x0000000083f00000, 0x0000000083f00000| Untracked 
|  64|0x0000000084000000, 0x00000000840e47d8, 0x0000000084100000| 89%| S|CS|TAMS 0x0000000084000000, 0x0000000084000000| Complete 
|  65|0x0000000084100000, 0x0000000084100000, 0x0000000084200000|  0%| F|  |TAMS 0x0000000084100000, 0x0000000084100000| Untracked 
|  66|0x0000000084200000, 0x000000008426f028, 0x0000000084300000| 43%| E|  |TAMS 0x0000000084200000, 0x0000000084200000| Complete 
|  67|0x0000000084300000, 0x0000000084400000, 0x0000000084400000|100%| E|CS|TAMS 0x0000000084300000, 0x0000000084300000| Complete 

Card table byte_map: [0x000001e597a70000,0x000001e597e70000] _byte_map_base: 0x000001e597670000

Marking Bits (Prev, Next): (CMBitMap*) 0x000001e584b8e5c0, (CMBitMap*) 0x000001e584b8e588
 Prev Bits: [0x000001e59a270000, 0x000001e59c270000)
 Next Bits: [0x000001e598270000, 0x000001e59a270000)

Polling page: 0x000001e584320000

Metaspace:

Usage:
  Non-class:     35.33 MB capacity,    34.66 MB ( 98%) used,   580.03 KB (  2%) free+waste,   109.06 KB ( <1%) overhead. 
      Class:      5.50 MB capacity,     5.10 MB ( 93%) used,   348.82 KB (  6%) free+waste,    52.88 KB ( <1%) overhead. 
       Both:     40.83 MB capacity,    39.76 MB ( 97%) used,   928.85 KB (  2%) free+waste,   161.94 KB ( <1%) overhead. 

Virtual space:
  Non-class space:       36.00 MB reserved,      35.42 MB ( 98%) committed 
      Class space:        1.00 GB reserved,       5.50 MB ( <1%) committed 
             Both:        1.04 GB reserved,      40.92 MB (  4%) committed 

Chunk freelists:
   Non-Class:  32.00 KB
       Class:  3.00 KB
        Both:  35.00 KB

MaxMetaspaceSize: 17179869184.00 GB
CompressedClassSpaceSize: 1.00 GB
Initial GC threshold: 20.80 MB
Current GC threshold: 68.20 MB
CDS: off

CodeHeap 'non-profiled nmethods': size=120064Kb used=2219Kb max_used=2219Kb free=117844Kb
 bounds [0x000001e590130000, 0x000001e5903a0000, 0x000001e597670000]
CodeHeap 'profiled nmethods': size=120000Kb used=8027Kb max_used=8027Kb free=111972Kb
 bounds [0x000001e588c00000, 0x000001e5893e0000, 0x000001e590130000]
CodeHeap 'non-nmethods': size=5696Kb used=1583Kb max_used=1610Kb free=4112Kb
 bounds [0x000001e588670000, 0x000001e5888e0000, 0x000001e588c00000]
 total_blobs=4502 nmethods=3876 adapters=538
 compilation: enabled
              stopped_count=0, restarted_count=0
 full_count=0

Compilation events (20 events):
Event: 344.940 Thread 0x000001e59e444000 nmethod 3898 0x000001e590353c10 code [0x000001e590353da0, 0x000001e590353e78]
Event: 344.940 Thread 0x000001e59e444000 3870       4       java.lang.String::indexOf (65 bytes)
Event: 344.946 Thread 0x000001e59e444000 nmethod 3870 0x000001e590353f90 code [0x000001e590354120, 0x000001e590354338]
Event: 344.946 Thread 0x000001e59e444000 3877       4       java.util.StringJoiner::add (104 bytes)
Event: 344.953 Thread 0x000001e59e444000 nmethod 3877 0x000001e590354410 code [0x000001e5903545c0, 0x000001e590354978]
Event: 344.959 Thread 0x000001e59e444000 3899   !   4       jdk.internal.loader.URLClassPath$JarLoader::getResource (65 bytes)
Event: 345.128 Thread 0x000001e59e444000 nmethod 3899 0x000001e590354b90 code [0x000001e590355020, 0x000001e5903587c0]
Event: 345.138 Thread 0x000001e59e445800 3902       3       org.codehaus.groovy.runtime.MetaClassHelper::isGenericSetMethod (28 bytes)
Event: 345.138 Thread 0x000001e59e445800 nmethod 3902 0x000001e5893c9790 code [0x000001e5893c9980, 0x000001e5893c9d68]
Event: 345.138 Thread 0x000001e59e445800 3901       3       groovy.lang.MetaClassImpl::checkIfStdMethod (178 bytes)
Event: 345.139 Thread 0x000001e59e445800 nmethod 3901 0x000001e5893c9f10 code [0x000001e5893ca240, 0x000001e5893cb4e8]
Event: 345.145 Thread 0x000001e59e445800 3903       3       org.codehaus.groovy.runtime.metaclass.MetaMethodIndex::copyNonPrivateMethods (149 bytes)
Event: 345.146 Thread 0x000001e59e445800 nmethod 3903 0x000001e5893cb990 code [0x000001e5893cbc20, 0x000001e5893cc898]
Event: 345.146 Thread 0x000001e59e444000 3904       4       java.lang.invoke.Invokers$Holder::linkToTargetMethod (9 bytes)
Event: 345.147 Thread 0x000001e59e444000 nmethod 3904 0x000001e59035a710 code [0x000001e59035a8c0, 0x000001e59035a978]
Event: 345.147 Thread 0x000001e59e445800 3905       3       groovy.lang.MetaClassImpl$1::methodNameAction (169 bytes)
Event: 345.148 Thread 0x000001e59e445800 nmethod 3905 0x000001e5893ccc90 code [0x000001e5893ccf60, 0x000001e5893ce288]
Event: 345.148 Thread 0x000001e59e445800 3906       3       groovy.lang.MetaClassImpl$1MOPIter::decomposeMopName (79 bytes)
Event: 345.149 Thread 0x000001e59e445800 nmethod 3906 0x000001e5893ce710 code [0x000001e5893ce9c0, 0x000001e5893cfac8]
Event: 345.162 Thread 0x000001e59e444000 3907   !   4       jdk.internal.loader.URLClassPath$JarLoader::getResource (353 bytes)

GC Heap History (20 events):
Event: 338.652 GC heap before
{Heap before GC invocations=84 (full 0):
 garbage-first heap   total 69632K, used 60351K [0x0000000080000000, 0x0000000100000000)
  region size 1024K, 3 young (3072K), 1 survivors (1024K)
 Metaspace       used 40380K, capacity 41486K, committed 41648K, reserved 1085440K
  class space    used 5205K, capacity 5612K, committed 5632K, reserved 1048576K
}
Event: 338.673 GC heap after
{Heap after GC invocations=85 (full 0):
 garbage-first heap   total 69632K, used 59776K [0x0000000080000000, 0x0000000100000000)
  region size 1024K, 1 young (1024K), 1 survivors (1024K)
 Metaspace       used 40380K, capacity 41486K, committed 41648K, reserved 1085440K
  class space    used 5205K, capacity 5612K, committed 5632K, reserved 1048576K
}
Event: 341.289 GC heap before
{Heap before GC invocations=85 (full 0):
 garbage-first heap   total 69632K, used 61824K [0x0000000080000000, 0x0000000100000000)
  region size 1024K, 3 young (3072K), 1 survivors (1024K)
 Metaspace       used 40623K, capacity 41726K, committed 41904K, reserved 1085440K
  class space    used 5225K, capacity 5628K, committed 5632K, reserved 1048576K
}
Event: 341.294 GC heap after
{Heap after GC invocations=86 (full 0):
 garbage-first heap   total 69632K, used 60461K [0x0000000080000000, 0x0000000100000000)
  region size 1024K, 1 young (1024K), 1 survivors (1024K)
 Metaspace       used 40623K, capacity 41726K, committed 41904K, reserved 1085440K
  class space    used 5225K, capacity 5628K, committed 5632K, reserved 1048576K
}
Event: 341.760 GC heap before
{Heap before GC invocations=87 (full 0):
 garbage-first heap   total 69632K, used 62509K [0x0000000080000000, 0x0000000100000000)
  region size 1024K, 3 young (3072K), 1 survivors (1024K)
 Metaspace       used 40662K, capacity 41791K, committed 41904K, reserved 1085440K
  class space    used 5225K, capacity 5628K, committed 5632K, reserved 1048576K
}
Event: 341.864 GC heap after
{Heap after GC invocations=88 (full 0):
 garbage-first heap   total 69632K, used 60653K [0x0000000080000000, 0x0000000100000000)
  region size 1024K, 1 young (1024K), 1 survivors (1024K)
 Metaspace       used 40662K, capacity 41791K, committed 41904K, reserved 1085440K
  class space    used 5225K, capacity 5628K, committed 5632K, reserved 1048576K
}
Event: 341.932 GC heap before
{Heap before GC invocations=88 (full 0):
 garbage-first heap   total 69632K, used 62701K [0x0000000080000000, 0x0000000100000000)
  region size 1024K, 3 young (3072K), 1 survivors (1024K)
 Metaspace       used 40666K, capacity 41793K, committed 41904K, reserved 1085440K
  class space    used 5225K, capacity 5628K, committed 5632K, reserved 1048576K
}
Event: 341.960 GC heap after
{Heap after GC invocations=89 (full 0):
 garbage-first heap   total 69632K, used 60881K [0x0000000080000000, 0x0000000100000000)
  region size 1024K, 1 young (1024K), 1 survivors (1024K)
 Metaspace       used 40666K, capacity 41793K, committed 41904K, reserved 1085440K
  class space    used 5225K, capacity 5628K, committed 5632K, reserved 1048576K
}
Event: 343.049 GC heap before
{Heap before GC invocations=90 (full 0):
 garbage-first heap   total 69632K, used 62929K [0x0000000080000000, 0x0000000100000000)
  region size 1024K, 3 young (3072K), 1 survivors (1024K)
 Metaspace       used 40667K, capacity 41793K, committed 41904K, reserved 1085440K
  class space    used 5225K, capacity 5628K, committed 5632K, reserved 1048576K
}
Event: 343.057 GC heap after
{Heap after GC invocations=91 (full 0):
 garbage-first heap   total 69632K, used 61079K [0x0000000080000000, 0x0000000100000000)
  region size 1024K, 1 young (1024K), 1 survivors (1024K)
 Metaspace       used 40667K, capacity 41793K, committed 41904K, reserved 1085440K
  class space    used 5225K, capacity 5628K, committed 5632K, reserved 1048576K
}
Event: 343.251 GC heap before
{Heap before GC invocations=91 (full 0):
 garbage-first heap   total 69632K, used 63127K [0x0000000080000000, 0x0000000100000000)
  region size 1024K, 3 young (3072K), 1 survivors (1024K)
 Metaspace       used 40668K, capacity 41793K, committed 41904K, reserved 1085440K
  class space    used 5225K, capacity 5628K, committed 5632K, reserved 1048576K
}
Event: 343.258 GC heap after
{Heap after GC invocations=92 (full 0):
 garbage-first heap   total 69632K, used 61396K [0x0000000080000000, 0x0000000100000000)
  region size 1024K, 1 young (1024K), 1 survivors (1024K)
 Metaspace       used 40668K, capacity 41793K, committed 41904K, reserved 1085440K
  class space    used 5225K, capacity 5628K, committed 5632K, reserved 1048576K
}
Event: 343.263 GC heap before
{Heap before GC invocations=92 (full 0):
 garbage-first heap   total 69632K, used 63444K [0x0000000080000000, 0x0000000100000000)
  region size 1024K, 3 young (3072K), 1 survivors (1024K)
 Metaspace       used 40668K, capacity 41793K, committed 41904K, reserved 1085440K
  class space    used 5225K, capacity 5628K, committed 5632K, reserved 1048576K
}
Event: 343.266 GC heap after
{Heap after GC invocations=93 (full 0):
 garbage-first heap   total 69632K, used 61687K [0x0000000080000000, 0x0000000100000000)
  region size 1024K, 1 young (1024K), 1 survivors (1024K)
 Metaspace       used 40668K, capacity 41793K, committed 41904K, reserved 1085440K
  class space    used 5225K, capacity 5628K, committed 5632K, reserved 1048576K
}
Event: 343.277 GC heap before
{Heap before GC invocations=93 (full 0):
 garbage-first heap   total 69632K, used 63735K [0x0000000080000000, 0x0000000100000000)
  region size 1024K, 3 young (3072K), 1 survivors (1024K)
 Metaspace       used 40668K, capacity 41793K, committed 41904K, reserved 1085440K
  class space    used 5225K, capacity 5628K, committed 5632K, reserved 1048576K
}
Event: 343.283 GC heap after
{Heap after GC invocations=94 (full 0):
 garbage-first heap   total 69632K, used 61874K [0x0000000080000000, 0x0000000100000000)
  region size 1024K, 1 young (1024K), 1 survivors (1024K)
 Metaspace       used 40668K, capacity 41793K, committed 41904K, reserved 1085440K
  class space    used 5225K, capacity 5628K, committed 5632K, reserved 1048576K
}
Event: 343.295 GC heap before
{Heap before GC invocations=94 (full 0):
 garbage-first heap   total 69632K, used 63922K [0x0000000080000000, 0x0000000100000000)
  region size 1024K, 3 young (3072K), 1 survivors (1024K)
 Metaspace       used 40670K, capacity 41793K, committed 41904K, reserved 1085440K
  class space    used 5225K, capacity 5628K, committed 5632K, reserved 1048576K
}
Event: 343.299 GC heap after
{Heap after GC invocations=95 (full 0):
 garbage-first heap   total 69632K, used 62119K [0x0000000080000000, 0x0000000100000000)
  region size 1024K, 1 young (1024K), 1 survivors (1024K)
 Metaspace       used 40670K, capacity 41793K, committed 41904K, reserved 1085440K
  class space    used 5225K, capacity 5628K, committed 5632K, reserved 1048576K
}
Event: 344.883 GC heap before
{Heap before GC invocations=96 (full 0):
 garbage-first heap   total 69632K, used 64167K [0x0000000080000000, 0x0000000100000000)
  region size 1024K, 3 young (3072K), 1 survivors (1024K)
 Metaspace       used 40684K, capacity 41801K, committed 41904K, reserved 1085440K
  class space    used 5225K, capacity 5628K, committed 5632K, reserved 1048576K
}
Event: 344.895 GC heap after
{Heap after GC invocations=97 (full 0):
 garbage-first heap   total 69632K, used 62593K [0x0000000080000000, 0x0000000100000000)
  region size 1024K, 1 young (1024K), 1 survivors (1024K)
 Metaspace       used 40684K, capacity 41801K, committed 41904K, reserved 1085440K
  class space    used 5225K, capacity 5628K, committed 5632K, reserved 1048576K
}

Deoptimization events (20 events):
Event: 343.261 Thread 0x000001e5a0202000 DEOPT PACKING pc=0x000001e589391d98 sp=0x000000449e0f7060
Event: 343.261 Thread 0x000001e5a0202000 DEOPT UNPACKING pc=0x000001e5886ba95e sp=0x000000449e0f6570 mode 0
Event: 343.267 Thread 0x000001e5a0202000 DEOPT PACKING pc=0x000001e589391d98 sp=0x000000449e0f7060
Event: 343.267 Thread 0x000001e5a0202000 DEOPT UNPACKING pc=0x000001e5886ba95e sp=0x000000449e0f6570 mode 0
Event: 343.270 Thread 0x000001e5a0202000 DEOPT PACKING pc=0x000001e589391d98 sp=0x000000449e0f7060
Event: 343.270 Thread 0x000001e5a0202000 DEOPT UNPACKING pc=0x000001e5886ba95e sp=0x000000449e0f6570 mode 0
Event: 343.273 Thread 0x000001e5a0202000 DEOPT PACKING pc=0x000001e589391d98 sp=0x000000449e0f7060
Event: 343.273 Thread 0x000001e5a0202000 DEOPT UNPACKING pc=0x000001e5886ba95e sp=0x000000449e0f6570 mode 0
Event: 343.274 Thread 0x000001e5a0202000 DEOPT PACKING pc=0x000001e589391d98 sp=0x000000449e0f7060
Event: 343.274 Thread 0x000001e5a0202000 DEOPT UNPACKING pc=0x000001e5886ba95e sp=0x000000449e0f6570 mode 0
Event: 343.285 Thread 0x000001e5a0202000 DEOPT PACKING pc=0x000001e589391d98 sp=0x000000449e0f7060
Event: 343.285 Thread 0x000001e5a0202000 DEOPT UNPACKING pc=0x000001e5886ba95e sp=0x000000449e0f6570 mode 0
Event: 343.290 Thread 0x000001e5a0202000 DEOPT PACKING pc=0x000001e589391d98 sp=0x000000449e0f7060
Event: 343.290 Thread 0x000001e5a0202000 DEOPT UNPACKING pc=0x000001e5886ba95e sp=0x000000449e0f6570 mode 0
Event: 343.292 Thread 0x000001e5a0202000 DEOPT PACKING pc=0x000001e589391d98 sp=0x000000449e0f7060
Event: 343.292 Thread 0x000001e5a0202000 DEOPT UNPACKING pc=0x000001e5886ba95e sp=0x000000449e0f6570 mode 0
Event: 343.306 Thread 0x000001e5a0202000 DEOPT PACKING pc=0x000001e589391d98 sp=0x000000449e0f7060
Event: 343.307 Thread 0x000001e5a0202000 DEOPT UNPACKING pc=0x000001e5886ba95e sp=0x000000449e0f6570 mode 0
Event: 343.308 Thread 0x000001e5a0202000 DEOPT PACKING pc=0x000001e589391d98 sp=0x000000449e0f7060
Event: 343.308 Thread 0x000001e5a0202000 DEOPT UNPACKING pc=0x000001e5886ba95e sp=0x000000449e0f6570 mode 0

Classes redefined (0 events):
No events

Internal exceptions (20 events):
Event: 260.042 Thread 0x000001e5a0202000 Exception <a 'java/lang/NoSuchMethodError'{0x000000008423d1e0}: 'java.lang.Object java.lang.invoke.DirectMethodHandle$Holder.invokeStaticInit(java.lang.Object, java.lang.Object, java.lang.Object, java.lang.Object)'> (0x000000008423d1e0) thrown at [src/hotspot/share/interpreter/linkResolver.cpp, line 773]
Event: 265.605 Thread 0x000001e5a0202000 Exception <a 'java/lang/NoSuchMethodError'{0x0000000084337b18}: 'java.lang.Object java.lang.invoke.Invokers$Holder.linkToTargetMethod(java.lang.Object, java.lang.Object, java.lang.Object, java.lang.Object, java.lang.Object, java.lang.Object, java.lang.Object, java.lang.Object)'> (0x0000000084337b18) thrown at [src/hotspot/share/interpreter/linkResolver.cpp, line 773]
Event: 265.625 Thread 0x000001e5a0202000 Exception <a 'java/lang/IncompatibleClassChangeError'{0x00000000843b9240}: Found class java.lang.Object, but interface was expected> (0x00000000843b9240) thrown at [src/hotspot/share/interpreter/linkResolver.cpp, line 839]
Event: 283.551 Thread 0x000001e5a0202000 Exception <a 'java/lang/NoSuchMethodError'{0x000000008414d8c0}: 'int java.lang.invoke.DirectMethodHandle$Holder.invokeStatic(java.lang.Object, java.lang.Object, java.lang.Object, java.lang.Object, java.lang.Object)'> (0x000000008414d8c0) thrown at [src/hotspot/share/interpreter/linkResolver.cpp, line 773]
Event: 320.119 Thread 0x000001e5a0202000 Exception <a 'java/lang/NoSuchMethodError'{0x00000000841f5c38}: 'void java.lang.invoke.DirectMethodHandle$Holder.invokeStaticInit(java.lang.Object, java.lang.Object, java.lang.Object)'> (0x00000000841f5c38) thrown at [src/hotspot/share/interpreter/linkResolver.cpp, line 773]
Event: 320.181 Thread 0x000001e5a0202000 Exception <a 'java/lang/NoSuchMethodError'{0x00000000841fd358}: 'void java.lang.invoke.DirectMethodHandle$Holder.invokeStaticInit(java.lang.Object, java.lang.Object, java.lang.Object, java.lang.Object)'> (0x00000000841fd358) thrown at [src/hotspot/share/interpreter/linkResolver.cpp, line 773]
Event: 320.240 Thread 0x000001e5a0202000 Exception <a 'java/lang/NoSuchMethodError'{0x0000000084020748}: 'void java.lang.invoke.DirectMethodHandle$Holder.invokeStaticInit(java.lang.Object, java.lang.Object, java.lang.Object, java.lang.Object, java.lang.Object)'> (0x0000000084020748) thrown at [src/hotspot/share/interpreter/linkResolver.cpp, line 773]
Event: 320.480 Thread 0x000001e5a0202000 Exception <a 'java/lang/NoSuchMethodError'{0x00000000840803a0}: 'int java.lang.invoke.DirectMethodHandle$Holder.invokeStaticInit(java.lang.Object, java.lang.Object, java.lang.Object, java.lang.Object)'> (0x00000000840803a0) thrown at [src/hotspot/share/interpreter/linkResolver.cpp, line 773]
Event: 330.352 Thread 0x000001e5a0202000 Exception <a 'java/lang/NoSuchMethodError'{0x000000008435b2d0}: 'java.lang.Object java.lang.invoke.DirectMethodHandle$Holder.invokeStatic(java.lang.Object, java.lang.Object, java.lang.Object, java.lang.Object, java.lang.Object, java.lang.Object, java.lang.Object, java.lang.Object, java.lang.Object, java.lang.Object, java.lang.Object, int)'> (0x000000008435b2d0) thrown at [src/hotspot/share/interpreter/linkResolver.cpp, line 773]
Event: 330.361 Thread 0x000001e5a0202000 Exception <a 'java/lang/NoSuchMethodError'{0x000000008437a8c0}: 'java.lang.Object java.lang.invoke.DirectMethodHandle$Holder.invokeStatic(java.lang.Object, java.lang.Object, java.lang.Object, java.lang.Object, java.lang.Object, java.lang.Object, java.lang.Object, java.lang.Object, java.lang.Object, java.lang.Object, java.lang.Object, int, int)'> (0x000000008437a8c0) thrown at [src/hotspot/share/interpreter/linkResolver.cpp, line 773]
Event: 330.363 Thread 0x000001e5a0202000 Exception <a 'java/lang/NoSuchMethodError'{0x000000008439b000}: 'java.lang.Object java.lang.invoke.DirectMethodHandle$Holder.invokeStatic(java.lang.Object, java.lang.Object, java.lang.Object, java.lang.Object, java.lang.Object, java.lang.Object, java.lang.Object, java.lang.Object, java.lang.Object, java.lang.Object, java.lang.Object, int, int, java.lang.Object)'> (0x000000008439b000) thrown at [src/hotspot/share/interpreter/linkResolver.cpp, line 773]
Event: 330.365 Thread 0x000001e5a0202000 Exception <a 'java/lang/NoSuchMethodError'{0x00000000843bcd70}: 'java.lang.Object java.lang.invoke.DirectMethodHandle$Holder.invokeStatic(java.lang.Object, java.lang.Object, java.lang.Object, java.lang.Object, java.lang.Object, java.lang.Object, java.lang.Object, java.lang.Object, java.lang.Object, java.lang.Object, java.lang.Object, int, int, java.lang.Object, java.lang.Object)'> (0x00000000843bcd70) thrown at [src/hotspot/share/interpreter/linkResolver.cpp, line 773]
Event: 330.390 Thread 0x000001e5a0202000 Exception <a 'java/lang/ClassNotFoundException'{0x00000000843ee0e8}: groovy/lang/ExpandoMetaClassBeanInfo> (0x00000000843ee0e8) thrown at [src/hotspot/share/classfile/systemDictionary.cpp, line 230]
Event: 330.391 Thread 0x000001e5a0202000 Exception <a 'java/lang/ClassNotFoundException'{0x000000008420f748}: groovy/lang/MetaClassImplBeanInfo> (0x000000008420f748) thrown at [src/hotspot/share/classfile/systemDictionary.cpp, line 230]
Event: 330.401 Thread 0x000001e5a0202000 Exception <a 'java/lang/ClassNotFoundException'{0x0000000084219090}: java/lang/ObjectBeanInfo> (0x0000000084219090) thrown at [src/hotspot/share/classfile/systemDictionary.cpp, line 230]
Event: 330.407 Thread 0x000001e5a0202000 Exception <a 'java/lang/ClassNotFoundException'{0x0000000084224ef0}: java/lang/ObjectCustomizer> (0x0000000084224ef0) thrown at [src/hotspot/share/classfile/systemDictionary.cpp, line 230]
Event: 331.606 Thread 0x000001e5a0202000 Exception <a 'java/lang/ClassNotFoundException'{0x000000008426c8a8}: groovy/lang/MetaClassImplCustomizer> (0x000000008426c8a8) thrown at [src/hotspot/share/classfile/systemDictionary.cpp, line 230]
Event: 331.714 Thread 0x000001e5a0202000 Exception <a 'java/lang/ClassNotFoundException'{0x00000000842addc0}: groovy/lang/ExpandoMetaClassCustomizer> (0x00000000842addc0) thrown at [src/hotspot/share/classfile/systemDictionary.cpp, line 230]
Event: 345.162 Thread 0x000001e5a0202000 Exception <a 'java/lang/ClassNotFoundException'{0x000000008437f308}: groovy/lang/BindingBeanInfo> (0x000000008437f308) thrown at [src/hotspot/share/classfile/systemDictionary.cpp, line 230]
Event: 345.273 Thread 0x000001e5a0202000 Exception <a 'java/lang/ClassNotFoundException'{0x00000000843a16c8}: groovy/lang/GroovyObjectSupportBeanInfo> (0x00000000843a16c8) thrown at [src/hotspot/share/classfile/systemDictionary.cpp, line 230]

Events (20 events):
Event: 344.958 loading class org/codehaus/groovy/runtime/memoize/EvictableCache$Action
Event: 344.958 loading class org/codehaus/groovy/runtime/memoize/EvictableCache$Action done
Event: 344.958 loading class org/codehaus/groovy/runtime/memoize/EvictableCache$Action
Event: 344.958 loading class org/codehaus/groovy/runtime/memoize/EvictableCache$Action done
Event: 345.131 loading class groovy/runtime/metaclass/groovy/lang/BindingMetaClass
Event: 345.131 loading class groovy/runtime/metaclass/groovy/lang/BindingMetaClass done
Event: 345.149 loading class groovy/lang/BindingBeanInfo
Event: 345.149 loading class groovy/lang/BindingBeanInfo done
Event: 345.161 loading class groovy/lang/BindingBeanInfo
Event: 345.161 loading class groovy/lang/BindingBeanInfo done
Event: 345.162 loading class groovy/lang/BindingBeanInfo
Event: 345.162 loading class groovy/lang/BindingBeanInfo done
Event: 345.162 loading class groovy/lang/GroovyObjectSupportBeanInfo
Event: 345.162 loading class groovy/lang/GroovyObjectSupportBeanInfo done
Event: 345.257 loading class groovy/lang/GroovyObjectSupportBeanInfo
Event: 345.257 loading class groovy/lang/GroovyObjectSupportBeanInfo done
Event: 345.271 loading class groovy/lang/GroovyObjectSupportBeanInfo
Event: 345.271 loading class groovy/lang/GroovyObjectSupportBeanInfo done
Event: 345.273 loading class groovy/lang/GroovyObjectSupportCustomizer
Event: 345.273 loading class groovy/lang/GroovyObjectSupportCustomizer done


Dynamic libraries:
0x00007ff72e500000 - 0x00007ff72e50a000 	C:\Program Files\Android\Android Studio\jbr\bin\java.exe
0x00007ffb574d0000 - 0x00007ffb576e4000 	C:\WINDOWS\SYSTEM32\ntdll.dll
0x00007ffb55740000 - 0x00007ffb55802000 	C:\WINDOWS\System32\KERNEL32.DLL
0x00007ffb548d0000 - 0x00007ffb54c73000 	C:\WINDOWS\System32\KERNELBASE.dll
0x00007ffb54cf0000 - 0x00007ffb54e01000 	C:\WINDOWS\System32\ucrtbase.dll
0x00007ffb16430000 - 0x00007ffb16447000 	C:\Program Files\Android\Android Studio\jbr\bin\jli.dll
0x00007ffb570c0000 - 0x00007ffb5726b000 	C:\WINDOWS\System32\USER32.dll
0x00007ffb54f30000 - 0x00007ffb54f56000 	C:\WINDOWS\System32\win32u.dll
0x00007ffb56500000 - 0x00007ffb56529000 	C:\WINDOWS\System32\GDI32.dll
0x00007ffb54e10000 - 0x00007ffb54f29000 	C:\WINDOWS\System32\gdi32full.dll
0x00007ffb55190000 - 0x00007ffb5522a000 	C:\WINDOWS\System32\msvcp_win.dll
0x00007ffb131d0000 - 0x00007ffb131eb000 	C:\Program Files\Android\Android Studio\jbr\bin\VCRUNTIME140.dll
0x00007ffb40730000 - 0x00007ffb409be000 	C:\WINDOWS\WinSxS\amd64_microsoft.windows.common-controls_6595b64144ccf1df_6.0.22621.1635_none_270f70857386168e\COMCTL32.dll
0x00007ffb55aa0000 - 0x00007ffb55b47000 	C:\WINDOWS\System32\msvcrt.dll
0x00007ffb57070000 - 0x00007ffb570a1000 	C:\WINDOWS\System32\IMM32.DLL
0x00007ffb40310000 - 0x00007ffb4031c000 	C:\Program Files\Android\Android Studio\jbr\bin\vcruntime140_1.dll
0x00007ffb08930000 - 0x00007ffb089bd000 	C:\Program Files\Android\Android Studio\jbr\bin\msvcp140.dll
0x00007ffb01ed0000 - 0x00007ffb02a8c000 	C:\Program Files\Android\Android Studio\jbr\bin\server\jvm.dll
0x00007ffb559f0000 - 0x00007ffb55a9e000 	C:\WINDOWS\System32\ADVAPI32.dll
0x00007ffb55930000 - 0x00007ffb559d4000 	C:\WINDOWS\System32\sechost.dll
0x00007ffb56d20000 - 0x00007ffb56e37000 	C:\WINDOWS\System32\RPCRT4.dll
0x00007ffb55b50000 - 0x00007ffb55b58000 	C:\WINDOWS\System32\PSAPI.DLL
0x00007ffb33d50000 - 0x00007ffb33d59000 	C:\WINDOWS\SYSTEM32\WSOCK32.dll
0x00007ffb57270000 - 0x00007ffb572e1000 	C:\WINDOWS\System32\WS2_32.dll
0x00007ffb4cc00000 - 0x00007ffb4cc34000 	C:\WINDOWS\SYSTEM32\WINMM.dll
0x00007ffb52690000 - 0x00007ffb5269a000 	C:\WINDOWS\SYSTEM32\VERSION.dll
0x00007ffb53920000 - 0x00007ffb53938000 	C:\WINDOWS\SYSTEM32\kernel.appcore.dll
0x00007ffb3fae0000 - 0x00007ffb3faf0000 	C:\Program Files\Android\Android Studio\jbr\bin\verify.dll
0x00007ffb3da30000 - 0x00007ffb3dc5e000 	C:\WINDOWS\SYSTEM32\DBGHELP.DLL
0x00007ffb552b0000 - 0x00007ffb55639000 	C:\WINDOWS\System32\combase.dll
0x00007ffb55b60000 - 0x00007ffb55c37000 	C:\WINDOWS\System32\OLEAUT32.dll
0x00007ffb36f60000 - 0x00007ffb36f92000 	C:\WINDOWS\SYSTEM32\dbgcore.DLL
0x00007ffb55230000 - 0x00007ffb552ab000 	C:\WINDOWS\System32\bcryptPrimitives.dll
0x00007ffb3f7d0000 - 0x00007ffb3f7f8000 	C:\Program Files\Android\Android Studio\jbr\bin\java.dll
0x00007ffb3fad0000 - 0x00007ffb3fada000 	C:\Program Files\Android\Android Studio\jbr\bin\jimage.dll
0x00007ffb3f7b0000 - 0x00007ffb3f7c8000 	C:\Program Files\Android\Android Studio\jbr\bin\zip.dll
0x00007ffb55d00000 - 0x00007ffb564fa000 	C:\WINDOWS\System32\SHELL32.dll
0x00007ffb528d0000 - 0x00007ffb5319e000 	C:\WINDOWS\SYSTEM32\windows.storage.dll
0x00007ffb52790000 - 0x00007ffb528ce000 	C:\WINDOWS\SYSTEM32\wintypes.dll
0x00007ffb55640000 - 0x00007ffb55731000 	C:\WINDOWS\System32\SHCORE.dll
0x00007ffb55ca0000 - 0x00007ffb55cfe000 	C:\WINDOWS\System32\shlwapi.dll
0x00007ffb54800000 - 0x00007ffb54821000 	C:\WINDOWS\SYSTEM32\profapi.dll
0x00007ffb3f790000 - 0x00007ffb3f7a9000 	C:\Program Files\Android\Android Studio\jbr\bin\net.dll
0x00007ffb4a3e0000 - 0x00007ffb4a517000 	C:\WINDOWS\SYSTEM32\WINHTTP.dll
0x00007ffb53d90000 - 0x00007ffb53df9000 	C:\WINDOWS\system32\mswsock.dll
0x00007ffb3f770000 - 0x00007ffb3f783000 	C:\Program Files\Android\Android Studio\jbr\bin\nio.dll
0x00007ffb40390000 - 0x00007ffb403b7000 	C:\Users\HP-CSD\.gradle\native\68d5fa5c4cc2d200863cafc0d521ce42e7d3e7ee720ec0a83991735586a16f82\windows-amd64\native-platform.dll
0x00007ffab9d30000 - 0x00007ffab9e74000 	C:\Users\HP-CSD\.gradle\native\e376f236ea51e6404a007f0833ffe2c6e607c4080706a723a18a27aeea778392\windows-amd64\native-platform-file-events.dll
0x00007ffb3f740000 - 0x00007ffb3f74a000 	C:\Program Files\Android\Android Studio\jbr\bin\management.dll
0x00007ffb20ee0000 - 0x00007ffb20eeb000 	C:\Program Files\Android\Android Studio\jbr\bin\management_ext.dll
0x00007ffb53ff0000 - 0x00007ffb5400b000 	C:\WINDOWS\SYSTEM32\CRYPTSP.dll
0x00007ffb53890000 - 0x00007ffb538c5000 	C:\WINDOWS\system32\rsaenh.dll
0x00007ffb53e90000 - 0x00007ffb53eb8000 	C:\WINDOWS\SYSTEM32\USERENV.dll
0x00007ffb541b0000 - 0x00007ffb541d8000 	C:\WINDOWS\SYSTEM32\bcrypt.dll
0x00007ffb54010000 - 0x00007ffb5401c000 	C:\WINDOWS\SYSTEM32\CRYPTBASE.dll
0x00007ffb53440000 - 0x00007ffb5346d000 	C:\WINDOWS\SYSTEM32\IPHLPAPI.DLL
0x00007ffb566f0000 - 0x00007ffb566f9000 	C:\WINDOWS\System32\NSI.dll
0x00007ffb4a600000 - 0x00007ffb4a619000 	C:\WINDOWS\SYSTEM32\dhcpcsvc6.DLL
0x00007ffb4a2c0000 - 0x00007ffb4a2df000 	C:\WINDOWS\SYSTEM32\dhcpcsvc.DLL
0x00007ffb53470000 - 0x00007ffb53563000 	C:\WINDOWS\SYSTEM32\DNSAPI.dll

dbghelp: loaded successfully - version: 4.0.5 - missing functions: none
symbol engine: initialized successfully - sym options: 0x614 - pdb path: .;C:\Program Files\Android\Android Studio\jbr\bin;C:\WINDOWS\SYSTEM32;C:\WINDOWS\WinSxS\amd64_microsoft.windows.common-controls_6595b64144ccf1df_6.0.22621.1635_none_270f70857386168e;C:\Program Files\Android\Android Studio\jbr\bin\server;C:\Users\HP-CSD\.gradle\native\68d5fa5c4cc2d200863cafc0d521ce42e7d3e7ee720ec0a83991735586a16f82\windows-amd64;C:\Users\HP-CSD\.gradle\native\e376f236ea51e6404a007f0833ffe2c6e607c4080706a723a18a27aeea778392\windows-amd64

VM Arguments:
jvm_args: --add-opens=java.base/java.util=ALL-UNNAMED --add-opens=java.base/java.lang=ALL-UNNAMED --add-opens=java.base/java.lang.invoke=ALL-UNNAMED --add-opens=java.prefs/java.util.prefs=ALL-UNNAMED --add-opens=java.base/java.nio.charset=ALL-UNNAMED --add-opens=java.base/java.net=ALL-UNNAMED --add-opens=java.base/java.util.concurrent.atomic=ALL-UNNAMED -Xmx2048m -Dfile.encoding=UTF-8 -Duser.country=PE -Duser.language=es -Duser.variant 
java_command: org.gradle.launcher.daemon.bootstrap.GradleDaemon 8.0
java_class_path (initial): C:\Users\HP-CSD\.gradle\wrapper\dists\gradle-8.0-bin\ca5e32bp14vu59qr306oxotwh\gradle-8.0\lib\gradle-launcher-8.0.jar
Launcher Type: SUN_STANDARD

[Global flags]
     intx CICompilerCount                          = 2                                         {product} {ergonomic}
     uint ConcGCThreads                            = 1                                         {product} {ergonomic}
     uint G1ConcRefinementThreads                  = 2                                         {product} {ergonomic}
   size_t G1HeapRegionSize                         = 1048576                                   {product} {ergonomic}
    uintx GCDrainStackTargetSize                   = 64                                        {product} {ergonomic}
   size_t InitialHeapSize                          = 58720256                                  {product} {ergonomic}
   size_t MarkStackSize                            = 4194304                                   {product} {ergonomic}
   size_t MaxHeapSize                              = 2147483648                                {product} {command line}
   size_t MaxNewSize                               = 1287651328                                {product} {ergonomic}
   size_t MinHeapDeltaBytes                        = 1048576                                   {product} {ergonomic}
    uintx NonNMethodCodeHeapSize                   = 5825164                                {pd product} {ergonomic}
    uintx NonProfiledCodeHeapSize                  = 122916538                              {pd product} {ergonomic}
    uintx ProfiledCodeHeapSize                     = 122916538                              {pd product} {ergonomic}
    uintx ReservedCodeCacheSize                    = 251658240                              {pd product} {ergonomic}
     bool SegmentedCodeCache                       = true                                      {product} {ergonomic}
     bool UseCompressedClassPointers               = true                                 {lp64_product} {ergonomic}
     bool UseCompressedOops                        = true                                 {lp64_product} {ergonomic}
     bool UseG1GC                                  = true                                      {product} {ergonomic}
     bool UseLargePagesIndividualAllocation        = false                                  {pd product} {ergonomic}

Logging:
Log output configuration:
 #0: stdout all=warning uptime,level,tags
 #1: stderr all=off uptime,level,tags

Environment Variables:
JAVA_HOME=C:\Program Files\Java\jdk-17
PATH=C:\app\HP-CSD\product\21c\dbhomeXE\bin;C:\Program Files\Common Files\Oracle\Java\javapath;C:\oraclexe\app\oracle\product\11.2.0\server\bin;C:\WINDOWS\system32;C:\WINDOWS;C:\WINDOWS\System32\Wbem;C:\WINDOWS\System32\WindowsPowerShell\v1.0\;C:\WINDOWS\System32\OpenSSH\;C:\Program Files\Git\cmd;C:\Program Files\nodejs\;C:\xampp\php;C:\ProgramData\ComposerSetup\bin;C:\Program Files\Java\jdk-17\bin;C:\Program Files\Apache Software Foundation\Tomcat 9.0\bin;C:\Users\HP-CSD\AppData\Local\Programs\Python\Python310\Scripts\;C:\Users\HP-CSD\AppData\Local\Programs\Python\Python310\;C:\Users\HP-CSD\AppData\Local\Microsoft\WindowsApps;C:\Program Files\MongoDB\Server\6.0\bin;C:\Program Files\MongoDB\Server\5.0\bin;D:\VISUAL\Microsoft VS Code\bin;C:\Users\HP-CSD\AppData\Roaming\npm;C:\Users\HP-CSD\AppData\Roaming\Composer\vendor\bin;
USERNAME=HP-CSD
OS=Windows_NT
PROCESSOR_IDENTIFIER=AMD64 Family 23 Model 24 Stepping 1, AuthenticAMD



---------------  S Y S T E M  ---------------

OS: Windows 11 , 64 bit Build 22621 (10.0.22621.1778)
OS uptime: 0 days 0:39 hours

CPU:total 2 (initial active 2) (2 cores per cpu, 1 threads per core) family 23 model 24 stepping 1 microcode 0x0, cmov, cx8, fxsr, mmx, sse, sse2, sse3, ssse3, sse4.1, sse4.2, popcnt, avx, avx2, aes, clmul, mmxext, 3dnowpref, lzcnt, sse4a, tsc, tscinvbit, tscinv, bmi1, bmi2, adx, sha, fma

Memory: 4k page, system-wide physical 3500M (60M free)
TotalPageFile size 14252M (AvailPageFile size 12M)
current process WorkingSet (physical memory assigned to process): 100M, peak: 121M
current process commit charge ("private bytes"): 220M, peak: 222M

vm_info: OpenJDK 64-Bit Server VM (11.0.15+0-b2043.56-9505619) for windows-amd64 JRE (11.0.15+0-b2043.56-9505619), built on Jan 19 2023 02:48:00 by "builduser" with unknown MS VC++:1929

END.
