#
# There is insufficient memory for the Java Runtime Environment to continue.
# Native memory allocation (malloc) failed to allocate 265696 bytes for Chunk::new
# Possible reasons:
#   The system is out of physical RAM or swap space
#   The process is running with CompressedOops enabled, and the Java Heap may be blocking the growth of the native heap
# Possible solutions:
#   Reduce memory load on the system
#   Increase physical memory or swap space
#   Check if swap backing store is full
#   Decrease Java heap size (-Xmx/-Xms)
#   Decrease number of Java threads
#   Decrease Java thread stack sizes (-Xss)
#   Set larger code cache with -XX:ReservedCodeCacheSize=
#   JVM is running with Unscaled Compressed Oops mode in which the Java heap is
#     placed in the first 4GB address space. The Java Heap base address is the
#     maximum limit for the native heap growth. Please use -XX:HeapBaseMinAddress
#     to set the Java Heap base and to place the Java Heap above 4GB virtual address.
# This output file may be truncated or incomplete.
#
#  Out of Memory Error (src/hotspot/share/memory/arena.cpp:197), pid=13424, tid=10816
#
# JRE version: OpenJDK Runtime Environment (11.0.15) (build 11.0.15+0-b2043.56-9505619)
# Java VM: OpenJDK 64-Bit Server VM (11.0.15+0-b2043.56-9505619, mixed mode, tiered, compressed oops, g1 gc, windows-amd64)
# No core dump will be written. Minidumps are not enabled by default on client versions of Windows
#

---------------  S U M M A R Y ------------

Command Line: --add-opens=java.base/java.util=ALL-UNNAMED --add-opens=java.base/java.lang=ALL-UNNAMED --add-opens=java.base/java.lang.invoke=ALL-UNNAMED --add-opens=java.prefs/java.util.prefs=ALL-UNNAMED --add-opens=java.base/java.nio.charset=ALL-UNNAMED --add-opens=java.base/java.net=ALL-UNNAMED --add-opens=java.base/java.util.concurrent.atomic=ALL-UNNAMED -Xmx2048m -Dfile.encoding=UTF-8 -Duser.country=PE -Duser.language=es -Duser.variant org.gradle.launcher.daemon.bootstrap.GradleDaemon 8.0

Host: AMD Athlon Silver 3050U with Radeon Graphics   , 2 cores, 3G,  Windows 11 , 64 bit Build 22621 (10.0.22621.1778)
Time: Tue Jun 27 01:25:00 2023 Hora est. Pacífico, Sudamérica elapsed time: 634.691416 seconds (0d 0h 10m 34s)

---------------  T H R E A D  ---------------

Current thread (0x000001657f4f5800):  JavaThread "C2 CompilerThread0" daemon [_thread_in_native, id=10816, stack(0x000000405d800000,0x000000405d900000)]


Current CompileTask:
C2: 634691 8059       4       java.lang.Class::getMethod (59 bytes)

Stack: [0x000000405d800000,0x000000405d900000]
Native frames: (J=compiled Java code, j=interpreted, Vv=VM code, C=native code)
V  [jvm.dll+0x64135a]
V  [jvm.dll+0x7d39f9]
V  [jvm.dll+0x7d51b9]
V  [jvm.dll+0x7d58a3]
V  [jvm.dll+0x2691c5]
V  [jvm.dll+0xc1a5c]
V  [jvm.dll+0xc200c]
V  [jvm.dll+0x2da2c2]
V  [jvm.dll+0x54cad9]
V  [jvm.dll+0x220c9d]
V  [jvm.dll+0x223024]
V  [jvm.dll+0x220384]
V  [jvm.dll+0x19e851]
V  [jvm.dll+0x230479]
V  [jvm.dll+0x22e5ef]
V  [jvm.dll+0x794de1]
V  [jvm.dll+0x78dc24]
V  [jvm.dll+0x6400f6]
C  [ucrtbase.dll+0x29363]
C  [KERNEL32.DLL+0x126ad]
C  [ntdll.dll+0x5a9f8]


---------------  P R O C E S S  ---------------

Threads class SMR info:
_java_thread_list=0x000001650acc5910, length=56, elements={
0x000001656bbfc800, 0x000001657f492000, 0x000001657f493000, 0x000001657f4ee800,
0x000001657f4f2000, 0x000001657f4f3000, 0x000001657f4f5800, 0x0000016506038800,
0x000001657f51d800, 0x000001650613b800, 0x00000165079fe000, 0x0000016506d36800,
0x00000165079f8800, 0x00000165074d1000, 0x00000165074d1800, 0x000001650642f000,
0x00000165074ac000, 0x0000016507a1a000, 0x00000165071fd000, 0x00000165081e0000,
0x00000165081e0800, 0x00000165081e4800, 0x00000165081e4000, 0x00000165081e3000,
0x00000165081df000, 0x00000165081e5800, 0x00000165081e1800, 0x00000165078be000,
0x00000165078bc800, 0x00000165078c1000, 0x00000165078bd000, 0x00000165078c2000,
0x00000165078bf800, 0x00000165078c3000, 0x00000165078c0800, 0x00000165081e2800,
0x0000016508aef000, 0x0000016508af4000, 0x0000016508af1800, 0x0000016508af2800,
0x0000016508af3000, 0x0000016508af0800, 0x0000016508af0000, 0x0000016508aee000,
0x0000016508af7000, 0x0000016508af6800, 0x0000016508af5000, 0x0000016508af8000,
0x0000016508af9000, 0x0000016508af5800, 0x0000016508afa800, 0x0000016508af9800,
0x0000016508afb800, 0x0000016508afc000, 0x0000016508afd000, 0x000001650a4be800
}

Java Threads: ( => current thread )
  0x000001656bbfc800 JavaThread "main" [_thread_blocked, id=13760, stack(0x000000405cc00000,0x000000405cd00000)]
  0x000001657f492000 JavaThread "Reference Handler" daemon [_thread_blocked, id=6848, stack(0x000000405d300000,0x000000405d400000)]
  0x000001657f493000 JavaThread "Finalizer" daemon [_thread_blocked, id=12860, stack(0x000000405d400000,0x000000405d500000)]
  0x000001657f4ee800 JavaThread "Signal Dispatcher" daemon [_thread_blocked, id=12136, stack(0x000000405d500000,0x000000405d600000)]
  0x000001657f4f2000 JavaThread "Attach Listener" daemon [_thread_blocked, id=12472, stack(0x000000405d600000,0x000000405d700000)]
  0x000001657f4f3000 JavaThread "Service Thread" daemon [_thread_blocked, id=12212, stack(0x000000405d700000,0x000000405d800000)]
=>0x000001657f4f5800 JavaThread "C2 CompilerThread0" daemon [_thread_in_native, id=10816, stack(0x000000405d800000,0x000000405d900000)]
  0x0000016506038800 JavaThread "C1 CompilerThread0" daemon [_thread_blocked, id=1328, stack(0x000000405d900000,0x000000405da00000)]
  0x000001657f51d800 JavaThread "Sweeper thread" daemon [_thread_blocked, id=3932, stack(0x000000405da00000,0x000000405db00000)]
  0x000001650613b800 JavaThread "Common-Cleaner" daemon [_thread_blocked, id=12464, stack(0x000000405db00000,0x000000405dc00000)]
  0x00000165079fe000 JavaThread "Daemon health stats" [_thread_blocked, id=12564, stack(0x000000405ca00000,0x000000405cb00000)]
  0x0000016506d36800 JavaThread "Incoming local TCP Connector on port 51514" [_thread_in_native, id=10536, stack(0x000000405df00000,0x000000405e000000)]
  0x00000165079f8800 JavaThread "Daemon periodic checks" [_thread_blocked, id=10508, stack(0x000000405e000000,0x000000405e100000)]
  0x00000165074d1000 JavaThread "Daemon" [_thread_blocked, id=8032, stack(0x000000405e100000,0x000000405e200000)]
  0x00000165074d1800 JavaThread "Handler for socket connection from /127.0.0.1:51514 to /127.0.0.1:51525" [_thread_in_native, id=2560, stack(0x000000405e200000,0x000000405e300000)]
  0x000001650642f000 JavaThread "Cancel handler" [_thread_blocked, id=3484, stack(0x000000405e300000,0x000000405e400000)]
  0x00000165074ac000 JavaThread "Daemon worker" [_thread_in_vm, id=14240, stack(0x000000405e400000,0x000000405e500000)]
  0x0000016507a1a000 JavaThread "Asynchronous log dispatcher for DefaultDaemonConnection: socket connection from /127.0.0.1:51514 to /127.0.0.1:51525" [_thread_blocked, id=4512, stack(0x000000405e500000,0x000000405e600000)]
  0x00000165071fd000 JavaThread "Daemon client event forwarder" [_thread_blocked, id=13396, stack(0x000000405e700000,0x000000405e800000)]
  0x00000165081e0000 JavaThread "Cache worker for journal cache (C:\Users\HP-CSD\.gradle\caches\journal-1)" [_thread_blocked, id=1364, stack(0x000000405ea00000,0x000000405eb00000)]
  0x00000165081e0800 JavaThread "File lock request listener" [_thread_in_native, id=10300, stack(0x000000405eb00000,0x000000405ec00000)]
  0x00000165081e4800 JavaThread "Cache worker for file hash cache (C:\Users\HP-CSD\.gradle\caches\8.0\fileHashes)" [_thread_blocked, id=13100, stack(0x000000405cb00000,0x000000405cc00000)]
  0x00000165081e4000 JavaThread "File watcher server" daemon [_thread_in_native, id=6896, stack(0x000000405e600000,0x000000405e700000)]
  0x00000165081e3000 JavaThread "File watcher consumer" daemon [_thread_blocked, id=11224, stack(0x000000405ec00000,0x000000405ed00000)]
  0x00000165081df000 JavaThread "jar transforms" [_thread_blocked, id=14832, stack(0x000000405e800000,0x000000405e900000)]
  0x00000165081e5800 JavaThread "jar transforms Thread 2" [_thread_blocked, id=14840, stack(0x000000405e900000,0x000000405ea00000)]
  0x00000165081e1800 JavaThread "Cache worker for checksums cache (C:\Users\HP-CSD\AndroidStudioProjects\PokeTinder\.gradle\8.0\checksums)" [_thread_blocked, id=15120, stack(0x000000405ed00000,0x000000405ee00000)]
  0x00000165078be000 JavaThread "Cache worker for cache directory md-rule (C:\Users\HP-CSD\.gradle\caches\8.0\md-rule)" [_thread_blocked, id=15212, stack(0x000000405ee00000,0x000000405ef00000)]
  0x00000165078bc800 JavaThread "Cache worker for file content cache (C:\Users\HP-CSD\.gradle\caches\8.0\fileContent)" [_thread_blocked, id=15256, stack(0x000000405ef00000,0x000000405f000000)]
  0x00000165078c1000 JavaThread "Cache worker for file hash cache (C:\Users\HP-CSD\AndroidStudioProjects\PokeTinder\.gradle\8.0\fileHashes)" [_thread_blocked, id=2716, stack(0x000000405f000000,0x000000405f100000)]
  0x00000165078bd000 JavaThread "Cache worker for cache directory md-supplier (C:\Users\HP-CSD\.gradle\caches\8.0\md-supplier)" [_thread_blocked, id=14064, stack(0x000000405f100000,0x000000405f200000)]
  0x00000165078c2000 JavaThread "Cache worker for execution history cache (C:\Users\HP-CSD\.gradle\caches\8.0\executionHistory)" [_thread_blocked, id=11212, stack(0x000000405f200000,0x000000405f300000)]
  0x00000165078bf800 JavaThread "File lock release action executor Thread 2" [_thread_in_native, id=15224, stack(0x000000405de00000,0x000000405df00000)]
  0x00000165078c3000 JavaThread "Cache worker for dependencies-accessors (C:\Users\HP-CSD\AndroidStudioProjects\PokeTinder\.gradle\8.0\dependencies-accessors)" [_thread_blocked, id=14016, stack(0x000000405f300000,0x000000405f400000)]
  0x00000165078c0800 JavaThread "Cache worker for Build Output Cleanup Cache (C:\Users\HP-CSD\AndroidStudioProjects\PokeTinder\.gradle\buildOutputCleanup)" [_thread_blocked, id=10436, stack(0x000000405f400000,0x000000405f500000)]
  0x00000165081e2800 JavaThread "Unconstrained build operations" [_thread_blocked, id=10336, stack(0x000000405f500000,0x000000405f600000)]
  0x0000016508aef000 JavaThread "Unconstrained build operations Thread 2" [_thread_blocked, id=13632, stack(0x000000405f600000,0x000000405f700000)]
  0x0000016508af4000 JavaThread "Unconstrained build operations Thread 3" [_thread_blocked, id=13628, stack(0x000000405f700000,0x000000405f800000)]
  0x0000016508af1800 JavaThread "Unconstrained build operations Thread 4" [_thread_blocked, id=5304, stack(0x000000405f800000,0x000000405f900000)]
  0x0000016508af2800 JavaThread "Unconstrained build operations Thread 5" [_thread_blocked, id=6480, stack(0x000000405f900000,0x000000405fa00000)]
  0x0000016508af3000 JavaThread "Unconstrained build operations Thread 6" [_thread_blocked, id=11228, stack(0x000000405fa00000,0x000000405fb00000)]
  0x0000016508af0800 JavaThread "Unconstrained build operations Thread 7" [_thread_blocked, id=12636, stack(0x000000405fb00000,0x000000405fc00000)]
  0x0000016508af0000 JavaThread "Unconstrained build operations Thread 8" [_thread_blocked, id=10116, stack(0x000000405fc00000,0x000000405fd00000)]
  0x0000016508aee000 JavaThread "Unconstrained build operations Thread 9" [_thread_blocked, id=5664, stack(0x000000405fd00000,0x000000405fe00000)]
  0x0000016508af7000 JavaThread "Unconstrained build operations Thread 10" [_thread_blocked, id=8536, stack(0x000000405fe00000,0x000000405ff00000)]
  0x0000016508af6800 JavaThread "Unconstrained build operations Thread 11" [_thread_blocked, id=10120, stack(0x000000405ff00000,0x0000004060000000)]
  0x0000016508af5000 JavaThread "Unconstrained build operations Thread 12" [_thread_blocked, id=10296, stack(0x0000004060000000,0x0000004060100000)]
  0x0000016508af8000 JavaThread "Unconstrained build operations Thread 13" [_thread_blocked, id=14220, stack(0x0000004060100000,0x0000004060200000)]
  0x0000016508af9000 JavaThread "Unconstrained build operations Thread 14" [_thread_blocked, id=2888, stack(0x0000004060200000,0x0000004060300000)]
  0x0000016508af5800 JavaThread "Unconstrained build operations Thread 15" [_thread_blocked, id=10280, stack(0x0000004060300000,0x0000004060400000)]
  0x0000016508afa800 JavaThread "Unconstrained build operations Thread 16" [_thread_blocked, id=9200, stack(0x0000004060400000,0x0000004060500000)]
  0x0000016508af9800 JavaThread "Unconstrained build operations Thread 17" [_thread_blocked, id=14408, stack(0x0000004060500000,0x0000004060600000)]
  0x0000016508afb800 JavaThread "Unconstrained build operations Thread 18" [_thread_blocked, id=14460, stack(0x0000004060600000,0x0000004060700000)]
  0x0000016508afc000 JavaThread "Unconstrained build operations Thread 19" [_thread_blocked, id=14496, stack(0x0000004060700000,0x0000004060800000)]
  0x0000016508afd000 JavaThread "Unconstrained build operations Thread 20" [_thread_blocked, id=14592, stack(0x0000004060800000,0x0000004060900000)]
  0x000001650a4be800 JavaThread "Memory manager" [_thread_blocked, id=12944, stack(0x0000004060900000,0x0000004060a00000)]

Other Threads:
  0x000001657f48c800 VMThread "VM Thread" [stack: 0x000000405d200000,0x000000405d300000] [id=14184]
  0x000001650615f800 WatcherThread [stack: 0x000000405dc00000,0x000000405dd00000] [id=9420]
  0x000001656bc16000 GCTaskThread "GC Thread#0" [stack: 0x000000405cd00000,0x000000405ce00000] [id=8340]
  0x000001650626c800 GCTaskThread "GC Thread#1" [stack: 0x000000405dd00000,0x000000405de00000] [id=2428]
  0x000001656bc47000 ConcurrentGCThread "G1 Main Marker" [stack: 0x000000405ce00000,0x000000405cf00000] [id=13132]
  0x000001656bc49800 ConcurrentGCThread "G1 Conc#0" [stack: 0x000000405cf00000,0x000000405d000000] [id=12584]
  0x000001656bc87000 ConcurrentGCThread "G1 Refine#0" [stack: 0x000000405d000000,0x000000405d100000] [id=10492]
  0x000001656bc89000 ConcurrentGCThread "G1 Young RemSet Sampling" [stack: 0x000000405d100000,0x000000405d200000] [id=13332]

Threads with active compile tasks:
C2 CompilerThread0   634739 8059       4       java.lang.Class::getMethod (59 bytes)

VM state:not at safepoint (normal execution)

VM Mutex/Monitor currently owned by a thread: None

Heap address: 0x0000000080000000, size: 2048 MB, Compressed Oops mode: 32-bit
Narrow klass base: 0x0000000000000000, Narrow klass shift: 3
Compressed class space size: 1073741824 Address: 0x0000000100000000

Heap:
 garbage-first heap   total 169984K, used 138205K [0x0000000080000000, 0x0000000100000000)
  region size 1024K, 10 young (10240K), 2 survivors (2048K)
 Metaspace       used 72322K, capacity 74372K, committed 74544K, reserved 1114112K
  class space    used 9204K, capacity 10012K, committed 10112K, reserved 1048576K
Heap Regions: E=young(eden), S=young(survivor), O=old, HS=humongous(starts), HC=humongous(continues), CS=collection set, F=free, A=archive, TAMS=top-at-mark-start (previous, next)
|   0|0x0000000080000000, 0x0000000080100000, 0x0000000080100000|100%| O|  |TAMS 0x0000000080100000, 0x0000000080000000| Untracked 
|   1|0x0000000080100000, 0x0000000080200000, 0x0000000080200000|100%|HS|  |TAMS 0x0000000080200000, 0x0000000080100000| Complete 
|   2|0x0000000080200000, 0x0000000080300000, 0x0000000080300000|100%|HC|  |TAMS 0x0000000080300000, 0x0000000080200000| Complete 
|   3|0x0000000080300000, 0x0000000080400000, 0x0000000080400000|100%|HC|  |TAMS 0x0000000080400000, 0x0000000080300000| Complete 
|   4|0x0000000080400000, 0x0000000080500000, 0x0000000080500000|100%|HC|  |TAMS 0x0000000080500000, 0x0000000080400000| Complete 
|   5|0x0000000080500000, 0x0000000080600000, 0x0000000080600000|100%| O|  |TAMS 0x0000000080600000, 0x0000000080500000| Untracked 
|   6|0x0000000080600000, 0x0000000080700000, 0x0000000080700000|100%| O|  |TAMS 0x0000000080700000, 0x0000000080600000| Untracked 
|   7|0x0000000080700000, 0x0000000080800000, 0x0000000080800000|100%| O|  |TAMS 0x0000000080800000, 0x0000000080700000| Untracked 
|   8|0x0000000080800000, 0x0000000080900000, 0x0000000080900000|100%| O|  |TAMS 0x0000000080900000, 0x0000000080800000| Untracked 
|   9|0x0000000080900000, 0x0000000080a00000, 0x0000000080a00000|100%| O|  |TAMS 0x0000000080a00000, 0x0000000080900000| Untracked 
|  10|0x0000000080a00000, 0x0000000080b00000, 0x0000000080b00000|100%| O|  |TAMS 0x0000000080b00000, 0x0000000080a00000| Untracked 
|  11|0x0000000080b00000, 0x0000000080c00000, 0x0000000080c00000|100%| O|  |TAMS 0x0000000080c00000, 0x0000000080b00000| Untracked 
|  12|0x0000000080c00000, 0x0000000080d00000, 0x0000000080d00000|100%| O|  |TAMS 0x0000000080d00000, 0x0000000080c00000| Untracked 
|  13|0x0000000080d00000, 0x0000000080e00000, 0x0000000080e00000|100%| O|  |TAMS 0x0000000080e00000, 0x0000000080d00000| Untracked 
|  14|0x0000000080e00000, 0x0000000080f00000, 0x0000000080f00000|100%| O|  |TAMS 0x0000000080f00000, 0x0000000080e00000| Untracked 
|  15|0x0000000080f00000, 0x0000000081000000, 0x0000000081000000|100%| O|  |TAMS 0x0000000081000000, 0x0000000080f00000| Untracked 
|  16|0x0000000081000000, 0x0000000081100000, 0x0000000081100000|100%| O|  |TAMS 0x0000000081100000, 0x0000000081000000| Untracked 
|  17|0x0000000081100000, 0x0000000081200000, 0x0000000081200000|100%| O|  |TAMS 0x0000000081200000, 0x0000000081100000| Untracked 
|  18|0x0000000081200000, 0x0000000081300000, 0x0000000081300000|100%|HS|  |TAMS 0x0000000081300000, 0x0000000081200000| Complete 
|  19|0x0000000081300000, 0x0000000081400000, 0x0000000081400000|100%|HC|  |TAMS 0x0000000081400000, 0x0000000081300000| Complete 
|  20|0x0000000081400000, 0x0000000081500000, 0x0000000081500000|100%|HS|  |TAMS 0x0000000081500000, 0x0000000081400000| Complete 
|  21|0x0000000081500000, 0x0000000081600000, 0x0000000081600000|100%|HC|  |TAMS 0x0000000081600000, 0x0000000081500000| Complete 
|  22|0x0000000081600000, 0x0000000081700000, 0x0000000081700000|100%|HC|  |TAMS 0x0000000081700000, 0x0000000081600000| Complete 
|  23|0x0000000081700000, 0x0000000081800000, 0x0000000081800000|100%| O|  |TAMS 0x0000000081800000, 0x0000000081700000| Untracked 
|  24|0x0000000081800000, 0x0000000081900000, 0x0000000081900000|100%| O|  |TAMS 0x0000000081900000, 0x0000000081800000| Untracked 
|  25|0x0000000081900000, 0x0000000081a00000, 0x0000000081a00000|100%|HS|  |TAMS 0x0000000081a00000, 0x0000000081900000| Complete 
|  26|0x0000000081a00000, 0x0000000081b00000, 0x0000000081b00000|100%|HC|  |TAMS 0x0000000081b00000, 0x0000000081a00000| Complete 
|  27|0x0000000081b00000, 0x0000000081c00000, 0x0000000081c00000|100%|HC|  |TAMS 0x0000000081c00000, 0x0000000081b00000| Complete 
|  28|0x0000000081c00000, 0x0000000081d00000, 0x0000000081d00000|100%| O|  |TAMS 0x0000000081d00000, 0x0000000081c00000| Untracked 
|  29|0x0000000081d00000, 0x0000000081e00000, 0x0000000081e00000|100%| O|  |TAMS 0x0000000081e00000, 0x0000000081d00000| Untracked 
|  30|0x0000000081e00000, 0x0000000081f00000, 0x0000000081f00000|100%|HS|  |TAMS 0x0000000081f00000, 0x0000000081e00000| Complete 
|  31|0x0000000081f00000, 0x0000000082000000, 0x0000000082000000|100%|HC|  |TAMS 0x0000000082000000, 0x0000000081f00000| Complete 
|  32|0x0000000082000000, 0x0000000082100000, 0x0000000082100000|100%|HS|  |TAMS 0x0000000082100000, 0x0000000082000000| Complete 
|  33|0x0000000082100000, 0x0000000082200000, 0x0000000082200000|100%|HC|  |TAMS 0x0000000082200000, 0x0000000082100000| Complete 
|  34|0x0000000082200000, 0x0000000082300000, 0x0000000082300000|100%|HC|  |TAMS 0x0000000082300000, 0x0000000082200000| Complete 
|  35|0x0000000082300000, 0x0000000082400000, 0x0000000082400000|100%|HC|  |TAMS 0x0000000082400000, 0x0000000082300000| Complete 
|  36|0x0000000082400000, 0x0000000082500000, 0x0000000082500000|100%|HC|  |TAMS 0x0000000082500000, 0x0000000082400000| Complete 
|  37|0x0000000082500000, 0x0000000082600000, 0x0000000082600000|100%| O|  |TAMS 0x0000000082600000, 0x0000000082500000| Untracked 
|  38|0x0000000082600000, 0x0000000082700000, 0x0000000082700000|100%| O|  |TAMS 0x0000000082700000, 0x0000000082600000| Untracked 
|  39|0x0000000082700000, 0x0000000082800000, 0x0000000082800000|100%| O|  |TAMS 0x0000000082800000, 0x0000000082700000| Untracked 
|  40|0x0000000082800000, 0x0000000082900000, 0x0000000082900000|100%| O|  |TAMS 0x0000000082900000, 0x0000000082800000| Untracked 
|  41|0x0000000082900000, 0x0000000082a00000, 0x0000000082a00000|100%|HS|  |TAMS 0x0000000082a00000, 0x0000000082900000| Complete 
|  42|0x0000000082a00000, 0x0000000082b00000, 0x0000000082b00000|100%|HC|  |TAMS 0x0000000082b00000, 0x0000000082a00000| Complete 
|  43|0x0000000082b00000, 0x0000000082c00000, 0x0000000082c00000|100%| O|  |TAMS 0x0000000082c00000, 0x0000000082b00000| Untracked 
|  44|0x0000000082c00000, 0x0000000082d00000, 0x0000000082d00000|100%| O|  |TAMS 0x0000000082d00000, 0x0000000082c00000| Untracked 
|  45|0x0000000082d00000, 0x0000000082e00000, 0x0000000082e00000|100%| O|  |TAMS 0x0000000082e00000, 0x0000000082d00000| Untracked 
|  46|0x0000000082e00000, 0x0000000082f00000, 0x0000000082f00000|100%| O|  |TAMS 0x0000000082f00000, 0x0000000082e00000| Untracked 
|  47|0x0000000082f00000, 0x0000000083000000, 0x0000000083000000|100%| O|  |TAMS 0x0000000083000000, 0x0000000082f00000| Untracked 
|  48|0x0000000083000000, 0x0000000083100000, 0x0000000083100000|100%| O|  |TAMS 0x0000000083100000, 0x0000000083000000| Untracked 
|  49|0x0000000083100000, 0x0000000083200000, 0x0000000083200000|100%| O|  |TAMS 0x0000000083200000, 0x0000000083100000| Untracked 
|  50|0x0000000083200000, 0x0000000083300000, 0x0000000083300000|100%| O|  |TAMS 0x0000000083300000, 0x0000000083200000| Untracked 
|  51|0x0000000083300000, 0x0000000083400000, 0x0000000083400000|100%| O|  |TAMS 0x0000000083400000, 0x0000000083300000| Untracked 
|  52|0x0000000083400000, 0x0000000083500000, 0x0000000083500000|100%| O|  |TAMS 0x0000000083500000, 0x0000000083400000| Untracked 
|  53|0x0000000083500000, 0x0000000083600000, 0x0000000083600000|100%|HS|  |TAMS 0x0000000083600000, 0x0000000083500000| Complete 
|  54|0x0000000083600000, 0x0000000083700000, 0x0000000083700000|100%|HC|  |TAMS 0x0000000083700000, 0x0000000083600000| Complete 
|  55|0x0000000083700000, 0x0000000083800000, 0x0000000083800000|100%| O|  |TAMS 0x0000000083800000, 0x0000000083700000| Untracked 
|  56|0x0000000083800000, 0x0000000083900000, 0x0000000083900000|100%|HS|  |TAMS 0x0000000083900000, 0x0000000083800000| Complete 
|  57|0x0000000083900000, 0x0000000083a00000, 0x0000000083a00000|100%|HC|  |TAMS 0x0000000083a00000, 0x0000000083900000| Complete 
|  58|0x0000000083a00000, 0x0000000083b00000, 0x0000000083b00000|100%|HC|  |TAMS 0x0000000083b00000, 0x0000000083a00000| Complete 
|  59|0x0000000083b00000, 0x0000000083c00000, 0x0000000083c00000|100%|HC|  |TAMS 0x0000000083c00000, 0x0000000083b00000| Complete 
|  60|0x0000000083c00000, 0x0000000083d00000, 0x0000000083d00000|100%|HC|  |TAMS 0x0000000083d00000, 0x0000000083c00000| Complete 
|  61|0x0000000083d00000, 0x0000000083e00000, 0x0000000083e00000|100%|HC|  |TAMS 0x0000000083e00000, 0x0000000083d00000| Complete 
|  62|0x0000000083e00000, 0x0000000083f00000, 0x0000000083f00000|100%|HC|  |TAMS 0x0000000083f00000, 0x0000000083e00000| Complete 
|  63|0x0000000083f00000, 0x0000000084000000, 0x0000000084000000|100%|HC|  |TAMS 0x0000000084000000, 0x0000000083f00000| Complete 
|  64|0x0000000084000000, 0x0000000084100000, 0x0000000084100000|100%|HC|  |TAMS 0x0000000084100000, 0x0000000084000000| Complete 
|  65|0x0000000084100000, 0x0000000084200000, 0x0000000084200000|100%|HC|  |TAMS 0x0000000084200000, 0x0000000084100000| Complete 
|  66|0x0000000084200000, 0x0000000084300000, 0x0000000084300000|100%|HS|  |TAMS 0x0000000084300000, 0x0000000084200000| Complete 
|  67|0x0000000084300000, 0x0000000084400000, 0x0000000084400000|100%|HC|  |TAMS 0x0000000084400000, 0x0000000084300000| Complete 
|  68|0x0000000084400000, 0x0000000084500000, 0x0000000084500000|100%|HC|  |TAMS 0x0000000084500000, 0x0000000084400000| Complete 
|  69|0x0000000084500000, 0x0000000084600000, 0x0000000084600000|100%|HC|  |TAMS 0x0000000084600000, 0x0000000084500000| Complete 
|  70|0x0000000084600000, 0x0000000084700000, 0x0000000084700000|100%|HC|  |TAMS 0x0000000084700000, 0x0000000084600000| Complete 
|  71|0x0000000084700000, 0x0000000084800000, 0x0000000084800000|100%|HC|  |TAMS 0x0000000084800000, 0x0000000084700000| Complete 
|  72|0x0000000084800000, 0x0000000084900000, 0x0000000084900000|100%|HC|  |TAMS 0x0000000084900000, 0x0000000084800000| Complete 
|  73|0x0000000084900000, 0x0000000084a00000, 0x0000000084a00000|100%|HC|  |TAMS 0x0000000084a00000, 0x0000000084900000| Complete 
|  74|0x0000000084a00000, 0x0000000084b00000, 0x0000000084b00000|100%|HC|  |TAMS 0x0000000084b00000, 0x0000000084a00000| Complete 
|  75|0x0000000084b00000, 0x0000000084c00000, 0x0000000084c00000|100%|HC|  |TAMS 0x0000000084c00000, 0x0000000084b00000| Complete 
|  76|0x0000000084c00000, 0x0000000084d00000, 0x0000000084d00000|100%|HS|  |TAMS 0x0000000084d00000, 0x0000000084c00000| Complete 
|  77|0x0000000084d00000, 0x0000000084e00000, 0x0000000084e00000|100%|HC|  |TAMS 0x0000000084e00000, 0x0000000084d00000| Complete 
|  78|0x0000000084e00000, 0x0000000084f00000, 0x0000000084f00000|100%|HC|  |TAMS 0x0000000084f00000, 0x0000000084e00000| Complete 
|  79|0x0000000084f00000, 0x0000000085000000, 0x0000000085000000|100%|HS|  |TAMS 0x0000000085000000, 0x0000000084f00000| Complete 
|  80|0x0000000085000000, 0x0000000085100000, 0x0000000085100000|100%|HC|  |TAMS 0x0000000085100000, 0x0000000085000000| Complete 
|  81|0x0000000085100000, 0x0000000085200000, 0x0000000085200000|100%|HS|  |TAMS 0x0000000085200000, 0x0000000085100000| Complete 
|  82|0x0000000085200000, 0x0000000085300000, 0x0000000085300000|100%|HC|  |TAMS 0x0000000085300000, 0x0000000085200000| Complete 
|  83|0x0000000085300000, 0x0000000085400000, 0x0000000085400000|100%|HC|  |TAMS 0x0000000085400000, 0x0000000085300000| Complete 
|  84|0x0000000085400000, 0x0000000085500000, 0x0000000085500000|100%| O|  |TAMS 0x0000000085500000, 0x0000000085400000| Untracked 
|  85|0x0000000085500000, 0x0000000085600000, 0x0000000085600000|100%| O|  |TAMS 0x0000000085600000, 0x0000000085500000| Untracked 
|  86|0x0000000085600000, 0x0000000085700000, 0x0000000085700000|100%| O|  |TAMS 0x0000000085700000, 0x0000000085600000| Untracked 
|  87|0x0000000085700000, 0x0000000085800000, 0x0000000085800000|100%| O|  |TAMS 0x0000000085800000, 0x0000000085700000| Untracked 
|  88|0x0000000085800000, 0x0000000085900000, 0x0000000085900000|100%|HS|  |TAMS 0x0000000085900000, 0x0000000085800000| Complete 
|  89|0x0000000085900000, 0x0000000085a00000, 0x0000000085a00000|100%|HC|  |TAMS 0x0000000085a00000, 0x0000000085900000| Complete 
|  90|0x0000000085a00000, 0x0000000085b00000, 0x0000000085b00000|100%|HC|  |TAMS 0x0000000085b00000, 0x0000000085a00000| Complete 
|  91|0x0000000085b00000, 0x0000000085c00000, 0x0000000085c00000|100%|HC|  |TAMS 0x0000000085c00000, 0x0000000085b00000| Complete 
|  92|0x0000000085c00000, 0x0000000085d00000, 0x0000000085d00000|100%|HC|  |TAMS 0x0000000085d00000, 0x0000000085c00000| Complete 
|  93|0x0000000085d00000, 0x0000000085e00000, 0x0000000085e00000|100%| O|  |TAMS 0x0000000085e00000, 0x0000000085d00000| Untracked 
|  94|0x0000000085e00000, 0x0000000085f00000, 0x0000000085f00000|100%| O|  |TAMS 0x0000000085f00000, 0x0000000085e00000| Untracked 
|  95|0x0000000085f00000, 0x0000000086000000, 0x0000000086000000|100%| O|  |TAMS 0x0000000086000000, 0x0000000085f00000| Untracked 
|  96|0x0000000086000000, 0x0000000086100000, 0x0000000086100000|100%| O|  |TAMS 0x0000000086100000, 0x0000000086000000| Untracked 
|  97|0x0000000086100000, 0x0000000086200000, 0x0000000086200000|100%| O|  |TAMS 0x0000000086200000, 0x0000000086100000| Untracked 
|  98|0x0000000086200000, 0x0000000086300000, 0x0000000086300000|100%|HS|  |TAMS 0x0000000086300000, 0x0000000086200000| Complete 
|  99|0x0000000086300000, 0x0000000086400000, 0x0000000086400000|100%|HS|  |TAMS 0x0000000086400000, 0x0000000086300000| Complete 
| 100|0x0000000086400000, 0x0000000086500000, 0x0000000086500000|100%|HS|  |TAMS 0x0000000086500000, 0x0000000086400000| Complete 
| 101|0x0000000086500000, 0x0000000086600000, 0x0000000086600000|100%|HC|  |TAMS 0x0000000086600000, 0x0000000086500000| Complete 
| 102|0x0000000086600000, 0x0000000086700000, 0x0000000086700000|100%| O|  |TAMS 0x0000000086700000, 0x0000000086600000| Untracked 
| 103|0x0000000086700000, 0x0000000086800000, 0x0000000086800000|100%| O|  |TAMS 0x0000000086800000, 0x0000000086700000| Untracked 
| 104|0x0000000086800000, 0x0000000086900000, 0x0000000086900000|100%|HS|  |TAMS 0x0000000086900000, 0x0000000086800000| Complete 
| 105|0x0000000086900000, 0x0000000086a00000, 0x0000000086a00000|100%|HC|  |TAMS 0x0000000086a00000, 0x0000000086900000| Complete 
| 106|0x0000000086a00000, 0x0000000086b00000, 0x0000000086b00000|100%|HC|  |TAMS 0x0000000086b00000, 0x0000000086a00000| Complete 
| 107|0x0000000086b00000, 0x0000000086c00000, 0x0000000086c00000|100%|HC|  |TAMS 0x0000000086c00000, 0x0000000086b00000| Complete 
| 108|0x0000000086c00000, 0x0000000086d00000, 0x0000000086d00000|100%| O|  |TAMS 0x0000000086d00000, 0x0000000086c00000| Untracked 
| 109|0x0000000086d00000, 0x0000000086e00000, 0x0000000086e00000|100%| O|  |TAMS 0x0000000086e00000, 0x0000000086d00000| Untracked 
| 110|0x0000000086e00000, 0x0000000086f00000, 0x0000000086f00000|100%| O|  |TAMS 0x0000000086f00000, 0x0000000086e00000| Untracked 
| 111|0x0000000086f00000, 0x0000000087000000, 0x0000000087000000|100%| O|  |TAMS 0x0000000087000000, 0x0000000086f00000| Untracked 
| 112|0x0000000087000000, 0x0000000087100000, 0x0000000087100000|100%| O|  |TAMS 0x0000000087100000, 0x0000000087000000| Untracked 
| 113|0x0000000087100000, 0x0000000087200000, 0x0000000087200000|100%| O|  |TAMS 0x0000000087200000, 0x0000000087100000| Untracked 
| 114|0x0000000087200000, 0x0000000087300000, 0x0000000087300000|100%| O|  |TAMS 0x0000000087300000, 0x0000000087200000| Untracked 
| 115|0x0000000087300000, 0x0000000087400000, 0x0000000087400000|100%| O|  |TAMS 0x0000000087400000, 0x0000000087300000| Untracked 
| 116|0x0000000087400000, 0x0000000087500000, 0x0000000087500000|100%| O|  |TAMS 0x0000000087500000, 0x0000000087400000| Untracked 
| 117|0x0000000087500000, 0x0000000087600000, 0x0000000087600000|100%| O|  |TAMS 0x0000000087600000, 0x0000000087500000| Untracked 
| 118|0x0000000087600000, 0x0000000087700000, 0x0000000087700000|100%| O|  |TAMS 0x0000000087700000, 0x0000000087600000| Untracked 
| 119|0x0000000087700000, 0x0000000087800000, 0x0000000087800000|100%| O|  |TAMS 0x0000000087800000, 0x0000000087700000| Untracked 
| 120|0x0000000087800000, 0x0000000087900000, 0x0000000087900000|100%| O|  |TAMS 0x0000000087900000, 0x0000000087800000| Untracked 
| 121|0x0000000087900000, 0x0000000087a00000, 0x0000000087a00000|100%| O|  |TAMS 0x0000000087a00000, 0x0000000087900000| Untracked 
| 122|0x0000000087a00000, 0x0000000087af7400, 0x0000000087b00000| 96%| O|  |TAMS 0x0000000087af7400, 0x0000000087a00000| Untracked 
| 123|0x0000000087b00000, 0x0000000087c00000, 0x0000000087c00000|100%| O|  |TAMS 0x0000000087c00000, 0x0000000087b00000| Untracked 
| 124|0x0000000087c00000, 0x0000000087d00000, 0x0000000087d00000|100%| O|  |TAMS 0x0000000087d00000, 0x0000000087c00000| Untracked 
| 125|0x0000000087d00000, 0x0000000087e00000, 0x0000000087e00000|100%| O|  |TAMS 0x0000000087e00000, 0x0000000087d00000| Untracked 
| 126|0x0000000087e00000, 0x0000000087e00000, 0x0000000087f00000|  0%| F|  |TAMS 0x0000000087e00000, 0x0000000087e00000| Untracked 
| 127|0x0000000087f00000, 0x0000000087f00000, 0x0000000088000000|  0%| F|  |TAMS 0x0000000087f00000, 0x0000000087f00000| Untracked 
| 128|0x0000000088000000, 0x0000000088000000, 0x0000000088100000|  0%| F|  |TAMS 0x0000000088000000, 0x0000000088000000| Untracked 
| 129|0x0000000088100000, 0x0000000088100000, 0x0000000088200000|  0%| F|  |TAMS 0x0000000088100000, 0x0000000088100000| Untracked 
| 130|0x0000000088200000, 0x0000000088200000, 0x0000000088300000|  0%| F|  |TAMS 0x0000000088200000, 0x0000000088200000| Untracked 
| 131|0x0000000088300000, 0x0000000088300000, 0x0000000088400000|  0%| F|  |TAMS 0x0000000088300000, 0x0000000088300000| Untracked 
| 132|0x0000000088400000, 0x0000000088400000, 0x0000000088500000|  0%| F|  |TAMS 0x0000000088400000, 0x0000000088400000| Untracked 
| 133|0x0000000088500000, 0x0000000088500000, 0x0000000088600000|  0%| F|  |TAMS 0x0000000088500000, 0x0000000088500000| Untracked 
| 134|0x0000000088600000, 0x0000000088600000, 0x0000000088700000|  0%| F|  |TAMS 0x0000000088600000, 0x0000000088600000| Untracked 
| 135|0x0000000088700000, 0x0000000088700000, 0x0000000088800000|  0%| F|  |TAMS 0x0000000088700000, 0x0000000088700000| Untracked 
| 136|0x0000000088800000, 0x0000000088800000, 0x0000000088900000|  0%| F|  |TAMS 0x0000000088800000, 0x0000000088800000| Untracked 
| 137|0x0000000088900000, 0x0000000088900000, 0x0000000088a00000|  0%| F|  |TAMS 0x0000000088900000, 0x0000000088900000| Untracked 
| 138|0x0000000088a00000, 0x0000000088a00000, 0x0000000088b00000|  0%| F|  |TAMS 0x0000000088a00000, 0x0000000088a00000| Untracked 
| 139|0x0000000088b00000, 0x0000000088b00000, 0x0000000088c00000|  0%| F|  |TAMS 0x0000000088b00000, 0x0000000088b00000| Untracked 
| 140|0x0000000088c00000, 0x0000000088c00000, 0x0000000088d00000|  0%| F|  |TAMS 0x0000000088c00000, 0x0000000088c00000| Untracked 
| 141|0x0000000088d00000, 0x0000000088d00000, 0x0000000088e00000|  0%| F|  |TAMS 0x0000000088d00000, 0x0000000088d00000| Untracked 
| 142|0x0000000088e00000, 0x0000000088e00000, 0x0000000088f00000|  0%| F|  |TAMS 0x0000000088e00000, 0x0000000088e00000| Untracked 
| 143|0x0000000088f00000, 0x0000000088f00000, 0x0000000089000000|  0%| F|  |TAMS 0x0000000088f00000, 0x0000000088f00000| Untracked 
| 144|0x0000000089000000, 0x0000000089000000, 0x0000000089100000|  0%| F|  |TAMS 0x0000000089000000, 0x0000000089000000| Untracked 
| 145|0x0000000089100000, 0x0000000089100000, 0x0000000089200000|  0%| F|  |TAMS 0x0000000089100000, 0x0000000089100000| Untracked 
| 146|0x0000000089200000, 0x0000000089200000, 0x0000000089300000|  0%| F|  |TAMS 0x0000000089200000, 0x0000000089200000| Untracked 
| 147|0x0000000089300000, 0x0000000089300000, 0x0000000089400000|  0%| F|  |TAMS 0x0000000089300000, 0x0000000089300000| Untracked 
| 148|0x0000000089400000, 0x0000000089400000, 0x0000000089500000|  0%| F|  |TAMS 0x0000000089400000, 0x0000000089400000| Untracked 
| 149|0x0000000089500000, 0x0000000089600000, 0x0000000089600000|100%| S|CS|TAMS 0x0000000089500000, 0x0000000089500000| Complete 
| 150|0x0000000089600000, 0x0000000089600000, 0x0000000089700000|  0%| F|  |TAMS 0x0000000089600000, 0x0000000089600000| Untracked 
| 151|0x0000000089700000, 0x0000000089800000, 0x0000000089800000|100%| S|CS|TAMS 0x0000000089700000, 0x0000000089700000| Complete 
| 152|0x0000000089800000, 0x0000000089800000, 0x0000000089900000|  0%| F|  |TAMS 0x0000000089800000, 0x0000000089800000| Untracked 
| 153|0x0000000089900000, 0x0000000089900000, 0x0000000089a00000|  0%| F|  |TAMS 0x0000000089900000, 0x0000000089900000| Untracked 
| 154|0x0000000089a00000, 0x0000000089a00000, 0x0000000089b00000|  0%| F|  |TAMS 0x0000000089a00000, 0x0000000089a00000| Untracked 
| 155|0x0000000089b00000, 0x0000000089b00000, 0x0000000089c00000|  0%| F|  |TAMS 0x0000000089b00000, 0x0000000089b00000| Untracked 
| 156|0x0000000089c00000, 0x0000000089c00000, 0x0000000089d00000|  0%| F|  |TAMS 0x0000000089c00000, 0x0000000089c00000| Untracked 
| 157|0x0000000089d00000, 0x0000000089d00000, 0x0000000089e00000|  0%| F|  |TAMS 0x0000000089d00000, 0x0000000089d00000| Untracked 
| 158|0x0000000089e00000, 0x0000000089f00000, 0x0000000089f00000|100%| E|  |TAMS 0x0000000089e00000, 0x0000000089e00000| Complete 
| 159|0x0000000089f00000, 0x000000008a000000, 0x000000008a000000|100%| E|CS|TAMS 0x0000000089f00000, 0x0000000089f00000| Complete 
| 160|0x000000008a000000, 0x000000008a100000, 0x000000008a100000|100%| E|CS|TAMS 0x000000008a000000, 0x000000008a000000| Complete 
| 161|0x000000008a100000, 0x000000008a200000, 0x000000008a200000|100%| E|CS|TAMS 0x000000008a100000, 0x000000008a100000| Complete 
| 162|0x000000008a200000, 0x000000008a300000, 0x000000008a300000|100%| E|CS|TAMS 0x000000008a200000, 0x000000008a200000| Complete 
| 163|0x000000008a300000, 0x000000008a400000, 0x000000008a400000|100%| E|CS|TAMS 0x000000008a300000, 0x000000008a300000| Complete 
| 164|0x000000008a400000, 0x000000008a500000, 0x000000008a500000|100%| E|CS|TAMS 0x000000008a400000, 0x000000008a400000| Complete 
| 165|0x000000008a500000, 0x000000008a600000, 0x000000008a600000|100%| E|CS|TAMS 0x000000008a500000, 0x000000008a500000| Complete 

Card table byte_map: [0x000001657eb20000,0x000001657ef20000] _byte_map_base: 0x000001657e720000

Marking Bits (Prev, Next): (CMBitMap*) 0x000001656bc3e540, (CMBitMap*) 0x000001656bc3e508
 Prev Bits: [0x0000016502000000, 0x0000016504000000)
 Next Bits: [0x0000016500000000, 0x0000016502000000)

Polling page: 0x000001656b3d0000

Metaspace:

Usage:
  Non-class:     62.85 MB capacity,    61.64 MB ( 98%) used,     1.01 MB (  2%) free+waste,   210.25 KB ( <1%) overhead. 
      Class:      9.78 MB capacity,     8.99 MB ( 92%) used,   707.41 KB (  7%) free+waste,   100.00 KB ( <1%) overhead. 
       Both:     72.63 MB capacity,    70.63 MB ( 97%) used,     1.70 MB (  2%) free+waste,   310.25 KB ( <1%) overhead. 

Virtual space:
  Non-class space:       64.00 MB reserved,      62.92 MB ( 98%) committed 
      Class space:        1.00 GB reserved,       9.88 MB ( <1%) committed 
             Both:        1.06 GB reserved,      72.80 MB (  7%) committed 

Chunk freelists:
   Non-Class:  8.00 KB
       Class:  4.00 KB
        Both:  12.00 KB

MaxMetaspaceSize: 17179869184.00 GB
CompressedClassSpaceSize: 1.00 GB
Initial GC threshold: 20.80 MB
Current GC threshold: 121.33 MB
CDS: off

CodeHeap 'non-profiled nmethods': size=120064Kb used=5020Kb max_used=5020Kb free=115043Kb
 bounds [0x00000165771e0000, 0x00000165776d0000, 0x000001657e720000]
CodeHeap 'profiled nmethods': size=120000Kb used=17054Kb max_used=17054Kb free=102945Kb
 bounds [0x000001656fcb0000, 0x0000016570d60000, 0x00000165771e0000]
CodeHeap 'non-nmethods': size=5696Kb used=2355Kb max_used=2407Kb free=3340Kb
 bounds [0x000001656f720000, 0x000001656f990000, 0x000001656fcb0000]
 total_blobs=8909 nmethods=8034 adapters=787
 compilation: enabled
              stopped_count=0, restarted_count=0
 full_count=0

Compilation events (20 events):
Event: 634.592 Thread 0x0000016506038800 nmethod 8049 0x00000165776c6290 code [0x00000165776c6440, 0x00000165776c64f8]
Event: 634.592 Thread 0x0000016506038800 8050       1       org.gradle.cache.internal.btree.BTreePersistentIndexedCache$HeaderBlock::getType (3 bytes)
Event: 634.592 Thread 0x0000016506038800 nmethod 8050 0x00000165776c6590 code [0x00000165776c6740, 0x00000165776c67f8]
Event: 634.592 Thread 0x0000016506038800 8051       1       org.gradle.cache.internal.btree.BTreePersistentIndexedCache::access$1500 (5 bytes)
Event: 634.592 Thread 0x0000016506038800 nmethod 8051 0x00000165776c6890 code [0x00000165776c6a40, 0x00000165776c6ad8]
Event: 634.626 Thread 0x0000016506038800 8052       3       java.util.stream.IntPipeline$1$1::accept (23 bytes)
Event: 634.626 Thread 0x0000016506038800 nmethod 8052 0x0000016570d53a90 code [0x0000016570d53c60, 0x0000016570d53ef8]
Event: 634.626 Thread 0x0000016506038800 8053       3       org.codehaus.groovy.runtime.callsite.CallSiteArray$$Lambda$399/0x00000001004a9840::apply (13 bytes)
Event: 634.626 Thread 0x0000016506038800 nmethod 8053 0x0000016570d54010 code [0x0000016570d541e0, 0x0000016570d54558]
Event: 634.627 Thread 0x0000016506038800 8054       3       org.codehaus.groovy.runtime.callsite.CallSiteArray::lambda$new$0 (13 bytes)
Event: 634.627 Thread 0x0000016506038800 nmethod 8054 0x0000016570d54710 code [0x0000016570d548e0, 0x0000016570d54bd8]
Event: 634.627 Thread 0x0000016506038800 8055       3       java.util.stream.Nodes$FixedNodeBuilder::accept (61 bytes)
Event: 634.628 Thread 0x0000016506038800 nmethod 8055 0x0000016570d54d10 code [0x0000016570d54fe0, 0x0000016570d55f48]
Event: 634.628 Thread 0x0000016506038800 8056       3       org.gradle.internal.classpath.intercept.CallInterceptorsSet::maybeDecorateGroovyCallSite (20 bytes)
Event: 634.631 Thread 0x0000016506038800 nmethod 8056 0x0000016570d56490 code [0x0000016570d56680, 0x0000016570d56b18]
Event: 634.632 Thread 0x0000016506038800 8057       3       org.codehaus.groovy.reflection.ClassInfo::getMetaClassForClass (27 bytes)
Event: 634.633 Thread 0x0000016506038800 nmethod 8057 0x0000016570d56d10 code [0x0000016570d56f40, 0x0000016570d577c8]
Event: 634.639 Thread 0x000001657f4f5800 8058       4       java.util.LinkedList::add (7 bytes)
Event: 634.644 Thread 0x000001657f4f5800 nmethod 8058 0x00000165776c6b90 code [0x00000165776c6d20, 0x00000165776c7218]
Event: 634.666 Thread 0x000001657f4f5800 8059       4       java.lang.Class::getMethod (59 bytes)

GC Heap History (20 events):
Event: 584.619 GC heap before
{Heap before GC invocations=168 (full 0):
 garbage-first heap   total 169984K, used 129766K [0x0000000080000000, 0x0000000100000000)
  region size 1024K, 2 young (2048K), 1 survivors (1024K)
 Metaspace       used 64426K, capacity 66337K, committed 66480K, reserved 1107968K
  class space    used 8187K, capacity 8940K, committed 8960K, reserved 1048576K
}
Event: 584.622 GC heap after
{Heap after GC invocations=169 (full 0):
 garbage-first heap   total 169984K, used 129162K [0x0000000080000000, 0x0000000100000000)
  region size 1024K, 1 young (1024K), 1 survivors (1024K)
 Metaspace       used 64426K, capacity 66337K, committed 66480K, reserved 1107968K
  class space    used 8187K, capacity 8940K, committed 8960K, reserved 1048576K
}
Event: 589.015 GC heap before
{Heap before GC invocations=170 (full 0):
 garbage-first heap   total 169984K, used 140426K [0x0000000080000000, 0x0000000100000000)
  region size 1024K, 11 young (11264K), 1 survivors (1024K)
 Metaspace       used 65152K, capacity 67027K, committed 67120K, reserved 1107968K
  class space    used 8298K, capacity 9039K, committed 9088K, reserved 1048576K
}
Event: 589.020 GC heap after
{Heap after GC invocations=171 (full 0):
 garbage-first heap   total 169984K, used 129340K [0x0000000080000000, 0x0000000100000000)
  region size 1024K, 1 young (1024K), 1 survivors (1024K)
 Metaspace       used 65152K, capacity 67027K, committed 67120K, reserved 1107968K
  class space    used 8298K, capacity 9039K, committed 9088K, reserved 1048576K
}
Event: 593.068 GC heap before
{Heap before GC invocations=171 (full 0):
 garbage-first heap   total 169984K, used 141628K [0x0000000080000000, 0x0000000100000000)
  region size 1024K, 13 young (13312K), 1 survivors (1024K)
 Metaspace       used 66366K, capacity 68206K, committed 68272K, reserved 1107968K
  class space    used 8432K, capacity 9171K, committed 9216K, reserved 1048576K
}
Event: 593.081 GC heap after
{Heap after GC invocations=172 (full 0):
 garbage-first heap   total 169984K, used 130195K [0x0000000080000000, 0x0000000100000000)
  region size 1024K, 2 young (2048K), 2 survivors (2048K)
 Metaspace       used 66366K, capacity 68206K, committed 68272K, reserved 1107968K
  class space    used 8432K, capacity 9171K, committed 9216K, reserved 1048576K
}
Event: 598.264 GC heap before
{Heap before GC invocations=173 (full 0):
 garbage-first heap   total 169984K, used 139411K [0x0000000080000000, 0x0000000100000000)
  region size 1024K, 14 young (14336K), 2 survivors (2048K)
 Metaspace       used 67079K, capacity 69030K, committed 69168K, reserved 1110016K
  class space    used 8515K, capacity 9272K, committed 9344K, reserved 1048576K
}
Event: 598.270 GC heap after
{Heap after GC invocations=174 (full 0):
 garbage-first heap   total 169984K, used 126717K [0x0000000080000000, 0x0000000100000000)
  region size 1024K, 2 young (2048K), 2 survivors (2048K)
 Metaspace       used 67079K, capacity 69030K, committed 69168K, reserved 1110016K
  class space    used 8515K, capacity 9272K, committed 9344K, reserved 1048576K
}
Event: 603.649 GC heap before
{Heap before GC invocations=174 (full 0):
 garbage-first heap   total 169984K, used 141053K [0x0000000080000000, 0x0000000100000000)
  region size 1024K, 16 young (16384K), 2 survivors (2048K)
 Metaspace       used 68042K, capacity 69977K, committed 70064K, reserved 1110016K
  class space    used 8663K, capacity 9438K, committed 9472K, reserved 1048576K
}
Event: 603.672 GC heap after
{Heap after GC invocations=175 (full 0):
 garbage-first heap   total 169984K, used 127620K [0x0000000080000000, 0x0000000100000000)
  region size 1024K, 2 young (2048K), 2 survivors (2048K)
 Metaspace       used 68042K, capacity 69977K, committed 70064K, reserved 1110016K
  class space    used 8663K, capacity 9438K, committed 9472K, reserved 1048576K
}
Event: 604.627 GC heap before
{Heap before GC invocations=176 (full 0):
 garbage-first heap   total 169984K, used 129668K [0x0000000080000000, 0x0000000100000000)
  region size 1024K, 5 young (5120K), 2 survivors (2048K)
 Metaspace       used 68288K, capacity 70239K, committed 70320K, reserved 1110016K
  class space    used 8685K, capacity 9439K, committed 9472K, reserved 1048576K
}
Event: 604.633 GC heap after
{Heap after GC invocations=177 (full 0):
 garbage-first heap   total 169984K, used 128118K [0x0000000080000000, 0x0000000100000000)
  region size 1024K, 2 young (2048K), 2 survivors (2048K)
 Metaspace       used 68288K, capacity 70239K, committed 70320K, reserved 1110016K
  class space    used 8685K, capacity 9439K, committed 9472K, reserved 1048576K
}
Event: 609.538 GC heap before
{Heap before GC invocations=178 (full 0):
 garbage-first heap   total 169984K, used 141430K [0x0000000080000000, 0x0000000100000000)
  region size 1024K, 15 young (15360K), 2 survivors (2048K)
 Metaspace       used 69740K, capacity 71736K, committed 71856K, reserved 1112064K
  class space    used 8871K, capacity 9657K, committed 9728K, reserved 1048576K
}
Event: 609.584 GC heap after
{Heap after GC invocations=179 (full 0):
 garbage-first heap   total 169984K, used 128444K [0x0000000080000000, 0x0000000100000000)
  region size 1024K, 1 young (1024K), 1 survivors (1024K)
 Metaspace       used 69740K, capacity 71736K, committed 71856K, reserved 1112064K
  class space    used 8871K, capacity 9657K, committed 9728K, reserved 1048576K
}
Event: 614.247 GC heap before
{Heap before GC invocations=179 (full 0):
 garbage-first heap   total 169984K, used 142780K [0x0000000080000000, 0x0000000100000000)
  region size 1024K, 15 young (15360K), 1 survivors (1024K)
 Metaspace       used 70952K, capacity 72928K, committed 73136K, reserved 1112064K
  class space    used 9039K, capacity 9861K, committed 9984K, reserved 1048576K
}
Event: 614.253 GC heap after
{Heap after GC invocations=180 (full 0):
 garbage-first heap   total 169984K, used 128716K [0x0000000080000000, 0x0000000100000000)
  region size 1024K, 2 young (2048K), 2 survivors (2048K)
 Metaspace       used 70952K, capacity 72928K, committed 73136K, reserved 1112064K
  class space    used 9039K, capacity 9861K, committed 9984K, reserved 1048576K
}
Event: 619.940 GC heap before
{Heap before GC invocations=181 (full 0):
 garbage-first heap   total 169984K, used 143052K [0x0000000080000000, 0x0000000100000000)
  region size 1024K, 16 young (16384K), 2 survivors (2048K)
 Metaspace       used 72049K, capacity 74088K, committed 74160K, reserved 1114112K
  class space    used 9158K, capacity 9963K, committed 9984K, reserved 1048576K
}
Event: 619.967 GC heap after
{Heap after GC invocations=182 (full 0):
 garbage-first heap   total 169984K, used 129674K [0x0000000080000000, 0x0000000100000000)
  region size 1024K, 2 young (2048K), 2 survivors (2048K)
 Metaspace       used 72049K, capacity 74088K, committed 74160K, reserved 1114112K
  class space    used 9158K, capacity 9963K, committed 9984K, reserved 1048576K
}
Event: 628.167 GC heap before
{Heap before GC invocations=182 (full 0):
 garbage-first heap   total 169984K, used 144010K [0x0000000080000000, 0x0000000100000000)
  region size 1024K, 16 young (16384K), 2 survivors (2048K)
 Metaspace       used 72282K, capacity 74280K, committed 74544K, reserved 1114112K
  class space    used 9197K, capacity 10004K, committed 10112K, reserved 1048576K
}
Event: 628.192 GC heap after
{Heap after GC invocations=183 (full 0):
 garbage-first heap   total 169984K, used 131037K [0x0000000080000000, 0x0000000100000000)
  region size 1024K, 2 young (2048K), 2 survivors (2048K)
 Metaspace       used 72282K, capacity 74280K, committed 74544K, reserved 1114112K
  class space    used 9197K, capacity 10004K, committed 10112K, reserved 1048576K
}

Deoptimization events (20 events):
Event: 622.485 Thread 0x00000165074ac000 DEOPT PACKING pc=0x000001657739d990 sp=0x000000405e4f5c80
Event: 622.485 Thread 0x00000165074ac000 DEOPT UNPACKING pc=0x000001656f76a1af sp=0x000000405e4f5bf0 mode 2
Event: 624.354 Thread 0x00000165074ac000 Uncommon trap: trap_request=0xffffff4d fr.pc=0x00000165774c3eac relative=0x000000000000088c
Event: 624.354 Thread 0x00000165074ac000 Uncommon trap: reason=unstable_if action=reinterpret pc=0x00000165774c3eac method=com.sun.beans.introspect.MethodInfo$MethodOrder.compare(Ljava/lang/reflect/Method;Ljava/lang/reflect/Method;)I @ 124 c2
Event: 624.355 Thread 0x00000165074ac000 DEOPT PACKING pc=0x00000165774c3eac sp=0x000000405e4f5a50
Event: 624.355 Thread 0x00000165074ac000 DEOPT UNPACKING pc=0x000001656f76a1af sp=0x000000405e4f5980 mode 2
Event: 624.355 Thread 0x00000165074ac000 Uncommon trap: trap_request=0xffffff4d fr.pc=0x00000165774c526c relative=0x000000000000084c
Event: 624.361 Thread 0x00000165074ac000 Uncommon trap: reason=unstable_if action=reinterpret pc=0x00000165774c526c method=com.sun.beans.introspect.MethodInfo$MethodOrder.compare(Ljava/lang/reflect/Method;Ljava/lang/reflect/Method;)I @ 124 c2
Event: 624.371 Thread 0x00000165074ac000 DEOPT PACKING pc=0x00000165774c526c sp=0x000000405e4f59c0
Event: 624.371 Thread 0x00000165074ac000 DEOPT UNPACKING pc=0x000001656f76a1af sp=0x000000405e4f5978 mode 2
Event: 627.100 Thread 0x00000165074ac000 Uncommon trap: trap_request=0xffffff4d fr.pc=0x00000165773e6fe4 relative=0x0000000000000324
Event: 627.100 Thread 0x00000165074ac000 Uncommon trap: reason=unstable_if action=reinterpret pc=0x00000165773e6fe4 method=java.util.StringJoiner.add(Ljava/lang/CharSequence;)Ljava/util/StringJoiner; @ 33 c2
Event: 627.100 Thread 0x00000165074ac000 DEOPT PACKING pc=0x00000165773e6fe4 sp=0x000000405e4f4610
Event: 627.100 Thread 0x00000165074ac000 DEOPT UNPACKING pc=0x000001656f76a1af sp=0x000000405e4f45c0 mode 2
Event: 628.543 Thread 0x00000165074ac000 Uncommon trap: trap_request=0xffffff4d fr.pc=0x00000165774d8d50 relative=0x0000000000000650
Event: 628.543 Thread 0x00000165074ac000 Uncommon trap: reason=unstable_if action=reinterpret pc=0x00000165774d8d50 method=groovy.lang.MetaClassImpl.filterPropertyMethod(Ljava/lang/Object;ZZ)Ljava/lang/Object; @ 60 c2
Event: 628.543 Thread 0x00000165074ac000 DEOPT PACKING pc=0x00000165774d8d50 sp=0x000000405e4f6bc0
Event: 628.543 Thread 0x00000165074ac000 DEOPT UNPACKING pc=0x000001656f76a1af sp=0x000000405e4f6b20 mode 2
Event: 634.237 Thread 0x00000165074ac000 DEOPT PACKING pc=0x000001657064e36b sp=0x000000405e4f78b0
Event: 634.237 Thread 0x00000165074ac000 DEOPT UNPACKING pc=0x000001656f76a95e sp=0x000000405e4f6d10 mode 0

Classes redefined (0 events):
No events

Internal exceptions (20 events):
Event: 622.537 Thread 0x00000165074ac000 Exception <a 'java/lang/ClassNotFoundException'{0x0000000089fe3a70}: org/gradle/api/internal/DefaultDomainObjectSetBeanInfo> (0x0000000089fe3a70) thrown at [src/hotspot/share/classfile/systemDictionary.cpp, line 230]
Event: 624.352 Thread 0x00000165074ac000 Exception <a 'java/lang/ClassNotFoundException'{0x0000000089e17170}: org/gradle/api/internal/DefaultDomainObjectSetCustomizer> (0x0000000089e17170) thrown at [src/hotspot/share/classfile/systemDictionary.cpp, line 230]
Event: 624.354 Thread 0x00000165074ac000 Exception <a 'java/lang/ClassNotFoundException'{0x0000000089e630e0}: org/gradle/api/internal/plugins/DefaultPluginCollectionCustomizer> (0x0000000089e630e0) thrown at [src/hotspot/share/classfile/systemDictionary.cpp, line 230]
Event: 624.396 Thread 0x00000165074ac000 Exception <a 'java/lang/ClassNotFoundException'{0x0000000089ebee58}: org/gradle/api/internal/plugins/DefaultPluginContainerCustomizer> (0x0000000089ebee58) thrown at [src/hotspot/share/classfile/systemDictionary.cpp, line 230]
Event: 627.093 Thread 0x00000165074ac000 Exception <a 'java/lang/ClassNotFoundException'{0x0000000089a95ab0}: com/android/build/gradle/internal/dsl/BaseAppModuleExtension_DecoratedBeanInfo> (0x0000000089a95ab0) thrown at [src/hotspot/share/classfile/systemDictionary.cpp, line 230]
Event: 627.094 Thread 0x00000165074ac000 Exception <a 'java/lang/ClassNotFoundException'{0x0000000089ab3250}: com/android/build/gradle/internal/dsl/BaseAppModuleExtensionBeanInfo> (0x0000000089ab3250) thrown at [src/hotspot/share/classfile/systemDictionary.cpp, line 230]
Event: 627.094 Thread 0x00000165074ac000 Exception <a 'java/lang/ClassNotFoundException'{0x0000000089acc4d8}: com/android/build/gradle/AppExtensionBeanInfo> (0x0000000089acc4d8) thrown at [src/hotspot/share/classfile/systemDictionary.cpp, line 230]
Event: 627.094 Thread 0x00000165074ac000 Exception <a 'java/lang/ClassNotFoundException'{0x0000000089ae7870}: com/android/build/gradle/AbstractAppExtensionBeanInfo> (0x0000000089ae7870) thrown at [src/hotspot/share/classfile/systemDictionary.cpp, line 230]
Event: 627.095 Thread 0x00000165074ac000 Exception <a 'java/lang/ClassNotFoundException'{0x0000000089902298}: com/android/build/gradle/TestedExtensionBeanInfo> (0x0000000089902298) thrown at [src/hotspot/share/classfile/systemDictionary.cpp, line 230]
Event: 627.096 Thread 0x00000165074ac000 Exception <a 'java/lang/ClassNotFoundException'{0x000000008991c740}: com/android/build/gradle/BaseExtensionBeanInfo> (0x000000008991c740) thrown at [src/hotspot/share/classfile/systemDictionary.cpp, line 230]
Event: 627.097 Thread 0x00000165074ac000 Exception <a 'java/lang/ClassNotFoundException'{0x0000000089936f48}: com/android/build/gradle/BaseExtensionCustomizer> (0x0000000089936f48) thrown at [src/hotspot/share/classfile/systemDictionary.cpp, line 230]
Event: 627.114 Thread 0x00000165074ac000 Exception <a 'java/lang/ClassNotFoundException'{0x00000000899aae48}: com/android/build/gradle/TestedExtensionCustomizer> (0x00000000899aae48) thrown at [src/hotspot/share/classfile/systemDictionary.cpp, line 230]
Event: 627.125 Thread 0x00000165074ac000 Exception <a 'java/lang/ClassNotFoundException'{0x00000000899e0080}: com/android/build/gradle/AbstractAppExtensionCustomizer> (0x00000000899e0080) thrown at [src/hotspot/share/classfile/systemDictionary.cpp, line 230]
Event: 627.185 Thread 0x00000165074ac000 Exception <a 'java/lang/ClassNotFoundException'{0x0000000089810280}: com/android/build/gradle/AppExtensionCustomizer> (0x0000000089810280) thrown at [src/hotspot/share/classfile/systemDictionary.cpp, line 230]
Event: 627.220 Thread 0x00000165074ac000 Exception <a 'java/lang/ClassNotFoundException'{0x0000000089842930}: com/android/build/gradle/internal/dsl/BaseAppModuleExtensionCustomizer> (0x0000000089842930) thrown at [src/hotspot/share/classfile/systemDictionary.cpp, line 230]
Event: 628.539 Thread 0x00000165074ac000 Exception <a 'java/lang/ClassNotFoundException'{0x000000008a538df0}: com/android/build/gradle/internal/dsl/BaseAppModuleExtension_DecoratedCustomizer> (0x000000008a538df0) thrown at [src/hotspot/share/classfile/systemDictionary.cpp, line 230]
Event: 628.553 Thread 0x00000165074ac000 Exception <a 'java/lang/ClassNotFoundException'{0x000000008a3a7200}: org/gradle/api/internal/DefaultDomainObjectSet_DecoratedBeanInfo> (0x000000008a3a7200) thrown at [src/hotspot/share/classfile/systemDictionary.cpp, line 230]
Event: 628.555 Thread 0x00000165074ac000 Exception <a 'java/lang/ClassNotFoundException'{0x000000008a3de620}: org/gradle/api/internal/DefaultDomainObjectSet_DecoratedCustomizer> (0x000000008a3de620) thrown at [src/hotspot/share/classfile/systemDictionary.cpp, line 230]
Event: 634.239 Thread 0x00000165074ac000 Exception <a 'java/lang/ClassNotFoundException'{0x000000008a1b66f0}: build_7446wx4snf351e40o9z3gnvcwBeanInfo> (0x000000008a1b66f0) thrown at [src/hotspot/share/classfile/systemDictionary.cpp, line 230]
Event: 634.249 Thread 0x00000165074ac000 Exception <a 'java/lang/ClassNotFoundException'{0x000000008a1c26f0}: build_7446wx4snf351e40o9z3gnvcwCustomizer> (0x000000008a1c26f0) thrown at [src/hotspot/share/classfile/systemDictionary.cpp, line 230]

Events (20 events):
Event: 634.238 loading class build_7446wx4snf351e40o9z3gnvcwBeanInfo
Event: 634.238 loading class build_7446wx4snf351e40o9z3gnvcwBeanInfo done
Event: 634.239 loading class build_7446wx4snf351e40o9z3gnvcwBeanInfo
Event: 634.239 loading class build_7446wx4snf351e40o9z3gnvcwBeanInfo done
Event: 634.239 loading class build_7446wx4snf351e40o9z3gnvcwCustomizer
Event: 634.239 loading class build_7446wx4snf351e40o9z3gnvcwCustomizer done
Event: 634.249 loading class build_7446wx4snf351e40o9z3gnvcwCustomizer
Event: 634.249 loading class build_7446wx4snf351e40o9z3gnvcwCustomizer done
Event: 634.269 Executing VM operation: RevokeBias
Event: 634.583 Executing VM operation: RevokeBias done
Event: 634.584 Executing VM operation: RevokeBias
Event: 634.585 Executing VM operation: RevokeBias done
Event: 634.610 loading class groovy/runtime/metaclass/build_7446wx4snf351e40o9z3gnvcw$_run_closure1MetaClass
Event: 634.610 loading class groovy/runtime/metaclass/build_7446wx4snf351e40o9z3gnvcw$_run_closure1MetaClass done
Event: 634.628 loading class groovy/runtime/metaclass/build_7446wx4snf351e40o9z3gnvcw$_run_closure1$_closure3MetaClass
Event: 634.628 loading class groovy/runtime/metaclass/build_7446wx4snf351e40o9z3gnvcw$_run_closure1$_closure3MetaClass done
Event: 634.630 loading class org/gradle/util/internal/ConfigureUtil
Event: 634.630 loading class org/gradle/util/internal/ConfigureUtil done
Event: 634.634 loading class groovy/runtime/metaclass/com/android/build/gradle/internal/dsl/DefaultConfig$AgpDecorated_DecoratedMetaClass
Event: 634.634 loading class groovy/runtime/metaclass/com/android/build/gradle/internal/dsl/DefaultConfig$AgpDecorated_DecoratedMetaClass done


Dynamic libraries:
0x00007ff72e500000 - 0x00007ff72e50a000 	C:\Program Files\Android\Android Studio\jbr\bin\java.exe
0x00007ffb574d0000 - 0x00007ffb576e4000 	C:\WINDOWS\SYSTEM32\ntdll.dll
0x00007ffb55740000 - 0x00007ffb55802000 	C:\WINDOWS\System32\KERNEL32.DLL
0x00007ffb548d0000 - 0x00007ffb54c73000 	C:\WINDOWS\System32\KERNELBASE.dll
0x00007ffb54cf0000 - 0x00007ffb54e01000 	C:\WINDOWS\System32\ucrtbase.dll
0x00007ffb16430000 - 0x00007ffb16447000 	C:\Program Files\Android\Android Studio\jbr\bin\jli.dll
0x00007ffb570c0000 - 0x00007ffb5726b000 	C:\WINDOWS\System32\USER32.dll
0x00007ffb54f30000 - 0x00007ffb54f56000 	C:\WINDOWS\System32\win32u.dll
0x00007ffb56500000 - 0x00007ffb56529000 	C:\WINDOWS\System32\GDI32.dll
0x00007ffb54e10000 - 0x00007ffb54f29000 	C:\WINDOWS\System32\gdi32full.dll
0x00007ffb55190000 - 0x00007ffb5522a000 	C:\WINDOWS\System32\msvcp_win.dll
0x00007ffb131d0000 - 0x00007ffb131eb000 	C:\Program Files\Android\Android Studio\jbr\bin\VCRUNTIME140.dll
0x00007ffb40730000 - 0x00007ffb409be000 	C:\WINDOWS\WinSxS\amd64_microsoft.windows.common-controls_6595b64144ccf1df_6.0.22621.1635_none_270f70857386168e\COMCTL32.dll
0x00007ffb55aa0000 - 0x00007ffb55b47000 	C:\WINDOWS\System32\msvcrt.dll
0x00007ffb57070000 - 0x00007ffb570a1000 	C:\WINDOWS\System32\IMM32.DLL
0x00007ffb40310000 - 0x00007ffb4031c000 	C:\Program Files\Android\Android Studio\jbr\bin\vcruntime140_1.dll
0x00007ffb08930000 - 0x00007ffb089bd000 	C:\Program Files\Android\Android Studio\jbr\bin\msvcp140.dll
0x00007ffb01ed0000 - 0x00007ffb02a8c000 	C:\Program Files\Android\Android Studio\jbr\bin\server\jvm.dll
0x00007ffb559f0000 - 0x00007ffb55a9e000 	C:\WINDOWS\System32\ADVAPI32.dll
0x00007ffb55930000 - 0x00007ffb559d4000 	C:\WINDOWS\System32\sechost.dll
0x00007ffb56d20000 - 0x00007ffb56e37000 	C:\WINDOWS\System32\RPCRT4.dll
0x00007ffb55b50000 - 0x00007ffb55b58000 	C:\WINDOWS\System32\PSAPI.DLL
0x00007ffb33d50000 - 0x00007ffb33d59000 	C:\WINDOWS\SYSTEM32\WSOCK32.dll
0x00007ffb57270000 - 0x00007ffb572e1000 	C:\WINDOWS\System32\WS2_32.dll
0x00007ffb4cc00000 - 0x00007ffb4cc34000 	C:\WINDOWS\SYSTEM32\WINMM.dll
0x00007ffb52690000 - 0x00007ffb5269a000 	C:\WINDOWS\SYSTEM32\VERSION.dll
0x00007ffb53920000 - 0x00007ffb53938000 	C:\WINDOWS\SYSTEM32\kernel.appcore.dll
0x00007ffb3fae0000 - 0x00007ffb3faf0000 	C:\Program Files\Android\Android Studio\jbr\bin\verify.dll
0x00007ffb3da30000 - 0x00007ffb3dc5e000 	C:\WINDOWS\SYSTEM32\DBGHELP.DLL
0x00007ffb552b0000 - 0x00007ffb55639000 	C:\WINDOWS\System32\combase.dll
0x00007ffb55b60000 - 0x00007ffb55c37000 	C:\WINDOWS\System32\OLEAUT32.dll
0x00007ffb36f60000 - 0x00007ffb36f92000 	C:\WINDOWS\SYSTEM32\dbgcore.DLL
0x00007ffb55230000 - 0x00007ffb552ab000 	C:\WINDOWS\System32\bcryptPrimitives.dll
0x00007ffb3f7d0000 - 0x00007ffb3f7f8000 	C:\Program Files\Android\Android Studio\jbr\bin\java.dll
0x00007ffb3fad0000 - 0x00007ffb3fada000 	C:\Program Files\Android\Android Studio\jbr\bin\jimage.dll
0x00007ffb3f7b0000 - 0x00007ffb3f7c8000 	C:\Program Files\Android\Android Studio\jbr\bin\zip.dll
0x00007ffb55d00000 - 0x00007ffb564fa000 	C:\WINDOWS\System32\SHELL32.dll
0x00007ffb528d0000 - 0x00007ffb5319e000 	C:\WINDOWS\SYSTEM32\windows.storage.dll
0x00007ffb52790000 - 0x00007ffb528ce000 	C:\WINDOWS\SYSTEM32\wintypes.dll
0x00007ffb55640000 - 0x00007ffb55731000 	C:\WINDOWS\System32\SHCORE.dll
0x00007ffb55ca0000 - 0x00007ffb55cfe000 	C:\WINDOWS\System32\shlwapi.dll
0x00007ffb54800000 - 0x00007ffb54821000 	C:\WINDOWS\SYSTEM32\profapi.dll
0x00007ffb3f790000 - 0x00007ffb3f7a9000 	C:\Program Files\Android\Android Studio\jbr\bin\net.dll
0x00007ffb4a3e0000 - 0x00007ffb4a517000 	C:\WINDOWS\SYSTEM32\WINHTTP.dll
0x00007ffb53d90000 - 0x00007ffb53df9000 	C:\WINDOWS\system32\mswsock.dll
0x00007ffb3f770000 - 0x00007ffb3f783000 	C:\Program Files\Android\Android Studio\jbr\bin\nio.dll
0x00007ffb40390000 - 0x00007ffb403b7000 	C:\Users\HP-CSD\.gradle\native\68d5fa5c4cc2d200863cafc0d521ce42e7d3e7ee720ec0a83991735586a16f82\windows-amd64\native-platform.dll
0x00007ffab9d30000 - 0x00007ffab9e74000 	C:\Users\HP-CSD\.gradle\native\e376f236ea51e6404a007f0833ffe2c6e607c4080706a723a18a27aeea778392\windows-amd64\native-platform-file-events.dll
0x00007ffb3f740000 - 0x00007ffb3f74a000 	C:\Program Files\Android\Android Studio\jbr\bin\management.dll
0x00007ffb20ee0000 - 0x00007ffb20eeb000 	C:\Program Files\Android\Android Studio\jbr\bin\management_ext.dll
0x00007ffb53ff0000 - 0x00007ffb5400b000 	C:\WINDOWS\SYSTEM32\CRYPTSP.dll
0x00007ffb53890000 - 0x00007ffb538c5000 	C:\WINDOWS\system32\rsaenh.dll
0x00007ffb53e90000 - 0x00007ffb53eb8000 	C:\WINDOWS\SYSTEM32\USERENV.dll
0x00007ffb541b0000 - 0x00007ffb541d8000 	C:\WINDOWS\SYSTEM32\bcrypt.dll
0x00007ffb54010000 - 0x00007ffb5401c000 	C:\WINDOWS\SYSTEM32\CRYPTBASE.dll
0x00007ffb53440000 - 0x00007ffb5346d000 	C:\WINDOWS\SYSTEM32\IPHLPAPI.DLL
0x00007ffb566f0000 - 0x00007ffb566f9000 	C:\WINDOWS\System32\NSI.dll
0x00007ffb4a600000 - 0x00007ffb4a619000 	C:\WINDOWS\SYSTEM32\dhcpcsvc6.DLL
0x00007ffb4a2c0000 - 0x00007ffb4a2df000 	C:\WINDOWS\SYSTEM32\dhcpcsvc.DLL
0x00007ffb53470000 - 0x00007ffb53563000 	C:\WINDOWS\SYSTEM32\DNSAPI.dll

dbghelp: loaded successfully - version: 4.0.5 - missing functions: none
symbol engine: initialized successfully - sym options: 0x614 - pdb path: .;C:\Program Files\Android\Android Studio\jbr\bin;C:\WINDOWS\SYSTEM32;C:\WINDOWS\WinSxS\amd64_microsoft.windows.common-controls_6595b64144ccf1df_6.0.22621.1635_none_270f70857386168e;C:\Program Files\Android\Android Studio\jbr\bin\server;C:\Users\HP-CSD\.gradle\native\68d5fa5c4cc2d200863cafc0d521ce42e7d3e7ee720ec0a83991735586a16f82\windows-amd64;C:\Users\HP-CSD\.gradle\native\e376f236ea51e6404a007f0833ffe2c6e607c4080706a723a18a27aeea778392\windows-amd64

VM Arguments:
jvm_args: --add-opens=java.base/java.util=ALL-UNNAMED --add-opens=java.base/java.lang=ALL-UNNAMED --add-opens=java.base/java.lang.invoke=ALL-UNNAMED --add-opens=java.prefs/java.util.prefs=ALL-UNNAMED --add-opens=java.base/java.nio.charset=ALL-UNNAMED --add-opens=java.base/java.net=ALL-UNNAMED --add-opens=java.base/java.util.concurrent.atomic=ALL-UNNAMED -Xmx2048m -Dfile.encoding=UTF-8 -Duser.country=PE -Duser.language=es -Duser.variant 
java_command: org.gradle.launcher.daemon.bootstrap.GradleDaemon 8.0
java_class_path (initial): C:\Users\HP-CSD\.gradle\wrapper\dists\gradle-8.0-bin\ca5e32bp14vu59qr306oxotwh\gradle-8.0\lib\gradle-launcher-8.0.jar
Launcher Type: SUN_STANDARD

[Global flags]
     intx CICompilerCount                          = 2                                         {product} {ergonomic}
     uint ConcGCThreads                            = 1                                         {product} {ergonomic}
     uint G1ConcRefinementThreads                  = 2                                         {product} {ergonomic}
   size_t G1HeapRegionSize                         = 1048576                                   {product} {ergonomic}
    uintx GCDrainStackTargetSize                   = 64                                        {product} {ergonomic}
   size_t InitialHeapSize                          = 58720256                                  {product} {ergonomic}
   size_t MarkStackSize                            = 4194304                                   {product} {ergonomic}
   size_t MaxHeapSize                              = 2147483648                                {product} {command line}
   size_t MaxNewSize                               = 1287651328                                {product} {ergonomic}
   size_t MinHeapDeltaBytes                        = 1048576                                   {product} {ergonomic}
    uintx NonNMethodCodeHeapSize                   = 5825164                                {pd product} {ergonomic}
    uintx NonProfiledCodeHeapSize                  = 122916538                              {pd product} {ergonomic}
    uintx ProfiledCodeHeapSize                     = 122916538                              {pd product} {ergonomic}
    uintx ReservedCodeCacheSize                    = 251658240                              {pd product} {ergonomic}
     bool SegmentedCodeCache                       = true                                      {product} {ergonomic}
     bool UseCompressedClassPointers               = true                                 {lp64_product} {ergonomic}
     bool UseCompressedOops                        = true                                 {lp64_product} {ergonomic}
     bool UseG1GC                                  = true                                      {product} {ergonomic}
     bool UseLargePagesIndividualAllocation        = false                                  {pd product} {ergonomic}

Logging:
Log output configuration:
 #0: stdout all=warning uptime,level,tags
 #1: stderr all=off uptime,level,tags

Environment Variables:
JAVA_HOME=C:\Program Files\Java\jdk-17
PATH=C:\app\HP-CSD\product\21c\dbhomeXE\bin;C:\Program Files\Common Files\Oracle\Java\javapath;C:\oraclexe\app\oracle\product\11.2.0\server\bin;C:\WINDOWS\system32;C:\WINDOWS;C:\WINDOWS\System32\Wbem;C:\WINDOWS\System32\WindowsPowerShell\v1.0\;C:\WINDOWS\System32\OpenSSH\;C:\Program Files\Git\cmd;C:\Program Files\nodejs\;C:\xampp\php;C:\ProgramData\ComposerSetup\bin;C:\Program Files\Java\jdk-17\bin;C:\Program Files\Apache Software Foundation\Tomcat 9.0\bin;C:\Users\HP-CSD\AppData\Local\Programs\Python\Python310\Scripts\;C:\Users\HP-CSD\AppData\Local\Programs\Python\Python310\;C:\Users\HP-CSD\AppData\Local\Microsoft\WindowsApps;C:\Program Files\MongoDB\Server\6.0\bin;C:\Program Files\MongoDB\Server\5.0\bin;D:\VISUAL\Microsoft VS Code\bin;C:\Users\HP-CSD\AppData\Roaming\npm;C:\Users\HP-CSD\AppData\Roaming\Composer\vendor\bin;
USERNAME=HP-CSD
OS=Windows_NT
PROCESSOR_IDENTIFIER=AMD64 Family 23 Model 24 Stepping 1, AuthenticAMD



---------------  S Y S T E M  ---------------

OS: Windows 11 , 64 bit Build 22621 (10.0.22621.1778)
OS uptime: 0 days 0:44 hours

CPU:total 2 (initial active 2) (2 cores per cpu, 1 threads per core) family 23 model 24 stepping 1 microcode 0x0, cmov, cx8, fxsr, mmx, sse, sse2, sse3, ssse3, sse4.1, sse4.2, popcnt, avx, avx2, aes, clmul, mmxext, 3dnowpref, lzcnt, sse4a, tsc, tscinvbit, tscinv, bmi1, bmi2, adx, sha, fma

Memory: 4k page, system-wide physical 3500M (128M free)
TotalPageFile size 14252M (AvailPageFile size 2M)
current process WorkingSet (physical memory assigned to process): 180M, peak: 209M
current process commit charge ("private bytes"): 380M, peak: 405M

vm_info: OpenJDK 64-Bit Server VM (11.0.15+0-b2043.56-9505619) for windows-amd64 JRE (11.0.15+0-b2043.56-9505619), built on Jan 19 2023 02:48:00 by "builduser" with unknown MS VC++:1929

END.
