#
# There is insufficient memory for the Java Runtime Environment to continue.
# Native memory allocation (mmap) failed to map 12582912 bytes for Failed to commit area from 0x0000000083800000 to 0x0000000084400000 of length 12582912.
# Possible reasons:
#   The system is out of physical RAM or swap space
#   The process is running with CompressedOops enabled, and the Java Heap may be blocking the growth of the native heap
# Possible solutions:
#   Reduce memory load on the system
#   Increase physical memory or swap space
#   Check if swap backing store is full
#   Decrease Java heap size (-Xmx/-Xms)
#   Decrease number of Java threads
#   Decrease Java thread stack sizes (-Xss)
#   Set larger code cache with -XX:ReservedCodeCacheSize=
#   JVM is running with Unscaled Compressed Oops mode in which the Java heap is
#     placed in the first 4GB address space. The Java Heap base address is the
#     maximum limit for the native heap growth. Please use -XX:HeapBaseMinAddress
#     to set the Java Heap base and to place the Java Heap above 4GB virtual address.
# This output file may be truncated or incomplete.
#
#  Out of Memory Error (src/hotspot/os/windows/os_windows.cpp:3627), pid=10228, tid=12448
#
# JRE version: OpenJDK Runtime Environment (11.0.15) (build 11.0.15+0-b2043.56-9505619)
# Java VM: OpenJDK 64-Bit Server VM (11.0.15+0-b2043.56-9505619, mixed mode, tiered, compressed oops, g1 gc, windows-amd64)
# No core dump will be written. Minidumps are not enabled by default on client versions of Windows
#

---------------  S U M M A R Y ------------

Command Line: --add-opens=java.base/java.util=ALL-UNNAMED --add-opens=java.base/java.lang=ALL-UNNAMED --add-opens=java.base/java.lang.invoke=ALL-UNNAMED --add-opens=java.prefs/java.util.prefs=ALL-UNNAMED --add-opens=java.base/java.nio.charset=ALL-UNNAMED --add-opens=java.base/java.net=ALL-UNNAMED --add-opens=java.base/java.util.concurrent.atomic=ALL-UNNAMED -Xmx2048m -Dfile.encoding=UTF-8 -Duser.country=PE -Duser.language=es -Duser.variant org.gradle.launcher.daemon.bootstrap.GradleDaemon 8.0

Host: AMD Athlon Silver 3050U with Radeon Graphics   , 2 cores, 3G,  Windows 11 , 64 bit Build 22621 (10.0.22621.1778)
Time: Tue Jun 27 01:20:03 2023 Hora est. Pacífico, Sudamérica elapsed time: 338.495895 seconds (0d 0h 5m 38s)

---------------  T H R E A D  ---------------

Current thread (0x000001cae9d6f800):  VMThread "VM Thread" [stack: 0x00000072ed500000,0x00000072ed600000] [id=12448]

Stack: [0x00000072ed500000,0x00000072ed600000]
[error occurred during error reporting (printing stack bounds), id 0xc0000005, EXCEPTION_ACCESS_VIOLATION (0xc0000005) at pc=0x000001cad398112d]

Native frames: (J=compiled Java code, j=interpreted, Vv=VM code, C=native code)
V  [jvm.dll+0x64135a]
V  [jvm.dll+0x7d39f9]
V  [jvm.dll+0x7d51b9]
V  [jvm.dll+0x7d5805]
V  [jvm.dll+0x7d57bb]
V  [jvm.dll+0x640655]
V  [jvm.dll+0x640d68]
C  [ntdll.dll+0xa3cff]
C  [ntdll.dll+0x1e456]
C  [ntdll.dll+0xa2cee]
C  0x000001cad398112d

VM_Operation (0x00000072ee7f86f0): G1CollectForAllocation, mode: safepoint, requested by thread 0x000001caeab7f800


---------------  P R O C E S S  ---------------

Threads class SMR info:
_java_thread_list=0x000001caed02f3f0, length=27, elements={
0x000001cace68c800, 0x000001cae9d75000, 0x000001cae9d76000, 0x000001cae9dcf800,
0x000001cae9dd1000, 0x000001cae9dd2000, 0x000001cae9dd4800, 0x000001caea778800,
0x000001caea779000, 0x000001caea7df800, 0x000001caeb7d2000, 0x000001caec111800,
0x000001caebe61000, 0x000001caec179000, 0x000001caec179800, 0x000001caeb533000,
0x000001caeab7f800, 0x000001caeb440000, 0x000001caebdae000, 0x000001caebd4c800,
0x000001caebd48800, 0x000001caebd47000, 0x000001caebd49800, 0x000001caebd4b000,
0x000001caebd4c000, 0x000001caebd4a000, 0x000001caebd4d800
}

Java Threads: ( => current thread )
  0x000001cace68c800 JavaThread "main" [_thread_blocked, id=12004, stack(0x00000072ecf00000,0x00000072ed000000)]
  0x000001cae9d75000 JavaThread "Reference Handler" daemon [_thread_blocked, id=10696, stack(0x00000072ed600000,0x00000072ed700000)]
  0x000001cae9d76000 JavaThread "Finalizer" daemon [_thread_blocked, id=4300, stack(0x00000072ed700000,0x00000072ed800000)]
  0x000001cae9dcf800 JavaThread "Signal Dispatcher" daemon [_thread_blocked, id=8568, stack(0x00000072ed800000,0x00000072ed900000)]
  0x000001cae9dd1000 JavaThread "Attach Listener" daemon [_thread_blocked, id=11460, stack(0x00000072ed900000,0x00000072eda00000)]
  0x000001cae9dd2000 JavaThread "Service Thread" daemon [_thread_blocked, id=7600, stack(0x00000072eda00000,0x00000072edb00000)]
  0x000001cae9dd4800 JavaThread "C2 CompilerThread0" daemon [_thread_blocked, id=11208, stack(0x00000072edb00000,0x00000072edc00000)]
  0x000001caea778800 JavaThread "C1 CompilerThread0" daemon [_thread_blocked, id=11912, stack(0x00000072edc00000,0x00000072edd00000)]
  0x000001caea779000 JavaThread "Sweeper thread" daemon [_thread_blocked, id=9560, stack(0x00000072edd00000,0x00000072ede00000)]
  0x000001caea7df800 JavaThread "Common-Cleaner" daemon [_thread_blocked, id=13660, stack(0x00000072ede00000,0x00000072edf00000)]
  0x000001caeb7d2000 JavaThread "Daemon health stats" [_thread_blocked, id=7248, stack(0x00000072ecd00000,0x00000072ece00000)]
  0x000001caec111800 JavaThread "Incoming local TCP Connector on port 51513" [_thread_in_native, id=10836, stack(0x00000072ee200000,0x00000072ee300000)]
  0x000001caebe61000 JavaThread "Daemon periodic checks" [_thread_blocked, id=13644, stack(0x00000072ee300000,0x00000072ee400000)]
  0x000001caec179000 JavaThread "Daemon" [_thread_blocked, id=10920, stack(0x00000072ee400000,0x00000072ee500000)]
  0x000001caec179800 JavaThread "Handler for socket connection from /127.0.0.1:51513 to /127.0.0.1:51529" [_thread_in_native, id=10788, stack(0x00000072ee500000,0x00000072ee600000)]
  0x000001caeb533000 JavaThread "Cancel handler" [_thread_blocked, id=2892, stack(0x00000072ee600000,0x00000072ee700000)]
  0x000001caeab7f800 JavaThread "Daemon worker" [_thread_blocked, id=12128, stack(0x00000072ee700000,0x00000072ee800000)]
  0x000001caeb440000 JavaThread "Asynchronous log dispatcher for DefaultDaemonConnection: socket connection from /127.0.0.1:51513 to /127.0.0.1:51529" [_thread_blocked, id=11848, stack(0x00000072ee800000,0x00000072ee900000)]
  0x000001caebdae000 JavaThread "Daemon client event forwarder" [_thread_blocked, id=11932, stack(0x00000072eea00000,0x00000072eeb00000)]
  0x000001caebd4c800 JavaThread "Cache worker for journal cache (C:\Users\HP-CSD\.gradle\caches\journal-1)" [_thread_blocked, id=12340, stack(0x00000072eed00000,0x00000072eee00000)]
  0x000001caebd48800 JavaThread "File lock request listener" [_thread_in_native, id=2800, stack(0x00000072eee00000,0x00000072eef00000)]
  0x000001caebd47000 JavaThread "Cache worker for file hash cache (C:\Users\HP-CSD\.gradle\caches\8.0\fileHashes)" [_thread_blocked, id=8196, stack(0x00000072ece00000,0x00000072ecf00000)]
  0x000001caebd49800 JavaThread "File watcher server" daemon [_thread_in_native, id=12096, stack(0x00000072ee100000,0x00000072ee200000)]
  0x000001caebd4b000 JavaThread "File watcher consumer" daemon [_thread_blocked, id=1048, stack(0x00000072ef000000,0x00000072ef100000)]
  0x000001caebd4c000 JavaThread "File lock release action executor Thread 2" [_thread_blocked, id=13720, stack(0x00000072ee900000,0x00000072eea00000)]
  0x000001caebd4a000 JavaThread "jar transforms" [_thread_blocked, id=13232, stack(0x00000072eeb00000,0x00000072eec00000)]
  0x000001caebd4d800 JavaThread "jar transforms Thread 2" [_thread_blocked, id=12896, stack(0x00000072eef00000,0x00000072ef000000)]

Other Threads:
=>0x000001cae9d6f800 VMThread "VM Thread" [stack: 0x00000072ed500000,0x00000072ed600000] [id=12448]
  0x000001caea7ef800 WatcherThread [stack: 0x00000072edf00000,0x00000072ee000000] [id=1664]
  0x000001cace6a6000 GCTaskThread "GC Thread#0" [stack: 0x00000072ed000000,0x00000072ed100000] [id=12676]
  0x000001caea902800 GCTaskThread "GC Thread#1" [stack: 0x00000072ee000000,0x00000072ee100000] [id=12060]
  0x000001cace6d7000 ConcurrentGCThread "G1 Main Marker" [stack: 0x00000072ed100000,0x00000072ed200000] [id=6412]
  0x000001cace6d9800 ConcurrentGCThread "G1 Conc#0" [stack: 0x00000072ed200000,0x00000072ed300000] [id=8296]
  0x000001cace717000 ConcurrentGCThread "G1 Refine#0" [stack: 0x00000072ed300000,0x00000072ed400000] [id=8348]
  0x000001cace719000 ConcurrentGCThread "G1 Young RemSet Sampling" [stack: 0x00000072ed400000,0x00000072ed500000] [id=9056]

Threads with active compile tasks:

VM state:at safepoint (normal execution)

VM Mutex/Monitor currently owned by a thread:  ([mutex/lock_event])
[0x000001cace6874f0] Threads_lock - owner thread: 0x000001cae9d6f800
[0x000001cace6881e0] Heap_lock - owner thread: 0x000001caeab7f800

Heap address: 0x0000000080000000, size: 2048 MB, Compressed Oops mode: 32-bit
Narrow klass base: 0x0000000000000000, Narrow klass shift: 3
Compressed class space size: 1073741824 Address: 0x0000000100000000

Heap:
 garbage-first heap   total 69632K, used 54530K [0x0000000080000000, 0x0000000100000000)
  region size 1024K, 1 young (1024K), 1 survivors (1024K)
 Metaspace       used 29089K, capacity 30035K, committed 30256K, reserved 1075200K
  class space    used 3803K, capacity 4140K, committed 4224K, reserved 1048576K
Heap Regions: E=young(eden), S=young(survivor), O=old, HS=humongous(starts), HC=humongous(continues), CS=collection set, F=free, A=archive, TAMS=top-at-mark-start (previous, next)
|   0|0x0000000080000000, 0x0000000080100000, 0x0000000080100000|100%| O|  |TAMS 0x0000000080100000, 0x0000000080000000| Untracked 
|   1|0x0000000080100000, 0x0000000080200000, 0x0000000080200000|100%|HS|  |TAMS 0x0000000080200000, 0x0000000080100000| Complete 
|   2|0x0000000080200000, 0x0000000080300000, 0x0000000080300000|100%|HC|  |TAMS 0x0000000080300000, 0x0000000080200000| Complete 
|   3|0x0000000080300000, 0x0000000080400000, 0x0000000080400000|100%|HC|  |TAMS 0x0000000080400000, 0x0000000080300000| Complete 
|   4|0x0000000080400000, 0x0000000080500000, 0x0000000080500000|100%|HC|  |TAMS 0x0000000080500000, 0x0000000080400000| Complete 
|   5|0x0000000080500000, 0x0000000080600000, 0x0000000080600000|100%| O|  |TAMS 0x0000000080600000, 0x0000000080500000| Untracked 
|   6|0x0000000080600000, 0x0000000080700000, 0x0000000080700000|100%| O|  |TAMS 0x0000000080700000, 0x0000000080600000| Untracked 
|   7|0x0000000080700000, 0x0000000080800000, 0x0000000080800000|100%| O|  |TAMS 0x0000000080800000, 0x0000000080700000| Untracked 
|   8|0x0000000080800000, 0x0000000080900000, 0x0000000080900000|100%| O|  |TAMS 0x0000000080900000, 0x0000000080800000| Untracked 
|   9|0x0000000080900000, 0x0000000080a00000, 0x0000000080a00000|100%| O|  |TAMS 0x0000000080a00000, 0x0000000080900000| Untracked 
|  10|0x0000000080a00000, 0x0000000080b00000, 0x0000000080b00000|100%| O|  |TAMS 0x0000000080b00000, 0x0000000080a00000| Untracked 
|  11|0x0000000080b00000, 0x0000000080c00000, 0x0000000080c00000|100%| O|  |TAMS 0x0000000080c00000, 0x0000000080b00000| Untracked 
|  12|0x0000000080c00000, 0x0000000080d00000, 0x0000000080d00000|100%| O|  |TAMS 0x0000000080d00000, 0x0000000080c00000| Untracked 
|  13|0x0000000080d00000, 0x0000000080e00000, 0x0000000080e00000|100%| O|  |TAMS 0x0000000080e00000, 0x0000000080d00000| Untracked 
|  14|0x0000000080e00000, 0x0000000080f00000, 0x0000000080f00000|100%| O|  |TAMS 0x0000000080f00000, 0x0000000080e00000| Untracked 
|  15|0x0000000080f00000, 0x0000000081000000, 0x0000000081000000|100%| O|  |TAMS 0x0000000081000000, 0x0000000080f00000| Untracked 
|  16|0x0000000081000000, 0x0000000081100000, 0x0000000081100000|100%| O|  |TAMS 0x0000000081100000, 0x0000000081000000| Untracked 
|  17|0x0000000081100000, 0x0000000081200000, 0x0000000081200000|100%| O|  |TAMS 0x0000000081200000, 0x0000000081100000| Untracked 
|  18|0x0000000081200000, 0x0000000081300000, 0x0000000081300000|100%| O|  |TAMS 0x0000000081300000, 0x0000000081200000| Untracked 
|  19|0x0000000081300000, 0x0000000081400000, 0x0000000081400000|100%| O|  |TAMS 0x0000000081400000, 0x0000000081300000| Untracked 
|  20|0x0000000081400000, 0x0000000081500000, 0x0000000081500000|100%|HS|  |TAMS 0x0000000081500000, 0x0000000081400000| Complete 
|  21|0x0000000081500000, 0x0000000081600000, 0x0000000081600000|100%|HC|  |TAMS 0x0000000081600000, 0x0000000081500000| Complete 
|  22|0x0000000081600000, 0x0000000081700000, 0x0000000081700000|100%|HS|  |TAMS 0x0000000081700000, 0x0000000081600000| Complete 
|  23|0x0000000081700000, 0x0000000081800000, 0x0000000081800000|100%|HC|  |TAMS 0x0000000081800000, 0x0000000081700000| Complete 
|  24|0x0000000081800000, 0x0000000081900000, 0x0000000081900000|100%|HC|  |TAMS 0x0000000081900000, 0x0000000081800000| Complete 
|  25|0x0000000081900000, 0x0000000081a00000, 0x0000000081a00000|100%|HS|  |TAMS 0x0000000081a00000, 0x0000000081900000| Complete 
|  26|0x0000000081a00000, 0x0000000081b00000, 0x0000000081b00000|100%|HC|  |TAMS 0x0000000081b00000, 0x0000000081a00000| Complete 
|  27|0x0000000081b00000, 0x0000000081c00000, 0x0000000081c00000|100%|HC|  |TAMS 0x0000000081c00000, 0x0000000081b00000| Complete 
|  28|0x0000000081c00000, 0x0000000081d00000, 0x0000000081d00000|100%| O|  |TAMS 0x0000000081d00000, 0x0000000081c00000| Untracked 
|  29|0x0000000081d00000, 0x0000000081e00000, 0x0000000081e00000|100%| O|  |TAMS 0x0000000081e00000, 0x0000000081d00000| Untracked 
|  30|0x0000000081e00000, 0x0000000081f00000, 0x0000000081f00000|100%|HS|  |TAMS 0x0000000081f00000, 0x0000000081e00000| Complete 
|  31|0x0000000081f00000, 0x0000000082000000, 0x0000000082000000|100%|HC|  |TAMS 0x0000000082000000, 0x0000000081f00000| Complete 
|  32|0x0000000082000000, 0x0000000082100000, 0x0000000082100000|100%| O|  |TAMS 0x0000000082100000, 0x0000000082000000| Untracked 
|  33|0x0000000082100000, 0x0000000082200000, 0x0000000082200000|100%|HS|  |TAMS 0x0000000082200000, 0x0000000082100000| Complete 
|  34|0x0000000082200000, 0x0000000082300000, 0x0000000082300000|100%|HC|  |TAMS 0x0000000082300000, 0x0000000082200000| Complete 
|  35|0x0000000082300000, 0x0000000082400000, 0x0000000082400000|100%|HC|  |TAMS 0x0000000082400000, 0x0000000082300000| Complete 
|  36|0x0000000082400000, 0x0000000082500000, 0x0000000082500000|100%|HC|  |TAMS 0x0000000082500000, 0x0000000082400000| Complete 
|  37|0x0000000082500000, 0x0000000082600000, 0x0000000082600000|100%|HC|  |TAMS 0x0000000082600000, 0x0000000082500000| Complete 
|  38|0x0000000082600000, 0x0000000082700000, 0x0000000082700000|100%|HC|  |TAMS 0x0000000082700000, 0x0000000082600000| Complete 
|  39|0x0000000082700000, 0x0000000082800000, 0x0000000082800000|100%|HC|  |TAMS 0x0000000082800000, 0x0000000082700000| Complete 
|  40|0x0000000082800000, 0x0000000082900000, 0x0000000082900000|100%|HC|  |TAMS 0x0000000082900000, 0x0000000082800000| Complete 
|  41|0x0000000082900000, 0x0000000082a00000, 0x0000000082a00000|100%|HC|  |TAMS 0x0000000082a00000, 0x0000000082900000| Complete 
|  42|0x0000000082a00000, 0x0000000082b00000, 0x0000000082b00000|100%|HC|  |TAMS 0x0000000082b00000, 0x0000000082a00000| Complete 
|  43|0x0000000082b00000, 0x0000000082c00000, 0x0000000082c00000|100%| O|  |TAMS 0x0000000082c00000, 0x0000000082b00000| Untracked 
|  44|0x0000000082c00000, 0x0000000082d00000, 0x0000000082d00000|100%|HS|  |TAMS 0x0000000082d00000, 0x0000000082c00000| Complete 
|  45|0x0000000082d00000, 0x0000000082e00000, 0x0000000082e00000|100%|HC|  |TAMS 0x0000000082e00000, 0x0000000082d00000| Complete 
|  46|0x0000000082e00000, 0x0000000082f00000, 0x0000000082f00000|100%|HS|  |TAMS 0x0000000082f00000, 0x0000000082e00000| Complete 
|  47|0x0000000082f00000, 0x0000000083000000, 0x0000000083000000|100%|HC|  |TAMS 0x0000000083000000, 0x0000000082f00000| Complete 
|  48|0x0000000083000000, 0x0000000083100000, 0x0000000083100000|100%|HC|  |TAMS 0x0000000083100000, 0x0000000083000000| Complete 
|  49|0x0000000083100000, 0x0000000083200000, 0x0000000083200000|100%|HC|  |TAMS 0x0000000083200000, 0x0000000083100000| Complete 
|  50|0x0000000083200000, 0x0000000083300000, 0x0000000083300000|100%|HC|  |TAMS 0x0000000083300000, 0x0000000083200000| Complete 
|  51|0x0000000083300000, 0x0000000083400000, 0x0000000083400000|100%| O|  |TAMS 0x0000000083400000, 0x0000000083300000| Untracked 
|  52|0x0000000083400000, 0x00000000834e0c00, 0x0000000083500000| 87%| O|  |TAMS 0x00000000834e0c00, 0x0000000083400000| Untracked 
|  53|0x0000000083500000, 0x000000008355ff50, 0x0000000083600000| 37%| S|CS|TAMS 0x0000000083500000, 0x0000000083500000| Complete 
|  54|0x0000000083600000, 0x0000000083600000, 0x0000000083700000|  0%| F|  |TAMS 0x0000000083600000, 0x0000000083600000| Untracked 
|  55|0x0000000083700000, 0x0000000083700000, 0x0000000083800000|  0%| F|  |TAMS 0x0000000083700000, 0x0000000083700000| Untracked 

Card table byte_map: [0x000001cae3190000,0x000001cae3590000] _byte_map_base: 0x000001cae2d90000

Marking Bits (Prev, Next): (CMBitMap*) 0x000001cace6ce6f0, (CMBitMap*) 0x000001cace6ce6b8
 Prev Bits: [0x000001cae5990000, 0x000001cae7990000)
 Next Bits: [0x000001cae3990000, 0x000001cae5990000)

Polling page: 0x000001cace760000

Metaspace:

Usage:
  Non-class:     25.29 MB capacity,    24.69 MB ( 98%) used,   535.05 KB (  2%) free+waste,    73.81 KB ( <1%) overhead. 
      Class:      4.04 MB capacity,     3.71 MB ( 92%) used,   299.31 KB (  7%) free+waste,    37.50 KB ( <1%) overhead. 
       Both:     29.33 MB capacity,    28.41 MB ( 97%) used,   834.36 KB (  3%) free+waste,   111.31 KB ( <1%) overhead. 

Virtual space:
  Non-class space:       26.00 MB reserved,      25.42 MB ( 98%) committed 
      Class space:        1.00 GB reserved,       4.12 MB ( <1%) committed 
             Both:        1.03 GB reserved,      29.55 MB (  3%) committed 

Chunk freelists:
   Non-Class:  9.00 KB
       Class:  20.00 KB
        Both:  29.00 KB

MaxMetaspaceSize: 17179869184.00 GB
CompressedClassSpaceSize: 1.00 GB
Initial GC threshold: 20.80 MB
Current GC threshold: 48.62 MB
CDS: off

CodeHeap 'non-profiled nmethods': size=120064Kb used=1607Kb max_used=1607Kb free=118456Kb
 bounds [0x000001cadb440000, 0x000001cadb6b0000, 0x000001cae2980000]
CodeHeap 'profiled nmethods': size=120000Kb used=6459Kb max_used=6459Kb free=113540Kb
 bounds [0x000001cad3f10000, 0x000001cad4560000, 0x000001cadb440000]
CodeHeap 'non-nmethods': size=5696Kb used=1230Kb max_used=1269Kb free=4465Kb
 bounds [0x000001cad3980000, 0x000001cad3bf0000, 0x000001cad3f10000]
 total_blobs=3538 nmethods=3029 adapters=421
 compilation: enabled
              stopped_count=0, restarted_count=0
 full_count=0

Compilation events (20 events):
Event: 337.807 Thread 0x000001caea778800 3048       3       org.objectweb.asm.ByteVector::putByteArray (49 bytes)
Event: 337.808 Thread 0x000001caea778800 nmethod 3048 0x000001cad455ad90 code [0x000001cad455af60, 0x000001cad455b218]
Event: 337.808 Thread 0x000001caea778800 3049       3       org.objectweb.asm.ByteVector::putInt (74 bytes)
Event: 337.808 Thread 0x000001caea778800 nmethod 3049 0x000001cad455b310 code [0x000001cad455b4e0, 0x000001cad455b728]
Event: 337.884 Thread 0x000001cae9dd4800 3050       4       org.objectweb.asm.ClassReader::readUnsignedShort (26 bytes)
Event: 337.885 Thread 0x000001cae9dd4800 nmethod 3050 0x000001cadb5d1990 code [0x000001cadb5d1b20, 0x000001cadb5d1bf8]
Event: 337.892 Thread 0x000001caea778800 3051       3       org.objectweb.asm.ClassReader::readInt (52 bytes)
Event: 337.892 Thread 0x000001caea778800 nmethod 3051 0x000001cad455b890 code [0x000001cad455ba40, 0x000001cad455bc18]
Event: 337.892 Thread 0x000001caea778800 3052       3       org.objectweb.asm.ClassReader::readClass (7 bytes)
Event: 337.894 Thread 0x000001caea778800 nmethod 3052 0x000001cad455bd90 code [0x000001cad455bf80, 0x000001cad455c3c8]
Event: 337.894 Thread 0x000001caea778800 3053       3       org.objectweb.asm.ClassReader::readStringish (16 bytes)
Event: 337.894 Thread 0x000001caea778800 nmethod 3053 0x000001cad455c610 code [0x000001cad455c800, 0x000001cad455cbe8]
Event: 337.894 Thread 0x000001caea778800 3054       3       org.objectweb.asm.Attribute::computeAttributesSize (62 bytes)
Event: 337.895 Thread 0x000001caea778800 nmethod 3054 0x000001cad455ce10 code [0x000001cad455d000, 0x000001cad455d328]
Event: 337.895 Thread 0x000001caea778800 3055       3       org.objectweb.asm.AnnotationWriter::computeAnnotationsSize (66 bytes)
Event: 337.895 Thread 0x000001caea778800 nmethod 3055 0x000001cad455d490 code [0x000001cad455d680, 0x000001cad455d998]
Event: 337.896 Thread 0x000001caea778800 3056       3       org.objectweb.asm.AnnotationWriter::putAnnotations (67 bytes)
Event: 337.897 Thread 0x000001caea778800 nmethod 3056 0x000001cad455db90 code [0x000001cad455ddc0, 0x000001cad455e1f8]
Event: 337.897 Thread 0x000001caea778800 3057       3       org.objectweb.asm.Attribute::putAttributes (78 bytes)
Event: 337.897 Thread 0x000001caea778800 nmethod 3057 0x000001cad455e490 code [0x000001cad455e700, 0x000001cad455ec18]

GC Heap History (20 events):
Event: 325.883 GC heap after
{Heap after GC invocations=18 (full 0):
 garbage-first heap   total 57344K, used 34195K [0x0000000080000000, 0x0000000100000000)
  region size 1024K, 1 young (1024K), 1 survivors (1024K)
 Metaspace       used 28400K, capacity 29293K, committed 29616K, reserved 1075200K
  class space    used 3701K, capacity 4018K, committed 4096K, reserved 1048576K
}
Event: 326.634 GC heap before
{Heap before GC invocations=19 (full 0):
 garbage-first heap   total 57344K, used 44435K [0x0000000080000000, 0x0000000100000000)
  region size 1024K, 2 young (2048K), 1 survivors (1024K)
 Metaspace       used 28400K, capacity 29293K, committed 29616K, reserved 1075200K
  class space    used 3701K, capacity 4018K, committed 4096K, reserved 1048576K
}
Event: 326.648 GC heap after
{Heap after GC invocations=20 (full 0):
 garbage-first heap   total 57344K, used 44849K [0x0000000080000000, 0x0000000100000000)
  region size 1024K, 1 young (1024K), 1 survivors (1024K)
 Metaspace       used 28400K, capacity 29293K, committed 29616K, reserved 1075200K
  class space    used 3701K, capacity 4018K, committed 4096K, reserved 1048576K
}
Event: 329.676 GC heap before
{Heap before GC invocations=21 (full 0):
 garbage-first heap   total 57344K, used 53041K [0x0000000080000000, 0x0000000100000000)
  region size 1024K, 3 young (3072K), 1 survivors (1024K)
 Metaspace       used 28497K, capacity 29353K, committed 29616K, reserved 1075200K
  class space    used 3713K, capacity 4028K, committed 4096K, reserved 1048576K
}
Event: 329.682 GC heap after
{Heap after GC invocations=22 (full 0):
 garbage-first heap   total 57344K, used 52810K [0x0000000080000000, 0x0000000100000000)
  region size 1024K, 1 young (1024K), 1 survivors (1024K)
 Metaspace       used 28497K, capacity 29353K, committed 29616K, reserved 1075200K
  class space    used 3713K, capacity 4028K, committed 4096K, reserved 1048576K
}
Event: 329.773 GC heap before
{Heap before GC invocations=22 (full 0):
 garbage-first heap   total 57344K, used 52810K [0x0000000080000000, 0x0000000100000000)
  region size 1024K, 2 young (2048K), 1 survivors (1024K)
 Metaspace       used 28502K, capacity 29353K, committed 29616K, reserved 1075200K
  class space    used 3713K, capacity 4028K, committed 4096K, reserved 1048576K
}
Event: 329.780 GC heap after
{Heap after GC invocations=23 (full 0):
 garbage-first heap   total 57344K, used 53927K [0x0000000080000000, 0x0000000100000000)
  region size 1024K, 1 young (1024K), 1 survivors (1024K)
 Metaspace       used 28502K, capacity 29353K, committed 29616K, reserved 1075200K
  class space    used 3713K, capacity 4028K, committed 4096K, reserved 1048576K
}
Event: 332.035 GC heap before
{Heap before GC invocations=24 (full 0):
 garbage-first heap   total 57344K, used 54951K [0x0000000080000000, 0x0000000100000000)
  region size 1024K, 2 young (2048K), 1 survivors (1024K)
 Metaspace       used 28529K, capacity 29449K, committed 29616K, reserved 1075200K
  class space    used 3720K, capacity 4060K, committed 4096K, reserved 1048576K
}
Event: 332.238 GC heap after
{Heap after GC invocations=25 (full 0):
 garbage-first heap   total 57344K, used 54412K [0x0000000080000000, 0x0000000100000000)
  region size 1024K, 1 young (1024K), 1 survivors (1024K)
 Metaspace       used 28529K, capacity 29449K, committed 29616K, reserved 1075200K
  class space    used 3720K, capacity 4060K, committed 4096K, reserved 1048576K
}
Event: 333.515 GC heap before
{Heap before GC invocations=25 (full 0):
 garbage-first heap   total 57344K, used 55436K [0x0000000080000000, 0x0000000100000000)
  region size 1024K, 2 young (2048K), 1 survivors (1024K)
 Metaspace       used 28594K, capacity 29503K, committed 29616K, reserved 1075200K
  class space    used 3733K, capacity 4069K, committed 4096K, reserved 1048576K
}
Event: 333.533 GC heap after
{Heap after GC invocations=26 (full 0):
 garbage-first heap   total 57344K, used 54452K [0x0000000080000000, 0x0000000100000000)
  region size 1024K, 1 young (1024K), 1 survivors (1024K)
 Metaspace       used 28594K, capacity 29503K, committed 29616K, reserved 1075200K
  class space    used 3733K, capacity 4069K, committed 4096K, reserved 1048576K
}
Event: 333.638 GC heap before
{Heap before GC invocations=27 (full 0):
 garbage-first heap   total 57344K, used 55476K [0x0000000080000000, 0x0000000100000000)
  region size 1024K, 2 young (2048K), 1 survivors (1024K)
 Metaspace       used 28665K, capacity 29515K, committed 29616K, reserved 1075200K
  class space    used 3744K, capacity 4073K, committed 4096K, reserved 1048576K
}
Event: 333.642 GC heap after
{Heap after GC invocations=28 (full 0):
 garbage-first heap   total 57344K, used 54483K [0x0000000080000000, 0x0000000100000000)
  region size 1024K, 1 young (1024K), 1 survivors (1024K)
 Metaspace       used 28665K, capacity 29515K, committed 29616K, reserved 1075200K
  class space    used 3744K, capacity 4073K, committed 4096K, reserved 1048576K
}
Event: 335.424 GC heap before
{Heap before GC invocations=28 (full 0):
 garbage-first heap   total 57344K, used 55507K [0x0000000080000000, 0x0000000100000000)
  region size 1024K, 2 young (2048K), 1 survivors (1024K)
 Metaspace       used 28779K, capacity 29643K, committed 29872K, reserved 1075200K
  class space    used 3765K, capacity 4073K, committed 4096K, reserved 1048576K
}
Event: 335.429 GC heap after
{Heap after GC invocations=29 (full 0):
 garbage-first heap   total 57344K, used 54492K [0x0000000080000000, 0x0000000100000000)
  region size 1024K, 1 young (1024K), 1 survivors (1024K)
 Metaspace       used 28779K, capacity 29643K, committed 29872K, reserved 1075200K
  class space    used 3765K, capacity 4073K, committed 4096K, reserved 1048576K
}
Event: 336.480 GC heap before
{Heap before GC invocations=30 (full 0):
 garbage-first heap   total 57344K, used 55516K [0x0000000080000000, 0x0000000100000000)
  region size 1024K, 2 young (2048K), 1 survivors (1024K)
 Metaspace       used 28861K, capacity 29811K, committed 30000K, reserved 1075200K
  class space    used 3784K, capacity 4108K, committed 4224K, reserved 1048576K
}
Event: 336.484 GC heap after
{Heap after GC invocations=31 (full 0):
 garbage-first heap   total 57344K, used 54537K [0x0000000080000000, 0x0000000100000000)
  region size 1024K, 1 young (1024K), 1 survivors (1024K)
 Metaspace       used 28861K, capacity 29811K, committed 30000K, reserved 1075200K
  class space    used 3784K, capacity 4108K, committed 4224K, reserved 1048576K
}
Event: 337.548 GC heap before
{Heap before GC invocations=31 (full 0):
 garbage-first heap   total 57344K, used 55561K [0x0000000080000000, 0x0000000100000000)
  region size 1024K, 2 young (2048K), 1 survivors (1024K)
 Metaspace       used 28928K, capacity 29843K, committed 30000K, reserved 1075200K
  class space    used 3792K, capacity 4140K, committed 4224K, reserved 1048576K
}
Event: 337.550 GC heap after
{Heap after GC invocations=32 (full 0):
 garbage-first heap   total 57344K, used 54547K [0x0000000080000000, 0x0000000100000000)
  region size 1024K, 1 young (1024K), 1 survivors (1024K)
 Metaspace       used 28928K, capacity 29843K, committed 30000K, reserved 1075200K
  class space    used 3792K, capacity 4140K, committed 4224K, reserved 1048576K
}
Event: 338.480 GC heap before
{Heap before GC invocations=33 (full 0):
 garbage-first heap   total 57344K, used 55571K [0x0000000080000000, 0x0000000100000000)
  region size 1024K, 2 young (2048K), 1 survivors (1024K)
 Metaspace       used 29089K, capacity 30035K, committed 30256K, reserved 1075200K
  class space    used 3803K, capacity 4140K, committed 4224K, reserved 1048576K
}

Deoptimization events (20 events):
Event: 316.992 Thread 0x000001caeab7f800 DEOPT PACKING pc=0x000001cadb55c4f0 sp=0x00000072ee7fa4a0
Event: 316.992 Thread 0x000001caeab7f800 DEOPT UNPACKING pc=0x000001cad39ca1af sp=0x00000072ee7fa3f0 mode 2
Event: 320.052 Thread 0x000001caeab7f800 Uncommon trap: trap_request=0xffffff4d fr.pc=0x000001cadb4c6f6c relative=0x000000000000236c
Event: 320.052 Thread 0x000001caeab7f800 Uncommon trap: reason=unstable_if action=reinterpret pc=0x000001cadb4c6f6c method=java.util.zip.ZipFile$Source.initCEN(ILjava/util/zip/ZipCoder;)V @ 621 c2
Event: 320.052 Thread 0x000001caeab7f800 DEOPT PACKING pc=0x000001cadb4c6f6c sp=0x00000072ee7f6420
Event: 320.052 Thread 0x000001caeab7f800 DEOPT UNPACKING pc=0x000001cad39ca1af sp=0x00000072ee7f6408 mode 2
Event: 322.348 Thread 0x000001caeab7f800 DEOPT PACKING pc=0x000001cad3fb66da sp=0x00000072ee7f5380
Event: 322.348 Thread 0x000001caeab7f800 DEOPT UNPACKING pc=0x000001cad39ca95e sp=0x00000072ee7f4818 mode 0
Event: 323.840 Thread 0x000001caeab7f800 DEOPT PACKING pc=0x000001cad3fb66da sp=0x00000072ee7f5260
Event: 323.840 Thread 0x000001caeab7f800 DEOPT UNPACKING pc=0x000001cad39ca95e sp=0x00000072ee7f46e8 mode 0
Event: 323.850 Thread 0x000001caeab7f800 DEOPT PACKING pc=0x000001cad451b904 sp=0x00000072ee7f52a0
Event: 323.850 Thread 0x000001caeab7f800 DEOPT UNPACKING pc=0x000001cad39ca95e sp=0x00000072ee7f4890 mode 0
Event: 326.674 Thread 0x000001caeab7f800 DEOPT PACKING pc=0x000001cad451b904 sp=0x00000072ee7f52a0
Event: 326.674 Thread 0x000001caeab7f800 DEOPT UNPACKING pc=0x000001cad39ca95e sp=0x00000072ee7f4890 mode 0
Event: 328.291 Thread 0x000001caeab7f800 DEOPT PACKING pc=0x000001cad451b904 sp=0x00000072ee7f52a0
Event: 328.291 Thread 0x000001caeab7f800 DEOPT UNPACKING pc=0x000001cad39ca95e sp=0x00000072ee7f4890 mode 0
Event: 329.673 Thread 0x000001caeab7f800 DEOPT PACKING pc=0x000001cad42538c9 sp=0x00000072ee7f8140
Event: 329.675 Thread 0x000001caeab7f800 DEOPT UNPACKING pc=0x000001cad39ca95e sp=0x00000072ee7f75b8 mode 0
Event: 329.767 Thread 0x000001caeab7f800 DEOPT PACKING pc=0x000001cad451b904 sp=0x00000072ee7f4270
Event: 329.767 Thread 0x000001caeab7f800 DEOPT UNPACKING pc=0x000001cad39ca95e sp=0x00000072ee7f3860 mode 0

Classes redefined (0 events):
No events

Internal exceptions (20 events):
Event: 329.641 Thread 0x000001caeab7f800 Exception <a 'java/lang/NoSuchMethodError'{0x00000000835e88b0}: <clinit>> (0x00000000835e88b0) thrown at [src/hotspot/share/prims/jni.cpp, line 1367]
Event: 329.667 Thread 0x000001caeab7f800 Exception <a 'java/lang/NoSuchMethodError'{0x00000000835fb990}: <clinit>> (0x00000000835fb990) thrown at [src/hotspot/share/prims/jni.cpp, line 1367]
Event: 331.518 Thread 0x000001caeab7f800 Exception <a 'java/lang/NoSuchMethodError'{0x000000008376c400}: <clinit>> (0x000000008376c400) thrown at [src/hotspot/share/prims/jni.cpp, line 1367]
Event: 331.656 Thread 0x000001caeab7f800 Exception <a 'java/lang/NoSuchMethodError'{0x00000000837d2618}: <clinit>> (0x00000000837d2618) thrown at [src/hotspot/share/prims/jni.cpp, line 1367]
Event: 331.679 Thread 0x000001caeab7f800 Exception <a 'java/lang/NoSuchMethodError'{0x00000000837df680}: <clinit>> (0x00000000837df680) thrown at [src/hotspot/share/prims/jni.cpp, line 1367]
Event: 331.807 Thread 0x000001caeab7f800 Exception <a 'java/lang/NoSuchMethodError'{0x00000000837f3700}: <clinit>> (0x00000000837f3700) thrown at [src/hotspot/share/prims/jni.cpp, line 1367]
Event: 332.391 Thread 0x000001caeab7f800 Exception <a 'java/lang/NoSuchMethodError'{0x0000000083711080}: <clinit>> (0x0000000083711080) thrown at [src/hotspot/share/prims/jni.cpp, line 1367]
Event: 332.395 Thread 0x000001caeab7f800 Exception <a 'java/lang/NoSuchMethodError'{0x0000000083724048}: <clinit>> (0x0000000083724048) thrown at [src/hotspot/share/prims/jni.cpp, line 1367]
Event: 332.398 Thread 0x000001caeab7f800 Exception <a 'java/lang/NoSuchMethodError'{0x0000000083739be0}: <clinit>> (0x0000000083739be0) thrown at [src/hotspot/share/prims/jni.cpp, line 1367]
Event: 332.398 Thread 0x000001caeab7f800 Exception <a 'java/lang/NoSuchMethodError'{0x0000000083743d98}: <clinit>> (0x0000000083743d98) thrown at [src/hotspot/share/prims/jni.cpp, line 1367]
Event: 332.399 Thread 0x000001caeab7f800 Exception <a 'java/lang/NoSuchMethodError'{0x000000008374de50}: <clinit>> (0x000000008374de50) thrown at [src/hotspot/share/prims/jni.cpp, line 1367]
Event: 332.400 Thread 0x000001caeab7f800 Exception <a 'java/lang/NoSuchMethodError'{0x00000000837581e8}: <clinit>> (0x00000000837581e8) thrown at [src/hotspot/share/prims/jni.cpp, line 1367]
Event: 333.534 Thread 0x000001caeab7f800 Exception <a 'java/lang/NoSuchMethodError'{0x000000008370ecf0}: <clinit>> (0x000000008370ecf0) thrown at [src/hotspot/share/prims/jni.cpp, line 1367]
Event: 333.535 Thread 0x000001caeab7f800 Exception <a 'java/lang/NoSuchMethodError'{0x0000000083711728}: <clinit>> (0x0000000083711728) thrown at [src/hotspot/share/prims/jni.cpp, line 1367]
Event: 333.535 Thread 0x000001caeab7f800 Exception <a 'java/lang/NoSuchMethodError'{0x0000000083712d30}: <clinit>> (0x0000000083712d30) thrown at [src/hotspot/share/prims/jni.cpp, line 1367]
Event: 333.535 Thread 0x000001caeab7f800 Exception <a 'java/lang/NoSuchMethodError'{0x00000000837145d8}: <clinit>> (0x00000000837145d8) thrown at [src/hotspot/share/prims/jni.cpp, line 1367]
Event: 333.535 Thread 0x000001caeab7f800 Exception <a 'java/lang/NoSuchMethodError'{0x0000000083715d38}: <clinit>> (0x0000000083715d38) thrown at [src/hotspot/share/prims/jni.cpp, line 1367]
Event: 333.535 Thread 0x000001caeab7f800 Exception <a 'java/lang/NoSuchMethodError'{0x00000000837173d0}: <clinit>> (0x00000000837173d0) thrown at [src/hotspot/share/prims/jni.cpp, line 1367]
Event: 333.536 Thread 0x000001caeab7f800 Exception <a 'java/lang/NoSuchMethodError'{0x00000000837188a8}: <clinit>> (0x00000000837188a8) thrown at [src/hotspot/share/prims/jni.cpp, line 1367]
Event: 335.713 Thread 0x000001caeab7f800 Exception <a 'java/lang/NoSuchMethodError'{0x00000000837892f0}: 'java.lang.Object java.lang.invoke.Invokers$Holder.linkToTargetMethod(java.lang.Object, int, java.lang.Object)'> (0x00000000837892f0) thrown at [src/hotspot/share/interpreter/linkResolver.cpp, line 773]

Events (20 events):
Event: 337.605 loading class com/google/common/io/ByteArrayDataOutput done
Event: 337.633 loading class org/objectweb/asm/ClassReader
Event: 337.633 loading class org/objectweb/asm/ClassReader done
Event: 337.666 loading class org/objectweb/asm/Context
Event: 337.666 loading class org/objectweb/asm/Context done
Event: 337.774 loading class org/objectweb/asm/Opcodes
Event: 337.774 loading class org/objectweb/asm/Opcodes done
Event: 337.840 loading class org/gradle/plugins/ide/eclipse/model/ClasspathEntry
Event: 337.840 loading class org/gradle/plugins/ide/eclipse/model/ClasspathEntry done
Event: 337.870 loading class org/gradle/plugins/ide/eclipse/model/AbstractLibrary
Event: 337.870 loading class org/gradle/plugins/ide/eclipse/model/AbstractLibrary done
Event: 337.900 loading class org/gradle/plugins/ide/eclipse/model/ProjectDependency
Event: 337.900 loading class org/gradle/plugins/ide/eclipse/model/ProjectDependency done
Event: 338.387 loading class org/gradle/plugins/ide/eclipse/model/SourceFolder
Event: 338.387 loading class org/gradle/plugins/ide/eclipse/model/SourceFolder done
Event: 338.440 loading class org/gradle/plugins/ide/eclipse/model/Container
Event: 338.440 loading class org/gradle/plugins/ide/eclipse/model/Container done
Event: 338.467 loading class org/gradle/plugins/ide/internal/configurer/EclipseModelAwareUniqueProjectNameProvider
Event: 338.467 loading class org/gradle/plugins/ide/internal/configurer/EclipseModelAwareUniqueProjectNameProvider done
Event: 338.479 Executing VM operation: G1CollectForAllocation


Dynamic libraries:
0x00007ff72e500000 - 0x00007ff72e50a000 	C:\Program Files\Android\Android Studio\jbr\bin\java.exe
0x00007ffb574d0000 - 0x00007ffb576e4000 	C:\WINDOWS\SYSTEM32\ntdll.dll
0x00007ffb55740000 - 0x00007ffb55802000 	C:\WINDOWS\System32\KERNEL32.DLL
0x00007ffb548d0000 - 0x00007ffb54c73000 	C:\WINDOWS\System32\KERNELBASE.dll
0x00007ffb16430000 - 0x00007ffb16447000 	C:\Program Files\Android\Android Studio\jbr\bin\jli.dll
0x00007ffb570c0000 - 0x00007ffb5726b000 	C:\WINDOWS\System32\USER32.dll
0x00007ffb54f30000 - 0x00007ffb54f56000 	C:\WINDOWS\System32\win32u.dll
0x00007ffb56500000 - 0x00007ffb56529000 	C:\WINDOWS\System32\GDI32.dll
0x00007ffb54e10000 - 0x00007ffb54f29000 	C:\WINDOWS\System32\gdi32full.dll
0x00007ffb55190000 - 0x00007ffb5522a000 	C:\WINDOWS\System32\msvcp_win.dll
0x00007ffb54cf0000 - 0x00007ffb54e01000 	C:\WINDOWS\System32\ucrtbase.dll
0x00007ffb131d0000 - 0x00007ffb131eb000 	C:\Program Files\Android\Android Studio\jbr\bin\VCRUNTIME140.dll
0x00007ffb40730000 - 0x00007ffb409be000 	C:\WINDOWS\WinSxS\amd64_microsoft.windows.common-controls_6595b64144ccf1df_6.0.22621.1635_none_270f70857386168e\COMCTL32.dll
0x00007ffb55aa0000 - 0x00007ffb55b47000 	C:\WINDOWS\System32\msvcrt.dll
0x00007ffb57070000 - 0x00007ffb570a1000 	C:\WINDOWS\System32\IMM32.DLL
0x00007ffb40310000 - 0x00007ffb4031c000 	C:\Program Files\Android\Android Studio\jbr\bin\vcruntime140_1.dll
0x00007ffb08930000 - 0x00007ffb089bd000 	C:\Program Files\Android\Android Studio\jbr\bin\msvcp140.dll
0x00007ffb01ed0000 - 0x00007ffb02a8c000 	C:\Program Files\Android\Android Studio\jbr\bin\server\jvm.dll
0x00007ffb559f0000 - 0x00007ffb55a9e000 	C:\WINDOWS\System32\ADVAPI32.dll
0x00007ffb55930000 - 0x00007ffb559d4000 	C:\WINDOWS\System32\sechost.dll
0x00007ffb56d20000 - 0x00007ffb56e37000 	C:\WINDOWS\System32\RPCRT4.dll
0x00007ffb55b50000 - 0x00007ffb55b58000 	C:\WINDOWS\System32\PSAPI.DLL
0x00007ffb33d50000 - 0x00007ffb33d59000 	C:\WINDOWS\SYSTEM32\WSOCK32.dll
0x00007ffb57270000 - 0x00007ffb572e1000 	C:\WINDOWS\System32\WS2_32.dll
0x00007ffb4cc00000 - 0x00007ffb4cc34000 	C:\WINDOWS\SYSTEM32\WINMM.dll
0x00007ffb52690000 - 0x00007ffb5269a000 	C:\WINDOWS\SYSTEM32\VERSION.dll
0x00007ffb53920000 - 0x00007ffb53938000 	C:\WINDOWS\SYSTEM32\kernel.appcore.dll
0x00007ffb3fae0000 - 0x00007ffb3faf0000 	C:\Program Files\Android\Android Studio\jbr\bin\verify.dll
0x00007ffb3da30000 - 0x00007ffb3dc5e000 	C:\WINDOWS\SYSTEM32\DBGHELP.DLL
0x00007ffb552b0000 - 0x00007ffb55639000 	C:\WINDOWS\System32\combase.dll
0x00007ffb55b60000 - 0x00007ffb55c37000 	C:\WINDOWS\System32\OLEAUT32.dll
0x00007ffb36f60000 - 0x00007ffb36f92000 	C:\WINDOWS\SYSTEM32\dbgcore.DLL
0x00007ffb55230000 - 0x00007ffb552ab000 	C:\WINDOWS\System32\bcryptPrimitives.dll
0x00007ffb3f7d0000 - 0x00007ffb3f7f8000 	C:\Program Files\Android\Android Studio\jbr\bin\java.dll
0x00007ffb3fad0000 - 0x00007ffb3fada000 	C:\Program Files\Android\Android Studio\jbr\bin\jimage.dll
0x00007ffb3f7b0000 - 0x00007ffb3f7c8000 	C:\Program Files\Android\Android Studio\jbr\bin\zip.dll
0x00007ffb55d00000 - 0x00007ffb564fa000 	C:\WINDOWS\System32\SHELL32.dll
0x00007ffb528d0000 - 0x00007ffb5319e000 	C:\WINDOWS\SYSTEM32\windows.storage.dll
0x00007ffb52790000 - 0x00007ffb528ce000 	C:\WINDOWS\SYSTEM32\wintypes.dll
0x00007ffb55640000 - 0x00007ffb55731000 	C:\WINDOWS\System32\SHCORE.dll
0x00007ffb55ca0000 - 0x00007ffb55cfe000 	C:\WINDOWS\System32\shlwapi.dll
0x00007ffb54800000 - 0x00007ffb54821000 	C:\WINDOWS\SYSTEM32\profapi.dll
0x00007ffb3f790000 - 0x00007ffb3f7a9000 	C:\Program Files\Android\Android Studio\jbr\bin\net.dll
0x00007ffb4a3e0000 - 0x00007ffb4a517000 	C:\WINDOWS\SYSTEM32\WINHTTP.dll
0x00007ffb53d90000 - 0x00007ffb53df9000 	C:\WINDOWS\system32\mswsock.dll
0x00007ffb3f770000 - 0x00007ffb3f783000 	C:\Program Files\Android\Android Studio\jbr\bin\nio.dll
0x00007ffb40390000 - 0x00007ffb403b7000 	C:\Users\HP-CSD\.gradle\native\68d5fa5c4cc2d200863cafc0d521ce42e7d3e7ee720ec0a83991735586a16f82\windows-amd64\native-platform.dll
0x00007ffab9d30000 - 0x00007ffab9e74000 	C:\Users\HP-CSD\.gradle\native\e376f236ea51e6404a007f0833ffe2c6e607c4080706a723a18a27aeea778392\windows-amd64\native-platform-file-events.dll
0x00007ffb3f740000 - 0x00007ffb3f74a000 	C:\Program Files\Android\Android Studio\jbr\bin\management.dll
0x00007ffb20ee0000 - 0x00007ffb20eeb000 	C:\Program Files\Android\Android Studio\jbr\bin\management_ext.dll
0x00007ffb53ff0000 - 0x00007ffb5400b000 	C:\WINDOWS\SYSTEM32\CRYPTSP.dll
0x00007ffb53890000 - 0x00007ffb538c5000 	C:\WINDOWS\system32\rsaenh.dll
0x00007ffb53e90000 - 0x00007ffb53eb8000 	C:\WINDOWS\SYSTEM32\USERENV.dll
0x00007ffb541b0000 - 0x00007ffb541d8000 	C:\WINDOWS\SYSTEM32\bcrypt.dll
0x00007ffb54010000 - 0x00007ffb5401c000 	C:\WINDOWS\SYSTEM32\CRYPTBASE.dll
0x00007ffb53440000 - 0x00007ffb5346d000 	C:\WINDOWS\SYSTEM32\IPHLPAPI.DLL
0x00007ffb566f0000 - 0x00007ffb566f9000 	C:\WINDOWS\System32\NSI.dll
0x00007ffb4a600000 - 0x00007ffb4a619000 	C:\WINDOWS\SYSTEM32\dhcpcsvc6.DLL
0x00007ffb4a2c0000 - 0x00007ffb4a2df000 	C:\WINDOWS\SYSTEM32\dhcpcsvc.DLL
0x00007ffb53470000 - 0x00007ffb53563000 	C:\WINDOWS\SYSTEM32\DNSAPI.dll

dbghelp: loaded successfully - version: 4.0.5 - missing functions: none
symbol engine: initialized successfully - sym options: 0x614 - pdb path: .;C:\Program Files\Android\Android Studio\jbr\bin;C:\WINDOWS\SYSTEM32;C:\WINDOWS\WinSxS\amd64_microsoft.windows.common-controls_6595b64144ccf1df_6.0.22621.1635_none_270f70857386168e;C:\Program Files\Android\Android Studio\jbr\bin\server;C:\Users\HP-CSD\.gradle\native\68d5fa5c4cc2d200863cafc0d521ce42e7d3e7ee720ec0a83991735586a16f82\windows-amd64;C:\Users\HP-CSD\.gradle\native\e376f236ea51e6404a007f0833ffe2c6e607c4080706a723a18a27aeea778392\windows-amd64

VM Arguments:
jvm_args: --add-opens=java.base/java.util=ALL-UNNAMED --add-opens=java.base/java.lang=ALL-UNNAMED --add-opens=java.base/java.lang.invoke=ALL-UNNAMED --add-opens=java.prefs/java.util.prefs=ALL-UNNAMED --add-opens=java.base/java.nio.charset=ALL-UNNAMED --add-opens=java.base/java.net=ALL-UNNAMED --add-opens=java.base/java.util.concurrent.atomic=ALL-UNNAMED -Xmx2048m -Dfile.encoding=UTF-8 -Duser.country=PE -Duser.language=es -Duser.variant 
java_command: org.gradle.launcher.daemon.bootstrap.GradleDaemon 8.0
java_class_path (initial): C:\Users\HP-CSD\.gradle\wrapper\dists\gradle-8.0-bin\ca5e32bp14vu59qr306oxotwh\gradle-8.0\lib\gradle-launcher-8.0.jar
Launcher Type: SUN_STANDARD

[Global flags]
     intx CICompilerCount                          = 2                                         {product} {ergonomic}
     uint ConcGCThreads                            = 1                                         {product} {ergonomic}
     uint G1ConcRefinementThreads                  = 2                                         {product} {ergonomic}
   size_t G1HeapRegionSize                         = 1048576                                   {product} {ergonomic}
    uintx GCDrainStackTargetSize                   = 64                                        {product} {ergonomic}
   size_t InitialHeapSize                          = 58720256                                  {product} {ergonomic}
   size_t MarkStackSize                            = 4194304                                   {product} {ergonomic}
   size_t MaxHeapSize                              = 2147483648                                {product} {command line}
   size_t MaxNewSize                               = 1287651328                                {product} {ergonomic}
   size_t MinHeapDeltaBytes                        = 1048576                                   {product} {ergonomic}
    uintx NonNMethodCodeHeapSize                   = 5825164                                {pd product} {ergonomic}
    uintx NonProfiledCodeHeapSize                  = 122916538                              {pd product} {ergonomic}
    uintx ProfiledCodeHeapSize                     = 122916538                              {pd product} {ergonomic}
    uintx ReservedCodeCacheSize                    = 251658240                              {pd product} {ergonomic}
     bool SegmentedCodeCache                       = true                                      {product} {ergonomic}
     bool UseCompressedClassPointers               = true                                 {lp64_product} {ergonomic}
     bool UseCompressedOops                        = true                                 {lp64_product} {ergonomic}
     bool UseG1GC                                  = true                                      {product} {ergonomic}
     bool UseLargePagesIndividualAllocation        = false                                  {pd product} {ergonomic}

Logging:
Log output configuration:
 #0: stdout all=warning uptime,level,tags
 #1: stderr all=off uptime,level,tags

Environment Variables:
JAVA_HOME=C:\Program Files\Java\jdk-17
PATH=C:\app\HP-CSD\product\21c\dbhomeXE\bin;C:\Program Files\Common Files\Oracle\Java\javapath;C:\oraclexe\app\oracle\product\11.2.0\server\bin;C:\WINDOWS\system32;C:\WINDOWS;C:\WINDOWS\System32\Wbem;C:\WINDOWS\System32\WindowsPowerShell\v1.0\;C:\WINDOWS\System32\OpenSSH\;C:\Program Files\Git\cmd;C:\Program Files\nodejs\;C:\xampp\php;C:\ProgramData\ComposerSetup\bin;C:\Program Files\Java\jdk-17\bin;C:\Program Files\Apache Software Foundation\Tomcat 9.0\bin;C:\Users\HP-CSD\AppData\Local\Programs\Python\Python310\Scripts\;C:\Users\HP-CSD\AppData\Local\Programs\Python\Python310\;C:\Users\HP-CSD\AppData\Local\Microsoft\WindowsApps;C:\Program Files\MongoDB\Server\6.0\bin;C:\Program Files\MongoDB\Server\5.0\bin;D:\VISUAL\Microsoft VS Code\bin;C:\Users\HP-CSD\AppData\Roaming\npm;C:\Users\HP-CSD\AppData\Roaming\Composer\vendor\bin;
USERNAME=HP-CSD
OS=Windows_NT
PROCESSOR_IDENTIFIER=AMD64 Family 23 Model 24 Stepping 1, AuthenticAMD



---------------  S Y S T E M  ---------------

OS: Windows 11 , 64 bit Build 22621 (10.0.22621.1778)
OS uptime: 0 days 0:39 hours

CPU:total 2 (initial active 2) (2 cores per cpu, 1 threads per core) family 23 model 24 stepping 1 microcode 0x0, cmov, cx8, fxsr, mmx, sse, sse2, sse3, ssse3, sse4.1, sse4.2, popcnt, avx, avx2, aes, clmul, mmxext, 3dnowpref, lzcnt, sse4a, tsc, tscinvbit, tscinv, bmi1, bmi2, adx, sha, fma

Memory: 4k page, system-wide physical 3500M (80M free)
TotalPageFile size 14252M (AvailPageFile size 15M)
current process WorkingSet (physical memory assigned to process): 98M, peak: 112M
current process commit charge ("private bytes"): 175M, peak: 190M

vm_info: OpenJDK 64-Bit Server VM (11.0.15+0-b2043.56-9505619) for windows-amd64 JRE (11.0.15+0-b2043.56-9505619), built on Jan 19 2023 02:48:00 by "builduser" with unknown MS VC++:1929

END.
