#
# There is insufficient memory for the Java Runtime Environment to continue.
# Native memory allocation (malloc) failed to allocate 763216 bytes for Chunk::new
# Possible reasons:
#   The system is out of physical RAM or swap space
#   The process is running with CompressedOops enabled, and the Java Heap may be blocking the growth of the native heap
# Possible solutions:
#   Reduce memory load on the system
#   Increase physical memory or swap space
#   Check if swap backing store is full
#   Decrease Java heap size (-Xmx/-Xms)
#   Decrease number of Java threads
#   Decrease Java thread stack sizes (-Xss)
#   Set larger code cache with -XX:ReservedCodeCacheSize=
#   JVM is running with Unscaled Compressed Oops mode in which the Java heap is
#     placed in the first 4GB address space. The Java Heap base address is the
#     maximum limit for the native heap growth. Please use -XX:HeapBaseMinAddress
#     to set the Java Heap base and to place the Java Heap above 4GB virtual address.
# This output file may be truncated or incomplete.
#
#  Out of Memory Error (src/hotspot/share/memory/arena.cpp:197), pid=2408, tid=11536
#
# JRE version: OpenJDK Runtime Environment (11.0.15) (build 11.0.15+0-b2043.56-9505619)
# Java VM: OpenJDK 64-Bit Server VM (11.0.15+0-b2043.56-9505619, mixed mode, tiered, compressed oops, g1 gc, windows-amd64)
# No core dump will be written. Minidumps are not enabled by default on client versions of Windows
#

---------------  S U M M A R Y ------------

Command Line: --add-opens=java.base/java.util=ALL-UNNAMED --add-opens=java.base/java.lang=ALL-UNNAMED --add-opens=java.base/java.lang.invoke=ALL-UNNAMED --add-opens=java.prefs/java.util.prefs=ALL-UNNAMED --add-opens=java.base/java.nio.charset=ALL-UNNAMED --add-opens=java.base/java.net=ALL-UNNAMED --add-opens=java.base/java.util.concurrent.atomic=ALL-UNNAMED -Xmx2048m -Dfile.encoding=UTF-8 -Duser.country=PE -Duser.language=es -Duser.variant org.gradle.launcher.daemon.bootstrap.GradleDaemon 8.0

Host: AMD Athlon Silver 3050U with Radeon Graphics   , 2 cores, 3G,  Windows 11 , 64 bit Build 22621 (10.0.22621.1778)
Time: Tue Jun 27 01:25:00 2023 Hora est. Pacífico, Sudamérica elapsed time: 645.516909 seconds (0d 0h 10m 45s)

---------------  T H R E A D  ---------------

Current thread (0x000002abffe04800):  JavaThread "C2 CompilerThread0" daemon [_thread_in_native, id=11536, stack(0x000000cfab600000,0x000000cfab700000)]


Current CompileTask:
C2: 645517 7965       4       java.lang.Class::getMethod (59 bytes)

Stack: [0x000000cfab600000,0x000000cfab700000]
Native frames: (J=compiled Java code, j=interpreted, Vv=VM code, C=native code)
V  [jvm.dll+0x64135a]
V  [jvm.dll+0x7d39f9]
V  [jvm.dll+0x7d51b9]
V  [jvm.dll+0x7d58a3]
V  [jvm.dll+0x2691c5]
V  [jvm.dll+0xc1a5c]
V  [jvm.dll+0xc200c]
V  [jvm.dll+0x3774a7]
V  [jvm.dll+0x342495]
V  [jvm.dll+0x34186a]
V  [jvm.dll+0x2214bd]
V  [jvm.dll+0x220498]
V  [jvm.dll+0x19e851]
V  [jvm.dll+0x230479]
V  [jvm.dll+0x22e5ef]
V  [jvm.dll+0x794de1]
V  [jvm.dll+0x78dc24]
V  [jvm.dll+0x6400f6]
C  [ucrtbase.dll+0x29363]
C  [KERNEL32.DLL+0x126ad]
C  [ntdll.dll+0x5a9f8]


---------------  P R O C E S S  ---------------

Threads class SMR info:
_java_thread_list=0x000002ab9d60eb10, length=56, elements={
0x000002abfc10c800, 0x000002abffda3000, 0x000002abffda4000, 0x000002abffdfd800,
0x000002abffe01000, 0x000002abffe02000, 0x000002abffe04800, 0x000002abffe25800,
0x000002ab96440000, 0x000002ab96534800, 0x000002ab97841800, 0x000002ab98456800,
0x000002ab98443800, 0x000002ab9847c000, 0x000002ab97122000, 0x000002ab97fc2800,
0x000002ab97342800, 0x000002ab97496000, 0x000002ab99120800, 0x000002ab972b8000,
0x000002ab972b9000, 0x000002ab972b5000, 0x000002ab972b5800, 0x000002ab972b6800,
0x000002ab972b7800, 0x000002ab972b3000, 0x000002ab972ba000, 0x000002ab975ed000,
0x000002ab975ee800, 0x000002ab975f2000, 0x000002ab975ef800, 0x000002ab975f1000,
0x000002ab975f0800, 0x000002ab975ee000, 0x000002ab975f2800, 0x000002ab975f8800,
0x000002ab975f4800, 0x000002ab975f6000, 0x000002ab975f5000, 0x000002ab975f9800,
0x000002ab975f3800, 0x000002ab975f7000, 0x000002ab975f7800, 0x000002ab975fa000,
0x000002ab975fb000, 0x000002ab972b4000, 0x000002ab98af3000, 0x000002ab98af4800,
0x000002ab98af7000, 0x000002ab98af9800, 0x000002ab98af4000, 0x000002ab98af8800,
0x000002ab98afa800, 0x000002ab98af5800, 0x000002ab98af8000, 0x000002ab98afb000
}

Java Threads: ( => current thread )
  0x000002abfc10c800 JavaThread "main" [_thread_blocked, id=13708, stack(0x000000cfaaa00000,0x000000cfaab00000)]
  0x000002abffda3000 JavaThread "Reference Handler" daemon [_thread_blocked, id=12008, stack(0x000000cfab100000,0x000000cfab200000)]
  0x000002abffda4000 JavaThread "Finalizer" daemon [_thread_blocked, id=13592, stack(0x000000cfab200000,0x000000cfab300000)]
  0x000002abffdfd800 JavaThread "Signal Dispatcher" daemon [_thread_blocked, id=7008, stack(0x000000cfab300000,0x000000cfab400000)]
  0x000002abffe01000 JavaThread "Attach Listener" daemon [_thread_blocked, id=1700, stack(0x000000cfab400000,0x000000cfab500000)]
  0x000002abffe02000 JavaThread "Service Thread" daemon [_thread_blocked, id=10964, stack(0x000000cfab500000,0x000000cfab600000)]
=>0x000002abffe04800 JavaThread "C2 CompilerThread0" daemon [_thread_in_native, id=11536, stack(0x000000cfab600000,0x000000cfab700000)]
  0x000002abffe25800 JavaThread "C1 CompilerThread0" daemon [_thread_blocked, id=10344, stack(0x000000cfab700000,0x000000cfab800000)]
  0x000002ab96440000 JavaThread "Sweeper thread" daemon [_thread_blocked, id=13324, stack(0x000000cfab800000,0x000000cfab900000)]
  0x000002ab96534800 JavaThread "Common-Cleaner" daemon [_thread_blocked, id=10640, stack(0x000000cfab900000,0x000000cfaba00000)]
  0x000002ab97841800 JavaThread "Daemon health stats" [_thread_blocked, id=1996, stack(0x000000cfaa800000,0x000000cfaa900000)]
  0x000002ab98456800 JavaThread "Incoming local TCP Connector on port 51491" [_thread_in_native, id=9436, stack(0x000000cfabd00000,0x000000cfabe00000)]
  0x000002ab98443800 JavaThread "Daemon periodic checks" [_thread_blocked, id=9584, stack(0x000000cfabe00000,0x000000cfabf00000)]
  0x000002ab9847c000 JavaThread "Daemon" [_thread_blocked, id=10692, stack(0x000000cfabf00000,0x000000cfac000000)]
  0x000002ab97122000 JavaThread "Handler for socket connection from /127.0.0.1:51491 to /127.0.0.1:51495" [_thread_in_native, id=12652, stack(0x000000cfac000000,0x000000cfac100000)]
  0x000002ab97fc2800 JavaThread "Cancel handler" [_thread_blocked, id=224, stack(0x000000cfac100000,0x000000cfac200000)]
  0x000002ab97342800 JavaThread "Daemon worker" [_thread_in_Java, id=12496, stack(0x000000cfac200000,0x000000cfac300000)]
  0x000002ab97496000 JavaThread "Asynchronous log dispatcher for DefaultDaemonConnection: socket connection from /127.0.0.1:51491 to /127.0.0.1:51495" [_thread_blocked, id=12244, stack(0x000000cfac300000,0x000000cfac400000)]
  0x000002ab99120800 JavaThread "Daemon client event forwarder" [_thread_blocked, id=14152, stack(0x000000cfac500000,0x000000cfac600000)]
  0x000002ab972b8000 JavaThread "Cache worker for journal cache (C:\Users\HP-CSD\.gradle\caches\journal-1)" [_thread_blocked, id=3820, stack(0x000000cfac800000,0x000000cfac900000)]
  0x000002ab972b9000 JavaThread "File lock request listener" [_thread_in_native, id=13040, stack(0x000000cfac900000,0x000000cfaca00000)]
  0x000002ab972b5000 JavaThread "Cache worker for file hash cache (C:\Users\HP-CSD\.gradle\caches\8.0\fileHashes)" [_thread_blocked, id=10036, stack(0x000000cfaa900000,0x000000cfaaa00000)]
  0x000002ab972b5800 JavaThread "File watcher server" daemon [_thread_in_native, id=5772, stack(0x000000cfabc00000,0x000000cfabd00000)]
  0x000002ab972b6800 JavaThread "File watcher consumer" daemon [_thread_blocked, id=8968, stack(0x000000cfacb00000,0x000000cfacc00000)]
  0x000002ab972b7800 JavaThread "jar transforms" [_thread_blocked, id=11068, stack(0x000000cfac400000,0x000000cfac500000)]
  0x000002ab972b3000 JavaThread "jar transforms Thread 2" [_thread_blocked, id=10616, stack(0x000000cfacc00000,0x000000cfacd00000)]
  0x000002ab972ba000 JavaThread "Cache worker for checksums cache (C:\Users\HP-CSD\AndroidStudioProjects\PokeTinder\.gradle\8.0\checksums)" [_thread_blocked, id=14528, stack(0x000000cfacd00000,0x000000cface00000)]
  0x000002ab975ed000 JavaThread "Cache worker for cache directory md-rule (C:\Users\HP-CSD\.gradle\caches\8.0\md-rule)" [_thread_blocked, id=14564, stack(0x000000cface00000,0x000000cfacf00000)]
  0x000002ab975ee800 JavaThread "Cache worker for file content cache (C:\Users\HP-CSD\.gradle\caches\8.0\fileContent)" [_thread_blocked, id=14580, stack(0x000000cfacf00000,0x000000cfad000000)]
  0x000002ab975f2000 JavaThread "Cache worker for file hash cache (C:\Users\HP-CSD\AndroidStudioProjects\PokeTinder\.gradle\8.0\fileHashes)" [_thread_blocked, id=14640, stack(0x000000cfad000000,0x000000cfad100000)]
  0x000002ab975ef800 JavaThread "Cache worker for cache directory md-supplier (C:\Users\HP-CSD\.gradle\caches\8.0\md-supplier)" [_thread_blocked, id=14672, stack(0x000000cfad100000,0x000000cfad200000)]
  0x000002ab975f1000 JavaThread "Cache worker for execution history cache (C:\Users\HP-CSD\.gradle\caches\8.0\executionHistory)" [_thread_blocked, id=14712, stack(0x000000cfac600000,0x000000cfac700000)]
  0x000002ab975f0800 JavaThread "File lock release action executor Thread 2" [_thread_blocked, id=12760, stack(0x000000cfaca00000,0x000000cfacb00000)]
  0x000002ab975ee000 JavaThread "Cache worker for dependencies-accessors (C:\Users\HP-CSD\AndroidStudioProjects\PokeTinder\.gradle\8.0\dependencies-accessors)" [_thread_blocked, id=3964, stack(0x000000cfac700000,0x000000cfac800000)]
  0x000002ab975f2800 JavaThread "Cache worker for Build Output Cleanup Cache (C:\Users\HP-CSD\AndroidStudioProjects\PokeTinder\.gradle\buildOutputCleanup)" [_thread_blocked, id=3704, stack(0x000000cfad200000,0x000000cfad300000)]
  0x000002ab975f8800 JavaThread "Unconstrained build operations" [_thread_blocked, id=14608, stack(0x000000cfad300000,0x000000cfad400000)]
  0x000002ab975f4800 JavaThread "Unconstrained build operations Thread 2" [_thread_blocked, id=14684, stack(0x000000cfad400000,0x000000cfad500000)]
  0x000002ab975f6000 JavaThread "Unconstrained build operations Thread 3" [_thread_blocked, id=12916, stack(0x000000cfad500000,0x000000cfad600000)]
  0x000002ab975f5000 JavaThread "Unconstrained build operations Thread 4" [_thread_blocked, id=5108, stack(0x000000cfad600000,0x000000cfad700000)]
  0x000002ab975f9800 JavaThread "Unconstrained build operations Thread 5" [_thread_blocked, id=9792, stack(0x000000cfad700000,0x000000cfad800000)]
  0x000002ab975f3800 JavaThread "Unconstrained build operations Thread 6" [_thread_blocked, id=8752, stack(0x000000cfad800000,0x000000cfad900000)]
  0x000002ab975f7000 JavaThread "Unconstrained build operations Thread 7" [_thread_blocked, id=14316, stack(0x000000cfad900000,0x000000cfada00000)]
  0x000002ab975f7800 JavaThread "Unconstrained build operations Thread 8" [_thread_blocked, id=10916, stack(0x000000cfada00000,0x000000cfadb00000)]
  0x000002ab975fa000 JavaThread "Unconstrained build operations Thread 9" [_thread_blocked, id=10736, stack(0x000000cfadb00000,0x000000cfadc00000)]
  0x000002ab975fb000 JavaThread "Unconstrained build operations Thread 10" [_thread_blocked, id=9468, stack(0x000000cfadc00000,0x000000cfadd00000)]
  0x000002ab972b4000 JavaThread "Unconstrained build operations Thread 11" [_thread_blocked, id=4772, stack(0x000000cfadd00000,0x000000cfade00000)]
  0x000002ab98af3000 JavaThread "Unconstrained build operations Thread 12" [_thread_blocked, id=9788, stack(0x000000cfade00000,0x000000cfadf00000)]
  0x000002ab98af4800 JavaThread "Unconstrained build operations Thread 13" [_thread_blocked, id=10856, stack(0x000000cfadf00000,0x000000cfae000000)]
  0x000002ab98af7000 JavaThread "Unconstrained build operations Thread 14" [_thread_blocked, id=7232, stack(0x000000cfae000000,0x000000cfae100000)]
  0x000002ab98af9800 JavaThread "Unconstrained build operations Thread 15" [_thread_blocked, id=10700, stack(0x000000cfae100000,0x000000cfae200000)]
  0x000002ab98af4000 JavaThread "Unconstrained build operations Thread 16" [_thread_blocked, id=11856, stack(0x000000cfae200000,0x000000cfae300000)]
  0x000002ab98af8800 JavaThread "Unconstrained build operations Thread 17" [_thread_blocked, id=13004, stack(0x000000cfae300000,0x000000cfae400000)]
  0x000002ab98afa800 JavaThread "Unconstrained build operations Thread 18" [_thread_blocked, id=11924, stack(0x000000cfae400000,0x000000cfae500000)]
  0x000002ab98af5800 JavaThread "Unconstrained build operations Thread 19" [_thread_blocked, id=2816, stack(0x000000cfae500000,0x000000cfae600000)]
  0x000002ab98af8000 JavaThread "Unconstrained build operations Thread 20" [_thread_blocked, id=2316, stack(0x000000cfae600000,0x000000cfae700000)]
  0x000002ab98afb000 JavaThread "Memory manager" [_thread_blocked, id=15076, stack(0x000000cfae700000,0x000000cfae800000)]

Other Threads:
  0x000002abffd9d800 VMThread "VM Thread" [stack: 0x000000cfab000000,0x000000cfab100000] [id=14084]
  0x000002ab965a4000 WatcherThread [stack: 0x000000cfaba00000,0x000000cfabb00000] [id=13048]
  0x000002abfc126000 GCTaskThread "GC Thread#0" [stack: 0x000000cfaab00000,0x000000cfaac00000] [id=9888]
  0x000002ab96725000 GCTaskThread "GC Thread#1" [stack: 0x000000cfabb00000,0x000000cfabc00000] [id=1184]
  0x000002abfc157000 ConcurrentGCThread "G1 Main Marker" [stack: 0x000000cfaac00000,0x000000cfaad00000] [id=7700]
  0x000002abfc158800 ConcurrentGCThread "G1 Conc#0" [stack: 0x000000cfaad00000,0x000000cfaae00000] [id=13748]
  0x000002abfc197800 ConcurrentGCThread "G1 Refine#0" [stack: 0x000000cfaae00000,0x000000cfaaf00000] [id=3564]
  0x000002abfc199800 ConcurrentGCThread "G1 Young RemSet Sampling" [stack: 0x000000cfaaf00000,0x000000cfab000000] [id=10992]

Threads with active compile tasks:
C2 CompilerThread0   645545 7965       4       java.lang.Class::getMethod (59 bytes)

VM state:not at safepoint (normal execution)

VM Mutex/Monitor currently owned by a thread: None

Heap address: 0x0000000080000000, size: 2048 MB, Compressed Oops mode: 32-bit
Narrow klass base: 0x0000000000000000, Narrow klass shift: 3
Compressed class space size: 1073741824 Address: 0x0000000100000000

Heap:
 garbage-first heap   total 138240K, used 130935K [0x0000000080000000, 0x0000000100000000)
  region size 1024K, 2 young (2048K), 1 survivors (1024K)
 Metaspace       used 72306K, capacity 74361K, committed 74416K, reserved 1114112K
  class space    used 9205K, capacity 9981K, committed 9984K, reserved 1048576K
Heap Regions: E=young(eden), S=young(survivor), O=old, HS=humongous(starts), HC=humongous(continues), CS=collection set, F=free, A=archive, TAMS=top-at-mark-start (previous, next)
|   0|0x0000000080000000, 0x0000000080100000, 0x0000000080100000|100%| O|  |TAMS 0x0000000080100000, 0x0000000080000000| Untracked 
|   1|0x0000000080100000, 0x0000000080200000, 0x0000000080200000|100%|HS|  |TAMS 0x0000000080200000, 0x0000000080100000| Complete 
|   2|0x0000000080200000, 0x0000000080300000, 0x0000000080300000|100%|HC|  |TAMS 0x0000000080300000, 0x0000000080200000| Complete 
|   3|0x0000000080300000, 0x0000000080400000, 0x0000000080400000|100%|HC|  |TAMS 0x0000000080400000, 0x0000000080300000| Complete 
|   4|0x0000000080400000, 0x0000000080500000, 0x0000000080500000|100%|HC|  |TAMS 0x0000000080500000, 0x0000000080400000| Complete 
|   5|0x0000000080500000, 0x0000000080600000, 0x0000000080600000|100%| O|  |TAMS 0x0000000080600000, 0x0000000080500000| Untracked 
|   6|0x0000000080600000, 0x0000000080700000, 0x0000000080700000|100%| O|  |TAMS 0x0000000080700000, 0x0000000080600000| Untracked 
|   7|0x0000000080700000, 0x0000000080800000, 0x0000000080800000|100%| O|  |TAMS 0x0000000080800000, 0x0000000080700000| Untracked 
|   8|0x0000000080800000, 0x0000000080900000, 0x0000000080900000|100%| O|  |TAMS 0x0000000080900000, 0x0000000080800000| Untracked 
|   9|0x0000000080900000, 0x0000000080a00000, 0x0000000080a00000|100%| O|  |TAMS 0x0000000080a00000, 0x0000000080900000| Untracked 
|  10|0x0000000080a00000, 0x0000000080b00000, 0x0000000080b00000|100%| O|  |TAMS 0x0000000080b00000, 0x0000000080a00000| Untracked 
|  11|0x0000000080b00000, 0x0000000080c00000, 0x0000000080c00000|100%| O|  |TAMS 0x0000000080c00000, 0x0000000080b00000| Untracked 
|  12|0x0000000080c00000, 0x0000000080d00000, 0x0000000080d00000|100%| O|  |TAMS 0x0000000080d00000, 0x0000000080c00000| Untracked 
|  13|0x0000000080d00000, 0x0000000080e00000, 0x0000000080e00000|100%| O|  |TAMS 0x0000000080e00000, 0x0000000080d00000| Untracked 
|  14|0x0000000080e00000, 0x0000000080f00000, 0x0000000080f00000|100%| O|  |TAMS 0x0000000080f00000, 0x0000000080e00000| Untracked 
|  15|0x0000000080f00000, 0x0000000081000000, 0x0000000081000000|100%| O|  |TAMS 0x0000000081000000, 0x0000000080f00000| Untracked 
|  16|0x0000000081000000, 0x0000000081100000, 0x0000000081100000|100%| O|  |TAMS 0x0000000081100000, 0x0000000081000000| Untracked 
|  17|0x0000000081100000, 0x0000000081200000, 0x0000000081200000|100%| O|  |TAMS 0x0000000081200000, 0x0000000081100000| Untracked 
|  18|0x0000000081200000, 0x0000000081300000, 0x0000000081300000|100%| O|  |TAMS 0x0000000081300000, 0x0000000081200000| Untracked 
|  19|0x0000000081300000, 0x0000000081400000, 0x0000000081400000|100%|HS|  |TAMS 0x0000000081400000, 0x0000000081300000| Complete 
|  20|0x0000000081400000, 0x0000000081500000, 0x0000000081500000|100%|HC|  |TAMS 0x0000000081500000, 0x0000000081400000| Complete 
|  21|0x0000000081500000, 0x0000000081600000, 0x0000000081600000|100%|HS|  |TAMS 0x0000000081600000, 0x0000000081500000| Complete 
|  22|0x0000000081600000, 0x0000000081700000, 0x0000000081700000|100%|HC|  |TAMS 0x0000000081700000, 0x0000000081600000| Complete 
|  23|0x0000000081700000, 0x0000000081800000, 0x0000000081800000|100%|HC|  |TAMS 0x0000000081800000, 0x0000000081700000| Complete 
|  24|0x0000000081800000, 0x0000000081900000, 0x0000000081900000|100%|HS|  |TAMS 0x0000000081900000, 0x0000000081800000| Complete 
|  25|0x0000000081900000, 0x0000000081a00000, 0x0000000081a00000|100%|HC|  |TAMS 0x0000000081a00000, 0x0000000081900000| Complete 
|  26|0x0000000081a00000, 0x0000000081b00000, 0x0000000081b00000|100%|HC|  |TAMS 0x0000000081b00000, 0x0000000081a00000| Complete 
|  27|0x0000000081b00000, 0x0000000081c00000, 0x0000000081c00000|100%| O|  |TAMS 0x0000000081c00000, 0x0000000081b00000| Untracked 
|  28|0x0000000081c00000, 0x0000000081d00000, 0x0000000081d00000|100%| O|  |TAMS 0x0000000081d00000, 0x0000000081c00000| Untracked 
|  29|0x0000000081d00000, 0x0000000081e00000, 0x0000000081e00000|100%|HS|  |TAMS 0x0000000081e00000, 0x0000000081d00000| Complete 
|  30|0x0000000081e00000, 0x0000000081f00000, 0x0000000081f00000|100%|HC|  |TAMS 0x0000000081f00000, 0x0000000081e00000| Complete 
|  31|0x0000000081f00000, 0x0000000082000000, 0x0000000082000000|100%| O|  |TAMS 0x0000000082000000, 0x0000000081f00000| Untracked 
|  32|0x0000000082000000, 0x0000000082100000, 0x0000000082100000|100%|HS|  |TAMS 0x0000000082100000, 0x0000000082000000| Complete 
|  33|0x0000000082100000, 0x0000000082200000, 0x0000000082200000|100%|HC|  |TAMS 0x0000000082200000, 0x0000000082100000| Complete 
|  34|0x0000000082200000, 0x0000000082300000, 0x0000000082300000|100%|HC|  |TAMS 0x0000000082300000, 0x0000000082200000| Complete 
|  35|0x0000000082300000, 0x0000000082400000, 0x0000000082400000|100%|HC|  |TAMS 0x0000000082400000, 0x0000000082300000| Complete 
|  36|0x0000000082400000, 0x0000000082500000, 0x0000000082500000|100%|HC|  |TAMS 0x0000000082500000, 0x0000000082400000| Complete 
|  37|0x0000000082500000, 0x0000000082600000, 0x0000000082600000|100%| O|  |TAMS 0x0000000082600000, 0x0000000082500000| Untracked 
|  38|0x0000000082600000, 0x0000000082700000, 0x0000000082700000|100%| O|  |TAMS 0x0000000082700000, 0x0000000082600000| Untracked 
|  39|0x0000000082700000, 0x0000000082800000, 0x0000000082800000|100%| O|  |TAMS 0x0000000082800000, 0x0000000082700000| Untracked 
|  40|0x0000000082800000, 0x0000000082900000, 0x0000000082900000|100%| O|  |TAMS 0x0000000082900000, 0x0000000082800000| Untracked 
|  41|0x0000000082900000, 0x0000000082a00000, 0x0000000082a00000|100%|HS|  |TAMS 0x0000000082a00000, 0x0000000082900000| Complete 
|  42|0x0000000082a00000, 0x0000000082b00000, 0x0000000082b00000|100%|HC|  |TAMS 0x0000000082b00000, 0x0000000082a00000| Complete 
|  43|0x0000000082b00000, 0x0000000082c00000, 0x0000000082c00000|100%| O|  |TAMS 0x0000000082c00000, 0x0000000082b00000| Untracked 
|  44|0x0000000082c00000, 0x0000000082d00000, 0x0000000082d00000|100%| O|  |TAMS 0x0000000082d00000, 0x0000000082c00000| Untracked 
|  45|0x0000000082d00000, 0x0000000082e00000, 0x0000000082e00000|100%| O|  |TAMS 0x0000000082e00000, 0x0000000082d00000| Untracked 
|  46|0x0000000082e00000, 0x0000000082f00000, 0x0000000082f00000|100%| O|  |TAMS 0x0000000082f00000, 0x0000000082e00000| Untracked 
|  47|0x0000000082f00000, 0x0000000083000000, 0x0000000083000000|100%| O|  |TAMS 0x0000000083000000, 0x0000000082f00000| Untracked 
|  48|0x0000000083000000, 0x0000000083100000, 0x0000000083100000|100%| O|  |TAMS 0x0000000083100000, 0x0000000083000000| Untracked 
|  49|0x0000000083100000, 0x0000000083200000, 0x0000000083200000|100%| O|  |TAMS 0x0000000083200000, 0x0000000083100000| Untracked 
|  50|0x0000000083200000, 0x0000000083300000, 0x0000000083300000|100%| O|  |TAMS 0x0000000083300000, 0x0000000083200000| Untracked 
|  51|0x0000000083300000, 0x0000000083400000, 0x0000000083400000|100%| O|  |TAMS 0x0000000083400000, 0x0000000083300000| Untracked 
|  52|0x0000000083400000, 0x0000000083500000, 0x0000000083500000|100%| O|  |TAMS 0x0000000083500000, 0x0000000083400000| Untracked 
|  53|0x0000000083500000, 0x0000000083600000, 0x0000000083600000|100%| O|  |TAMS 0x0000000083600000, 0x0000000083500000| Untracked 
|  54|0x0000000083600000, 0x0000000083700000, 0x0000000083700000|100%|HS|  |TAMS 0x0000000083700000, 0x0000000083600000| Complete 
|  55|0x0000000083700000, 0x0000000083800000, 0x0000000083800000|100%|HC|  |TAMS 0x0000000083800000, 0x0000000083700000| Complete 
|  56|0x0000000083800000, 0x0000000083900000, 0x0000000083900000|100%|HS|  |TAMS 0x0000000083900000, 0x0000000083800000| Complete 
|  57|0x0000000083900000, 0x0000000083a00000, 0x0000000083a00000|100%|HC|  |TAMS 0x0000000083a00000, 0x0000000083900000| Complete 
|  58|0x0000000083a00000, 0x0000000083b00000, 0x0000000083b00000|100%|HC|  |TAMS 0x0000000083b00000, 0x0000000083a00000| Complete 
|  59|0x0000000083b00000, 0x0000000083c00000, 0x0000000083c00000|100%|HC|  |TAMS 0x0000000083c00000, 0x0000000083b00000| Complete 
|  60|0x0000000083c00000, 0x0000000083d00000, 0x0000000083d00000|100%|HC|  |TAMS 0x0000000083d00000, 0x0000000083c00000| Complete 
|  61|0x0000000083d00000, 0x0000000083e00000, 0x0000000083e00000|100%|HC|  |TAMS 0x0000000083e00000, 0x0000000083d00000| Complete 
|  62|0x0000000083e00000, 0x0000000083f00000, 0x0000000083f00000|100%|HC|  |TAMS 0x0000000083f00000, 0x0000000083e00000| Complete 
|  63|0x0000000083f00000, 0x0000000084000000, 0x0000000084000000|100%|HC|  |TAMS 0x0000000084000000, 0x0000000083f00000| Complete 
|  64|0x0000000084000000, 0x0000000084100000, 0x0000000084100000|100%|HC|  |TAMS 0x0000000084100000, 0x0000000084000000| Complete 
|  65|0x0000000084100000, 0x0000000084200000, 0x0000000084200000|100%|HC|  |TAMS 0x0000000084200000, 0x0000000084100000| Complete 
|  66|0x0000000084200000, 0x0000000084300000, 0x0000000084300000|100%|HS|  |TAMS 0x0000000084300000, 0x0000000084200000| Complete 
|  67|0x0000000084300000, 0x0000000084400000, 0x0000000084400000|100%|HC|  |TAMS 0x0000000084400000, 0x0000000084300000| Complete 
|  68|0x0000000084400000, 0x0000000084500000, 0x0000000084500000|100%|HC|  |TAMS 0x0000000084500000, 0x0000000084400000| Complete 
|  69|0x0000000084500000, 0x0000000084600000, 0x0000000084600000|100%| O|  |TAMS 0x0000000084600000, 0x0000000084500000| Untracked 
|  70|0x0000000084600000, 0x0000000084700000, 0x0000000084700000|100%|HS|  |TAMS 0x0000000084700000, 0x0000000084600000| Complete 
|  71|0x0000000084700000, 0x0000000084800000, 0x0000000084800000|100%|HC|  |TAMS 0x0000000084800000, 0x0000000084700000| Complete 
|  72|0x0000000084800000, 0x0000000084900000, 0x0000000084900000|100%|HS|  |TAMS 0x0000000084900000, 0x0000000084800000| Complete 
|  73|0x0000000084900000, 0x0000000084a00000, 0x0000000084a00000|100%|HC|  |TAMS 0x0000000084a00000, 0x0000000084900000| Complete 
|  74|0x0000000084a00000, 0x0000000084b00000, 0x0000000084b00000|100%|HC|  |TAMS 0x0000000084b00000, 0x0000000084a00000| Complete 
|  75|0x0000000084b00000, 0x0000000084c00000, 0x0000000084c00000|100%| O|  |TAMS 0x0000000084c00000, 0x0000000084b00000| Untracked 
|  76|0x0000000084c00000, 0x0000000084d00000, 0x0000000084d00000|100%| O|  |TAMS 0x0000000084d00000, 0x0000000084c00000| Untracked 
|  77|0x0000000084d00000, 0x0000000084e00000, 0x0000000084e00000|100%| O|  |TAMS 0x0000000084e00000, 0x0000000084d00000| Untracked 
|  78|0x0000000084e00000, 0x0000000084f00000, 0x0000000084f00000|100%| O|  |TAMS 0x0000000084f00000, 0x0000000084e00000| Untracked 
|  79|0x0000000084f00000, 0x0000000085000000, 0x0000000085000000|100%| O|  |TAMS 0x0000000085000000, 0x0000000084f00000| Untracked 
|  80|0x0000000085000000, 0x0000000085100000, 0x0000000085100000|100%|HS|  |TAMS 0x0000000085100000, 0x0000000085000000| Complete 
|  81|0x0000000085100000, 0x0000000085200000, 0x0000000085200000|100%|HC|  |TAMS 0x0000000085200000, 0x0000000085100000| Complete 
|  82|0x0000000085200000, 0x0000000085300000, 0x0000000085300000|100%|HC|  |TAMS 0x0000000085300000, 0x0000000085200000| Complete 
|  83|0x0000000085300000, 0x0000000085400000, 0x0000000085400000|100%|HC|  |TAMS 0x0000000085400000, 0x0000000085300000| Complete 
|  84|0x0000000085400000, 0x0000000085500000, 0x0000000085500000|100%|HC|  |TAMS 0x0000000085500000, 0x0000000085400000| Complete 
|  85|0x0000000085500000, 0x0000000085600000, 0x0000000085600000|100%|HC|  |TAMS 0x0000000085600000, 0x0000000085500000| Complete 
|  86|0x0000000085600000, 0x0000000085700000, 0x0000000085700000|100%|HC|  |TAMS 0x0000000085700000, 0x0000000085600000| Complete 
|  87|0x0000000085700000, 0x0000000085800000, 0x0000000085800000|100%|HC|  |TAMS 0x0000000085800000, 0x0000000085700000| Complete 
|  88|0x0000000085800000, 0x0000000085900000, 0x0000000085900000|100%|HC|  |TAMS 0x0000000085900000, 0x0000000085800000| Complete 
|  89|0x0000000085900000, 0x0000000085a00000, 0x0000000085a00000|100%|HC|  |TAMS 0x0000000085a00000, 0x0000000085900000| Complete 
|  90|0x0000000085a00000, 0x0000000085b00000, 0x0000000085b00000|100%| O|  |TAMS 0x0000000085b00000, 0x0000000085a00000| Untracked 
|  91|0x0000000085b00000, 0x0000000085c00000, 0x0000000085c00000|100%| O|  |TAMS 0x0000000085c00000, 0x0000000085b00000| Untracked 
|  92|0x0000000085c00000, 0x0000000085d00000, 0x0000000085d00000|100%| O|  |TAMS 0x0000000085d00000, 0x0000000085c00000| Untracked 
|  93|0x0000000085d00000, 0x0000000085e00000, 0x0000000085e00000|100%|HS|  |TAMS 0x0000000085e00000, 0x0000000085d00000| Complete 
|  94|0x0000000085e00000, 0x0000000085f00000, 0x0000000085f00000|100%|HC|  |TAMS 0x0000000085f00000, 0x0000000085e00000| Complete 
|  95|0x0000000085f00000, 0x0000000086000000, 0x0000000086000000|100%|HC|  |TAMS 0x0000000086000000, 0x0000000085f00000| Complete 
|  96|0x0000000086000000, 0x0000000086100000, 0x0000000086100000|100%|HC|  |TAMS 0x0000000086100000, 0x0000000086000000| Complete 
|  97|0x0000000086100000, 0x0000000086200000, 0x0000000086200000|100%|HC|  |TAMS 0x0000000086200000, 0x0000000086100000| Complete 
|  98|0x0000000086200000, 0x0000000086300000, 0x0000000086300000|100%| O|  |TAMS 0x0000000086300000, 0x0000000086200000| Untracked 
|  99|0x0000000086300000, 0x0000000086400000, 0x0000000086400000|100%| O|  |TAMS 0x0000000086400000, 0x0000000086300000| Untracked 
| 100|0x0000000086400000, 0x0000000086500000, 0x0000000086500000|100%| O|  |TAMS 0x0000000086500000, 0x0000000086400000| Untracked 
| 101|0x0000000086500000, 0x0000000086600000, 0x0000000086600000|100%| O|  |TAMS 0x0000000086600000, 0x0000000086500000| Untracked 
| 102|0x0000000086600000, 0x0000000086700000, 0x0000000086700000|100%|HS|  |TAMS 0x0000000086700000, 0x0000000086600000| Complete 
| 103|0x0000000086700000, 0x0000000086800000, 0x0000000086800000|100%|HS|  |TAMS 0x0000000086800000, 0x0000000086700000| Complete 
| 104|0x0000000086800000, 0x0000000086900000, 0x0000000086900000|100%|HS|  |TAMS 0x0000000086900000, 0x0000000086800000| Complete 
| 105|0x0000000086900000, 0x0000000086a00000, 0x0000000086a00000|100%|HC|  |TAMS 0x0000000086a00000, 0x0000000086900000| Complete 
| 106|0x0000000086a00000, 0x0000000086b00000, 0x0000000086b00000|100%| O|  |TAMS 0x0000000086b00000, 0x0000000086a00000| Untracked 
| 107|0x0000000086b00000, 0x0000000086c00000, 0x0000000086c00000|100%| O|  |TAMS 0x0000000086c00000, 0x0000000086b00000| Untracked 
| 108|0x0000000086c00000, 0x0000000086d00000, 0x0000000086d00000|100%|HS|  |TAMS 0x0000000086d00000, 0x0000000086c00000| Complete 
| 109|0x0000000086d00000, 0x0000000086e00000, 0x0000000086e00000|100%|HC|  |TAMS 0x0000000086e00000, 0x0000000086d00000| Complete 
| 110|0x0000000086e00000, 0x0000000086f00000, 0x0000000086f00000|100%|HC|  |TAMS 0x0000000086f00000, 0x0000000086e00000| Complete 
| 111|0x0000000086f00000, 0x0000000087000000, 0x0000000087000000|100%|HC|  |TAMS 0x0000000087000000, 0x0000000086f00000| Complete 
| 112|0x0000000087000000, 0x0000000087100000, 0x0000000087100000|100%| O|  |TAMS 0x0000000087100000, 0x0000000087000000| Untracked 
| 113|0x0000000087100000, 0x0000000087200000, 0x0000000087200000|100%| O|  |TAMS 0x0000000087200000, 0x0000000087100000| Untracked 
| 114|0x0000000087200000, 0x0000000087300000, 0x0000000087300000|100%| O|  |TAMS 0x0000000087300000, 0x0000000087200000| Untracked 
| 115|0x0000000087300000, 0x0000000087400000, 0x0000000087400000|100%| O|  |TAMS 0x0000000087400000, 0x0000000087300000| Untracked 
| 116|0x0000000087400000, 0x0000000087500000, 0x0000000087500000|100%| O|  |TAMS 0x0000000087500000, 0x0000000087400000| Untracked 
| 117|0x0000000087500000, 0x0000000087600000, 0x0000000087600000|100%| O|  |TAMS 0x0000000087563200, 0x0000000087500000| Untracked 
| 118|0x0000000087600000, 0x0000000087675df0, 0x0000000087700000| 46%| S|CS|TAMS 0x0000000087600000, 0x0000000087600000| Complete 
| 119|0x0000000087700000, 0x0000000087800000, 0x0000000087800000|100%| O|  |TAMS 0x0000000087800000, 0x0000000087700000| Untracked 
| 120|0x0000000087800000, 0x0000000087900000, 0x0000000087900000|100%| O|  |TAMS 0x0000000087900000, 0x0000000087800000| Untracked 
| 121|0x0000000087900000, 0x0000000087a00000, 0x0000000087a00000|100%| O|  |TAMS 0x0000000087a00000, 0x0000000087900000| Untracked 
| 122|0x0000000087a00000, 0x0000000087b00000, 0x0000000087b00000|100%| O|  |TAMS 0x0000000087b00000, 0x0000000087a00000| Untracked 
| 123|0x0000000087b00000, 0x0000000087c00000, 0x0000000087c00000|100%| O|  |TAMS 0x0000000087c00000, 0x0000000087b00000| Untracked 
| 124|0x0000000087c00000, 0x0000000087d00000, 0x0000000087d00000|100%| O|  |TAMS 0x0000000087d00000, 0x0000000087c00000| Untracked 
| 125|0x0000000087d00000, 0x0000000087d00000, 0x0000000087e00000|  0%| F|  |TAMS 0x0000000087d00000, 0x0000000087d00000| Untracked 
| 126|0x0000000087e00000, 0x0000000087f00000, 0x0000000087f00000|100%| O|  |TAMS 0x0000000087f00000, 0x0000000087e00000| Untracked 
| 127|0x0000000087f00000, 0x0000000088000000, 0x0000000088000000|100%| O|  |TAMS 0x0000000088000000, 0x0000000087f00000| Untracked 
| 128|0x0000000088000000, 0x0000000088000000, 0x0000000088100000|  0%| F|  |TAMS 0x0000000088000000, 0x0000000088000000| Untracked 
| 129|0x0000000088100000, 0x0000000088100000, 0x0000000088200000|  0%| F|  |TAMS 0x0000000088100000, 0x0000000088100000| Untracked 
| 130|0x0000000088200000, 0x0000000088200000, 0x0000000088300000|  0%| F|  |TAMS 0x0000000088200000, 0x0000000088200000| Untracked 
| 131|0x0000000088300000, 0x0000000088300000, 0x0000000088400000|  0%| F|  |TAMS 0x0000000088300000, 0x0000000088300000| Untracked 
| 132|0x0000000088400000, 0x0000000088500000, 0x0000000088500000|100%| O|  |TAMS 0x0000000088500000, 0x0000000088400000| Untracked 
| 133|0x0000000088500000, 0x00000000885f9d78, 0x0000000088600000| 97%| E|  |TAMS 0x0000000088500000, 0x0000000088500000| Complete 
| 134|0x0000000088600000, 0x0000000088668200, 0x0000000088700000| 40%| O|  |TAMS 0x0000000088600000, 0x0000000088600000| Untracked 

Card table byte_map: [0x000002ab8f400000,0x000002ab8f800000] _byte_map_base: 0x000002ab8f000000

Marking Bits (Prev, Next): (CMBitMap*) 0x000002abfc14e5c0, (CMBitMap*) 0x000002abfc14e588
 Prev Bits: [0x000002ab91c00000, 0x000002ab93c00000)
 Next Bits: [0x000002ab8fc00000, 0x000002ab91c00000)

Polling page: 0x000002abfb8e0000

Metaspace:

Usage:
  Non-class:     62.87 MB capacity,    61.62 MB ( 98%) used,     1.04 MB (  2%) free+waste,   211.31 KB ( <1%) overhead. 
      Class:      9.75 MB capacity,     8.99 MB ( 92%) used,   675.45 KB (  7%) free+waste,   100.00 KB (  1%) overhead. 
       Both:     72.62 MB capacity,    70.61 MB ( 97%) used,     1.70 MB (  2%) free+waste,   311.31 KB ( <1%) overhead. 

Virtual space:
  Non-class space:       64.00 MB reserved,      62.92 MB ( 98%) committed 
      Class space:        1.00 GB reserved,       9.75 MB ( <1%) committed 
             Both:        1.06 GB reserved,      72.67 MB (  7%) committed 

Chunk freelists:
   Non-Class:  0 bytes
       Class:  3.00 KB
        Both:  3.00 KB

MaxMetaspaceSize: 17179869184.00 GB
CompressedClassSpaceSize: 1.00 GB
Initial GC threshold: 20.80 MB
Current GC threshold: 121.12 MB
CDS: off

CodeHeap 'non-profiled nmethods': size=120064Kb used=5347Kb max_used=5347Kb free=114716Kb
 bounds [0x000002ab87ac0000, 0x000002ab88000000, 0x000002ab8f000000]
CodeHeap 'profiled nmethods': size=120000Kb used=17013Kb max_used=17013Kb free=102986Kb
 bounds [0x000002ab80590000, 0x000002ab81630000, 0x000002ab87ac0000]
CodeHeap 'non-nmethods': size=5696Kb used=2356Kb max_used=2406Kb free=3339Kb
 bounds [0x000002ab80000000, 0x000002ab80280000, 0x000002ab80590000]
 total_blobs=8814 nmethods=7939 adapters=787
 compilation: enabled
              stopped_count=0, restarted_count=0
 full_count=0

Compilation events (20 events):
Event: 643.731 Thread 0x000002abffe25800 7961   !   3       org.gradle.cache.internal.locklistener.FileLockPacketPayload::encode (92 bytes)
Event: 643.734 Thread 0x000002abffe25800 nmethod 7961 0x000002ab81624e90 code [0x000002ab81625240, 0x000002ab81626d18]
Event: 644.599 Thread 0x000002abffe25800 7962       3       java.util.stream.IntPipeline$1$1::accept (23 bytes)
Event: 644.600 Thread 0x000002abffe25800 nmethod 7962 0x000002ab81627790 code [0x000002ab81627960, 0x000002ab81627bf8]
Event: 644.601 Thread 0x000002abffe25800 7963       3       org.codehaus.groovy.runtime.callsite.CallSiteArray$$Lambda$399/0x00000001004a9840::apply (13 bytes)
Event: 644.601 Thread 0x000002abffe25800 nmethod 7963 0x000002ab81627d10 code [0x000002ab81627ee0, 0x000002ab81628258]
Event: 644.601 Thread 0x000002abffe25800 7964   !   3       org.codehaus.groovy.reflection.ClassInfo::getMetaClass (33 bytes)
Event: 644.603 Thread 0x000002abffe25800 nmethod 7964 0x000002ab81628410 code [0x000002ab81628780, 0x000002ab81629b78]
Event: 645.233 Thread 0x000002abffe25800 7966       3       org.gradle.cache.internal.filelock.DefaultLockStateSerializer::write (26 bytes)
Event: 645.233 Thread 0x000002abffe25800 nmethod 7966 0x000002ab8162a390 code [0x000002ab8162a560, 0x000002ab8162a918]
Event: 645.233 Thread 0x000002abffe25800 7968       3       org.gradle.cache.internal.filelock.LockStateAccess::writeState (90 bytes)
Event: 645.420 Thread 0x000002abffe25800 nmethod 7968 0x000002ab8162aa90 code [0x000002ab8162ad80, 0x000002ab8162c018]
Event: 645.420 Thread 0x000002abffe25800 7967       3       java.io.RandomAccessFile::write (9 bytes)
Event: 645.420 Thread 0x000002abffe25800 nmethod 7967 0x000002ab8162c790 code [0x000002ab8162c940, 0x000002ab8162ca88]
Event: 645.420 Thread 0x000002abffe04800 nmethod 7958 0x000002ab87fe9590 code [0x000002ab87fe9f20, 0x000002ab87ff3890]
Event: 645.421 Thread 0x000002abffe04800 7965       4       java.lang.Class::getMethod (59 bytes)
Event: 645.421 Thread 0x000002abffe25800 7970       3       org.gradle.cache.internal.DefaultFileLockManager$DefaultFileLock$$Lambda$83/0x00000001001bb840::stop (8 bytes)
Event: 645.422 Thread 0x000002abffe25800 nmethod 7970 0x000002ab8162cb90 code [0x000002ab8162cd60, 0x000002ab8162d008]
Event: 645.422 Thread 0x000002abffe25800 7971       3       org.gradle.cache.internal.DefaultFileLockManager$DefaultFileLock::lambda$close$2 (28 bytes)
Event: 645.422 Thread 0x000002abffe25800 nmethod 7971 0x000002ab8162d190 code [0x000002ab8162d360, 0x000002ab8162d5a8]

GC Heap History (20 events):
Event: 623.337 GC heap before
{Heap before GC invocations=208 (full 0):
 garbage-first heap   total 137216K, used 131362K [0x0000000080000000, 0x0000000100000000)
  region size 1024K, 6 young (6144K), 1 survivors (1024K)
 Metaspace       used 70246K, capacity 72230K, committed 72496K, reserved 1112064K
  class space    used 8948K, capacity 9729K, committed 9856K, reserved 1048576K
}
Event: 623.341 GC heap after
{Heap after GC invocations=209 (full 0):
 garbage-first heap   total 137216K, used 127448K [0x0000000080000000, 0x0000000100000000)
  region size 1024K, 1 young (1024K), 1 survivors (1024K)
 Metaspace       used 70246K, capacity 72230K, committed 72496K, reserved 1112064K
  class space    used 8948K, capacity 9729K, committed 9856K, reserved 1048576K
}
Event: 625.467 GC heap before
{Heap before GC invocations=210 (full 0):
 garbage-first heap   total 137216K, used 132568K [0x0000000080000000, 0x0000000100000000)
  region size 1024K, 6 young (6144K), 1 survivors (1024K)
 Metaspace       used 70709K, capacity 72626K, committed 72752K, reserved 1112064K
  class space    used 9006K, capacity 9797K, committed 9856K, reserved 1048576K
}
Event: 625.472 GC heap after
{Heap after GC invocations=211 (full 0):
 garbage-first heap   total 137216K, used 127676K [0x0000000080000000, 0x0000000100000000)
  region size 1024K, 1 young (1024K), 1 survivors (1024K)
 Metaspace       used 70709K, capacity 72626K, committed 72752K, reserved 1112064K
  class space    used 9006K, capacity 9797K, committed 9856K, reserved 1048576K
}
Event: 626.088 GC heap before
{Heap before GC invocations=211 (full 0):
 garbage-first heap   total 137216K, used 132796K [0x0000000080000000, 0x0000000100000000)
  region size 1024K, 6 young (6144K), 1 survivors (1024K)
 Metaspace       used 71192K, capacity 73138K, committed 73392K, reserved 1112064K
  class space    used 9069K, capacity 9861K, committed 9984K, reserved 1048576K
}
Event: 626.097 GC heap after
{Heap after GC invocations=212 (full 0):
 garbage-first heap   total 137216K, used 127789K [0x0000000080000000, 0x0000000100000000)
  region size 1024K, 1 young (1024K), 1 survivors (1024K)
 Metaspace       used 71192K, capacity 73138K, committed 73392K, reserved 1112064K
  class space    used 9069K, capacity 9861K, committed 9984K, reserved 1048576K
}
Event: 628.604 GC heap before
{Heap before GC invocations=213 (full 0):
 garbage-first heap   total 137216K, used 131885K [0x0000000080000000, 0x0000000100000000)
  region size 1024K, 6 young (6144K), 1 survivors (1024K)
 Metaspace       used 71684K, capacity 73661K, committed 73904K, reserved 1114112K
  class space    used 9116K, capacity 9900K, committed 9984K, reserved 1048576K
}
Event: 628.610 GC heap after
{Heap after GC invocations=214 (full 0):
 garbage-first heap   total 137216K, used 128148K [0x0000000080000000, 0x0000000100000000)
  region size 1024K, 1 young (1024K), 1 survivors (1024K)
 Metaspace       used 71684K, capacity 73661K, committed 73904K, reserved 1114112K
  class space    used 9116K, capacity 9900K, committed 9984K, reserved 1048576K
}
Event: 630.002 GC heap before
{Heap before GC invocations=214 (full 0):
 garbage-first heap   total 137216K, used 133268K [0x0000000080000000, 0x0000000100000000)
  region size 1024K, 6 young (6144K), 1 survivors (1024K)
 Metaspace       used 71981K, capacity 73949K, committed 74160K, reserved 1114112K
  class space    used 9154K, capacity 9932K, committed 9984K, reserved 1048576K
}
Event: 630.007 GC heap after
{Heap after GC invocations=215 (full 0):
 garbage-first heap   total 137216K, used 128466K [0x0000000080000000, 0x0000000100000000)
  region size 1024K, 1 young (1024K), 1 survivors (1024K)
 Metaspace       used 71981K, capacity 73949K, committed 74160K, reserved 1114112K
  class space    used 9154K, capacity 9932K, committed 9984K, reserved 1048576K
}
Event: 632.826 GC heap before
{Heap before GC invocations=216 (full 0):
 garbage-first heap   total 137216K, used 133586K [0x0000000080000000, 0x0000000100000000)
  region size 1024K, 6 young (6144K), 1 survivors (1024K)
 Metaspace       used 72103K, capacity 74193K, committed 74416K, reserved 1114112K
  class space    used 9168K, capacity 9969K, committed 9984K, reserved 1048576K
}
Event: 632.833 GC heap after
{Heap after GC invocations=217 (full 0):
 garbage-first heap   total 137216K, used 128950K [0x0000000080000000, 0x0000000100000000)
  region size 1024K, 1 young (1024K), 1 survivors (1024K)
 Metaspace       used 72103K, capacity 74193K, committed 74416K, reserved 1114112K
  class space    used 9168K, capacity 9969K, committed 9984K, reserved 1048576K
}
Event: 634.607 GC heap before
{Heap before GC invocations=217 (full 0):
 garbage-first heap   total 137216K, used 134070K [0x0000000080000000, 0x0000000100000000)
  region size 1024K, 6 young (6144K), 1 survivors (1024K)
 Metaspace       used 72126K, capacity 74205K, committed 74416K, reserved 1114112K
  class space    used 9174K, capacity 9973K, committed 9984K, reserved 1048576K
}
Event: 634.612 GC heap after
{Heap after GC invocations=218 (full 0):
 garbage-first heap   total 137216K, used 129206K [0x0000000080000000, 0x0000000100000000)
  region size 1024K, 1 young (1024K), 1 survivors (1024K)
 Metaspace       used 72126K, capacity 74205K, committed 74416K, reserved 1114112K
  class space    used 9174K, capacity 9973K, committed 9984K, reserved 1048576K
}
Event: 637.262 GC heap before
{Heap before GC invocations=219 (full 0):
 garbage-first heap   total 137216K, used 134326K [0x0000000080000000, 0x0000000100000000)
  region size 1024K, 6 young (6144K), 1 survivors (1024K)
 Metaspace       used 72237K, capacity 74269K, committed 74416K, reserved 1114112K
  class space    used 9198K, capacity 9973K, committed 9984K, reserved 1048576K
}
Event: 637.283 GC heap after
{Heap after GC invocations=220 (full 0):
 garbage-first heap   total 137216K, used 129765K [0x0000000080000000, 0x0000000100000000)
  region size 1024K, 1 young (1024K), 1 survivors (1024K)
 Metaspace       used 72237K, capacity 74269K, committed 74416K, reserved 1114112K
  class space    used 9198K, capacity 9973K, committed 9984K, reserved 1048576K
}
Event: 642.564 GC heap before
{Heap before GC invocations=220 (full 0):
 garbage-first heap   total 137216K, used 134885K [0x0000000080000000, 0x0000000100000000)
  region size 1024K, 6 young (6144K), 1 survivors (1024K)
 Metaspace       used 72272K, capacity 74275K, committed 74416K, reserved 1114112K
  class space    used 9200K, capacity 9975K, committed 9984K, reserved 1048576K
}
Event: 642.742 GC heap after
{Heap after GC invocations=221 (full 0):
 garbage-first heap   total 137216K, used 130444K [0x0000000080000000, 0x0000000100000000)
  region size 1024K, 1 young (1024K), 1 survivors (1024K)
 Metaspace       used 72272K, capacity 74275K, committed 74416K, reserved 1114112K
  class space    used 9200K, capacity 9975K, committed 9984K, reserved 1048576K
}
Event: 644.644 GC heap before
{Heap before GC invocations=222 (full 0):
 garbage-first heap   total 137216K, used 135564K [0x0000000080000000, 0x0000000100000000)
  region size 1024K, 6 young (6144K), 1 survivors (1024K)
 Metaspace       used 72305K, capacity 74361K, committed 74416K, reserved 1114112K
  class space    used 9205K, capacity 9981K, committed 9984K, reserved 1048576K
}
Event: 644.699 GC heap after
{Heap after GC invocations=223 (full 0):
 garbage-first heap   total 138240K, used 130935K [0x0000000080000000, 0x0000000100000000)
  region size 1024K, 1 young (1024K), 1 survivors (1024K)
 Metaspace       used 72305K, capacity 74361K, committed 74416K, reserved 1114112K
  class space    used 9205K, capacity 9981K, committed 9984K, reserved 1048576K
}

Deoptimization events (20 events):
Event: 632.876 Thread 0x000002ab97342800 DEOPT PACKING pc=0x000002ab87f45c2c sp=0x000000cfac2f5bf0
Event: 632.876 Thread 0x000002ab97342800 DEOPT UNPACKING pc=0x000002ab8004a1af sp=0x000000cfac2f5b20 mode 2
Event: 632.876 Thread 0x000002ab97342800 Uncommon trap: trap_request=0xffffff4d fr.pc=0x000002ab87f46fec relative=0x000000000000084c
Event: 632.876 Thread 0x000002ab97342800 Uncommon trap: reason=unstable_if action=reinterpret pc=0x000002ab87f46fec method=com.sun.beans.introspect.MethodInfo$MethodOrder.compare(Ljava/lang/reflect/Method;Ljava/lang/reflect/Method;)I @ 124 c2
Event: 632.876 Thread 0x000002ab97342800 DEOPT PACKING pc=0x000002ab87f46fec sp=0x000000cfac2f5b60
Event: 632.876 Thread 0x000002ab97342800 DEOPT UNPACKING pc=0x000002ab8004a1af sp=0x000000cfac2f5b18 mode 2
Event: 634.597 Thread 0x000002ab97342800 DEOPT PACKING pc=0x000002ab80b987f9 sp=0x000000cfac2f7500
Event: 634.597 Thread 0x000002ab97342800 DEOPT UNPACKING pc=0x000002ab8004a95e sp=0x000000cfac2f69c8 mode 0
Event: 637.246 Thread 0x000002ab97342800 Uncommon trap: trap_request=0xffffff4d fr.pc=0x000002ab87cc8de4 relative=0x0000000000000324
Event: 637.246 Thread 0x000002ab97342800 Uncommon trap: reason=unstable_if action=reinterpret pc=0x000002ab87cc8de4 method=java.util.StringJoiner.add(Ljava/lang/CharSequence;)Ljava/util/StringJoiner; @ 33 c2
Event: 637.246 Thread 0x000002ab97342800 DEOPT PACKING pc=0x000002ab87cc8de4 sp=0x000000cfac2f47a0
Event: 637.246 Thread 0x000002ab97342800 DEOPT UNPACKING pc=0x000002ab8004a1af sp=0x000000cfac2f4750 mode 2
Event: 637.951 Thread 0x000002ab97342800 Uncommon trap: trap_request=0xffffff4d fr.pc=0x000002ab87da3614 relative=0x00000000000019f4
Event: 637.952 Thread 0x000002ab97342800 Uncommon trap: reason=unstable_if action=reinterpret pc=0x000002ab87da3614 method=groovy.lang.MetaClassImpl.filterPropertyMethod(Ljava/lang/Object;ZZ)Ljava/lang/Object; @ 60 c2
Event: 637.952 Thread 0x000002ab97342800 DEOPT PACKING pc=0x000002ab87da3614 sp=0x000000cfac2f6cd0
Event: 637.952 Thread 0x000002ab97342800 DEOPT UNPACKING pc=0x000002ab8004a1af sp=0x000000cfac2f6cc0 mode 2
Event: 643.647 Thread 0x000002ab97342800 DEOPT PACKING pc=0x000002ab8130554d sp=0x000000cfac2f84f0
Event: 643.648 Thread 0x000002ab97342800 DEOPT UNPACKING pc=0x000002ab8004a95e sp=0x000000cfac2f7a90 mode 0
Event: 643.649 Thread 0x000002ab97342800 DEOPT PACKING pc=0x000002ab80ef886b sp=0x000000cfac2f7a50
Event: 643.649 Thread 0x000002ab97342800 DEOPT UNPACKING pc=0x000002ab8004a95e sp=0x000000cfac2f6eb0 mode 0

Classes redefined (0 events):
No events

Internal exceptions (20 events):
Event: 632.870 Thread 0x000002ab97342800 Exception <a 'java/lang/ClassNotFoundException'{0x0000000088195b00}: org/gradle/api/internal/DefaultDomainObjectSetBeanInfo> (0x0000000088195b00) thrown at [src/hotspot/share/classfile/systemDictionary.cpp, line 230]
Event: 632.872 Thread 0x000002ab97342800 Exception <a 'java/lang/ClassNotFoundException'{0x00000000881cdc20}: org/gradle/api/internal/DefaultDomainObjectSetCustomizer> (0x00000000881cdc20) thrown at [src/hotspot/share/classfile/systemDictionary.cpp, line 230]
Event: 632.876 Thread 0x000002ab97342800 Exception <a 'java/lang/ClassNotFoundException'{0x0000000088016510}: org/gradle/api/internal/plugins/DefaultPluginCollectionCustomizer> (0x0000000088016510) thrown at [src/hotspot/share/classfile/systemDictionary.cpp, line 230]
Event: 634.587 Thread 0x000002ab97342800 Exception <a 'java/lang/ClassNotFoundException'{0x000000008807c610}: org/gradle/api/internal/plugins/DefaultPluginContainerCustomizer> (0x000000008807c610) thrown at [src/hotspot/share/classfile/systemDictionary.cpp, line 230]
Event: 637.240 Thread 0x000002ab97342800 Exception <a 'java/lang/ClassNotFoundException'{0x0000000088172068}: com/android/build/gradle/internal/dsl/BaseAppModuleExtension_DecoratedBeanInfo> (0x0000000088172068) thrown at [src/hotspot/share/classfile/systemDictionary.cpp, line 230]
Event: 637.243 Thread 0x000002ab97342800 Exception <a 'java/lang/ClassNotFoundException'{0x0000000088191f10}: com/android/build/gradle/internal/dsl/BaseAppModuleExtensionBeanInfo> (0x0000000088191f10) thrown at [src/hotspot/share/classfile/systemDictionary.cpp, line 230]
Event: 637.243 Thread 0x000002ab97342800 Exception <a 'java/lang/ClassNotFoundException'{0x00000000881ad4e8}: com/android/build/gradle/AppExtensionBeanInfo> (0x00000000881ad4e8) thrown at [src/hotspot/share/classfile/systemDictionary.cpp, line 230]
Event: 637.244 Thread 0x000002ab97342800 Exception <a 'java/lang/ClassNotFoundException'{0x00000000881cab18}: com/android/build/gradle/AbstractAppExtensionBeanInfo> (0x00000000881cab18) thrown at [src/hotspot/share/classfile/systemDictionary.cpp, line 230]
Event: 637.244 Thread 0x000002ab97342800 Exception <a 'java/lang/ClassNotFoundException'{0x00000000881e7848}: com/android/build/gradle/TestedExtensionBeanInfo> (0x00000000881e7848) thrown at [src/hotspot/share/classfile/systemDictionary.cpp, line 230]
Event: 637.244 Thread 0x000002ab97342800 Exception <a 'java/lang/ClassNotFoundException'{0x00000000880045a0}: com/android/build/gradle/BaseExtensionBeanInfo> (0x00000000880045a0) thrown at [src/hotspot/share/classfile/systemDictionary.cpp, line 230]
Event: 637.245 Thread 0x000002ab97342800 Exception <a 'java/lang/ClassNotFoundException'{0x0000000088021208}: com/android/build/gradle/BaseExtensionCustomizer> (0x0000000088021208) thrown at [src/hotspot/share/classfile/systemDictionary.cpp, line 230]
Event: 637.248 Thread 0x000002ab97342800 Exception <a 'java/lang/ClassNotFoundException'{0x0000000088097830}: com/android/build/gradle/TestedExtensionCustomizer> (0x0000000088097830) thrown at [src/hotspot/share/classfile/systemDictionary.cpp, line 230]
Event: 637.249 Thread 0x000002ab97342800 Exception <a 'java/lang/ClassNotFoundException'{0x00000000880cf208}: com/android/build/gradle/AbstractAppExtensionCustomizer> (0x00000000880cf208) thrown at [src/hotspot/share/classfile/systemDictionary.cpp, line 230]
Event: 637.284 Thread 0x000002ab97342800 Exception <a 'java/lang/ClassNotFoundException'{0x0000000088502230}: com/android/build/gradle/AppExtensionCustomizer> (0x0000000088502230) thrown at [src/hotspot/share/classfile/systemDictionary.cpp, line 230]
Event: 637.285 Thread 0x000002ab97342800 Exception <a 'java/lang/ClassNotFoundException'{0x0000000088537420}: com/android/build/gradle/internal/dsl/BaseAppModuleExtensionCustomizer> (0x0000000088537420) thrown at [src/hotspot/share/classfile/systemDictionary.cpp, line 230]
Event: 637.947 Thread 0x000002ab97342800 Exception <a 'java/lang/ClassNotFoundException'{0x000000008832fa38}: com/android/build/gradle/internal/dsl/BaseAppModuleExtension_DecoratedCustomizer> (0x000000008832fa38) thrown at [src/hotspot/share/classfile/systemDictionary.cpp, line 230]
Event: 637.966 Thread 0x000002ab97342800 Exception <a 'java/lang/ClassNotFoundException'{0x00000000881a6c88}: org/gradle/api/internal/DefaultDomainObjectSet_DecoratedBeanInfo> (0x00000000881a6c88) thrown at [src/hotspot/share/classfile/systemDictionary.cpp, line 230]
Event: 637.968 Thread 0x000002ab97342800 Exception <a 'java/lang/ClassNotFoundException'{0x00000000881e2e90}: org/gradle/api/internal/DefaultDomainObjectSet_DecoratedCustomizer> (0x00000000881e2e90) thrown at [src/hotspot/share/classfile/systemDictionary.cpp, line 230]
Event: 643.651 Thread 0x000002ab97342800 Exception <a 'java/lang/ClassNotFoundException'{0x00000000885ba850}: build_7446wx4snf351e40o9z3gnvcwBeanInfo> (0x00000000885ba850) thrown at [src/hotspot/share/classfile/systemDictionary.cpp, line 230]
Event: 643.651 Thread 0x000002ab97342800 Exception <a 'java/lang/ClassNotFoundException'{0x00000000885c73f0}: build_7446wx4snf351e40o9z3gnvcwCustomizer> (0x00000000885c73f0) thrown at [src/hotspot/share/classfile/systemDictionary.cpp, line 230]

Events (20 events):
Event: 643.651 loading class build_7446wx4snf351e40o9z3gnvcwCustomizer
Event: 643.651 loading class build_7446wx4snf351e40o9z3gnvcwCustomizer done
Event: 644.076 Executing VM operation: RevokeBias
Event: 644.594 loading class groovy/runtime/metaclass/build_7446wx4snf351e40o9z3gnvcw$_run_closure1MetaClass
Event: 644.594 loading class groovy/runtime/metaclass/build_7446wx4snf351e40o9z3gnvcw$_run_closure1MetaClass done
Event: 644.599 loading class groovy/runtime/metaclass/build_7446wx4snf351e40o9z3gnvcw$_run_closure1$_closure3MetaClass
Event: 644.599 loading class groovy/runtime/metaclass/build_7446wx4snf351e40o9z3gnvcw$_run_closure1$_closure3MetaClass done
Event: 644.600 loading class org/gradle/util/internal/ConfigureUtil
Event: 644.600 loading class org/gradle/util/internal/ConfigureUtil done
Event: 644.605 loading class groovy/runtime/metaclass/com/android/build/gradle/internal/dsl/DefaultConfig$AgpDecorated_DecoratedMetaClass
Event: 644.605 loading class groovy/runtime/metaclass/com/android/build/gradle/internal/dsl/DefaultConfig$AgpDecorated_DecoratedMetaClass done
Event: 644.627 Executing VM operation: RevokeBias done
Event: 644.627 Executing VM operation: RevokeBias
Event: 644.637 Executing VM operation: RevokeBias done
Event: 644.644 Executing VM operation: G1CollectForAllocation
Event: 644.699 Executing VM operation: G1CollectForAllocation done
Event: 645.233 Executing VM operation: RevokeBias
Event: 645.417 Executing VM operation: RevokeBias done
Event: 645.417 Executing VM operation: RevokeBias
Event: 645.417 Executing VM operation: RevokeBias done


Dynamic libraries:
0x00007ff72e500000 - 0x00007ff72e50a000 	C:\Program Files\Android\Android Studio\jbr\bin\java.exe
0x00007ffb574d0000 - 0x00007ffb576e4000 	C:\WINDOWS\SYSTEM32\ntdll.dll
0x00007ffb55740000 - 0x00007ffb55802000 	C:\WINDOWS\System32\KERNEL32.DLL
0x00007ffb548d0000 - 0x00007ffb54c73000 	C:\WINDOWS\System32\KERNELBASE.dll
0x00007ffb54cf0000 - 0x00007ffb54e01000 	C:\WINDOWS\System32\ucrtbase.dll
0x00007ffb16430000 - 0x00007ffb16447000 	C:\Program Files\Android\Android Studio\jbr\bin\jli.dll
0x00007ffb570c0000 - 0x00007ffb5726b000 	C:\WINDOWS\System32\USER32.dll
0x00007ffb54f30000 - 0x00007ffb54f56000 	C:\WINDOWS\System32\win32u.dll
0x00007ffb56500000 - 0x00007ffb56529000 	C:\WINDOWS\System32\GDI32.dll
0x00007ffb54e10000 - 0x00007ffb54f29000 	C:\WINDOWS\System32\gdi32full.dll
0x00007ffb55190000 - 0x00007ffb5522a000 	C:\WINDOWS\System32\msvcp_win.dll
0x00007ffb131d0000 - 0x00007ffb131eb000 	C:\Program Files\Android\Android Studio\jbr\bin\VCRUNTIME140.dll
0x00007ffb40730000 - 0x00007ffb409be000 	C:\WINDOWS\WinSxS\amd64_microsoft.windows.common-controls_6595b64144ccf1df_6.0.22621.1635_none_270f70857386168e\COMCTL32.dll
0x00007ffb55aa0000 - 0x00007ffb55b47000 	C:\WINDOWS\System32\msvcrt.dll
0x00007ffb57070000 - 0x00007ffb570a1000 	C:\WINDOWS\System32\IMM32.DLL
0x00007ffb40310000 - 0x00007ffb4031c000 	C:\Program Files\Android\Android Studio\jbr\bin\vcruntime140_1.dll
0x00007ffb08930000 - 0x00007ffb089bd000 	C:\Program Files\Android\Android Studio\jbr\bin\msvcp140.dll
0x00007ffb01ed0000 - 0x00007ffb02a8c000 	C:\Program Files\Android\Android Studio\jbr\bin\server\jvm.dll
0x00007ffb559f0000 - 0x00007ffb55a9e000 	C:\WINDOWS\System32\ADVAPI32.dll
0x00007ffb55930000 - 0x00007ffb559d4000 	C:\WINDOWS\System32\sechost.dll
0x00007ffb56d20000 - 0x00007ffb56e37000 	C:\WINDOWS\System32\RPCRT4.dll
0x00007ffb55b50000 - 0x00007ffb55b58000 	C:\WINDOWS\System32\PSAPI.DLL
0x00007ffb33d50000 - 0x00007ffb33d59000 	C:\WINDOWS\SYSTEM32\WSOCK32.dll
0x00007ffb57270000 - 0x00007ffb572e1000 	C:\WINDOWS\System32\WS2_32.dll
0x00007ffb4cc00000 - 0x00007ffb4cc34000 	C:\WINDOWS\SYSTEM32\WINMM.dll
0x00007ffb52690000 - 0x00007ffb5269a000 	C:\WINDOWS\SYSTEM32\VERSION.dll
0x00007ffb53920000 - 0x00007ffb53938000 	C:\WINDOWS\SYSTEM32\kernel.appcore.dll
0x00007ffb3fae0000 - 0x00007ffb3faf0000 	C:\Program Files\Android\Android Studio\jbr\bin\verify.dll
0x00007ffb3da30000 - 0x00007ffb3dc5e000 	C:\WINDOWS\SYSTEM32\DBGHELP.DLL
0x00007ffb552b0000 - 0x00007ffb55639000 	C:\WINDOWS\System32\combase.dll
0x00007ffb55b60000 - 0x00007ffb55c37000 	C:\WINDOWS\System32\OLEAUT32.dll
0x00007ffb36f60000 - 0x00007ffb36f92000 	C:\WINDOWS\SYSTEM32\dbgcore.DLL
0x00007ffb55230000 - 0x00007ffb552ab000 	C:\WINDOWS\System32\bcryptPrimitives.dll
0x00007ffb3f7d0000 - 0x00007ffb3f7f8000 	C:\Program Files\Android\Android Studio\jbr\bin\java.dll
0x00007ffb3fad0000 - 0x00007ffb3fada000 	C:\Program Files\Android\Android Studio\jbr\bin\jimage.dll
0x00007ffb3f7b0000 - 0x00007ffb3f7c8000 	C:\Program Files\Android\Android Studio\jbr\bin\zip.dll
0x00007ffb55d00000 - 0x00007ffb564fa000 	C:\WINDOWS\System32\SHELL32.dll
0x00007ffb528d0000 - 0x00007ffb5319e000 	C:\WINDOWS\SYSTEM32\windows.storage.dll
0x00007ffb52790000 - 0x00007ffb528ce000 	C:\WINDOWS\SYSTEM32\wintypes.dll
0x00007ffb55640000 - 0x00007ffb55731000 	C:\WINDOWS\System32\SHCORE.dll
0x00007ffb55ca0000 - 0x00007ffb55cfe000 	C:\WINDOWS\System32\shlwapi.dll
0x00007ffb54800000 - 0x00007ffb54821000 	C:\WINDOWS\SYSTEM32\profapi.dll
0x00007ffb3f790000 - 0x00007ffb3f7a9000 	C:\Program Files\Android\Android Studio\jbr\bin\net.dll
0x00007ffb4a3e0000 - 0x00007ffb4a517000 	C:\WINDOWS\SYSTEM32\WINHTTP.dll
0x00007ffb53d90000 - 0x00007ffb53df9000 	C:\WINDOWS\system32\mswsock.dll
0x00007ffb3f770000 - 0x00007ffb3f783000 	C:\Program Files\Android\Android Studio\jbr\bin\nio.dll
0x00007ffb40390000 - 0x00007ffb403b7000 	C:\Users\HP-CSD\.gradle\native\68d5fa5c4cc2d200863cafc0d521ce42e7d3e7ee720ec0a83991735586a16f82\windows-amd64\native-platform.dll
0x00007ffab9d30000 - 0x00007ffab9e74000 	C:\Users\HP-CSD\.gradle\native\e376f236ea51e6404a007f0833ffe2c6e607c4080706a723a18a27aeea778392\windows-amd64\native-platform-file-events.dll
0x00007ffb3f740000 - 0x00007ffb3f74a000 	C:\Program Files\Android\Android Studio\jbr\bin\management.dll
0x00007ffb20ee0000 - 0x00007ffb20eeb000 	C:\Program Files\Android\Android Studio\jbr\bin\management_ext.dll
0x00007ffb53ff0000 - 0x00007ffb5400b000 	C:\WINDOWS\SYSTEM32\CRYPTSP.dll
0x00007ffb53890000 - 0x00007ffb538c5000 	C:\WINDOWS\system32\rsaenh.dll
0x00007ffb53e90000 - 0x00007ffb53eb8000 	C:\WINDOWS\SYSTEM32\USERENV.dll
0x00007ffb541b0000 - 0x00007ffb541d8000 	C:\WINDOWS\SYSTEM32\bcrypt.dll
0x00007ffb54010000 - 0x00007ffb5401c000 	C:\WINDOWS\SYSTEM32\CRYPTBASE.dll
0x00007ffb53440000 - 0x00007ffb5346d000 	C:\WINDOWS\SYSTEM32\IPHLPAPI.DLL
0x00007ffb566f0000 - 0x00007ffb566f9000 	C:\WINDOWS\System32\NSI.dll
0x00007ffb4a600000 - 0x00007ffb4a619000 	C:\WINDOWS\SYSTEM32\dhcpcsvc6.DLL
0x00007ffb4a2c0000 - 0x00007ffb4a2df000 	C:\WINDOWS\SYSTEM32\dhcpcsvc.DLL
0x00007ffb53470000 - 0x00007ffb53563000 	C:\WINDOWS\SYSTEM32\DNSAPI.dll

dbghelp: loaded successfully - version: 4.0.5 - missing functions: none
symbol engine: initialized successfully - sym options: 0x614 - pdb path: .;C:\Program Files\Android\Android Studio\jbr\bin;C:\WINDOWS\SYSTEM32;C:\WINDOWS\WinSxS\amd64_microsoft.windows.common-controls_6595b64144ccf1df_6.0.22621.1635_none_270f70857386168e;C:\Program Files\Android\Android Studio\jbr\bin\server;C:\Users\HP-CSD\.gradle\native\68d5fa5c4cc2d200863cafc0d521ce42e7d3e7ee720ec0a83991735586a16f82\windows-amd64;C:\Users\HP-CSD\.gradle\native\e376f236ea51e6404a007f0833ffe2c6e607c4080706a723a18a27aeea778392\windows-amd64

VM Arguments:
jvm_args: --add-opens=java.base/java.util=ALL-UNNAMED --add-opens=java.base/java.lang=ALL-UNNAMED --add-opens=java.base/java.lang.invoke=ALL-UNNAMED --add-opens=java.prefs/java.util.prefs=ALL-UNNAMED --add-opens=java.base/java.nio.charset=ALL-UNNAMED --add-opens=java.base/java.net=ALL-UNNAMED --add-opens=java.base/java.util.concurrent.atomic=ALL-UNNAMED -Xmx2048m -Dfile.encoding=UTF-8 -Duser.country=PE -Duser.language=es -Duser.variant 
java_command: org.gradle.launcher.daemon.bootstrap.GradleDaemon 8.0
java_class_path (initial): C:\Users\HP-CSD\.gradle\wrapper\dists\gradle-8.0-bin\ca5e32bp14vu59qr306oxotwh\gradle-8.0\lib\gradle-launcher-8.0.jar
Launcher Type: SUN_STANDARD

[Global flags]
     intx CICompilerCount                          = 2                                         {product} {ergonomic}
     uint ConcGCThreads                            = 1                                         {product} {ergonomic}
     uint G1ConcRefinementThreads                  = 2                                         {product} {ergonomic}
   size_t G1HeapRegionSize                         = 1048576                                   {product} {ergonomic}
    uintx GCDrainStackTargetSize                   = 64                                        {product} {ergonomic}
   size_t InitialHeapSize                          = 58720256                                  {product} {ergonomic}
   size_t MarkStackSize                            = 4194304                                   {product} {ergonomic}
   size_t MaxHeapSize                              = 2147483648                                {product} {command line}
   size_t MaxNewSize                               = 1287651328                                {product} {ergonomic}
   size_t MinHeapDeltaBytes                        = 1048576                                   {product} {ergonomic}
    uintx NonNMethodCodeHeapSize                   = 5825164                                {pd product} {ergonomic}
    uintx NonProfiledCodeHeapSize                  = 122916538                              {pd product} {ergonomic}
    uintx ProfiledCodeHeapSize                     = 122916538                              {pd product} {ergonomic}
    uintx ReservedCodeCacheSize                    = 251658240                              {pd product} {ergonomic}
     bool SegmentedCodeCache                       = true                                      {product} {ergonomic}
     bool UseCompressedClassPointers               = true                                 {lp64_product} {ergonomic}
     bool UseCompressedOops                        = true                                 {lp64_product} {ergonomic}
     bool UseG1GC                                  = true                                      {product} {ergonomic}
     bool UseLargePagesIndividualAllocation        = false                                  {pd product} {ergonomic}

Logging:
Log output configuration:
 #0: stdout all=warning uptime,level,tags
 #1: stderr all=off uptime,level,tags

Environment Variables:
JAVA_HOME=C:\Program Files\Java\jdk-17
PATH=C:\app\HP-CSD\product\21c\dbhomeXE\bin;C:\Program Files\Common Files\Oracle\Java\javapath;C:\oraclexe\app\oracle\product\11.2.0\server\bin;C:\WINDOWS\system32;C:\WINDOWS;C:\WINDOWS\System32\Wbem;C:\WINDOWS\System32\WindowsPowerShell\v1.0\;C:\WINDOWS\System32\OpenSSH\;C:\Program Files\Git\cmd;C:\Program Files\nodejs\;C:\xampp\php;C:\ProgramData\ComposerSetup\bin;C:\Program Files\Java\jdk-17\bin;C:\Program Files\Apache Software Foundation\Tomcat 9.0\bin;C:\Users\HP-CSD\AppData\Local\Programs\Python\Python310\Scripts\;C:\Users\HP-CSD\AppData\Local\Programs\Python\Python310\;C:\Users\HP-CSD\AppData\Local\Microsoft\WindowsApps;C:\Program Files\MongoDB\Server\6.0\bin;C:\Program Files\MongoDB\Server\5.0\bin;D:\VISUAL\Microsoft VS Code\bin;C:\Users\HP-CSD\AppData\Roaming\npm;C:\Users\HP-CSD\AppData\Roaming\Composer\vendor\bin;
USERNAME=HP-CSD
OS=Windows_NT
PROCESSOR_IDENTIFIER=AMD64 Family 23 Model 24 Stepping 1, AuthenticAMD



---------------  S Y S T E M  ---------------

OS: Windows 11 , 64 bit Build 22621 (10.0.22621.1778)
OS uptime: 0 days 0:44 hours

CPU:total 2 (initial active 2) (2 cores per cpu, 1 threads per core) family 23 model 24 stepping 1 microcode 0x0, cmov, cx8, fxsr, mmx, sse, sse2, sse3, ssse3, sse4.1, sse4.2, popcnt, avx, avx2, aes, clmul, mmxext, 3dnowpref, lzcnt, sse4a, tsc, tscinvbit, tscinv, bmi1, bmi2, adx, sha, fma

Memory: 4k page, system-wide physical 3500M (147M free)
TotalPageFile size 14252M (AvailPageFile size 5M)
current process WorkingSet (physical memory assigned to process): 189M, peak: 192M
current process commit charge ("private bytes"): 370M, peak: 373M

vm_info: OpenJDK 64-Bit Server VM (11.0.15+0-b2043.56-9505619) for windows-amd64 JRE (11.0.15+0-b2043.56-9505619), built on Jan 19 2023 02:48:00 by "builduser" with unknown MS VC++:1929

END.
