#
# There is insufficient memory for the Java Runtime Environment to continue.
# Native memory allocation (malloc) failed to allocate 1527536 bytes for Chunk::new
# Possible reasons:
#   The system is out of physical RAM or swap space
#   The process is running with CompressedOops enabled, and the Java Heap may be blocking the growth of the native heap
# Possible solutions:
#   Reduce memory load on the system
#   Increase physical memory or swap space
#   Check if swap backing store is full
#   Decrease Java heap size (-Xmx/-Xms)
#   Decrease number of Java threads
#   Decrease Java thread stack sizes (-Xss)
#   Set larger code cache with -XX:ReservedCodeCacheSize=
#   JVM is running with Unscaled Compressed Oops mode in which the Java heap is
#     placed in the first 4GB address space. The Java Heap base address is the
#     maximum limit for the native heap growth. Please use -XX:HeapBaseMinAddress
#     to set the Java Heap base and to place the Java Heap above 4GB virtual address.
# This output file may be truncated or incomplete.
#
#  Out of Memory Error (src/hotspot/share/memory/arena.cpp:197), pid=13912, tid=2340
#
# JRE version: OpenJDK Runtime Environment (11.0.15) (build 11.0.15+0-b2043.56-9505619)
# Java VM: OpenJDK 64-Bit Server VM (11.0.15+0-b2043.56-9505619, mixed mode, tiered, compressed oops, g1 gc, windows-amd64)
# No core dump will be written. Minidumps are not enabled by default on client versions of Windows
#

---------------  S U M M A R Y ------------

Command Line: --add-opens=java.base/java.util=ALL-UNNAMED --add-opens=java.base/java.lang=ALL-UNNAMED --add-opens=java.base/java.lang.invoke=ALL-UNNAMED --add-opens=java.prefs/java.util.prefs=ALL-UNNAMED --add-opens=java.base/java.nio.charset=ALL-UNNAMED --add-opens=java.base/java.net=ALL-UNNAMED --add-opens=java.base/java.util.concurrent.atomic=ALL-UNNAMED -Xmx2048m -Dfile.encoding=UTF-8 -Duser.country=PE -Duser.language=es -Duser.variant org.gradle.launcher.daemon.bootstrap.GradleDaemon 8.0

Host: AMD Athlon Silver 3050U with Radeon Graphics   , 2 cores, 3G,  Windows 11 , 64 bit Build 22621 (10.0.22621.1778)
Time: Tue Jun 27 01:20:02 2023 Hora est. Pacífico, Sudamérica elapsed time: 346.847750 seconds (0d 0h 5m 46s)

---------------  T H R E A D  ---------------

Current thread (0x000001b37ef94000):  JavaThread "C2 CompilerThread0" daemon [_thread_in_native, id=2340, stack(0x0000006ec3100000,0x0000006ec3200000)]


Current CompileTask:
C2: 346847 3653       4       java.util.AbstractCollection::addAll (42 bytes)

Stack: [0x0000006ec3100000,0x0000006ec3200000]
Native frames: (J=compiled Java code, j=interpreted, Vv=VM code, C=native code)
V  [jvm.dll+0x64135a]
V  [jvm.dll+0x7d39f9]
V  [jvm.dll+0x7d51b9]
V  [jvm.dll+0x7d58a3]
V  [jvm.dll+0x2691c5]
V  [jvm.dll+0xc1a5c]
V  [jvm.dll+0xc200c]
V  [jvm.dll+0x3774a7]
V  [jvm.dll+0x342495]
V  [jvm.dll+0x34186a]
V  [jvm.dll+0x2214bd]
V  [jvm.dll+0x220498]
V  [jvm.dll+0x19e851]
V  [jvm.dll+0x230479]
V  [jvm.dll+0x22e5ef]
V  [jvm.dll+0x794de1]
V  [jvm.dll+0x78dc24]
V  [jvm.dll+0x6400f6]
C  [ucrtbase.dll+0x29363]
C  [KERNEL32.DLL+0x126ad]
C  [ntdll.dll+0x5a9f8]


---------------  P R O C E S S  ---------------

Threads class SMR info:
_java_thread_list=0x000001b311882220, length=33, elements={
0x000001b37283c800, 0x000001b37ef32800, 0x000001b37ef34000, 0x000001b37ef8d800,
0x000001b37ef90800, 0x000001b37ef92000, 0x000001b37ef94000, 0x000001b37f939000,
0x000001b37f940000, 0x000001b37fa34800, 0x000001b3102ac000, 0x000001b30fea7000,
0x000001b30fdbf000, 0x000001b30fdf3000, 0x000001b37fb66000, 0x000001b30f9a5800,
0x000001b30ff55800, 0x000001b30ff56000, 0x000001b310b76800, 0x000001b310391800,
0x000001b310396000, 0x000001b310394000, 0x000001b310395000, 0x000001b310396800,
0x000001b310397800, 0x000001b310398000, 0x000001b310393800, 0x000001b310392800,
0x000001b312664800, 0x000001b312663000, 0x000001b312666000, 0x000001b312661000,
0x000001b312665000
}

Java Threads: ( => current thread )
  0x000001b37283c800 JavaThread "main" [_thread_blocked, id=12084, stack(0x0000006ec2400000,0x0000006ec2500000)]
  0x000001b37ef32800 JavaThread "Reference Handler" daemon [_thread_blocked, id=13652, stack(0x0000006ec2c00000,0x0000006ec2d00000)]
  0x000001b37ef34000 JavaThread "Finalizer" daemon [_thread_blocked, id=8624, stack(0x0000006ec2d00000,0x0000006ec2e00000)]
  0x000001b37ef8d800 JavaThread "Signal Dispatcher" daemon [_thread_blocked, id=4968, stack(0x0000006ec2e00000,0x0000006ec2f00000)]
  0x000001b37ef90800 JavaThread "Attach Listener" daemon [_thread_blocked, id=5736, stack(0x0000006ec2f00000,0x0000006ec3000000)]
  0x000001b37ef92000 JavaThread "Service Thread" daemon [_thread_blocked, id=5640, stack(0x0000006ec3000000,0x0000006ec3100000)]
=>0x000001b37ef94000 JavaThread "C2 CompilerThread0" daemon [_thread_in_native, id=2340, stack(0x0000006ec3100000,0x0000006ec3200000)]
  0x000001b37f939000 JavaThread "C1 CompilerThread0" daemon [_thread_blocked, id=7840, stack(0x0000006ec3200000,0x0000006ec3300000)]
  0x000001b37f940000 JavaThread "Sweeper thread" daemon [_thread_blocked, id=11688, stack(0x0000006ec3300000,0x0000006ec3400000)]
  0x000001b37fa34800 JavaThread "Common-Cleaner" daemon [_thread_blocked, id=3232, stack(0x0000006ec3400000,0x0000006ec3500000)]
  0x000001b3102ac000 JavaThread "Daemon health stats" [_thread_blocked, id=13648, stack(0x0000006ec2300000,0x0000006ec2400000)]
  0x000001b30fea7000 JavaThread "Incoming local TCP Connector on port 51481" [_thread_in_native, id=10336, stack(0x0000006ec3900000,0x0000006ec3a00000)]
  0x000001b30fdbf000 JavaThread "Daemon" [_thread_blocked, id=13632, stack(0x0000006ec3a00000,0x0000006ec3b00000)]
  0x000001b30fdf3000 JavaThread "Handler for socket connection from /127.0.0.1:51481 to /127.0.0.1:51486" [_thread_in_native, id=13628, stack(0x0000006ec3b00000,0x0000006ec3c00000)]
  0x000001b37fb66000 JavaThread "Daemon periodic checks" [_thread_blocked, id=12636, stack(0x0000006ec3c00000,0x0000006ec3d00000)]
  0x000001b30f9a5800 JavaThread "Cancel handler" [_thread_blocked, id=5304, stack(0x0000006ec3d00000,0x0000006ec3e00000)]
  0x000001b30ff55800 JavaThread "Daemon worker" [_thread_in_vm, id=6480, stack(0x0000006ec3e00000,0x0000006ec3f00000)]
  0x000001b30ff56000 JavaThread "Asynchronous log dispatcher for DefaultDaemonConnection: socket connection from /127.0.0.1:51481 to /127.0.0.1:51486" [_thread_blocked, id=10120, stack(0x0000006ec3f00000,0x0000006ec4000000)]
  0x000001b310b76800 JavaThread "Daemon client event forwarder" [_thread_blocked, id=11228, stack(0x0000006ec4100000,0x0000006ec4200000)]
  0x000001b310391800 JavaThread "Cache worker for journal cache (C:\Users\HP-CSD\.gradle\caches\journal-1)" [_thread_blocked, id=10116, stack(0x0000006ec4400000,0x0000006ec4500000)]
  0x000001b310396000 JavaThread "File lock request listener" [_thread_in_native, id=5664, stack(0x0000006ec4500000,0x0000006ec4600000)]
  0x000001b310394000 JavaThread "File lock release action executor" [_thread_blocked, id=8536, stack(0x0000006ec4600000,0x0000006ec4700000)]
  0x000001b310395000 JavaThread "Cache worker for file hash cache (C:\Users\HP-CSD\.gradle\caches\8.0\fileHashes)" [_thread_blocked, id=10296, stack(0x0000006ec4700000,0x0000006ec4800000)]
  0x000001b310396800 JavaThread "File watcher server" daemon [_thread_in_native, id=14220, stack(0x0000006ec2500000,0x0000006ec2600000)]
  0x000001b310397800 JavaThread "File watcher consumer" daemon [_thread_blocked, id=2888, stack(0x0000006ec3800000,0x0000006ec3900000)]
  0x000001b310398000 JavaThread "jar transforms" [_thread_blocked, id=10280, stack(0x0000006ec4800000,0x0000006ec4900000)]
  0x000001b310393800 JavaThread "jar transforms Thread 2" [_thread_blocked, id=9200, stack(0x0000006ec4900000,0x0000006ec4a00000)]
  0x000001b310392800 JavaThread "Cache worker for checksums cache (C:\Users\HP-CSD\AndroidStudioProjects\PokeTinder\.gradle\8.0\checksums)" [_thread_blocked, id=14408, stack(0x0000006ec4000000,0x0000006ec4100000)]
  0x000001b312664800 JavaThread "Cache worker for cache directory md-rule (C:\Users\HP-CSD\.gradle\caches\8.0\md-rule)" [_thread_blocked, id=14460, stack(0x0000006ec4a00000,0x0000006ec4b00000)]
  0x000001b312663000 JavaThread "Cache worker for file content cache (C:\Users\HP-CSD\.gradle\caches\8.0\fileContent)" [_thread_blocked, id=14496, stack(0x0000006ec4b00000,0x0000006ec4c00000)]
  0x000001b312666000 JavaThread "Cache worker for file hash cache (C:\Users\HP-CSD\AndroidStudioProjects\PokeTinder\.gradle\8.0\fileHashes)" [_thread_blocked, id=14592, stack(0x0000006ec4c00000,0x0000006ec4d00000)]
  0x000001b312661000 JavaThread "Cache worker for cache directory md-supplier (C:\Users\HP-CSD\.gradle\caches\8.0\md-supplier)" [_thread_blocked, id=14608, stack(0x0000006ec4d00000,0x0000006ec4e00000)]
  0x000001b312665000 JavaThread "Cache worker for execution history cache (C:\Users\HP-CSD\.gradle\caches\8.0\executionHistory)" [_thread_blocked, id=14684, stack(0x0000006ec4e00000,0x0000006ec4f00000)]

Other Threads:
  0x000001b37ef2d800 VMThread "VM Thread" [stack: 0x0000006ec2b00000,0x0000006ec2c00000] [id=13640]
  0x000001b37fa60000 WatcherThread [stack: 0x0000006ec3500000,0x0000006ec3600000] [id=12672]
  0x000001b372856000 GCTaskThread "GC Thread#0" [stack: 0x0000006ec2600000,0x0000006ec2700000] [id=11172]
  0x000001b37fb28000 GCTaskThread "GC Thread#1" [stack: 0x0000006ec3600000,0x0000006ec3700000] [id=4692]
  0x000001b372887000 ConcurrentGCThread "G1 Main Marker" [stack: 0x0000006ec2700000,0x0000006ec2800000] [id=8724]
  0x000001b372889800 ConcurrentGCThread "G1 Conc#0" [stack: 0x0000006ec2800000,0x0000006ec2900000] [id=4900]
  0x000001b3728c7000 ConcurrentGCThread "G1 Refine#0" [stack: 0x0000006ec2900000,0x0000006ec2a00000] [id=11016]
  0x000001b30f7d9800 ConcurrentGCThread "G1 Refine#1" [stack: 0x0000006ec3700000,0x0000006ec3800000] [id=13940]
  0x000001b3728c9000 ConcurrentGCThread "G1 Young RemSet Sampling" [stack: 0x0000006ec2a00000,0x0000006ec2b00000] [id=7640]

Threads with active compile tasks:
C2 CompilerThread0   346889 3653       4       java.util.AbstractCollection::addAll (42 bytes)

VM state:not at safepoint (normal execution)

VM Mutex/Monitor currently owned by a thread: None

Heap address: 0x0000000080000000, size: 2048 MB, Compressed Oops mode: 32-bit
Narrow klass base: 0x0000000000000000, Narrow klass shift: 3
Compressed class space size: 1073741824 Address: 0x0000000100000000

Heap:
 garbage-first heap   total 83968K, used 59516K [0x0000000080000000, 0x0000000100000000)
  region size 1024K, 6 young (6144K), 2 survivors (2048K)
 Metaspace       used 40388K, capacity 41482K, committed 41648K, reserved 1085440K
  class space    used 5207K, capacity 5611K, committed 5632K, reserved 1048576K
Heap Regions: E=young(eden), S=young(survivor), O=old, HS=humongous(starts), HC=humongous(continues), CS=collection set, F=free, A=archive, TAMS=top-at-mark-start (previous, next)
|   0|0x0000000080000000, 0x0000000080100000, 0x0000000080100000|100%| O|  |TAMS 0x0000000080100000, 0x0000000080000000| Untracked 
|   1|0x0000000080100000, 0x0000000080200000, 0x0000000080200000|100%|HS|  |TAMS 0x0000000080200000, 0x0000000080100000| Complete 
|   2|0x0000000080200000, 0x0000000080300000, 0x0000000080300000|100%|HC|  |TAMS 0x0000000080300000, 0x0000000080200000| Complete 
|   3|0x0000000080300000, 0x0000000080400000, 0x0000000080400000|100%|HC|  |TAMS 0x0000000080400000, 0x0000000080300000| Complete 
|   4|0x0000000080400000, 0x0000000080500000, 0x0000000080500000|100%|HC|  |TAMS 0x0000000080500000, 0x0000000080400000| Complete 
|   5|0x0000000080500000, 0x0000000080600000, 0x0000000080600000|100%| O|  |TAMS 0x0000000080600000, 0x0000000080500000| Untracked 
|   6|0x0000000080600000, 0x0000000080700000, 0x0000000080700000|100%| O|  |TAMS 0x0000000080700000, 0x0000000080600000| Untracked 
|   7|0x0000000080700000, 0x0000000080800000, 0x0000000080800000|100%| O|  |TAMS 0x0000000080800000, 0x0000000080700000| Untracked 
|   8|0x0000000080800000, 0x0000000080900000, 0x0000000080900000|100%| O|  |TAMS 0x0000000080900000, 0x0000000080800000| Untracked 
|   9|0x0000000080900000, 0x0000000080a00000, 0x0000000080a00000|100%| O|  |TAMS 0x0000000080a00000, 0x0000000080900000| Untracked 
|  10|0x0000000080a00000, 0x0000000080b00000, 0x0000000080b00000|100%| O|  |TAMS 0x0000000080b00000, 0x0000000080a00000| Untracked 
|  11|0x0000000080b00000, 0x0000000080c00000, 0x0000000080c00000|100%| O|  |TAMS 0x0000000080c00000, 0x0000000080b00000| Untracked 
|  12|0x0000000080c00000, 0x0000000080d00000, 0x0000000080d00000|100%| O|  |TAMS 0x0000000080d00000, 0x0000000080c00000| Untracked 
|  13|0x0000000080d00000, 0x0000000080e00000, 0x0000000080e00000|100%| O|  |TAMS 0x0000000080e00000, 0x0000000080d00000| Untracked 
|  14|0x0000000080e00000, 0x0000000080f00000, 0x0000000080f00000|100%| O|  |TAMS 0x0000000080f00000, 0x0000000080e00000| Untracked 
|  15|0x0000000080f00000, 0x0000000081000000, 0x0000000081000000|100%| O|  |TAMS 0x0000000081000000, 0x0000000080f00000| Untracked 
|  16|0x0000000081000000, 0x0000000081100000, 0x0000000081100000|100%| O|  |TAMS 0x0000000081100000, 0x0000000081000000| Untracked 
|  17|0x0000000081100000, 0x0000000081200000, 0x0000000081200000|100%| O|  |TAMS 0x0000000081200000, 0x0000000081100000| Untracked 
|  18|0x0000000081200000, 0x0000000081300000, 0x0000000081300000|100%| O|  |TAMS 0x0000000081300000, 0x0000000081200000| Untracked 
|  19|0x0000000081300000, 0x0000000081400000, 0x0000000081400000|100%|HS|  |TAMS 0x0000000081400000, 0x0000000081300000| Complete 
|  20|0x0000000081400000, 0x0000000081500000, 0x0000000081500000|100%|HC|  |TAMS 0x0000000081500000, 0x0000000081400000| Complete 
|  21|0x0000000081500000, 0x0000000081600000, 0x0000000081600000|100%|HS|  |TAMS 0x0000000081600000, 0x0000000081500000| Complete 
|  22|0x0000000081600000, 0x0000000081700000, 0x0000000081700000|100%|HC|  |TAMS 0x0000000081700000, 0x0000000081600000| Complete 
|  23|0x0000000081700000, 0x0000000081800000, 0x0000000081800000|100%|HC|  |TAMS 0x0000000081800000, 0x0000000081700000| Complete 
|  24|0x0000000081800000, 0x0000000081900000, 0x0000000081900000|100%| O|  |TAMS 0x0000000081900000, 0x0000000081800000| Untracked 
|  25|0x0000000081900000, 0x0000000081a00000, 0x0000000081a00000|100%|HS|  |TAMS 0x0000000081a00000, 0x0000000081900000| Complete 
|  26|0x0000000081a00000, 0x0000000081b00000, 0x0000000081b00000|100%|HC|  |TAMS 0x0000000081b00000, 0x0000000081a00000| Complete 
|  27|0x0000000081b00000, 0x0000000081c00000, 0x0000000081c00000|100%|HC|  |TAMS 0x0000000081c00000, 0x0000000081b00000| Complete 
|  28|0x0000000081c00000, 0x0000000081d00000, 0x0000000081d00000|100%| O|  |TAMS 0x0000000081d00000, 0x0000000081c00000| Untracked 
|  29|0x0000000081d00000, 0x0000000081e00000, 0x0000000081e00000|100%|HS|  |TAMS 0x0000000081e00000, 0x0000000081d00000| Complete 
|  30|0x0000000081e00000, 0x0000000081f00000, 0x0000000081f00000|100%|HC|  |TAMS 0x0000000081f00000, 0x0000000081e00000| Complete 
|  31|0x0000000081f00000, 0x0000000082000000, 0x0000000082000000|100%| O|  |TAMS 0x0000000082000000, 0x0000000081f00000| Untracked 
|  32|0x0000000082000000, 0x0000000082100000, 0x0000000082100000|100%|HS|  |TAMS 0x0000000082100000, 0x0000000082000000| Complete 
|  33|0x0000000082100000, 0x0000000082200000, 0x0000000082200000|100%|HC|  |TAMS 0x0000000082200000, 0x0000000082100000| Complete 
|  34|0x0000000082200000, 0x0000000082300000, 0x0000000082300000|100%|HC|  |TAMS 0x0000000082300000, 0x0000000082200000| Complete 
|  35|0x0000000082300000, 0x0000000082400000, 0x0000000082400000|100%|HC|  |TAMS 0x0000000082400000, 0x0000000082300000| Complete 
|  36|0x0000000082400000, 0x0000000082500000, 0x0000000082500000|100%|HC|  |TAMS 0x0000000082500000, 0x0000000082400000| Complete 
|  37|0x0000000082500000, 0x0000000082600000, 0x0000000082600000|100%|HC|  |TAMS 0x0000000082600000, 0x0000000082500000| Complete 
|  38|0x0000000082600000, 0x0000000082700000, 0x0000000082700000|100%|HC|  |TAMS 0x0000000082700000, 0x0000000082600000| Complete 
|  39|0x0000000082700000, 0x0000000082800000, 0x0000000082800000|100%|HC|  |TAMS 0x0000000082800000, 0x0000000082700000| Complete 
|  40|0x0000000082800000, 0x0000000082900000, 0x0000000082900000|100%|HC|  |TAMS 0x0000000082900000, 0x0000000082800000| Complete 
|  41|0x0000000082900000, 0x0000000082a00000, 0x0000000082a00000|100%|HC|  |TAMS 0x0000000082a00000, 0x0000000082900000| Complete 
|  42|0x0000000082a00000, 0x0000000082b00000, 0x0000000082b00000|100%| O|  |TAMS 0x0000000082b00000, 0x0000000082a00000| Untracked 
|  43|0x0000000082b00000, 0x0000000082c00000, 0x0000000082c00000|100%|HS|  |TAMS 0x0000000082c00000, 0x0000000082b00000| Complete 
|  44|0x0000000082c00000, 0x0000000082d00000, 0x0000000082d00000|100%|HC|  |TAMS 0x0000000082d00000, 0x0000000082c00000| Complete 
|  45|0x0000000082d00000, 0x0000000082e00000, 0x0000000082e00000|100%|HS|  |TAMS 0x0000000082e00000, 0x0000000082d00000| Complete 
|  46|0x0000000082e00000, 0x0000000082f00000, 0x0000000082f00000|100%|HC|  |TAMS 0x0000000082f00000, 0x0000000082e00000| Complete 
|  47|0x0000000082f00000, 0x0000000083000000, 0x0000000083000000|100%|HC|  |TAMS 0x0000000083000000, 0x0000000082f00000| Complete 
|  48|0x0000000083000000, 0x0000000083100000, 0x0000000083100000|100%|HC|  |TAMS 0x0000000083100000, 0x0000000083000000| Complete 
|  49|0x0000000083100000, 0x0000000083200000, 0x0000000083200000|100%|HC|  |TAMS 0x0000000083200000, 0x0000000083100000| Complete 
|  50|0x0000000083200000, 0x0000000083300000, 0x0000000083300000|100%| O|  |TAMS 0x0000000083300000, 0x0000000083200000| Untracked 
|  51|0x0000000083300000, 0x0000000083400000, 0x0000000083400000|100%| O|  |TAMS 0x0000000083400000, 0x0000000083300000| Untracked 
|  52|0x0000000083400000, 0x0000000083500000, 0x0000000083500000|100%| O|  |TAMS 0x0000000083500000, 0x0000000083400000| Untracked 
|  53|0x0000000083500000, 0x0000000083600000, 0x0000000083600000|100%| O|  |TAMS 0x0000000083600000, 0x0000000083500000| Untracked 
|  54|0x0000000083600000, 0x0000000083684a00, 0x0000000083700000| 51%| O|  |TAMS 0x0000000083684a00, 0x0000000083600000| Untracked 
|  55|0x0000000083700000, 0x0000000083700000, 0x0000000083800000|  0%| F|  |TAMS 0x0000000083700000, 0x0000000083700000| Untracked 
|  56|0x0000000083800000, 0x0000000083800000, 0x0000000083900000|  0%| F|  |TAMS 0x0000000083800000, 0x0000000083800000| Untracked 
|  57|0x0000000083900000, 0x0000000083900000, 0x0000000083a00000|  0%| F|  |TAMS 0x0000000083900000, 0x0000000083900000| Untracked 
|  58|0x0000000083a00000, 0x0000000083a00000, 0x0000000083b00000|  0%| F|  |TAMS 0x0000000083a00000, 0x0000000083a00000| Untracked 
|  59|0x0000000083b00000, 0x0000000083b00000, 0x0000000083c00000|  0%| F|  |TAMS 0x0000000083b00000, 0x0000000083b00000| Untracked 
|  60|0x0000000083c00000, 0x0000000083c00000, 0x0000000083d00000|  0%| F|  |TAMS 0x0000000083c00000, 0x0000000083c00000| Untracked 
|  61|0x0000000083d00000, 0x0000000083d00000, 0x0000000083e00000|  0%| F|  |TAMS 0x0000000083d00000, 0x0000000083d00000| Untracked 
|  62|0x0000000083e00000, 0x0000000083e00000, 0x0000000083f00000|  0%| F|  |TAMS 0x0000000083e00000, 0x0000000083e00000| Untracked 
|  63|0x0000000083f00000, 0x0000000083f00000, 0x0000000084000000|  0%| F|  |TAMS 0x0000000083f00000, 0x0000000083f00000| Untracked 
|  64|0x0000000084000000, 0x0000000084000000, 0x0000000084100000|  0%| F|  |TAMS 0x0000000084000000, 0x0000000084000000| Untracked 
|  65|0x0000000084100000, 0x0000000084100000, 0x0000000084200000|  0%| F|  |TAMS 0x0000000084100000, 0x0000000084100000| Untracked 
|  66|0x0000000084200000, 0x0000000084200000, 0x0000000084300000|  0%| F|  |TAMS 0x0000000084200000, 0x0000000084200000| Untracked 
|  67|0x0000000084300000, 0x0000000084300000, 0x0000000084400000|  0%| F|  |TAMS 0x0000000084300000, 0x0000000084300000| Untracked 
|  68|0x0000000084400000, 0x0000000084400000, 0x0000000084500000|  0%| F|  |TAMS 0x0000000084400000, 0x0000000084400000| Untracked 
|  69|0x0000000084500000, 0x0000000084500000, 0x0000000084600000|  0%| F|  |TAMS 0x0000000084500000, 0x0000000084500000| Untracked 
|  70|0x0000000084600000, 0x0000000084600000, 0x0000000084700000|  0%| F|  |TAMS 0x0000000084600000, 0x0000000084600000| Untracked 
|  71|0x0000000084700000, 0x0000000084700000, 0x0000000084800000|  0%| F|  |TAMS 0x0000000084700000, 0x0000000084700000| Untracked 
|  72|0x0000000084800000, 0x000000008489a920, 0x0000000084900000| 60%| S|CS|TAMS 0x0000000084800000, 0x0000000084800000| Complete 
|  73|0x0000000084900000, 0x0000000084a00000, 0x0000000084a00000|100%| S|CS|TAMS 0x0000000084900000, 0x0000000084900000| Complete 
|  74|0x0000000084a00000, 0x0000000084a00000, 0x0000000084b00000|  0%| F|  |TAMS 0x0000000084a00000, 0x0000000084a00000| Untracked 
|  75|0x0000000084b00000, 0x0000000084b00000, 0x0000000084c00000|  0%| F|  |TAMS 0x0000000084b00000, 0x0000000084b00000| Untracked 
|  76|0x0000000084c00000, 0x0000000084c00000, 0x0000000084d00000|  0%| F|  |TAMS 0x0000000084c00000, 0x0000000084c00000| Untracked 
|  77|0x0000000084d00000, 0x0000000084d00000, 0x0000000084e00000|  0%| F|  |TAMS 0x0000000084d00000, 0x0000000084d00000| Untracked 
|  78|0x0000000084e00000, 0x0000000084ee7b00, 0x0000000084f00000| 90%| E|  |TAMS 0x0000000084e00000, 0x0000000084e00000| Complete 
|  79|0x0000000084f00000, 0x0000000085000000, 0x0000000085000000|100%| E|CS|TAMS 0x0000000084f00000, 0x0000000084f00000| Complete 
|  80|0x0000000085000000, 0x0000000085100000, 0x0000000085100000|100%| E|CS|TAMS 0x0000000085000000, 0x0000000085000000| Complete 
|  81|0x0000000085100000, 0x0000000085200000, 0x0000000085200000|100%| E|  |TAMS 0x0000000085100000, 0x0000000085100000| Complete 

Card table byte_map: [0x000001b378340000,0x000001b378740000] _byte_map_base: 0x000001b377f40000

Marking Bits (Prev, Next): (CMBitMap*) 0x000001b37287e5c0, (CMBitMap*) 0x000001b37287e588
 Prev Bits: [0x000001b37ab40000, 0x000001b37cb40000)
 Next Bits: [0x000001b378b40000, 0x000001b37ab40000)

Polling page: 0x000001b377b10000

Metaspace:

Usage:
  Non-class:     35.03 MB capacity,    34.36 MB ( 98%) used,   585.23 KB (  2%) free+waste,   105.88 KB ( <1%) overhead. 
      Class:      5.48 MB capacity,     5.09 MB ( 93%) used,   351.85 KB (  6%) free+waste,    51.81 KB ( <1%) overhead. 
       Both:     40.51 MB capacity,    39.44 MB ( 97%) used,   937.08 KB (  2%) free+waste,   157.69 KB ( <1%) overhead. 

Virtual space:
  Non-class space:       36.00 MB reserved,      35.17 MB ( 98%) committed 
      Class space:        1.00 GB reserved,       5.50 MB ( <1%) committed 
             Both:        1.04 GB reserved,      40.67 MB (  4%) committed 

Chunk freelists:
   Non-Class:  15.00 KB
       Class:  20.00 KB
        Both:  35.00 KB

MaxMetaspaceSize: 17179869184.00 GB
CompressedClassSpaceSize: 1.00 GB
Initial GC threshold: 20.80 MB
Current GC threshold: 66.95 MB
CDS: off

CodeHeap 'non-profiled nmethods': size=120064Kb used=2000Kb max_used=2000Kb free=118063Kb
 bounds [0x000001b307ac0000, 0x000001b307d30000, 0x000001b30f000000]
CodeHeap 'profiled nmethods': size=120000Kb used=7472Kb max_used=7472Kb free=112527Kb
 bounds [0x000001b300590000, 0x000001b300ce0000, 0x000001b307ac0000]
CodeHeap 'non-nmethods': size=5696Kb used=1582Kb max_used=1591Kb free=4113Kb
 bounds [0x000001b300000000, 0x000001b300270000, 0x000001b300590000]
 total_blobs=4245 nmethods=3619 adapters=537
 compilation: enabled
              stopped_count=0, restarted_count=0
 full_count=0

Compilation events (20 events):
Event: 346.324 Thread 0x000001b37f939000 nmethod 3643 0x000001b300cda790 code [0x000001b300cda960, 0x000001b300cdad38]
Event: 346.324 Thread 0x000001b37f939000 3645       3       jdk.nio.zipfs.ZipFileSystem$ParentLookup::name (43 bytes)
Event: 346.325 Thread 0x000001b37f939000 nmethod 3645 0x000001b300cdaf90 code [0x000001b300cdb160, 0x000001b300cdb398]
Event: 346.325 Thread 0x000001b37f939000 3646       3       jdk.nio.zipfs.ZipFileSystem$ParentLookup::as (8 bytes)
Event: 346.325 Thread 0x000001b37f939000 nmethod 3646 0x000001b300cdb510 code [0x000001b300cdb6c0, 0x000001b300cdb808]
Event: 346.325 Thread 0x000001b37ef94000 3647       4       jdk.nio.zipfs.ZipFileSystem::getParentOff (40 bytes)
Event: 346.329 Thread 0x000001b37ef94000 nmethod 3647 0x000001b307cb2390 code [0x000001b307cb2520, 0x000001b307cb2698]
Event: 346.329 Thread 0x000001b37ef94000 3648       4       jdk.nio.zipfs.ZipFileSystem$ParentLookup::name (43 bytes)
Event: 346.333 Thread 0x000001b37ef94000 nmethod 3648 0x000001b307cb2810 code [0x000001b307cb29a0, 0x000001b307cb2bf8]
Event: 346.333 Thread 0x000001b37ef94000 3649       4       java.util.Arrays::rangeCheck (74 bytes)
Event: 346.334 Thread 0x000001b37ef94000 nmethod 3649 0x000001b307cb2d10 code [0x000001b307cb2ea0, 0x000001b307cb2f38]
Event: 346.337 Thread 0x000001b37ef94000 3650       4       jdk.nio.zipfs.ZipFileSystem$ParentLookup::equals (34 bytes)
Event: 346.342 Thread 0x000001b37ef94000 nmethod 3650 0x000001b307cb3010 code [0x000001b307cb31c0, 0x000001b307cb3498]
Event: 346.342 Thread 0x000001b37ef94000 3651       4       java.util.Arrays::equals (56 bytes)
Event: 346.348 Thread 0x000001b37ef94000 nmethod 3651 0x000001b307cb3790 code [0x000001b307cb3940, 0x000001b307cb3d18]
Event: 346.357 Thread 0x000001b37f939000 3652       3       java.util.zip.Inflater::inflate (9 bytes)
Event: 346.358 Thread 0x000001b37f939000 nmethod 3652 0x000001b300cdb910 code [0x000001b300cdbac0, 0x000001b300cdbc08]
Event: 346.745 Thread 0x000001b37ef94000 3653       4       java.util.AbstractCollection::addAll (42 bytes)
Event: 346.797 Thread 0x000001b37f939000 3654       3       java.util.concurrent.ConcurrentHashMap$KeyIterator::next (34 bytes)
Event: 346.797 Thread 0x000001b37f939000 nmethod 3654 0x000001b300cdbd10 code [0x000001b300cdbee0, 0x000001b300cdc178]

GC Heap History (20 events):
Event: 264.296 GC heap before
{Heap before GC invocations=73 (full 0):
 garbage-first heap   total 69632K, used 58363K [0x0000000080000000, 0x0000000100000000)
  region size 1024K, 5 young (5120K), 1 survivors (1024K)
 Metaspace       used 32068K, capacity 33101K, committed 33328K, reserved 1077248K
  class space    used 4274K, capacity 4650K, committed 4736K, reserved 1048576K
}
Event: 264.301 GC heap after
{Heap after GC invocations=74 (full 0):
 garbage-first heap   total 69632K, used 54453K [0x0000000080000000, 0x0000000100000000)
  region size 1024K, 1 young (1024K), 1 survivors (1024K)
 Metaspace       used 32068K, capacity 33101K, committed 33328K, reserved 1077248K
  class space    used 4274K, capacity 4650K, committed 4736K, reserved 1048576K
}
Event: 265.577 GC heap before
{Heap before GC invocations=74 (full 0):
 garbage-first heap   total 69632K, used 58549K [0x0000000080000000, 0x0000000100000000)
  region size 1024K, 5 young (5120K), 1 survivors (1024K)
 Metaspace       used 32442K, capacity 33457K, committed 33584K, reserved 1079296K
  class space    used 4329K, capacity 4683K, committed 4736K, reserved 1048576K
}
Event: 265.598 GC heap after
{Heap after GC invocations=75 (full 0):
 garbage-first heap   total 69632K, used 54505K [0x0000000080000000, 0x0000000100000000)
  region size 1024K, 1 young (1024K), 1 survivors (1024K)
 Metaspace       used 32442K, capacity 33457K, committed 33584K, reserved 1079296K
  class space    used 4329K, capacity 4683K, committed 4736K, reserved 1048576K
}
Event: 268.919 GC heap before
{Heap before GC invocations=76 (full 0):
 garbage-first heap   total 69632K, used 58601K [0x0000000080000000, 0x0000000100000000)
  region size 1024K, 5 young (5120K), 1 survivors (1024K)
 Metaspace       used 32838K, capacity 33840K, committed 33968K, reserved 1079296K
  class space    used 4396K, capacity 4767K, committed 4864K, reserved 1048576K
}
Event: 268.922 GC heap after
{Heap after GC invocations=77 (full 0):
 garbage-first heap   total 69632K, used 54665K [0x0000000080000000, 0x0000000100000000)
  region size 1024K, 1 young (1024K), 1 survivors (1024K)
 Metaspace       used 32838K, capacity 33840K, committed 33968K, reserved 1079296K
  class space    used 4396K, capacity 4767K, committed 4864K, reserved 1048576K
}
Event: 270.004 GC heap before
{Heap before GC invocations=77 (full 0):
 garbage-first heap   total 69632K, used 57737K [0x0000000080000000, 0x0000000100000000)
  region size 1024K, 5 young (5120K), 1 survivors (1024K)
 Metaspace       used 33222K, capacity 34299K, committed 34480K, reserved 1079296K
  class space    used 4454K, capacity 4835K, committed 4864K, reserved 1048576K
}
Event: 270.008 GC heap after
{Heap after GC invocations=78 (full 0):
 garbage-first heap   total 69632K, used 54782K [0x0000000080000000, 0x0000000100000000)
  region size 1024K, 1 young (1024K), 1 survivors (1024K)
 Metaspace       used 33222K, capacity 34299K, committed 34480K, reserved 1079296K
  class space    used 4454K, capacity 4835K, committed 4864K, reserved 1048576K
}
Event: 273.310 GC heap before
{Heap before GC invocations=79 (full 0):
 garbage-first heap   total 69632K, used 58878K [0x0000000080000000, 0x0000000100000000)
  region size 1024K, 5 young (5120K), 1 survivors (1024K)
 Metaspace       used 34000K, capacity 34970K, committed 35120K, reserved 1079296K
  class space    used 4539K, capacity 4909K, committed 4992K, reserved 1048576K
}
Event: 273.314 GC heap after
{Heap after GC invocations=80 (full 0):
 garbage-first heap   total 69632K, used 54809K [0x0000000080000000, 0x0000000100000000)
  region size 1024K, 1 young (1024K), 1 survivors (1024K)
 Metaspace       used 34000K, capacity 34970K, committed 35120K, reserved 1079296K
  class space    used 4539K, capacity 4909K, committed 4992K, reserved 1048576K
}
Event: 308.005 GC heap before
{Heap before GC invocations=80 (full 0):
 garbage-first heap   total 69632K, used 57881K [0x0000000080000000, 0x0000000100000000)
  region size 1024K, 5 young (5120K), 1 survivors (1024K)
 Metaspace       used 34285K, capacity 35283K, committed 35376K, reserved 1079296K
  class space    used 4578K, capacity 4949K, committed 4992K, reserved 1048576K
}
Event: 309.740 GC heap after
{Heap after GC invocations=81 (full 0):
 garbage-first heap   total 69632K, used 54876K [0x0000000080000000, 0x0000000100000000)
  region size 1024K, 1 young (1024K), 1 survivors (1024K)
 Metaspace       used 34285K, capacity 35283K, committed 35376K, reserved 1079296K
  class space    used 4578K, capacity 4949K, committed 4992K, reserved 1048576K
}
Event: 322.201 GC heap before
{Heap before GC invocations=82 (full 0):
 garbage-first heap   total 69632K, used 58972K [0x0000000080000000, 0x0000000100000000)
  region size 1024K, 5 young (5120K), 1 survivors (1024K)
 Metaspace       used 34962K, capacity 35981K, committed 36272K, reserved 1081344K
  class space    used 4673K, capacity 5052K, committed 5120K, reserved 1048576K
}
Event: 322.212 GC heap after
{Heap after GC invocations=83 (full 0):
 garbage-first heap   total 69632K, used 55295K [0x0000000080000000, 0x0000000100000000)
  region size 1024K, 1 young (1024K), 1 survivors (1024K)
 Metaspace       used 34962K, capacity 35981K, committed 36272K, reserved 1081344K
  class space    used 4673K, capacity 5052K, committed 5120K, reserved 1048576K
}
Event: 325.488 GC heap before
{Heap before GC invocations=83 (full 0):
 garbage-first heap   total 69632K, used 59391K [0x0000000080000000, 0x0000000100000000)
  region size 1024K, 5 young (5120K), 1 survivors (1024K)
 Metaspace       used 35645K, capacity 36728K, committed 36912K, reserved 1081344K
  class space    used 4750K, capacity 5153K, committed 5248K, reserved 1048576K
}
Event: 325.506 GC heap after
{Heap after GC invocations=84 (full 0):
 garbage-first heap   total 69632K, used 55877K [0x0000000080000000, 0x0000000100000000)
  region size 1024K, 1 young (1024K), 1 survivors (1024K)
 Metaspace       used 35645K, capacity 36728K, committed 36912K, reserved 1081344K
  class space    used 4750K, capacity 5153K, committed 5248K, reserved 1048576K
}
Event: 329.017 GC heap before
{Heap before GC invocations=85 (full 0):
 garbage-first heap   total 69632K, used 59973K [0x0000000080000000, 0x0000000100000000)
  region size 1024K, 5 young (5120K), 1 survivors (1024K)
 Metaspace       used 36934K, capacity 37953K, committed 38192K, reserved 1083392K
  class space    used 4826K, capacity 5220K, committed 5248K, reserved 1048576K
}
Event: 329.048 GC heap after
{Heap after GC invocations=86 (full 0):
 garbage-first heap   total 83968K, used 56397K [0x0000000080000000, 0x0000000100000000)
  region size 1024K, 1 young (1024K), 1 survivors (1024K)
 Metaspace       used 36934K, capacity 37953K, committed 38192K, reserved 1083392K
  class space    used 4826K, capacity 5220K, committed 5248K, reserved 1048576K
}
Event: 340.139 GC heap before
{Heap before GC invocations=86 (full 0):
 garbage-first heap   total 83968K, used 64589K [0x0000000080000000, 0x0000000100000000)
  region size 1024K, 9 young (9216K), 1 survivors (1024K)
 Metaspace       used 39588K, capacity 40673K, committed 40880K, reserved 1085440K
  class space    used 5147K, capacity 5576K, committed 5632K, reserved 1048576K
}
Event: 340.152 GC heap after
{Heap after GC invocations=87 (full 0):
 garbage-first heap   total 83968K, used 57468K [0x0000000080000000, 0x0000000100000000)
  region size 1024K, 2 young (2048K), 2 survivors (2048K)
 Metaspace       used 39588K, capacity 40673K, committed 40880K, reserved 1085440K
  class space    used 5147K, capacity 5576K, committed 5632K, reserved 1048576K
}

Deoptimization events (20 events):
Event: 337.000 Thread 0x000001b30ff55800 DEOPT PACKING pc=0x000001b307c9dc24 sp=0x0000006ec3ef7710
Event: 337.000 Thread 0x000001b30ff55800 DEOPT UNPACKING pc=0x000001b30004a1af sp=0x0000006ec3ef7728 mode 2
Event: 343.444 Thread 0x000001b30ff55800 Uncommon trap: trap_request=0xffffff4d fr.pc=0x000001b307b4c400 relative=0x00000000000015e0
Event: 343.444 Thread 0x000001b30ff55800 Uncommon trap: reason=unstable_if action=reinterpret pc=0x000001b307b4c400 method=sun.nio.fs.WindowsPathParser.isSlash(C)Z @ 9 c2
Event: 343.444 Thread 0x000001b30ff55800 DEOPT PACKING pc=0x000001b307b4c400 sp=0x0000006ec3ef7470
Event: 343.444 Thread 0x000001b30ff55800 DEOPT UNPACKING pc=0x000001b30004a1af sp=0x0000006ec3ef7400 mode 2
Event: 343.444 Thread 0x000001b30ff55800 Uncommon trap: trap_request=0xffffff4d fr.pc=0x000001b307ad915c relative=0x000000000000003c
Event: 343.444 Thread 0x000001b30ff55800 Uncommon trap: reason=unstable_if action=reinterpret pc=0x000001b307ad915c method=sun.nio.fs.WindowsPathParser.isSlash(C)Z @ 9 c2
Event: 343.444 Thread 0x000001b30ff55800 DEOPT PACKING pc=0x000001b307ad915c sp=0x0000006ec3ef7470
Event: 343.444 Thread 0x000001b30ff55800 DEOPT UNPACKING pc=0x000001b30004a1af sp=0x0000006ec3ef73f8 mode 2
Event: 345.030 Thread 0x000001b37fb66000 Uncommon trap: trap_request=0xffffffbe fr.pc=0x000001b307c9dc24 relative=0x0000000000003a84
Event: 345.030 Thread 0x000001b37fb66000 Uncommon trap: reason=profile_predicate action=maybe_recompile pc=0x000001b307c9dc24 method=java.util.AbstractCollection.addAll(Ljava/util/Collection;)Z @ 15 c2
Event: 345.030 Thread 0x000001b37fb66000 DEOPT PACKING pc=0x000001b307c9dc24 sp=0x0000006ec3cfe880
Event: 345.030 Thread 0x000001b37fb66000 DEOPT UNPACKING pc=0x000001b30004a1af sp=0x0000006ec3cfe898 mode 2
Event: 345.051 Thread 0x000001b30ff55800 Uncommon trap: trap_request=0xffffffc6 fr.pc=0x000001b307c0d020 relative=0x0000000000005080
Event: 345.052 Thread 0x000001b30ff55800 Uncommon trap: reason=bimorphic_or_optimized_type_check action=maybe_recompile pc=0x000001b307c0d020 method=java.net.URL.<init>(Ljava/net/URL;Ljava/lang/String;Ljava/net/URLStreamHandler;)V @ 504 c2
Event: 345.052 Thread 0x000001b30ff55800 DEOPT PACKING pc=0x000001b307c0d020 sp=0x0000006ec3ef55c0
Event: 345.052 Thread 0x000001b30ff55800 DEOPT UNPACKING pc=0x000001b30004a1af sp=0x0000006ec3ef5560 mode 2
Event: 346.296 Thread 0x000001b30ff55800 DEOPT PACKING pc=0x000001b300cd439a sp=0x0000006ec3ef7480
Event: 346.296 Thread 0x000001b30ff55800 DEOPT UNPACKING pc=0x000001b30004a95e sp=0x0000006ec3ef6938 mode 0

Classes redefined (0 events):
No events

Internal exceptions (20 events):
Event: 259.622 Thread 0x000001b30ff55800 Exception <a 'java/lang/NoSuchMethodError'{0x00000000841d40b8}: 'java.lang.Object java.lang.invoke.DirectMethodHandle$Holder.invokeSpecial(java.lang.Object, java.lang.Object, java.lang.Object, java.lang.Object, java.lang.Object, java.lang.Object, java.lang.Object, java.lang.Object, java.lang.Object, java.lang.Object, java.lang.Object, java.lang.Object, java.lang.Object, java.lang.Object)'> (0x00000000841d40b8) thrown at [src/hotspot/share/interpreter/linkResolver.cpp, line 773]
Event: 259.624 Thread 0x000001b30ff55800 Exception <a 'java/lang/NoSuchMethodError'{0x00000000841e5ba8}: 'java.lang.Object java.lang.invoke.Invokers$Holder.linkToTargetMethod(java.lang.Object, java.lang.Object, java.lang.Object, java.lang.Object, java.lang.Object, java.lang.Object, java.lang.Object, java.lang.Object, java.lang.Object, java.lang.Object, java.lang.Object, java.lang.Object)'> (0x00000000841e5ba8) thrown at [src/hotspot/share/interpreter/linkResolver.cpp, line 773]
Event: 260.321 Thread 0x000001b30ff55800 Exception <a 'java/lang/NoSuchMethodError'{0x00000000840e0c48}: 'java.lang.Object java.lang.invoke.DirectMethodHandle$Holder.invokeStaticInit(java.lang.Object, java.lang.Object, java.lang.Object, java.lang.Object)'> (0x00000000840e0c48) thrown at [src/hotspot/share/interpreter/linkResolver.cpp, line 773]
Event: 268.065 Thread 0x000001b30ff55800 Exception <a 'java/lang/NoSuchMethodError'{0x00000000841f78c8}: 'java.lang.Object java.lang.invoke.Invokers$Holder.linkToTargetMethod(java.lang.Object, java.lang.Object, java.lang.Object, java.lang.Object, java.lang.Object, java.lang.Object, java.lang.Object, java.lang.Object)'> (0x00000000841f78c8) thrown at [src/hotspot/share/interpreter/linkResolver.cpp, line 773]
Event: 268.080 Thread 0x000001b30ff55800 Exception <a 'java/lang/IncompatibleClassChangeError'{0x0000000084079180}: Found class java.lang.Object, but interface was expected> (0x0000000084079180) thrown at [src/hotspot/share/interpreter/linkResolver.cpp, line 839]
Event: 284.986 Thread 0x000001b30ff55800 Exception <a 'java/lang/NoSuchMethodError'{0x0000000084275ef0}: 'int java.lang.invoke.DirectMethodHandle$Holder.invokeStatic(java.lang.Object, java.lang.Object, java.lang.Object, java.lang.Object, java.lang.Object)'> (0x0000000084275ef0) thrown at [src/hotspot/share/interpreter/linkResolver.cpp, line 773]
Event: 323.558 Thread 0x000001b30ff55800 Exception <a 'java/lang/NoSuchMethodError'{0x000000008417e0a8}: 'void java.lang.invoke.DirectMethodHandle$Holder.invokeStaticInit(java.lang.Object, java.lang.Object, java.lang.Object)'> (0x000000008417e0a8) thrown at [src/hotspot/share/interpreter/linkResolver.cpp, line 773]
Event: 323.560 Thread 0x000001b30ff55800 Exception <a 'java/lang/NoSuchMethodError'{0x00000000841857b8}: 'void java.lang.invoke.DirectMethodHandle$Holder.invokeStaticInit(java.lang.Object, java.lang.Object, java.lang.Object, java.lang.Object)'> (0x00000000841857b8) thrown at [src/hotspot/share/interpreter/linkResolver.cpp, line 773]
Event: 323.566 Thread 0x000001b30ff55800 Exception <a 'java/lang/NoSuchMethodError'{0x00000000841a8628}: 'void java.lang.invoke.DirectMethodHandle$Holder.invokeStaticInit(java.lang.Object, java.lang.Object, java.lang.Object, java.lang.Object, java.lang.Object)'> (0x00000000841a8628) thrown at [src/hotspot/share/interpreter/linkResolver.cpp, line 773]
Event: 324.974 Thread 0x000001b30ff55800 Exception <a 'java/lang/NoSuchMethodError'{0x0000000084024fc8}: 'int java.lang.invoke.DirectMethodHandle$Holder.invokeStaticInit(java.lang.Object, java.lang.Object, java.lang.Object, java.lang.Object)'> (0x0000000084024fc8) thrown at [src/hotspot/share/interpreter/linkResolver.cpp, line 773]
Event: 335.957 Thread 0x000001b30ff55800 Exception <a 'java/lang/NoSuchMethodError'{0x0000000084dd1308}: 'java.lang.Object java.lang.invoke.DirectMethodHandle$Holder.invokeStatic(java.lang.Object, java.lang.Object, java.lang.Object, java.lang.Object, java.lang.Object, java.lang.Object, java.lang.Object, java.lang.Object, java.lang.Object, java.lang.Object, java.lang.Object, int)'> (0x0000000084dd1308) thrown at [src/hotspot/share/interpreter/linkResolver.cpp, line 773]
Event: 335.963 Thread 0x000001b30ff55800 Exception <a 'java/lang/NoSuchMethodError'{0x0000000084df01d8}: 'java.lang.Object java.lang.invoke.DirectMethodHandle$Holder.invokeStatic(java.lang.Object, java.lang.Object, java.lang.Object, java.lang.Object, java.lang.Object, java.lang.Object, java.lang.Object, java.lang.Object, java.lang.Object, java.lang.Object, java.lang.Object, int, int)'> (0x0000000084df01d8) thrown at [src/hotspot/share/interpreter/linkResolver.cpp, line 773]
Event: 335.966 Thread 0x000001b30ff55800 Exception <a 'java/lang/NoSuchMethodError'{0x0000000084c10668}: 'java.lang.Object java.lang.invoke.DirectMethodHandle$Holder.invokeStatic(java.lang.Object, java.lang.Object, java.lang.Object, java.lang.Object, java.lang.Object, java.lang.Object, java.lang.Object, java.lang.Object, java.lang.Object, java.lang.Object, java.lang.Object, int, int, java.lang.Object)'> (0x0000000084c10668) thrown at [src/hotspot/share/interpreter/linkResolver.cpp, line 773]
Event: 335.970 Thread 0x000001b30ff55800 Exception <a 'java/lang/NoSuchMethodError'{0x0000000084c31f20}: 'java.lang.Object java.lang.invoke.DirectMethodHandle$Holder.invokeStatic(java.lang.Object, java.lang.Object, java.lang.Object, java.lang.Object, java.lang.Object, java.lang.Object, java.lang.Object, java.lang.Object, java.lang.Object, java.lang.Object, java.lang.Object, int, int, java.lang.Object, java.lang.Object)'> (0x0000000084c31f20) thrown at [src/hotspot/share/interpreter/linkResolver.cpp, line 773]
Event: 335.988 Thread 0x000001b30ff55800 Exception <a 'java/lang/ClassNotFoundException'{0x0000000084c62a90}: groovy/lang/ExpandoMetaClassBeanInfo> (0x0000000084c62a90) thrown at [src/hotspot/share/classfile/systemDictionary.cpp, line 230]
Event: 335.997 Thread 0x000001b30ff55800 Exception <a 'java/lang/ClassNotFoundException'{0x0000000084c84268}: groovy/lang/MetaClassImplBeanInfo> (0x0000000084c84268) thrown at [src/hotspot/share/classfile/systemDictionary.cpp, line 230]
Event: 336.003 Thread 0x000001b30ff55800 Exception <a 'java/lang/ClassNotFoundException'{0x0000000084c8da10}: java/lang/ObjectBeanInfo> (0x0000000084c8da10) thrown at [src/hotspot/share/classfile/systemDictionary.cpp, line 230]
Event: 336.008 Thread 0x000001b30ff55800 Exception <a 'java/lang/ClassNotFoundException'{0x0000000084c998a8}: java/lang/ObjectCustomizer> (0x0000000084c998a8) thrown at [src/hotspot/share/classfile/systemDictionary.cpp, line 230]
Event: 336.854 Thread 0x000001b30ff55800 Exception <a 'java/lang/ClassNotFoundException'{0x0000000084cd1190}: groovy/lang/MetaClassImplCustomizer> (0x0000000084cd1190) thrown at [src/hotspot/share/classfile/systemDictionary.cpp, line 230]
Event: 336.986 Thread 0x000001b30ff55800 Exception <a 'java/lang/ClassNotFoundException'{0x0000000084b11e60}: groovy/lang/ExpandoMetaClassCustomizer> (0x0000000084b11e60) thrown at [src/hotspot/share/classfile/systemDictionary.cpp, line 230]

Events (20 events):
Event: 346.362 loading class java/util/regex/PatternSyntaxException done
Event: 346.362 loading class java/time/DateTimeException
Event: 346.362 loading class java/time/DateTimeException done
Event: 346.363 loading class java/time/temporal/ChronoField
Event: 346.364 loading class java/time/temporal/ChronoField done
Event: 346.641 loading class java/time/ZoneRegion
Event: 346.641 loading class java/time/ZoneRegion done
Event: 346.641 loading class java/time/zone/ZoneRulesProvider
Event: 346.642 loading class java/time/zone/ZoneRulesProvider done
Event: 346.642 loading class java/time/zone/ZoneRulesProvider$1
Event: 346.643 loading class java/time/zone/ZoneRulesProvider$1 done
Event: 346.643 loading class java/time/zone/TzdbZoneRulesProvider
Event: 346.644 loading class java/time/zone/TzdbZoneRulesProvider done
Event: 346.802 loading class java/time/zone/Ser
Event: 346.815 loading class java/time/zone/Ser done
Event: 346.815 loading class java/time/zone/ZoneOffsetTransitionRule
Event: 346.816 loading class java/time/zone/ZoneOffsetTransitionRule done
Event: 346.822 loading class java/time/zone/ZoneOffsetTransition
Event: 346.823 loading class java/time/zone/ZoneOffsetTransition done
Event: 346.841 loading class java/time/chrono/IsoChronology


Dynamic libraries:
0x00007ff72e500000 - 0x00007ff72e50a000 	C:\Program Files\Android\Android Studio\jbr\bin\java.exe
0x00007ffb574d0000 - 0x00007ffb576e4000 	C:\WINDOWS\SYSTEM32\ntdll.dll
0x00007ffb55740000 - 0x00007ffb55802000 	C:\WINDOWS\System32\KERNEL32.DLL
0x00007ffb548d0000 - 0x00007ffb54c73000 	C:\WINDOWS\System32\KERNELBASE.dll
0x00007ffb54cf0000 - 0x00007ffb54e01000 	C:\WINDOWS\System32\ucrtbase.dll
0x00007ffb16430000 - 0x00007ffb16447000 	C:\Program Files\Android\Android Studio\jbr\bin\jli.dll
0x00007ffb570c0000 - 0x00007ffb5726b000 	C:\WINDOWS\System32\USER32.dll
0x00007ffb54f30000 - 0x00007ffb54f56000 	C:\WINDOWS\System32\win32u.dll
0x00007ffb56500000 - 0x00007ffb56529000 	C:\WINDOWS\System32\GDI32.dll
0x00007ffb54e10000 - 0x00007ffb54f29000 	C:\WINDOWS\System32\gdi32full.dll
0x00007ffb55190000 - 0x00007ffb5522a000 	C:\WINDOWS\System32\msvcp_win.dll
0x00007ffb131d0000 - 0x00007ffb131eb000 	C:\Program Files\Android\Android Studio\jbr\bin\VCRUNTIME140.dll
0x00007ffb40730000 - 0x00007ffb409be000 	C:\WINDOWS\WinSxS\amd64_microsoft.windows.common-controls_6595b64144ccf1df_6.0.22621.1635_none_270f70857386168e\COMCTL32.dll
0x00007ffb55aa0000 - 0x00007ffb55b47000 	C:\WINDOWS\System32\msvcrt.dll
0x00007ffb57070000 - 0x00007ffb570a1000 	C:\WINDOWS\System32\IMM32.DLL
0x00007ffb40310000 - 0x00007ffb4031c000 	C:\Program Files\Android\Android Studio\jbr\bin\vcruntime140_1.dll
0x00007ffb08930000 - 0x00007ffb089bd000 	C:\Program Files\Android\Android Studio\jbr\bin\msvcp140.dll
0x00007ffb01ed0000 - 0x00007ffb02a8c000 	C:\Program Files\Android\Android Studio\jbr\bin\server\jvm.dll
0x00007ffb559f0000 - 0x00007ffb55a9e000 	C:\WINDOWS\System32\ADVAPI32.dll
0x00007ffb55930000 - 0x00007ffb559d4000 	C:\WINDOWS\System32\sechost.dll
0x00007ffb56d20000 - 0x00007ffb56e37000 	C:\WINDOWS\System32\RPCRT4.dll
0x00007ffb55b50000 - 0x00007ffb55b58000 	C:\WINDOWS\System32\PSAPI.DLL
0x00007ffb33d50000 - 0x00007ffb33d59000 	C:\WINDOWS\SYSTEM32\WSOCK32.dll
0x00007ffb57270000 - 0x00007ffb572e1000 	C:\WINDOWS\System32\WS2_32.dll
0x00007ffb4cc00000 - 0x00007ffb4cc34000 	C:\WINDOWS\SYSTEM32\WINMM.dll
0x00007ffb52690000 - 0x00007ffb5269a000 	C:\WINDOWS\SYSTEM32\VERSION.dll
0x00007ffb53920000 - 0x00007ffb53938000 	C:\WINDOWS\SYSTEM32\kernel.appcore.dll
0x00007ffb3fae0000 - 0x00007ffb3faf0000 	C:\Program Files\Android\Android Studio\jbr\bin\verify.dll
0x00007ffb3da30000 - 0x00007ffb3dc5e000 	C:\WINDOWS\SYSTEM32\DBGHELP.DLL
0x00007ffb552b0000 - 0x00007ffb55639000 	C:\WINDOWS\System32\combase.dll
0x00007ffb55b60000 - 0x00007ffb55c37000 	C:\WINDOWS\System32\OLEAUT32.dll
0x00007ffb36f60000 - 0x00007ffb36f92000 	C:\WINDOWS\SYSTEM32\dbgcore.DLL
0x00007ffb55230000 - 0x00007ffb552ab000 	C:\WINDOWS\System32\bcryptPrimitives.dll
0x00007ffb3f7d0000 - 0x00007ffb3f7f8000 	C:\Program Files\Android\Android Studio\jbr\bin\java.dll
0x00007ffb3fad0000 - 0x00007ffb3fada000 	C:\Program Files\Android\Android Studio\jbr\bin\jimage.dll
0x00007ffb3f7b0000 - 0x00007ffb3f7c8000 	C:\Program Files\Android\Android Studio\jbr\bin\zip.dll
0x00007ffb55d00000 - 0x00007ffb564fa000 	C:\WINDOWS\System32\SHELL32.dll
0x00007ffb528d0000 - 0x00007ffb5319e000 	C:\WINDOWS\SYSTEM32\windows.storage.dll
0x00007ffb52790000 - 0x00007ffb528ce000 	C:\WINDOWS\SYSTEM32\wintypes.dll
0x00007ffb55640000 - 0x00007ffb55731000 	C:\WINDOWS\System32\SHCORE.dll
0x00007ffb55ca0000 - 0x00007ffb55cfe000 	C:\WINDOWS\System32\shlwapi.dll
0x00007ffb54800000 - 0x00007ffb54821000 	C:\WINDOWS\SYSTEM32\profapi.dll
0x00007ffb3f790000 - 0x00007ffb3f7a9000 	C:\Program Files\Android\Android Studio\jbr\bin\net.dll
0x00007ffb4a3e0000 - 0x00007ffb4a517000 	C:\WINDOWS\SYSTEM32\WINHTTP.dll
0x00007ffb53d90000 - 0x00007ffb53df9000 	C:\WINDOWS\system32\mswsock.dll
0x00007ffb3f770000 - 0x00007ffb3f783000 	C:\Program Files\Android\Android Studio\jbr\bin\nio.dll
0x00007ffb40390000 - 0x00007ffb403b7000 	C:\Users\HP-CSD\.gradle\native\68d5fa5c4cc2d200863cafc0d521ce42e7d3e7ee720ec0a83991735586a16f82\windows-amd64\native-platform.dll
0x00007ffab9d30000 - 0x00007ffab9e74000 	C:\Users\HP-CSD\.gradle\native\e376f236ea51e6404a007f0833ffe2c6e607c4080706a723a18a27aeea778392\windows-amd64\native-platform-file-events.dll
0x00007ffb3f740000 - 0x00007ffb3f74a000 	C:\Program Files\Android\Android Studio\jbr\bin\management.dll
0x00007ffb20ee0000 - 0x00007ffb20eeb000 	C:\Program Files\Android\Android Studio\jbr\bin\management_ext.dll
0x00007ffb53ff0000 - 0x00007ffb5400b000 	C:\WINDOWS\SYSTEM32\CRYPTSP.dll
0x00007ffb53890000 - 0x00007ffb538c5000 	C:\WINDOWS\system32\rsaenh.dll
0x00007ffb53e90000 - 0x00007ffb53eb8000 	C:\WINDOWS\SYSTEM32\USERENV.dll
0x00007ffb541b0000 - 0x00007ffb541d8000 	C:\WINDOWS\SYSTEM32\bcrypt.dll
0x00007ffb54010000 - 0x00007ffb5401c000 	C:\WINDOWS\SYSTEM32\CRYPTBASE.dll
0x00007ffb53440000 - 0x00007ffb5346d000 	C:\WINDOWS\SYSTEM32\IPHLPAPI.DLL
0x00007ffb566f0000 - 0x00007ffb566f9000 	C:\WINDOWS\System32\NSI.dll
0x00007ffb4a600000 - 0x00007ffb4a619000 	C:\WINDOWS\SYSTEM32\dhcpcsvc6.DLL
0x00007ffb4a2c0000 - 0x00007ffb4a2df000 	C:\WINDOWS\SYSTEM32\dhcpcsvc.DLL
0x00007ffb53470000 - 0x00007ffb53563000 	C:\WINDOWS\SYSTEM32\DNSAPI.dll

dbghelp: loaded successfully - version: 4.0.5 - missing functions: none
symbol engine: initialized successfully - sym options: 0x614 - pdb path: .;C:\Program Files\Android\Android Studio\jbr\bin;C:\WINDOWS\SYSTEM32;C:\WINDOWS\WinSxS\amd64_microsoft.windows.common-controls_6595b64144ccf1df_6.0.22621.1635_none_270f70857386168e;C:\Program Files\Android\Android Studio\jbr\bin\server;C:\Users\HP-CSD\.gradle\native\68d5fa5c4cc2d200863cafc0d521ce42e7d3e7ee720ec0a83991735586a16f82\windows-amd64;C:\Users\HP-CSD\.gradle\native\e376f236ea51e6404a007f0833ffe2c6e607c4080706a723a18a27aeea778392\windows-amd64

VM Arguments:
jvm_args: --add-opens=java.base/java.util=ALL-UNNAMED --add-opens=java.base/java.lang=ALL-UNNAMED --add-opens=java.base/java.lang.invoke=ALL-UNNAMED --add-opens=java.prefs/java.util.prefs=ALL-UNNAMED --add-opens=java.base/java.nio.charset=ALL-UNNAMED --add-opens=java.base/java.net=ALL-UNNAMED --add-opens=java.base/java.util.concurrent.atomic=ALL-UNNAMED -Xmx2048m -Dfile.encoding=UTF-8 -Duser.country=PE -Duser.language=es -Duser.variant 
java_command: org.gradle.launcher.daemon.bootstrap.GradleDaemon 8.0
java_class_path (initial): C:\Users\HP-CSD\.gradle\wrapper\dists\gradle-8.0-bin\ca5e32bp14vu59qr306oxotwh\gradle-8.0\lib\gradle-launcher-8.0.jar
Launcher Type: SUN_STANDARD

[Global flags]
     intx CICompilerCount                          = 2                                         {product} {ergonomic}
     uint ConcGCThreads                            = 1                                         {product} {ergonomic}
     uint G1ConcRefinementThreads                  = 2                                         {product} {ergonomic}
   size_t G1HeapRegionSize                         = 1048576                                   {product} {ergonomic}
    uintx GCDrainStackTargetSize                   = 64                                        {product} {ergonomic}
   size_t InitialHeapSize                          = 58720256                                  {product} {ergonomic}
   size_t MarkStackSize                            = 4194304                                   {product} {ergonomic}
   size_t MaxHeapSize                              = 2147483648                                {product} {command line}
   size_t MaxNewSize                               = 1287651328                                {product} {ergonomic}
   size_t MinHeapDeltaBytes                        = 1048576                                   {product} {ergonomic}
    uintx NonNMethodCodeHeapSize                   = 5825164                                {pd product} {ergonomic}
    uintx NonProfiledCodeHeapSize                  = 122916538                              {pd product} {ergonomic}
    uintx ProfiledCodeHeapSize                     = 122916538                              {pd product} {ergonomic}
    uintx ReservedCodeCacheSize                    = 251658240                              {pd product} {ergonomic}
     bool SegmentedCodeCache                       = true                                      {product} {ergonomic}
     bool UseCompressedClassPointers               = true                                 {lp64_product} {ergonomic}
     bool UseCompressedOops                        = true                                 {lp64_product} {ergonomic}
     bool UseG1GC                                  = true                                      {product} {ergonomic}
     bool UseLargePagesIndividualAllocation        = false                                  {pd product} {ergonomic}

Logging:
Log output configuration:
 #0: stdout all=warning uptime,level,tags
 #1: stderr all=off uptime,level,tags

Environment Variables:
JAVA_HOME=C:\Program Files\Java\jdk-17
PATH=C:\app\HP-CSD\product\21c\dbhomeXE\bin;C:\Program Files\Common Files\Oracle\Java\javapath;C:\oraclexe\app\oracle\product\11.2.0\server\bin;C:\WINDOWS\system32;C:\WINDOWS;C:\WINDOWS\System32\Wbem;C:\WINDOWS\System32\WindowsPowerShell\v1.0\;C:\WINDOWS\System32\OpenSSH\;C:\Program Files\Git\cmd;C:\Program Files\nodejs\;C:\xampp\php;C:\ProgramData\ComposerSetup\bin;C:\Program Files\Java\jdk-17\bin;C:\Program Files\Apache Software Foundation\Tomcat 9.0\bin;C:\Users\HP-CSD\AppData\Local\Programs\Python\Python310\Scripts\;C:\Users\HP-CSD\AppData\Local\Programs\Python\Python310\;C:\Users\HP-CSD\AppData\Local\Microsoft\WindowsApps;C:\Program Files\MongoDB\Server\6.0\bin;C:\Program Files\MongoDB\Server\5.0\bin;D:\VISUAL\Microsoft VS Code\bin;C:\Users\HP-CSD\AppData\Roaming\npm;C:\Users\HP-CSD\AppData\Roaming\Composer\vendor\bin;
USERNAME=HP-CSD
OS=Windows_NT
PROCESSOR_IDENTIFIER=AMD64 Family 23 Model 24 Stepping 1, AuthenticAMD



---------------  S Y S T E M  ---------------

OS: Windows 11 , 64 bit Build 22621 (10.0.22621.1778)
OS uptime: 0 days 0:39 hours

CPU:total 2 (initial active 2) (2 cores per cpu, 1 threads per core) family 23 model 24 stepping 1 microcode 0x0, cmov, cx8, fxsr, mmx, sse, sse2, sse3, ssse3, sse4.1, sse4.2, popcnt, avx, avx2, aes, clmul, mmxext, 3dnowpref, lzcnt, sse4a, tsc, tscinvbit, tscinv, bmi1, bmi2, adx, sha, fma

Memory: 4k page, system-wide physical 3500M (19M free)
TotalPageFile size 14252M (AvailPageFile size 5M)
current process WorkingSet (physical memory assigned to process): 98M, peak: 108M
current process commit charge ("private bytes"): 229M, peak: 230M

vm_info: OpenJDK 64-Bit Server VM (11.0.15+0-b2043.56-9505619) for windows-amd64 JRE (11.0.15+0-b2043.56-9505619), built on Jan 19 2023 02:48:00 by "builduser" with unknown MS VC++:1929

END.
