#
# There is insufficient memory for the Java Runtime Environment to continue.
# Native memory allocation (mmap) failed to map 25165824 bytes for Failed to commit area from 0x0000000087700000 to 0x0000000088f00000 of length 25165824.
# Possible reasons:
#   The system is out of physical RAM or swap space
#   The process is running with CompressedOops enabled, and the Java Heap may be blocking the growth of the native heap
# Possible solutions:
#   Reduce memory load on the system
#   Increase physical memory or swap space
#   Check if swap backing store is full
#   Decrease Java heap size (-Xmx/-Xms)
#   Decrease number of Java threads
#   Decrease Java thread stack sizes (-Xss)
#   Set larger code cache with -XX:ReservedCodeCacheSize=
#   JVM is running with Unscaled Compressed Oops mode in which the Java heap is
#     placed in the first 4GB address space. The Java Heap base address is the
#     maximum limit for the native heap growth. Please use -XX:HeapBaseMinAddress
#     to set the Java Heap base and to place the Java Heap above 4GB virtual address.
# This output file may be truncated or incomplete.
#
#  Out of Memory Error (src/hotspot/os/windows/os_windows.cpp:3627), pid=7344, tid=8208
#
# JRE version: OpenJDK Runtime Environment (11.0.15) (build 11.0.15+0-b2043.56-9505619)
# Java VM: OpenJDK 64-Bit Server VM (11.0.15+0-b2043.56-9505619, mixed mode, tiered, compressed oops, g1 gc, windows-amd64)
# No core dump will be written. Minidumps are not enabled by default on client versions of Windows
#

---------------  S U M M A R Y ------------

Command Line: --add-opens=java.base/java.util=ALL-UNNAMED --add-opens=java.base/java.lang=ALL-UNNAMED --add-opens=java.base/java.lang.invoke=ALL-UNNAMED --add-opens=java.prefs/java.util.prefs=ALL-UNNAMED --add-opens=java.base/java.nio.charset=ALL-UNNAMED --add-opens=java.base/java.net=ALL-UNNAMED --add-opens=java.base/java.util.concurrent.atomic=ALL-UNNAMED -Xmx2048m -Dfile.encoding=UTF-8 -Duser.country=PE -Duser.language=es -Duser.variant org.gradle.launcher.daemon.bootstrap.GradleDaemon 8.0

Host: AMD Athlon Silver 3050U with Radeon Graphics   , 2 cores, 3G,  Windows 11 , 64 bit Build 22621 (10.0.22621.1778)
Time: Wed Jun 28 02:47:29 2023 Hora est. Pacífico, Sudamérica elapsed time: 50.645433 seconds (0d 0h 0m 50s)

---------------  T H R E A D  ---------------

Current thread (0x000001e8b54be000):  VMThread "VM Thread" [stack: 0x0000001c61000000,0x0000001c61100000] [id=8208]

Stack: [0x0000001c61000000,0x0000001c61100000]
[error occurred during error reporting (printing stack bounds), id 0xc0000005, EXCEPTION_ACCESS_VIOLATION (0xc0000005) at pc=0x000001e89f75112d]

Native frames: (J=compiled Java code, j=interpreted, Vv=VM code, C=native code)
V  [jvm.dll+0x64135a]
V  [jvm.dll+0x7d39f9]
V  [jvm.dll+0x7d51b9]
V  [jvm.dll+0x7d5805]
V  [jvm.dll+0x7d57bb]
V  [jvm.dll+0x640655]
V  [jvm.dll+0x640d68]
C  [ntdll.dll+0xa3cff]
C  [ntdll.dll+0x1e456]
C  [ntdll.dll+0xa2cee]
C  0x000001e89f75112d

VM_Operation (0x0000001c622ef240): G1CollectForAllocation, mode: safepoint, requested by thread 0x000001e8b8392000


---------------  P R O C E S S  ---------------

Threads class SMR info:
_java_thread_list=0x000001e8ba8e1a00, length=57, elements={
0x000001e89bc2d000, 0x000001e8b54c3000, 0x000001e8b54c5000, 0x000001e8b551d800,
0x000001e8b5521000, 0x000001e8b5522000, 0x000001e8b5524800, 0x000001e8b554b800,
0x000001e8b5d85000, 0x000001e8b5e8a800, 0x000001e8b7828800, 0x000001e8b82ff800,
0x000001e8b704a800, 0x000001e8b77fd000, 0x000001e8b71cf000, 0x000001e8b71d0000,
0x000001e8b8392000, 0x000001e8b8393000, 0x000001e8b7315800, 0x000001e8b7316000,
0x000001e8b7db2000, 0x000001e8b7db0800, 0x000001e8b7db1000, 0x000001e8b7dac800,
0x000001e8b7dae000, 0x000001e8b7db3000, 0x000001e8b7dad000, 0x000001e8b7dae800,
0x000001e8b7daf800, 0x000001e8b72a0800, 0x000001e8b729d800, 0x000001e8b72a4000,
0x000001e8b729e000, 0x000001e8b72a1800, 0x000001e8b72a4800, 0x000001e8b729f000,
0x000001e8b72a2000, 0x000001e8b729f800, 0x000001e8b72ab000, 0x000001e8b72aa800,
0x000001e8b72a5800, 0x000001e8b72a7000, 0x000001e8b72ac000, 0x000001e8b72a8800,
0x000001e8b72a9800, 0x000001e8b72a6800, 0x000001e8b72a8000, 0x000001e8b8ac7000,
0x000001e8b8ac8000, 0x000001e8b8ac9800, 0x000001e8b8ac8800, 0x000001e8b8acb000,
0x000001e8b8aca800, 0x000001e8b8acc000, 0x000001e8b8ac6800, 0x000001e8b8ad2800,
0x000001e8b8ad1000
}

Java Threads: ( => current thread )
  0x000001e89bc2d000 JavaThread "main" [_thread_blocked, id=14416, stack(0x0000001c60a00000,0x0000001c60b00000)]
  0x000001e8b54c3000 JavaThread "Reference Handler" daemon [_thread_blocked, id=13396, stack(0x0000001c61100000,0x0000001c61200000)]
  0x000001e8b54c5000 JavaThread "Finalizer" daemon [_thread_blocked, id=184, stack(0x0000001c61200000,0x0000001c61300000)]
  0x000001e8b551d800 JavaThread "Signal Dispatcher" daemon [_thread_blocked, id=7276, stack(0x0000001c61300000,0x0000001c61400000)]
  0x000001e8b5521000 JavaThread "Attach Listener" daemon [_thread_blocked, id=1248, stack(0x0000001c61400000,0x0000001c61500000)]
  0x000001e8b5522000 JavaThread "Service Thread" daemon [_thread_blocked, id=9588, stack(0x0000001c61500000,0x0000001c61600000)]
  0x000001e8b5524800 JavaThread "C2 CompilerThread0" daemon [_thread_blocked, id=12860, stack(0x0000001c61600000,0x0000001c61700000)]
  0x000001e8b554b800 JavaThread "C1 CompilerThread0" daemon [_thread_blocked, id=3068, stack(0x0000001c61700000,0x0000001c61800000)]
  0x000001e8b5d85000 JavaThread "Sweeper thread" daemon [_thread_blocked, id=11208, stack(0x0000001c61800000,0x0000001c61900000)]
  0x000001e8b5e8a800 JavaThread "Common-Cleaner" daemon [_thread_blocked, id=9472, stack(0x0000001c61900000,0x0000001c61a00000)]
  0x000001e8b7828800 JavaThread "Daemon health stats" [_thread_blocked, id=3312, stack(0x0000001c61c00000,0x0000001c61d00000)]
  0x000001e8b82ff800 JavaThread "Incoming local TCP Connector on port 62061" [_thread_in_native, id=5864, stack(0x0000001c61d00000,0x0000001c61e00000)]
  0x000001e8b704a800 JavaThread "Daemon periodic checks" [_thread_blocked, id=11868, stack(0x0000001c61e00000,0x0000001c61f00000)]
  0x000001e8b77fd000 JavaThread "Daemon" [_thread_blocked, id=1572, stack(0x0000001c61f00000,0x0000001c62000000)]
  0x000001e8b71cf000 JavaThread "Handler for socket connection from /127.0.0.1:62061 to /127.0.0.1:62062" [_thread_in_native, id=6980, stack(0x0000001c62000000,0x0000001c62100000)]
  0x000001e8b71d0000 JavaThread "Cancel handler" [_thread_blocked, id=8056, stack(0x0000001c62100000,0x0000001c62200000)]
  0x000001e8b8392000 JavaThread "Daemon worker" [_thread_blocked, id=5792, stack(0x0000001c62200000,0x0000001c62300000)]
  0x000001e8b8393000 JavaThread "Asynchronous log dispatcher for DefaultDaemonConnection: socket connection from /127.0.0.1:62061 to /127.0.0.1:62062" [_thread_blocked, id=12696, stack(0x0000001c62300000,0x0000001c62400000)]
  0x000001e8b7315800 JavaThread "Stdin handler" [_thread_blocked, id=3972, stack(0x0000001c62400000,0x0000001c62500000)]
  0x000001e8b7316000 JavaThread "Daemon client event forwarder" [_thread_blocked, id=2896, stack(0x0000001c62500000,0x0000001c62600000)]
  0x000001e8b7db2000 JavaThread "Cache worker for journal cache (C:\Users\HP-CSD\.gradle\caches\journal-1)" [_thread_blocked, id=11252, stack(0x0000001c62600000,0x0000001c62700000)]
  0x000001e8b7db0800 JavaThread "File lock request listener" [_thread_in_native, id=9772, stack(0x0000001c62700000,0x0000001c62800000)]
  0x000001e8b7db1000 JavaThread "Cache worker for file hash cache (C:\Users\HP-CSD\.gradle\caches\8.0\fileHashes)" [_thread_blocked, id=5232, stack(0x0000001c62800000,0x0000001c62900000)]
  0x000001e8b7dac800 JavaThread "File watcher server" daemon [_thread_in_native, id=7324, stack(0x0000001c62900000,0x0000001c62a00000)]
  0x000001e8b7dae000 JavaThread "File watcher consumer" daemon [_thread_blocked, id=8644, stack(0x0000001c62a00000,0x0000001c62b00000)]
  0x000001e8b7db3000 JavaThread "Cache worker for checksums cache (C:\Users\HP-CSD\AndroidStudioProjects\PokeTinder\.gradle\8.0\checksums)" [_thread_blocked, id=13248, stack(0x0000001c62b00000,0x0000001c62c00000)]
  0x000001e8b7dad000 JavaThread "Cache worker for cache directory md-rule (C:\Users\HP-CSD\.gradle\caches\8.0\md-rule)" [_thread_blocked, id=13752, stack(0x0000001c62c00000,0x0000001c62d00000)]
  0x000001e8b7dae800 JavaThread "Cache worker for file content cache (C:\Users\HP-CSD\.gradle\caches\8.0\fileContent)" [_thread_blocked, id=4472, stack(0x0000001c62d00000,0x0000001c62e00000)]
  0x000001e8b7daf800 JavaThread "Cache worker for file hash cache (C:\Users\HP-CSD\AndroidStudioProjects\PokeTinder\.gradle\8.0\fileHashes)" [_thread_blocked, id=11472, stack(0x0000001c62e00000,0x0000001c62f00000)]
  0x000001e8b72a0800 JavaThread "Cache worker for cache directory md-supplier (C:\Users\HP-CSD\.gradle\caches\8.0\md-supplier)" [_thread_blocked, id=5392, stack(0x0000001c62f00000,0x0000001c63000000)]
  0x000001e8b729d800 JavaThread "Cache worker for execution history cache (C:\Users\HP-CSD\.gradle\caches\8.0\executionHistory)" [_thread_blocked, id=8124, stack(0x0000001c63000000,0x0000001c63100000)]
  0x000001e8b72a4000 JavaThread "jar transforms" [_thread_blocked, id=14428, stack(0x0000001c63100000,0x0000001c63200000)]
  0x000001e8b729e000 JavaThread "jar transforms Thread 2" [_thread_blocked, id=9044, stack(0x0000001c63200000,0x0000001c63300000)]
  0x000001e8b72a1800 JavaThread "Cache worker for dependencies-accessors (C:\Users\HP-CSD\AndroidStudioProjects\PokeTinder\.gradle\8.0\dependencies-accessors)" [_thread_blocked, id=13268, stack(0x0000001c63300000,0x0000001c63400000)]
  0x000001e8b72a4800 JavaThread "Cache worker for Build Output Cleanup Cache (C:\Users\HP-CSD\AndroidStudioProjects\PokeTinder\.gradle\buildOutputCleanup)" [_thread_blocked, id=8280, stack(0x0000001c63400000,0x0000001c63500000)]
  0x000001e8b729f000 JavaThread "Unconstrained build operations" [_thread_blocked, id=2092, stack(0x0000001c63500000,0x0000001c63600000)]
  0x000001e8b72a2000 JavaThread "Unconstrained build operations Thread 2" [_thread_blocked, id=5784, stack(0x0000001c63600000,0x0000001c63700000)]
  0x000001e8b729f800 JavaThread "Unconstrained build operations Thread 3" [_thread_blocked, id=10800, stack(0x0000001c63700000,0x0000001c63800000)]
  0x000001e8b72ab000 JavaThread "Unconstrained build operations Thread 4" [_thread_blocked, id=6152, stack(0x0000001c63800000,0x0000001c63900000)]
  0x000001e8b72aa800 JavaThread "Unconstrained build operations Thread 5" [_thread_blocked, id=10920, stack(0x0000001c63900000,0x0000001c63a00000)]
  0x000001e8b72a5800 JavaThread "Unconstrained build operations Thread 6" [_thread_blocked, id=11588, stack(0x0000001c63a00000,0x0000001c63b00000)]
  0x000001e8b72a7000 JavaThread "Unconstrained build operations Thread 7" [_thread_blocked, id=2392, stack(0x0000001c63b00000,0x0000001c63c00000)]
  0x000001e8b72ac000 JavaThread "Unconstrained build operations Thread 8" [_thread_blocked, id=8112, stack(0x0000001c63c00000,0x0000001c63d00000)]
  0x000001e8b72a8800 JavaThread "Unconstrained build operations Thread 9" [_thread_blocked, id=11980, stack(0x0000001c63d00000,0x0000001c63e00000)]
  0x000001e8b72a9800 JavaThread "Unconstrained build operations Thread 10" [_thread_blocked, id=7372, stack(0x0000001c63e00000,0x0000001c63f00000)]
  0x000001e8b72a6800 JavaThread "Unconstrained build operations Thread 11" [_thread_blocked, id=412, stack(0x0000001c63f00000,0x0000001c64000000)]
  0x000001e8b72a8000 JavaThread "Unconstrained build operations Thread 12" [_thread_blocked, id=3892, stack(0x0000001c64000000,0x0000001c64100000)]
  0x000001e8b8ac7000 JavaThread "Unconstrained build operations Thread 13" [_thread_blocked, id=1516, stack(0x0000001c64100000,0x0000001c64200000)]
  0x000001e8b8ac8000 JavaThread "Unconstrained build operations Thread 14" [_thread_blocked, id=10640, stack(0x0000001c64200000,0x0000001c64300000)]
  0x000001e8b8ac9800 JavaThread "Unconstrained build operations Thread 15" [_thread_blocked, id=14292, stack(0x0000001c64300000,0x0000001c64400000)]
  0x000001e8b8ac8800 JavaThread "Unconstrained build operations Thread 16" [_thread_blocked, id=7792, stack(0x0000001c64400000,0x0000001c64500000)]
  0x000001e8b8acb000 JavaThread "Unconstrained build operations Thread 17" [_thread_blocked, id=4928, stack(0x0000001c64500000,0x0000001c64600000)]
  0x000001e8b8aca800 JavaThread "Unconstrained build operations Thread 18" [_thread_blocked, id=8224, stack(0x0000001c64600000,0x0000001c64700000)]
  0x000001e8b8acc000 JavaThread "Unconstrained build operations Thread 19" [_thread_blocked, id=9304, stack(0x0000001c64700000,0x0000001c64800000)]
  0x000001e8b8ac6800 JavaThread "Unconstrained build operations Thread 20" [_thread_blocked, id=11512, stack(0x0000001c64800000,0x0000001c64900000)]
  0x000001e8b8ad2800 JavaThread "build event listener" [_thread_blocked, id=7508, stack(0x0000001c64b00000,0x0000001c64c00000)]
  0x000001e8b8ad1000 JavaThread "Memory manager" [_thread_blocked, id=3912, stack(0x0000001c64c00000,0x0000001c64d00000)]

Other Threads:
=>0x000001e8b54be000 VMThread "VM Thread" [stack: 0x0000001c61000000,0x0000001c61100000] [id=8208]
  0x000001e8b5ebd000 WatcherThread [stack: 0x0000001c61a00000,0x0000001c61b00000] [id=7020]
  0x000001e89bc45800 GCTaskThread "GC Thread#0" [stack: 0x0000001c60b00000,0x0000001c60c00000] [id=12276]
  0x000001e8b602f000 GCTaskThread "GC Thread#1" [stack: 0x0000001c61b00000,0x0000001c61c00000] [id=10548]
  0x000001e89bc78000 ConcurrentGCThread "G1 Main Marker" [stack: 0x0000001c60c00000,0x0000001c60d00000] [id=1440]
  0x000001e89bc7a000 ConcurrentGCThread "G1 Conc#0" [stack: 0x0000001c60d00000,0x0000001c60e00000] [id=5480]
  0x000001e89bcb8800 ConcurrentGCThread "G1 Refine#0" [stack: 0x0000001c60e00000,0x0000001c60f00000] [id=13956]
  0x000001e89bcbc800 ConcurrentGCThread "G1 Young RemSet Sampling" [stack: 0x0000001c60f00000,0x0000001c61000000] [id=5484]

Threads with active compile tasks:
C2 CompilerThread0    50684 7345       4       groovy.lang.MetaClassImpl$1MOPIter::methodNameAction (325 bytes)

VM state:at safepoint (normal execution)

VM Mutex/Monitor currently owned by a thread:  ([mutex/lock_event])
[0x000001e89bc27c60] Threads_lock - owner thread: 0x000001e8b54be000
[0x000001e89bc27510] Heap_lock - owner thread: 0x000001e8b8392000

Heap address: 0x0000000080000000, size: 2048 MB, Compressed Oops mode: 32-bit
Narrow klass base: 0x0000000000000000, Narrow klass shift: 3
Compressed class space size: 1073741824 Address: 0x0000000100000000

Heap:
 garbage-first heap   total 146432K, used 66083K [0x0000000080000000, 0x0000000100000000)
  region size 1024K, 4 young (4096K), 4 survivors (4096K)
 Metaspace       used 70278K, capacity 72164K, committed 72368K, reserved 1112064K
  class space    used 8896K, capacity 9610K, committed 9728K, reserved 1048576K
Heap Regions: E=young(eden), S=young(survivor), O=old, HS=humongous(starts), HC=humongous(continues), CS=collection set, F=free, A=archive, TAMS=top-at-mark-start (previous, next)
|   0|0x0000000080000000, 0x0000000080100000, 0x0000000080100000|100%| O|  |TAMS 0x0000000080100000, 0x0000000080000000| Untracked 
|   1|0x0000000080100000, 0x0000000080200000, 0x0000000080200000|100%|HS|  |TAMS 0x0000000080200000, 0x0000000080100000| Complete 
|   2|0x0000000080200000, 0x0000000080300000, 0x0000000080300000|100%|HC|  |TAMS 0x0000000080300000, 0x0000000080200000| Complete 
|   3|0x0000000080300000, 0x0000000080400000, 0x0000000080400000|100%|HC|  |TAMS 0x0000000080400000, 0x0000000080300000| Complete 
|   4|0x0000000080400000, 0x0000000080500000, 0x0000000080500000|100%|HC|  |TAMS 0x0000000080500000, 0x0000000080400000| Complete 
|   5|0x0000000080500000, 0x0000000080600000, 0x0000000080600000|100%| O|  |TAMS 0x0000000080600000, 0x0000000080500000| Untracked 
|   6|0x0000000080600000, 0x0000000080700000, 0x0000000080700000|100%| O|  |TAMS 0x0000000080700000, 0x0000000080600000| Untracked 
|   7|0x0000000080700000, 0x0000000080800000, 0x0000000080800000|100%| O|  |TAMS 0x0000000080800000, 0x0000000080700000| Untracked 
|   8|0x0000000080800000, 0x0000000080900000, 0x0000000080900000|100%| O|  |TAMS 0x0000000080900000, 0x0000000080800000| Untracked 
|   9|0x0000000080900000, 0x0000000080a00000, 0x0000000080a00000|100%| O|  |TAMS 0x0000000080a00000, 0x0000000080900000| Untracked 
|  10|0x0000000080a00000, 0x0000000080b00000, 0x0000000080b00000|100%| O|  |TAMS 0x0000000080b00000, 0x0000000080a00000| Untracked 
|  11|0x0000000080b00000, 0x0000000080c00000, 0x0000000080c00000|100%| O|  |TAMS 0x0000000080c00000, 0x0000000080b00000| Untracked 
|  12|0x0000000080c00000, 0x0000000080d00000, 0x0000000080d00000|100%| O|  |TAMS 0x0000000080d00000, 0x0000000080c00000| Untracked 
|  13|0x0000000080d00000, 0x0000000080e00000, 0x0000000080e00000|100%| O|  |TAMS 0x0000000080e00000, 0x0000000080d00000| Untracked 
|  14|0x0000000080e00000, 0x0000000080f00000, 0x0000000080f00000|100%| O|  |TAMS 0x0000000080f00000, 0x0000000080e00000| Untracked 
|  15|0x0000000080f00000, 0x0000000081000000, 0x0000000081000000|100%| O|  |TAMS 0x0000000081000000, 0x0000000080f00000| Untracked 
|  16|0x0000000081000000, 0x0000000081100000, 0x0000000081100000|100%| O|  |TAMS 0x0000000081100000, 0x0000000081000000| Untracked 
|  17|0x0000000081100000, 0x0000000081200000, 0x0000000081200000|100%| O|  |TAMS 0x0000000081200000, 0x0000000081100000| Untracked 
|  18|0x0000000081200000, 0x0000000081300000, 0x0000000081300000|100%| O|  |TAMS 0x0000000081300000, 0x0000000081200000| Untracked 
|  19|0x0000000081300000, 0x0000000081400000, 0x0000000081400000|100%| O|  |TAMS 0x0000000081400000, 0x0000000081300000| Untracked 
|  20|0x0000000081400000, 0x0000000081500000, 0x0000000081500000|100%| O|  |TAMS 0x0000000081500000, 0x0000000081400000| Untracked 
|  21|0x0000000081500000, 0x0000000081600000, 0x0000000081600000|100%| O|  |TAMS 0x0000000081600000, 0x0000000081500000| Untracked 
|  22|0x0000000081600000, 0x0000000081700000, 0x0000000081700000|100%| O|  |TAMS 0x0000000081700000, 0x0000000081600000| Untracked 
|  23|0x0000000081700000, 0x0000000081800000, 0x0000000081800000|100%| O|  |TAMS 0x0000000081800000, 0x0000000081700000| Untracked 
|  24|0x0000000081800000, 0x0000000081900000, 0x0000000081900000|100%| O|  |TAMS 0x0000000081900000, 0x0000000081800000| Untracked 
|  25|0x0000000081900000, 0x0000000081a00000, 0x0000000081a00000|100%| O|  |TAMS 0x0000000081a00000, 0x0000000081900000| Untracked 
|  26|0x0000000081a00000, 0x0000000081b00000, 0x0000000081b00000|100%| O|  |TAMS 0x0000000081b00000, 0x0000000081a00000| Untracked 
|  27|0x0000000081b00000, 0x0000000081c00000, 0x0000000081c00000|100%| O|  |TAMS 0x0000000081c00000, 0x0000000081b00000| Untracked 
|  28|0x0000000081c00000, 0x0000000081d00000, 0x0000000081d00000|100%| O|  |TAMS 0x0000000081d00000, 0x0000000081c00000| Untracked 
|  29|0x0000000081d00000, 0x0000000081e00000, 0x0000000081e00000|100%| O|  |TAMS 0x0000000081e00000, 0x0000000081d00000| Untracked 
|  30|0x0000000081e00000, 0x0000000081f00000, 0x0000000081f00000|100%| O|  |TAMS 0x0000000081f00000, 0x0000000081e00000| Untracked 
|  31|0x0000000081f00000, 0x0000000082000000, 0x0000000082000000|100%| O|  |TAMS 0x0000000082000000, 0x0000000081f00000| Untracked 
|  32|0x0000000082000000, 0x0000000082100000, 0x0000000082100000|100%| O|  |TAMS 0x0000000082100000, 0x0000000082000000| Untracked 
|  33|0x0000000082100000, 0x0000000082200000, 0x0000000082200000|100%| O|  |TAMS 0x0000000082200000, 0x0000000082100000| Untracked 
|  34|0x0000000082200000, 0x0000000082300000, 0x0000000082300000|100%|HS|  |TAMS 0x0000000082300000, 0x0000000082200000| Complete 
|  35|0x0000000082300000, 0x0000000082400000, 0x0000000082400000|100%| O|  |TAMS 0x0000000082400000, 0x0000000082300000| Untracked 
|  36|0x0000000082400000, 0x0000000082500000, 0x0000000082500000|100%| O|  |TAMS 0x0000000082500000, 0x0000000082400000| Untracked 
|  37|0x0000000082500000, 0x0000000082600000, 0x0000000082600000|100%|HS|  |TAMS 0x0000000082600000, 0x0000000082500000| Complete 
|  38|0x0000000082600000, 0x0000000082700000, 0x0000000082700000|100%|HS|  |TAMS 0x0000000082700000, 0x0000000082600000| Complete 
|  39|0x0000000082700000, 0x0000000082800000, 0x0000000082800000|100%|HC|  |TAMS 0x0000000082800000, 0x0000000082700000| Complete 
|  40|0x0000000082800000, 0x0000000082900000, 0x0000000082900000|100%| O|  |TAMS 0x0000000082900000, 0x0000000082800000| Untracked 
|  41|0x0000000082900000, 0x0000000082a00000, 0x0000000082a00000|100%|HS|  |TAMS 0x0000000082a00000, 0x0000000082900000| Complete 
|  42|0x0000000082a00000, 0x0000000082b00000, 0x0000000082b00000|100%|HC|  |TAMS 0x0000000082b00000, 0x0000000082a00000| Complete 
|  43|0x0000000082b00000, 0x0000000082c00000, 0x0000000082c00000|100%|HC|  |TAMS 0x0000000082c00000, 0x0000000082b00000| Complete 
|  44|0x0000000082c00000, 0x0000000082d00000, 0x0000000082d00000|100%|HC|  |TAMS 0x0000000082d00000, 0x0000000082c00000| Complete 
|  45|0x0000000082d00000, 0x0000000082e00000, 0x0000000082e00000|100%| O|  |TAMS 0x0000000082e00000, 0x0000000082d00000| Untracked 
|  46|0x0000000082e00000, 0x0000000082f00000, 0x0000000082f00000|100%| O|  |TAMS 0x0000000082f00000, 0x0000000082e00000| Untracked 
|  47|0x0000000082f00000, 0x0000000083000000, 0x0000000083000000|100%| O|  |TAMS 0x0000000083000000, 0x0000000082f00000| Untracked 
|  48|0x0000000083000000, 0x0000000083100000, 0x0000000083100000|100%| O|  |TAMS 0x0000000083100000, 0x0000000083000000| Untracked 
|  49|0x0000000083100000, 0x0000000083200000, 0x0000000083200000|100%| O|  |TAMS 0x0000000083200000, 0x0000000083100000| Untracked 
|  50|0x0000000083200000, 0x0000000083300000, 0x0000000083300000|100%| O|  |TAMS 0x0000000083300000, 0x0000000083200000| Untracked 
|  51|0x0000000083300000, 0x0000000083400000, 0x0000000083400000|100%| O|  |TAMS 0x0000000083400000, 0x0000000083300000| Untracked 
|  52|0x0000000083400000, 0x0000000083500000, 0x0000000083500000|100%| O|  |TAMS 0x0000000083500000, 0x0000000083400000| Untracked 
|  53|0x0000000083500000, 0x0000000083600000, 0x0000000083600000|100%| O|  |TAMS 0x0000000083562400, 0x0000000083500000| Untracked 
|  54|0x0000000083600000, 0x00000000836ba200, 0x0000000083700000| 72%| O|  |TAMS 0x0000000083600000, 0x0000000083600000| Untracked 
|  55|0x0000000083700000, 0x0000000083700000, 0x0000000083800000|  0%| F|  |TAMS 0x0000000083700000, 0x0000000083700000| Untracked 
|  56|0x0000000083800000, 0x0000000083900000, 0x0000000083900000|100%| O|  |TAMS 0x0000000083900000, 0x0000000083800000| Untracked 
|  57|0x0000000083900000, 0x0000000083a00000, 0x0000000083a00000|100%| O|  |TAMS 0x0000000083a00000, 0x0000000083900000| Untracked 
|  58|0x0000000083a00000, 0x0000000083b00000, 0x0000000083b00000|100%| O|  |TAMS 0x0000000083b00000, 0x0000000083a00000| Untracked 
|  59|0x0000000083b00000, 0x0000000083c00000, 0x0000000083c00000|100%| O|  |TAMS 0x0000000083c00000, 0x0000000083b00000| Untracked 
|  60|0x0000000083c00000, 0x0000000083d00000, 0x0000000083d00000|100%| O|  |TAMS 0x0000000083d00000, 0x0000000083c00000| Untracked 
|  61|0x0000000083d00000, 0x0000000083e00000, 0x0000000083e00000|100%| O|  |TAMS 0x0000000083e00000, 0x0000000083d00000| Untracked 
|  62|0x0000000083e00000, 0x0000000083e00000, 0x0000000083f00000|  0%| F|  |TAMS 0x0000000083e00000, 0x0000000083e00000| Untracked 
|  63|0x0000000083f00000, 0x0000000083f00000, 0x0000000084000000|  0%| F|  |TAMS 0x0000000083f00000, 0x0000000083f00000| Untracked 
|  64|0x0000000084000000, 0x0000000084000000, 0x0000000084100000|  0%| F|  |TAMS 0x0000000084000000, 0x0000000084000000| Untracked 
|  65|0x0000000084100000, 0x0000000084100000, 0x0000000084200000|  0%| F|  |TAMS 0x0000000084100000, 0x0000000084100000| Untracked 
|  66|0x0000000084200000, 0x0000000084200000, 0x0000000084300000|  0%| F|  |TAMS 0x0000000084200000, 0x0000000084200000| Untracked 
|  67|0x0000000084300000, 0x0000000084300000, 0x0000000084400000|  0%| F|  |TAMS 0x0000000084300000, 0x0000000084300000| Untracked 
|  68|0x0000000084400000, 0x0000000084400000, 0x0000000084500000|  0%| F|  |TAMS 0x0000000084400000, 0x0000000084400000| Untracked 
|  69|0x0000000084500000, 0x0000000084500000, 0x0000000084600000|  0%| F|  |TAMS 0x0000000084500000, 0x0000000084500000| Untracked 
|  70|0x0000000084600000, 0x0000000084600000, 0x0000000084700000|  0%| F|  |TAMS 0x0000000084600000, 0x0000000084600000| Untracked 
|  71|0x0000000084700000, 0x0000000084700000, 0x0000000084800000|  0%| F|  |TAMS 0x0000000084700000, 0x0000000084700000| Untracked 
|  72|0x0000000084800000, 0x0000000084800000, 0x0000000084900000|  0%| F|  |TAMS 0x0000000084800000, 0x0000000084800000| Untracked 
|  73|0x0000000084900000, 0x0000000084900000, 0x0000000084a00000|  0%| F|  |TAMS 0x0000000084900000, 0x0000000084900000| Untracked 
|  74|0x0000000084a00000, 0x0000000084a00000, 0x0000000084b00000|  0%| F|  |TAMS 0x0000000084a00000, 0x0000000084a00000| Untracked 
|  75|0x0000000084b00000, 0x0000000084b00000, 0x0000000084c00000|  0%| F|  |TAMS 0x0000000084b00000, 0x0000000084b00000| Untracked 
|  76|0x0000000084c00000, 0x0000000084c00000, 0x0000000084d00000|  0%| F|  |TAMS 0x0000000084c00000, 0x0000000084c00000| Untracked 
|  77|0x0000000084d00000, 0x0000000084d00000, 0x0000000084e00000|  0%| F|  |TAMS 0x0000000084d00000, 0x0000000084d00000| Untracked 
|  78|0x0000000084e00000, 0x0000000084e00000, 0x0000000084f00000|  0%| F|  |TAMS 0x0000000084e00000, 0x0000000084e00000| Untracked 
|  79|0x0000000084f00000, 0x0000000084f00000, 0x0000000085000000|  0%| F|  |TAMS 0x0000000084f00000, 0x0000000084f00000| Untracked 
|  80|0x0000000085000000, 0x0000000085000000, 0x0000000085100000|  0%| F|  |TAMS 0x0000000085000000, 0x0000000085000000| Untracked 
|  81|0x0000000085100000, 0x0000000085100000, 0x0000000085200000|  0%| F|  |TAMS 0x0000000085100000, 0x0000000085100000| Untracked 
|  82|0x0000000085200000, 0x0000000085200000, 0x0000000085300000|  0%| F|  |TAMS 0x0000000085200000, 0x0000000085200000| Untracked 
|  83|0x0000000085300000, 0x0000000085300000, 0x0000000085400000|  0%| F|  |TAMS 0x0000000085300000, 0x0000000085300000| Untracked 
|  84|0x0000000085400000, 0x0000000085400000, 0x0000000085500000|  0%| F|  |TAMS 0x0000000085400000, 0x0000000085400000| Untracked 
|  85|0x0000000085500000, 0x00000000855cece8, 0x0000000085600000| 80%| S|CS|TAMS 0x0000000085500000, 0x0000000085500000| Complete 
|  86|0x0000000085600000, 0x0000000085700000, 0x0000000085700000|100%| S|CS|TAMS 0x0000000085600000, 0x0000000085600000| Complete 
|  87|0x0000000085700000, 0x0000000085700000, 0x0000000085800000|  0%| F|  |TAMS 0x0000000085700000, 0x0000000085700000| Untracked 
|  88|0x0000000085800000, 0x0000000085800000, 0x0000000085900000|  0%| F|  |TAMS 0x0000000085800000, 0x0000000085800000| Untracked 
|  89|0x0000000085900000, 0x0000000085a00000, 0x0000000085a00000|100%| S|CS|TAMS 0x0000000085900000, 0x0000000085900000| Complete 
|  90|0x0000000085a00000, 0x0000000085b00000, 0x0000000085b00000|100%| S|CS|TAMS 0x0000000085a00000, 0x0000000085a00000| Complete 
|  91|0x0000000085b00000, 0x0000000085b00000, 0x0000000085c00000|  0%| F|  |TAMS 0x0000000085b00000, 0x0000000085b00000| Untracked 
|  92|0x0000000085c00000, 0x0000000085c00000, 0x0000000085d00000|  0%| F|  |TAMS 0x0000000085c00000, 0x0000000085c00000| Untracked 
|  93|0x0000000085d00000, 0x0000000085d00000, 0x0000000085e00000|  0%| F|  |TAMS 0x0000000085d00000, 0x0000000085d00000| Untracked 
|  94|0x0000000085e00000, 0x0000000085e00000, 0x0000000085f00000|  0%| F|  |TAMS 0x0000000085e00000, 0x0000000085e00000| Untracked 
|  95|0x0000000085f00000, 0x0000000085f00000, 0x0000000086000000|  0%| F|  |TAMS 0x0000000085f00000, 0x0000000085f00000| Untracked 
|  96|0x0000000086000000, 0x0000000086000000, 0x0000000086100000|  0%| F|  |TAMS 0x0000000086000000, 0x0000000086000000| Untracked 
|  97|0x0000000086100000, 0x0000000086100000, 0x0000000086200000|  0%| F|  |TAMS 0x0000000086100000, 0x0000000086100000| Untracked 
|  98|0x0000000086200000, 0x0000000086200000, 0x0000000086300000|  0%| F|  |TAMS 0x0000000086200000, 0x0000000086200000| Untracked 
|  99|0x0000000086300000, 0x0000000086300000, 0x0000000086400000|  0%| F|  |TAMS 0x0000000086300000, 0x0000000086300000| Untracked 
| 100|0x0000000086400000, 0x0000000086400000, 0x0000000086500000|  0%| F|  |TAMS 0x0000000086400000, 0x0000000086400000| Untracked 
| 101|0x0000000086500000, 0x0000000086500000, 0x0000000086600000|  0%| F|  |TAMS 0x0000000086500000, 0x0000000086500000| Untracked 
| 102|0x0000000086600000, 0x0000000086600000, 0x0000000086700000|  0%| F|  |TAMS 0x0000000086600000, 0x0000000086600000| Untracked 
| 103|0x0000000086700000, 0x0000000086700000, 0x0000000086800000|  0%| F|  |TAMS 0x0000000086700000, 0x0000000086700000| Untracked 
| 104|0x0000000086800000, 0x0000000086800000, 0x0000000086900000|  0%| F|  |TAMS 0x0000000086800000, 0x0000000086800000| Untracked 
| 105|0x0000000086900000, 0x0000000086900000, 0x0000000086a00000|  0%| F|  |TAMS 0x0000000086900000, 0x0000000086900000| Untracked 
| 106|0x0000000086a00000, 0x0000000086a00000, 0x0000000086b00000|  0%| F|  |TAMS 0x0000000086a00000, 0x0000000086a00000| Untracked 
| 107|0x0000000086b00000, 0x0000000086b00000, 0x0000000086c00000|  0%| F|  |TAMS 0x0000000086b00000, 0x0000000086b00000| Untracked 
| 108|0x0000000086c00000, 0x0000000086c00000, 0x0000000086d00000|  0%| F|  |TAMS 0x0000000086c00000, 0x0000000086c00000| Untracked 
| 109|0x0000000086d00000, 0x0000000086d00000, 0x0000000086e00000|  0%| F|  |TAMS 0x0000000086d00000, 0x0000000086d00000| Untracked 
| 110|0x0000000086e00000, 0x0000000086e00000, 0x0000000086f00000|  0%| F|  |TAMS 0x0000000086e00000, 0x0000000086e00000| Untracked 
| 111|0x0000000086f00000, 0x0000000086f00000, 0x0000000087000000|  0%| F|  |TAMS 0x0000000086f00000, 0x0000000086f00000| Untracked 
| 112|0x0000000087000000, 0x0000000087000000, 0x0000000087100000|  0%| F|  |TAMS 0x0000000087000000, 0x0000000087000000| Untracked 
| 113|0x0000000087100000, 0x0000000087100000, 0x0000000087200000|  0%| F|  |TAMS 0x0000000087100000, 0x0000000087100000| Untracked 
| 114|0x0000000087200000, 0x0000000087200000, 0x0000000087300000|  0%| F|  |TAMS 0x0000000087200000, 0x0000000087200000| Untracked 
| 115|0x0000000087300000, 0x0000000087300000, 0x0000000087400000|  0%| F|  |TAMS 0x0000000087300000, 0x0000000087300000| Untracked 
| 116|0x0000000087400000, 0x0000000087400000, 0x0000000087500000|  0%| F|  |TAMS 0x0000000087400000, 0x0000000087400000| Untracked 
| 117|0x0000000087500000, 0x0000000087500000, 0x0000000087600000|  0%| F|  |TAMS 0x0000000087500000, 0x0000000087500000| Untracked 
| 118|0x0000000087600000, 0x0000000087600000, 0x0000000087700000|  0%| F|  |TAMS 0x0000000087600000, 0x0000000087600000| Untracked 

Card table byte_map: [0x000001e8aeb50000,0x000001e8aef50000] _byte_map_base: 0x000001e8ae750000

Marking Bits (Prev, Next): (CMBitMap*) 0x000001e89bc6f310, (CMBitMap*) 0x000001e89bc6f2d8
 Prev Bits: [0x000001e8b1350000, 0x000001e8b3350000)
 Next Bits: [0x000001e8af350000, 0x000001e8b1350000)

Polling page: 0x000001e89b400000

Metaspace:

Usage:
  Non-class:     61.09 MB capacity,    59.94 MB ( 98%) used,   971.07 KB (  2%) free+waste,   201.25 KB ( <1%) overhead. 
      Class:      9.38 MB capacity,     8.69 MB ( 93%) used,   618.91 KB (  6%) free+waste,    94.56 KB ( <1%) overhead. 
       Both:     70.47 MB capacity,    68.63 MB ( 97%) used,     1.55 MB (  2%) free+waste,   295.81 KB ( <1%) overhead. 

Virtual space:
  Non-class space:       62.00 MB reserved,      61.17 MB ( 99%) committed 
      Class space:        1.00 GB reserved,       9.50 MB ( <1%) committed 
             Both:        1.06 GB reserved,      70.67 MB (  7%) committed 

Chunk freelists:
   Non-Class:  22.00 KB
       Class:  22.00 KB
        Both:  44.00 KB

MaxMetaspaceSize: 17179869184.00 GB
CompressedClassSpaceSize: 1.00 GB
Initial GC threshold: 20.80 MB
Current GC threshold: 117.16 MB
CDS: off

CodeHeap 'non-profiled nmethods': size=120064Kb used=4353Kb max_used=4353Kb free=115710Kb
 bounds [0x000001e8a7210000, 0x000001e8a7660000, 0x000001e8ae750000]
CodeHeap 'profiled nmethods': size=120000Kb used=15955Kb max_used=15955Kb free=104044Kb
 bounds [0x000001e89fce0000, 0x000001e8a0c80000, 0x000001e8a7210000]
CodeHeap 'non-nmethods': size=5696Kb used=2354Kb max_used=2399Kb free=3341Kb
 bounds [0x000001e89f750000, 0x000001e89f9c0000, 0x000001e89fce0000]
 total_blobs=8214 nmethods=7341 adapters=784
 compilation: enabled
              stopped_count=0, restarted_count=0
 full_count=0

Compilation events (20 events):
Event: 50.461 Thread 0x000001e8b554b800 7342       3       java.util.LinkedList::linkFirst (59 bytes)
Event: 50.461 Thread 0x000001e8b554b800 nmethod 7342 0x000001e8a0c66e10 code [0x000001e8a0c66fe0, 0x000001e8a0c67438]
Event: 50.462 Thread 0x000001e8b554b800 7344       3       groovy.lang.MetaClassImpl$MethodIndexAction::iterate (119 bytes)
Event: 50.462 Thread 0x000001e8b554b800 nmethod 7344 0x000001e8a0c67590 code [0x000001e8a0c677c0, 0x000001e8a0c68238]
Event: 50.577 Thread 0x000001e8b5524800 nmethod 7314 0x000001e8a764a710 code [0x000001e8a764ab40, 0x000001e8a764e808]
Event: 50.577 Thread 0x000001e8b5524800 7345       4       groovy.lang.MetaClassImpl$1MOPIter::methodNameAction (325 bytes)
Event: 50.585 Thread 0x000001e8b554b800 7347       3       java.beans.FeatureDescriptor::<init> (69 bytes)
Event: 50.585 Thread 0x000001e8b554b800 nmethod 7347 0x000001e8a0c68590 code [0x000001e8a0c687e0, 0x000001e8a0c68f68]
Event: 50.587 Thread 0x000001e8b554b800 7349       3       java.util.regex.Matcher::appendTail (19 bytes)
Event: 50.587 Thread 0x000001e8b554b800 nmethod 7349 0x000001e8a0c69190 code [0x000001e8a0c69360, 0x000001e8a0c69638]
Event: 50.591 Thread 0x000001e8b554b800 7350       3       com.sun.beans.util.Cache$Kind$Soft::isStale (14 bytes)
Event: 50.591 Thread 0x000001e8b554b800 nmethod 7350 0x000001e8a0c69810 code [0x000001e8a0c699e0, 0x000001e8a0c69cd8]
Event: 50.592 Thread 0x000001e8b554b800 7351       3       java.beans.PropertyDescriptor::<init> (112 bytes)
Event: 50.592 Thread 0x000001e8b554b800 nmethod 7351 0x000001e8a0c69d90 code [0x000001e8a0c69fc0, 0x000001e8a0c6a6e8]
Event: 50.592 Thread 0x000001e8b554b800 7352   !   3       java.beans.PropertyDescriptor::updateGenericsFor (37 bytes)
Event: 50.593 Thread 0x000001e8b554b800 nmethod 7352 0x000001e8a0c6a990 code [0x000001e8a0c6ac60, 0x000001e8a0c6bcb8]
Event: 50.593 Thread 0x000001e8b554b800 7353       3       java.beans.PropertyDescriptor::isAssignable (148 bytes)
Event: 50.597 Thread 0x000001e8b554b800 nmethod 7353 0x000001e8a0c6c210 code [0x000001e8a0c6c980, 0x000001e8a0c71058]
Event: 50.604 Thread 0x000001e8b554b800 7355       3       org.apache.groovy.util.BeanUtils::decapitalize (68 bytes)
Event: 50.605 Thread 0x000001e8b554b800 nmethod 7355 0x000001e8a0c72610 code [0x000001e8a0c72a00, 0x000001e8a0c744e8]

GC Heap History (20 events):
Event: 46.244 GC heap after
{Heap after GC invocations=59 (full 0):
 garbage-first heap   total 83968K, used 53227K [0x0000000080000000, 0x0000000100000000)
  region size 1024K, 2 young (2048K), 2 survivors (2048K)
 Metaspace       used 58896K, capacity 60466K, committed 60592K, reserved 1101824K
  class space    used 7458K, capacity 8091K, committed 8192K, reserved 1048576K
}
Event: 46.735 GC heap before
{Heap before GC invocations=60 (full 0):
 garbage-first heap   total 83968K, used 65515K [0x0000000080000000, 0x0000000100000000)
  region size 1024K, 14 young (14336K), 2 survivors (2048K)
 Metaspace       used 60841K, capacity 62536K, committed 62640K, reserved 1103872K
  class space    used 7717K, capacity 8373K, committed 8448K, reserved 1048576K
}
Event: 46.741 GC heap after
{Heap after GC invocations=61 (full 0):
 garbage-first heap   total 101376K, used 53810K [0x0000000080000000, 0x0000000100000000)
  region size 1024K, 2 young (2048K), 2 survivors (2048K)
 Metaspace       used 60841K, capacity 62536K, committed 62640K, reserved 1103872K
  class space    used 7717K, capacity 8373K, committed 8448K, reserved 1048576K
}
Event: 46.964 GC heap before
{Heap before GC invocations=61 (full 0):
 garbage-first heap   total 101376K, used 57906K [0x0000000080000000, 0x0000000100000000)
  region size 1024K, 8 young (8192K), 2 survivors (2048K)
 Metaspace       used 62282K, capacity 63985K, committed 64048K, reserved 1105920K
  class space    used 7864K, capacity 8535K, committed 8576K, reserved 1048576K
}
Event: 46.973 GC heap after
{Heap after GC invocations=62 (full 0):
 garbage-first heap   total 101376K, used 55258K [0x0000000080000000, 0x0000000100000000)
  region size 1024K, 3 young (3072K), 3 survivors (3072K)
 Metaspace       used 62282K, capacity 63985K, committed 64048K, reserved 1105920K
  class space    used 7864K, capacity 8535K, committed 8576K, reserved 1048576K
}
Event: 47.130 GC heap before
{Heap before GC invocations=63 (full 0):
 garbage-first heap   total 101376K, used 68570K [0x0000000080000000, 0x0000000100000000)
  region size 1024K, 13 young (13312K), 3 survivors (3072K)
 Metaspace       used 62288K, capacity 63991K, committed 64048K, reserved 1105920K
  class space    used 7864K, capacity 8536K, committed 8576K, reserved 1048576K
}
Event: 47.143 GC heap after
{Heap after GC invocations=64 (full 0):
 garbage-first heap   total 101376K, used 61895K [0x0000000080000000, 0x0000000100000000)
  region size 1024K, 3 young (3072K), 3 survivors (3072K)
 Metaspace       used 62288K, capacity 63991K, committed 64048K, reserved 1105920K
  class space    used 7864K, capacity 8536K, committed 8576K, reserved 1048576K
}
Event: 47.553 GC heap before
{Heap before GC invocations=65 (full 0):
 garbage-first heap   total 101376K, used 78279K [0x0000000080000000, 0x0000000100000000)
  region size 1024K, 17 young (17408K), 3 survivors (3072K)
 Metaspace       used 63545K, capacity 65202K, committed 65456K, reserved 1105920K
  class space    used 8025K, capacity 8700K, committed 8704K, reserved 1048576K
}
Event: 47.558 GC heap after
{Heap after GC invocations=66 (full 0):
 garbage-first heap   total 101376K, used 58668K [0x0000000080000000, 0x0000000100000000)
  region size 1024K, 1 young (1024K), 1 survivors (1024K)
 Metaspace       used 63545K, capacity 65202K, committed 65456K, reserved 1105920K
  class space    used 8025K, capacity 8700K, committed 8704K, reserved 1048576K
}
Event: 48.034 GC heap before
{Heap before GC invocations=66 (full 0):
 garbage-first heap   total 101376K, used 76076K [0x0000000080000000, 0x0000000100000000)
  region size 1024K, 18 young (18432K), 1 survivors (1024K)
 Metaspace       used 64904K, capacity 66588K, committed 66736K, reserved 1107968K
  class space    used 8184K, capacity 8836K, committed 8960K, reserved 1048576K
}
Event: 48.043 GC heap after
{Heap after GC invocations=67 (full 0):
 garbage-first heap   total 101376K, used 59476K [0x0000000080000000, 0x0000000100000000)
  region size 1024K, 2 young (2048K), 2 survivors (2048K)
 Metaspace       used 64904K, capacity 66588K, committed 66736K, reserved 1107968K
  class space    used 8184K, capacity 8836K, committed 8960K, reserved 1048576K
}
Event: 48.580 GC heap before
{Heap before GC invocations=68 (full 0):
 garbage-first heap   total 101376K, used 76884K [0x0000000080000000, 0x0000000100000000)
  region size 1024K, 19 young (19456K), 2 survivors (2048K)
 Metaspace       used 65827K, capacity 67507K, committed 67632K, reserved 1107968K
  class space    used 8301K, capacity 8970K, committed 9088K, reserved 1048576K
}
Event: 48.587 GC heap after
{Heap after GC invocations=69 (full 0):
 garbage-first heap   total 121856K, used 60946K [0x0000000080000000, 0x0000000100000000)
  region size 1024K, 3 young (3072K), 3 survivors (3072K)
 Metaspace       used 65827K, capacity 67507K, committed 67632K, reserved 1107968K
  class space    used 8301K, capacity 8970K, committed 9088K, reserved 1048576K
}
Event: 48.752 GC heap before
{Heap before GC invocations=69 (full 0):
 garbage-first heap   total 121856K, used 66066K [0x0000000080000000, 0x0000000100000000)
  region size 1024K, 9 young (9216K), 3 survivors (3072K)
 Metaspace       used 66255K, capacity 67962K, committed 68144K, reserved 1107968K
  class space    used 8367K, capacity 9035K, committed 9088K, reserved 1048576K
}
Event: 48.759 GC heap after
{Heap after GC invocations=70 (full 0):
 garbage-first heap   total 121856K, used 61486K [0x0000000080000000, 0x0000000100000000)
  region size 1024K, 2 young (2048K), 2 survivors (2048K)
 Metaspace       used 66255K, capacity 67962K, committed 68144K, reserved 1107968K
  class space    used 8367K, capacity 9035K, committed 9088K, reserved 1048576K
}
Event: 49.645 GC heap before
{Heap before GC invocations=71 (full 0):
 garbage-first heap   total 121856K, used 88110K [0x0000000080000000, 0x0000000100000000)
  region size 1024K, 27 young (27648K), 2 survivors (2048K)
 Metaspace       used 68743K, capacity 70369K, committed 70576K, reserved 1110016K
  class space    used 8696K, capacity 9361K, committed 9472K, reserved 1048576K
}
Event: 49.652 GC heap after
{Heap after GC invocations=72 (full 0):
 garbage-first heap   total 121856K, used 62204K [0x0000000080000000, 0x0000000100000000)
  region size 1024K, 3 young (3072K), 3 survivors (3072K)
 Metaspace       used 68743K, capacity 70369K, committed 70576K, reserved 1110016K
  class space    used 8696K, capacity 9361K, committed 9472K, reserved 1048576K
}
Event: 50.103 GC heap before
{Heap before GC invocations=72 (full 0):
 garbage-first heap   total 121856K, used 88828K [0x0000000080000000, 0x0000000100000000)
  region size 1024K, 29 young (29696K), 3 survivors (3072K)
 Metaspace       used 70108K, capacity 71878K, committed 71984K, reserved 1112064K
  class space    used 8860K, capacity 9536K, committed 9600K, reserved 1048576K
}
Event: 50.112 GC heap after
{Heap after GC invocations=73 (full 0):
 garbage-first heap   total 121856K, used 63881K [0x0000000080000000, 0x0000000100000000)
  region size 1024K, 3 young (3072K), 3 survivors (3072K)
 Metaspace       used 70108K, capacity 71878K, committed 71984K, reserved 1112064K
  class space    used 8860K, capacity 9536K, committed 9600K, reserved 1048576K
}
Event: 50.626 GC heap before
{Heap before GC invocations=74 (full 0):
 garbage-first heap   total 121856K, used 91529K [0x0000000080000000, 0x0000000100000000)
  region size 1024K, 30 young (30720K), 3 survivors (3072K)
 Metaspace       used 70278K, capacity 72164K, committed 72368K, reserved 1112064K
  class space    used 8896K, capacity 9610K, committed 9728K, reserved 1048576K
}

Deoptimization events (20 events):
Event: 49.685 Thread 0x000001e8b8392000 DEOPT PACKING pc=0x000001e8a75d09c0 sp=0x0000001c622f74d0
Event: 49.685 Thread 0x000001e8b8392000 DEOPT UNPACKING pc=0x000001e89f79a1af sp=0x0000001c622f7450 mode 2
Event: 50.043 Thread 0x000001e8b8392000 Uncommon trap: trap_request=0xffffff4d fr.pc=0x000001e8a75c9ea0 relative=0x0000000000001700
Event: 50.043 Thread 0x000001e8b8392000 Uncommon trap: reason=unstable_if action=reinterpret pc=0x000001e8a75c9ea0 method=java.lang.ClassLoader.checkCerts(Ljava/lang/String;Ljava/security/CodeSource;)V @ 29 c2
Event: 50.043 Thread 0x000001e8b8392000 DEOPT PACKING pc=0x000001e8a75c9ea0 sp=0x0000001c622f6f40
Event: 50.043 Thread 0x000001e8b8392000 DEOPT UNPACKING pc=0x000001e89f79a1af sp=0x0000001c622f6ea8 mode 2
Event: 50.043 Thread 0x000001e8b8392000 Uncommon trap: trap_request=0xffffff4d fr.pc=0x000001e8a755fa1c relative=0x000000000000013c
Event: 50.043 Thread 0x000001e8b8392000 Uncommon trap: reason=unstable_if action=reinterpret pc=0x000001e8a755fa1c method=java.lang.ClassLoader.defineClassSourceLocation(Ljava/security/ProtectionDomain;)Ljava/lang/String; @ 8 c2
Event: 50.043 Thread 0x000001e8b8392000 DEOPT PACKING pc=0x000001e8a755fa1c sp=0x0000001c622f6ff0
Event: 50.043 Thread 0x000001e8b8392000 DEOPT UNPACKING pc=0x000001e89f79a1af sp=0x0000001c622f6f38 mode 2
Event: 50.044 Thread 0x000001e8b8392000 Uncommon trap: trap_request=0xffffff4d fr.pc=0x000001e8a7499a9c relative=0x0000000000000e7c
Event: 50.044 Thread 0x000001e8b8392000 Uncommon trap: reason=unstable_if action=reinterpret pc=0x000001e8a7499a9c method=java.lang.ClassLoader.loadClass(Ljava/lang/String;Z)Ljava/lang/Class; @ 29 c2
Event: 50.044 Thread 0x000001e8b8392000 DEOPT PACKING pc=0x000001e8a7499a9c sp=0x0000001c622f67c0
Event: 50.044 Thread 0x000001e8b8392000 DEOPT UNPACKING pc=0x000001e89f79a1af sp=0x0000001c622f6788 mode 2
Event: 50.090 Thread 0x000001e8b8392000 DEOPT PACKING pc=0x000001e8a021d411 sp=0x0000001c622f8120
Event: 50.090 Thread 0x000001e8b8392000 DEOPT UNPACKING pc=0x000001e89f79a95e sp=0x0000001c622f75f8 mode 0
Event: 50.374 Thread 0x000001e8b8392000 Uncommon trap: trap_request=0xffffff4d fr.pc=0x000001e8a73f1a78 relative=0x0000000000000338
Event: 50.374 Thread 0x000001e8b8392000 Uncommon trap: reason=unstable_if action=reinterpret pc=0x000001e8a73f1a78 method=java.util.StringJoiner.add(Ljava/lang/CharSequence;)Ljava/util/StringJoiner; @ 33 c2
Event: 50.374 Thread 0x000001e8b8392000 DEOPT PACKING pc=0x000001e8a73f1a78 sp=0x0000001c622f53c0
Event: 50.374 Thread 0x000001e8b8392000 DEOPT UNPACKING pc=0x000001e89f79a1af sp=0x0000001c622f5370 mode 2

Classes redefined (0 events):
No events

Internal exceptions (20 events):
Event: 50.464 Thread 0x000001e8b8392000 Exception <a 'java/lang/ClassNotFoundException'{0x0000000086e8d648}: build_7446wx4snf351e40o9z3gnvcwCustomizer> (0x0000000086e8d648) thrown at [src/hotspot/share/classfile/systemDictionary.cpp, line 230]
Event: 50.578 Thread 0x000001e8b8392000 Exception <a 'java/lang/ClassNotFoundException'{0x000000008634f040}: com/android/build/gradle/internal/dsl/DefaultConfig$AgpDecorated_DecoratedBeanInfo> (0x000000008634f040) thrown at [src/hotspot/share/classfile/systemDictionary.cpp, line 230]
Event: 50.578 Thread 0x000001e8b8392000 Exception <a 'java/lang/ClassNotFoundException'{0x0000000086370490}: com/android/build/gradle/internal/dsl/DefaultConfig$AgpDecoratedBeanInfo> (0x0000000086370490) thrown at [src/hotspot/share/classfile/systemDictionary.cpp, line 230]
Event: 50.579 Thread 0x000001e8b8392000 Exception <a 'java/lang/ClassNotFoundException'{0x000000008638fdd8}: com/android/build/gradle/internal/dsl/DefaultConfigBeanInfo> (0x000000008638fdd8) thrown at [src/hotspot/share/classfile/systemDictionary.cpp, line 230]
Event: 50.579 Thread 0x000001e8b8392000 Exception <a 'java/lang/ClassNotFoundException'{0x00000000863ae1b0}: com/android/build/gradle/internal/dsl/BaseFlavorBeanInfo> (0x00000000863ae1b0) thrown at [src/hotspot/share/classfile/systemDictionary.cpp, line 230]
Event: 50.579 Thread 0x000001e8b8392000 Exception <a 'java/lang/ClassNotFoundException'{0x00000000863cc2e0}: com/android/builder/core/AbstractProductFlavorBeanInfo> (0x00000000863cc2e0) thrown at [src/hotspot/share/classfile/systemDictionary.cpp, line 230]
Event: 50.580 Thread 0x000001e8b8392000 Exception <a 'java/lang/ClassNotFoundException'{0x00000000863ea0c0}: com/android/builder/internal/BaseConfigImplBeanInfo> (0x00000000863ea0c0) thrown at [src/hotspot/share/classfile/systemDictionary.cpp, line 230]
Event: 50.580 Thread 0x000001e8b8392000 Exception <a 'java/lang/ClassNotFoundException'{0x00000000862083f8}: com/android/builder/internal/BaseConfigImplCustomizer> (0x00000000862083f8) thrown at [src/hotspot/share/classfile/systemDictionary.cpp, line 230]
Event: 50.581 Thread 0x000001e8b8392000 Exception <a 'java/lang/ClassNotFoundException'{0x0000000086244ff0}: com/android/builder/core/AbstractProductFlavorCustomizer> (0x0000000086244ff0) thrown at [src/hotspot/share/classfile/systemDictionary.cpp, line 230]
Event: 50.586 Thread 0x000001e8b8392000 Exception <a 'java/lang/ClassNotFoundException'{0x000000008629e560}: com/android/build/gradle/internal/dsl/BaseFlavorCustomizer> (0x000000008629e560) thrown at [src/hotspot/share/classfile/systemDictionary.cpp, line 230]
Event: 50.590 Thread 0x000001e8b8392000 Exception <a 'java/lang/ClassNotFoundException'{0x0000000086116840}: com/android/build/gradle/internal/dsl/DefaultConfigCustomizer> (0x0000000086116840) thrown at [src/hotspot/share/classfile/systemDictionary.cpp, line 230]
Event: 50.591 Thread 0x000001e8b8392000 Exception <a 'java/lang/ClassNotFoundException'{0x0000000086150008}: com/android/build/gradle/internal/dsl/DefaultConfig$AgpDecoratedCustomizer> (0x0000000086150008) thrown at [src/hotspot/share/classfile/systemDictionary.cpp, line 230]
Event: 50.598 Thread 0x000001e8b8392000 Exception <a 'java/lang/ClassNotFoundException'{0x00000000861b9b48}: com/android/build/gradle/internal/dsl/DefaultConfig$AgpDecorated_DecoratedCustomizer> (0x00000000861b9b48) thrown at [src/hotspot/share/classfile/systemDictionary.cpp, line 230]
Event: 50.612 Thread 0x000001e8b8392000 Exception <a 'java/lang/ClassNotFoundException'{0x0000000085f1eb88}: org/gradle/api/internal/NamedDomainObjectContainerConfigureDelegateBeanInfo> (0x0000000085f1eb88) thrown at [src/hotspot/share/classfile/systemDictionary.cpp, line 230]
Event: 50.612 Thread 0x000001e8b8392000 Exception <a 'java/lang/ClassNotFoundException'{0x0000000085f5ea50}: org/gradle/api/internal/NamedDomainObjectContainerConfigureDelegateCustomizer> (0x0000000085f5ea50) thrown at [src/hotspot/share/classfile/systemDictionary.cpp, line 230]
Event: 50.622 Thread 0x000001e8b8392000 Exception <a 'java/lang/ClassNotFoundException'{0x0000000085de2fd0}: org/gradle/api/internal/FactoryNamedDomainObjectContainer_DecoratedBeanInfo> (0x0000000085de2fd0) thrown at [src/hotspot/share/classfile/systemDictionary.cpp, line 230]
Event: 50.623 Thread 0x000001e8b8392000 Exception <a 'java/lang/ClassNotFoundException'{0x0000000085b1fe00}: org/gradle/api/internal/FactoryNamedDomainObjectContainerBeanInfo> (0x0000000085b1fe00) thrown at [src/hotspot/share/classfile/systemDictionary.cpp, line 230]
Event: 50.624 Thread 0x000001e8b8392000 Exception <a 'java/lang/ClassNotFoundException'{0x0000000085b5da08}: org/gradle/api/internal/AbstractNamedDomainObjectContainerBeanInfo> (0x0000000085b5da08) thrown at [src/hotspot/share/classfile/systemDictionary.cpp, line 230]
Event: 50.625 Thread 0x000001e8b8392000 Exception <a 'java/lang/ClassNotFoundException'{0x0000000085b99a88}: org/gradle/api/internal/DefaultNamedDomainObjectSetBeanInfo> (0x0000000085b99a88) thrown at [src/hotspot/share/classfile/systemDictionary.cpp, line 230]
Event: 50.625 Thread 0x000001e8b8392000 Exception <a 'java/lang/ClassNotFoundException'{0x0000000085bd5a10}: org/gradle/api/internal/DefaultNamedDomainObjectSetCustomizer> (0x0000000085bd5a10) thrown at [src/hotspot/share/classfile/systemDictionary.cpp, line 230]

Events (20 events):
Event: 50.624 loading class org/gradle/api/internal/DefaultNamedDomainObjectSetBeanInfo done
Event: 50.624 loading class org/gradle/api/internal/DefaultNamedDomainObjectSetBeanInfo
Event: 50.624 loading class org/gradle/api/internal/DefaultNamedDomainObjectSetBeanInfo done
Event: 50.625 loading class org/gradle/api/internal/DefaultNamedDomainObjectSetBeanInfo
Event: 50.625 loading class org/gradle/api/internal/DefaultNamedDomainObjectSetBeanInfo done
Event: 50.625 loading class org/gradle/api/internal/DefaultNamedDomainObjectSetCustomizer
Event: 50.625 loading class org/gradle/api/internal/DefaultNamedDomainObjectSetCustomizer done
Event: 50.625 loading class org/gradle/api/internal/DefaultNamedDomainObjectSetCustomizer
Event: 50.625 loading class org/gradle/api/internal/DefaultNamedDomainObjectSetCustomizer done
Event: 50.625 loading class org/gradle/api/internal/DefaultNamedDomainObjectSetCustomizer
Event: 50.625 loading class org/gradle/api/internal/DefaultNamedDomainObjectSetCustomizer done
Event: 50.625 loading class org/gradle/api/internal/DefaultNamedDomainObjectSetCustomizer
Event: 50.625 loading class org/gradle/api/internal/DefaultNamedDomainObjectSetCustomizer done
Event: 50.626 loading class org/gradle/api/internal/AbstractNamedDomainObjectContainerCustomizer
Event: 50.626 loading class org/gradle/api/internal/AbstractNamedDomainObjectContainerCustomizer done
Event: 50.626 loading class org/gradle/api/internal/AbstractNamedDomainObjectContainerCustomizer
Event: 50.626 loading class org/gradle/api/internal/AbstractNamedDomainObjectContainerCustomizer done
Event: 50.626 loading class org/gradle/api/internal/AbstractNamedDomainObjectContainerCustomizer
Event: 50.626 loading class org/gradle/api/internal/AbstractNamedDomainObjectContainerCustomizer done
Event: 50.626 Executing VM operation: G1CollectForAllocation


Dynamic libraries:
0x00007ff7c2020000 - 0x00007ff7c202a000 	C:\Program Files\Android\Android Studio\jbr\bin\java.exe
0x00007ffa08fd0000 - 0x00007ffa091e4000 	C:\WINDOWS\SYSTEM32\ntdll.dll
0x00007ffa08160000 - 0x00007ffa08222000 	C:\WINDOWS\System32\KERNEL32.DLL
0x00007ffa064f0000 - 0x00007ffa06893000 	C:\WINDOWS\System32\KERNELBASE.dll
0x00007ffa06bc0000 - 0x00007ffa06cd1000 	C:\WINDOWS\System32\ucrtbase.dll
0x00007ff9b5490000 - 0x00007ff9b54ab000 	C:\Program Files\Android\Android Studio\jbr\bin\VCRUNTIME140.dll
0x00007ff9b6cd0000 - 0x00007ff9b6ce7000 	C:\Program Files\Android\Android Studio\jbr\bin\jli.dll
0x00007ffa07ec0000 - 0x00007ffa0806b000 	C:\WINDOWS\System32\USER32.dll
0x00007ffa06ce0000 - 0x00007ffa06d06000 	C:\WINDOWS\System32\win32u.dll
0x00007ffa07190000 - 0x00007ffa071b9000 	C:\WINDOWS\System32\GDI32.dll
0x00007ffa063d0000 - 0x00007ffa064e9000 	C:\WINDOWS\System32\gdi32full.dll
0x00007ffa06d10000 - 0x00007ffa06daa000 	C:\WINDOWS\System32\msvcp_win.dll
0x00007ff9f17c0000 - 0x00007ff9f1a4e000 	C:\WINDOWS\WinSxS\amd64_microsoft.windows.common-controls_6595b64144ccf1df_6.0.22621.1635_none_270f70857386168e\COMCTL32.dll
0x00007ffa082c0000 - 0x00007ffa08367000 	C:\WINDOWS\System32\msvcrt.dll
0x00007ffa071c0000 - 0x00007ffa071f1000 	C:\WINDOWS\System32\IMM32.DLL
0x00007ff9ea1c0000 - 0x00007ff9ea1cc000 	C:\Program Files\Android\Android Studio\jbr\bin\vcruntime140_1.dll
0x00007ff9b49b0000 - 0x00007ff9b4a3d000 	C:\Program Files\Android\Android Studio\jbr\bin\msvcp140.dll
0x00007ff95d780000 - 0x00007ff95e33c000 	C:\Program Files\Android\Android Studio\jbr\bin\server\jvm.dll
0x00007ffa070e0000 - 0x00007ffa0718e000 	C:\WINDOWS\System32\ADVAPI32.dll
0x00007ffa08ed0000 - 0x00007ffa08f74000 	C:\WINDOWS\System32\sechost.dll
0x00007ffa07890000 - 0x00007ffa079a7000 	C:\WINDOWS\System32\RPCRT4.dll
0x00007ffa08f80000 - 0x00007ffa08f88000 	C:\WINDOWS\System32\PSAPI.DLL
0x00007ff9e5dc0000 - 0x00007ff9e5dc9000 	C:\WINDOWS\SYSTEM32\WSOCK32.dll
0x00007ffa08230000 - 0x00007ffa082a1000 	C:\WINDOWS\System32\WS2_32.dll
0x00007ff9ff330000 - 0x00007ff9ff364000 	C:\WINDOWS\SYSTEM32\WINMM.dll
0x00007ff9ff580000 - 0x00007ff9ff58a000 	C:\WINDOWS\SYSTEM32\VERSION.dll
0x00007ffa05420000 - 0x00007ffa05438000 	C:\WINDOWS\SYSTEM32\kernel.appcore.dll
0x00007ff9eff40000 - 0x00007ff9eff50000 	C:\Program Files\Android\Android Studio\jbr\bin\verify.dll
0x00007ff9f2d10000 - 0x00007ff9f2f3e000 	C:\WINDOWS\SYSTEM32\DBGHELP.DLL
0x00007ffa07ab0000 - 0x00007ffa07e39000 	C:\WINDOWS\System32\combase.dll
0x00007ffa08080000 - 0x00007ffa08157000 	C:\WINDOWS\System32\OLEAUT32.dll
0x00007ff9ea390000 - 0x00007ff9ea3c2000 	C:\WINDOWS\SYSTEM32\dbgcore.DLL
0x00007ffa06b40000 - 0x00007ffa06bbb000 	C:\WINDOWS\System32\bcryptPrimitives.dll
0x00007ff9d6f60000 - 0x00007ff9d6f88000 	C:\Program Files\Android\Android Studio\jbr\bin\java.dll
0x00007ff9ed120000 - 0x00007ff9ed12a000 	C:\Program Files\Android\Android Studio\jbr\bin\jimage.dll
0x00007ff9dd110000 - 0x00007ff9dd128000 	C:\Program Files\Android\Android Studio\jbr\bin\zip.dll
0x00007ffa086d0000 - 0x00007ffa08eca000 	C:\WINDOWS\System32\SHELL32.dll
0x00007ffa043d0000 - 0x00007ffa04c9e000 	C:\WINDOWS\SYSTEM32\windows.storage.dll
0x00007ffa04290000 - 0x00007ffa043ce000 	C:\WINDOWS\SYSTEM32\wintypes.dll
0x00007ffa079b0000 - 0x00007ffa07aa1000 	C:\WINDOWS\System32\SHCORE.dll
0x00007ffa07080000 - 0x00007ffa070de000 	C:\WINDOWS\System32\shlwapi.dll
0x00007ffa06300000 - 0x00007ffa06321000 	C:\WINDOWS\SYSTEM32\profapi.dll
0x00007ff9c5300000 - 0x00007ff9c5319000 	C:\Program Files\Android\Android Studio\jbr\bin\net.dll
0x00007ff9f9450000 - 0x00007ff9f9587000 	C:\WINDOWS\SYSTEM32\WINHTTP.dll
0x00007ffa05890000 - 0x00007ffa058f9000 	C:\WINDOWS\system32\mswsock.dll
0x00007ff9c51c0000 - 0x00007ff9c51d3000 	C:\Program Files\Android\Android Studio\jbr\bin\nio.dll
0x00007ff9b5aa0000 - 0x00007ff9b5ac7000 	C:\Users\HP-CSD\.gradle\native\68d5fa5c4cc2d200863cafc0d521ce42e7d3e7ee720ec0a83991735586a16f82\windows-amd64\native-platform.dll
0x00007ff9af930000 - 0x00007ff9afa74000 	C:\Users\HP-CSD\.gradle\native\e376f236ea51e6404a007f0833ffe2c6e607c4080706a723a18a27aeea778392\windows-amd64\native-platform-file-events.dll
0x00007ff9ed110000 - 0x00007ff9ed11a000 	C:\Program Files\Android\Android Studio\jbr\bin\management.dll
0x00007ff9ed0d0000 - 0x00007ff9ed0db000 	C:\Program Files\Android\Android Studio\jbr\bin\management_ext.dll
0x00007ffa05af0000 - 0x00007ffa05b0b000 	C:\WINDOWS\SYSTEM32\CRYPTSP.dll
0x00007ffa05390000 - 0x00007ffa053c5000 	C:\WINDOWS\system32\rsaenh.dll
0x00007ffa05990000 - 0x00007ffa059b8000 	C:\WINDOWS\SYSTEM32\USERENV.dll
0x00007ffa05cb0000 - 0x00007ffa05cd8000 	C:\WINDOWS\SYSTEM32\bcrypt.dll
0x00007ffa05b10000 - 0x00007ffa05b1c000 	C:\WINDOWS\SYSTEM32\CRYPTBASE.dll
0x00007ffa04f40000 - 0x00007ffa04f6d000 	C:\WINDOWS\SYSTEM32\IPHLPAPI.DLL
0x00007ffa07750000 - 0x00007ffa07759000 	C:\WINDOWS\System32\NSI.dll
0x00007ff9f9430000 - 0x00007ff9f9449000 	C:\WINDOWS\SYSTEM32\dhcpcsvc6.DLL
0x00007ff9f9410000 - 0x00007ff9f942f000 	C:\WINDOWS\SYSTEM32\dhcpcsvc.DLL
0x00007ffa04f70000 - 0x00007ffa05063000 	C:\WINDOWS\SYSTEM32\DNSAPI.dll

dbghelp: loaded successfully - version: 4.0.5 - missing functions: none
symbol engine: initialized successfully - sym options: 0x614 - pdb path: .;C:\Program Files\Android\Android Studio\jbr\bin;C:\WINDOWS\SYSTEM32;C:\WINDOWS\WinSxS\amd64_microsoft.windows.common-controls_6595b64144ccf1df_6.0.22621.1635_none_270f70857386168e;C:\Program Files\Android\Android Studio\jbr\bin\server;C:\Users\HP-CSD\.gradle\native\68d5fa5c4cc2d200863cafc0d521ce42e7d3e7ee720ec0a83991735586a16f82\windows-amd64;C:\Users\HP-CSD\.gradle\native\e376f236ea51e6404a007f0833ffe2c6e607c4080706a723a18a27aeea778392\windows-amd64

VM Arguments:
jvm_args: --add-opens=java.base/java.util=ALL-UNNAMED --add-opens=java.base/java.lang=ALL-UNNAMED --add-opens=java.base/java.lang.invoke=ALL-UNNAMED --add-opens=java.prefs/java.util.prefs=ALL-UNNAMED --add-opens=java.base/java.nio.charset=ALL-UNNAMED --add-opens=java.base/java.net=ALL-UNNAMED --add-opens=java.base/java.util.concurrent.atomic=ALL-UNNAMED -Xmx2048m -Dfile.encoding=UTF-8 -Duser.country=PE -Duser.language=es -Duser.variant 
java_command: org.gradle.launcher.daemon.bootstrap.GradleDaemon 8.0
java_class_path (initial): C:\Users\HP-CSD\.gradle\wrapper\dists\gradle-8.0-bin\ca5e32bp14vu59qr306oxotwh\gradle-8.0\lib\gradle-launcher-8.0.jar
Launcher Type: SUN_STANDARD

[Global flags]
     intx CICompilerCount                          = 2                                         {product} {ergonomic}
     uint ConcGCThreads                            = 1                                         {product} {ergonomic}
     uint G1ConcRefinementThreads                  = 2                                         {product} {ergonomic}
   size_t G1HeapRegionSize                         = 1048576                                   {product} {ergonomic}
    uintx GCDrainStackTargetSize                   = 64                                        {product} {ergonomic}
   size_t InitialHeapSize                          = 58720256                                  {product} {ergonomic}
   size_t MarkStackSize                            = 4194304                                   {product} {ergonomic}
   size_t MaxHeapSize                              = 2147483648                                {product} {command line}
   size_t MaxNewSize                               = 1287651328                                {product} {ergonomic}
   size_t MinHeapDeltaBytes                        = 1048576                                   {product} {ergonomic}
    uintx NonNMethodCodeHeapSize                   = 5825164                                {pd product} {ergonomic}
    uintx NonProfiledCodeHeapSize                  = 122916538                              {pd product} {ergonomic}
    uintx ProfiledCodeHeapSize                     = 122916538                              {pd product} {ergonomic}
    uintx ReservedCodeCacheSize                    = 251658240                              {pd product} {ergonomic}
     bool SegmentedCodeCache                       = true                                      {product} {ergonomic}
     bool UseCompressedClassPointers               = true                                 {lp64_product} {ergonomic}
     bool UseCompressedOops                        = true                                 {lp64_product} {ergonomic}
     bool UseG1GC                                  = true                                      {product} {ergonomic}
     bool UseLargePagesIndividualAllocation        = false                                  {pd product} {ergonomic}

Logging:
Log output configuration:
 #0: stdout all=warning uptime,level,tags
 #1: stderr all=off uptime,level,tags

Environment Variables:
JAVA_HOME=C:\Program Files\Java\jdk-17
PATH=C:\app\HP-CSD\product\21c\dbhomeXE\bin;C:\Program Files\Common Files\Oracle\Java\javapath;C:\oraclexe\app\oracle\product\11.2.0\server\bin;C:\WINDOWS\system32;C:\WINDOWS;C:\WINDOWS\System32\Wbem;C:\WINDOWS\System32\WindowsPowerShell\v1.0\;C:\WINDOWS\System32\OpenSSH\;C:\Program Files\Git\cmd;C:\Program Files\nodejs\;C:\xampp\php;C:\ProgramData\ComposerSetup\bin;C:\Program Files\Java\jdk-17\bin;C:\Program Files\Apache Software Foundation\Tomcat 9.0\bin;C:\Users\HP-CSD\AppData\Local\Programs\Python\Python310\Scripts\;C:\Users\HP-CSD\AppData\Local\Programs\Python\Python310\;C:\Users\HP-CSD\AppData\Local\Microsoft\WindowsApps;C:\Program Files\MongoDB\Server\6.0\bin;C:\Program Files\MongoDB\Server\5.0\bin;D:\VISUAL\Microsoft VS Code\bin;C:\Users\HP-CSD\AppData\Roaming\npm;C:\Users\HP-CSD\AppData\Roaming\Composer\vendor\bin;
USERNAME=HP-CSD
OS=Windows_NT
PROCESSOR_IDENTIFIER=AMD64 Family 23 Model 24 Stepping 1, AuthenticAMD



---------------  S Y S T E M  ---------------

OS: Windows 11 , 64 bit Build 22621 (10.0.22621.1778)
OS uptime: 0 days 14:27 hours

CPU:total 2 (initial active 2) (2 cores per cpu, 1 threads per core) family 23 model 24 stepping 1 microcode 0x0, cmov, cx8, fxsr, mmx, sse, sse2, sse3, ssse3, sse4.1, sse4.2, popcnt, avx, avx2, aes, clmul, mmxext, 3dnowpref, lzcnt, sse4a, tsc, tscinvbit, tscinv, bmi1, bmi2, adx, sha, fma

Memory: 4k page, system-wide physical 3500M (126M free)
TotalPageFile size 14252M (AvailPageFile size 13M)
current process WorkingSet (physical memory assigned to process): 288M, peak: 291M
current process commit charge ("private bytes"): 343M, peak: 367M

vm_info: OpenJDK 64-Bit Server VM (11.0.15+0-b2043.56-9505619) for windows-amd64 JRE (11.0.15+0-b2043.56-9505619), built on Jan 19 2023 02:48:00 by "builduser" with unknown MS VC++:1929

END.
