#
# There is insufficient memory for the Java Runtime Environment to continue.
# Native memory allocation (malloc) failed to allocate 2078416 bytes for Chunk::new
# Possible reasons:
#   The system is out of physical RAM or swap space
#   The process is running with CompressedOops enabled, and the Java Heap may be blocking the growth of the native heap
# Possible solutions:
#   Reduce memory load on the system
#   Increase physical memory or swap space
#   Check if swap backing store is full
#   Decrease Java heap size (-Xmx/-Xms)
#   Decrease number of Java threads
#   Decrease Java thread stack sizes (-Xss)
#   Set larger code cache with -XX:ReservedCodeCacheSize=
#   JVM is running with Unscaled Compressed Oops mode in which the Java heap is
#     placed in the first 4GB address space. The Java Heap base address is the
#     maximum limit for the native heap growth. Please use -XX:HeapBaseMinAddress
#     to set the Java Heap base and to place the Java Heap above 4GB virtual address.
# This output file may be truncated or incomplete.
#
#  Out of Memory Error (src/hotspot/share/memory/arena.cpp:197), pid=13212, tid=10520
#
# JRE version: OpenJDK Runtime Environment (11.0.15) (build 11.0.15+0-b2043.56-9505619)
# Java VM: OpenJDK 64-Bit Server VM (11.0.15+0-b2043.56-9505619, mixed mode, tiered, compressed oops, g1 gc, windows-amd64)
# No core dump will be written. Minidumps are not enabled by default on client versions of Windows
#

---------------  S U M M A R Y ------------

Command Line: --add-opens=java.base/java.util=ALL-UNNAMED --add-opens=java.base/java.lang=ALL-UNNAMED --add-opens=java.base/java.lang.invoke=ALL-UNNAMED --add-opens=java.prefs/java.util.prefs=ALL-UNNAMED --add-opens=java.base/java.nio.charset=ALL-UNNAMED --add-opens=java.base/java.net=ALL-UNNAMED --add-opens=java.base/java.util.concurrent.atomic=ALL-UNNAMED -Xmx2048m -Dfile.encoding=UTF-8 -Duser.country=PE -Duser.language=es -Duser.variant org.gradle.launcher.daemon.bootstrap.GradleDaemon 8.0

Host: AMD Athlon Silver 3050U with Radeon Graphics   , 2 cores, 3G,  Windows 11 , 64 bit Build 22621 (10.0.22621.1778)
Time: Tue Jun 27 01:25:00 2023 Hora est. Pacífico, Sudamérica elapsed time: 639.608567 seconds (0d 0h 10m 39s)

---------------  T H R E A D  ---------------

Current thread (0x00000222aadd4800):  JavaThread "C2 CompilerThread0" daemon [_thread_in_native, id=10520, stack(0x0000003e86a00000,0x0000003e86b00000)]


Current CompileTask:
C2: 639609 8068       4       java.beans.MethodRef::set (58 bytes)

Stack: [0x0000003e86a00000,0x0000003e86b00000]
Native frames: (J=compiled Java code, j=interpreted, Vv=VM code, C=native code)
V  [jvm.dll+0x64135a]
V  [jvm.dll+0x7d39f9]
V  [jvm.dll+0x7d51b9]
V  [jvm.dll+0x7d58a3]
V  [jvm.dll+0x2691c5]
V  [jvm.dll+0xc1a5c]
V  [jvm.dll+0xc200c]
V  [jvm.dll+0x3774a7]
V  [jvm.dll+0x342495]
V  [jvm.dll+0x34186a]
V  [jvm.dll+0x2214bd]
V  [jvm.dll+0x220498]
V  [jvm.dll+0x19e851]
V  [jvm.dll+0x230479]
V  [jvm.dll+0x22e5ef]
V  [jvm.dll+0x794de1]
V  [jvm.dll+0x78dc24]
V  [jvm.dll+0x6400f6]
C  [ucrtbase.dll+0x29363]
C  [KERNEL32.DLL+0x126ad]
C  [ntdll.dll+0x5a9f8]


---------------  P R O C E S S  ---------------

Threads class SMR info:
_java_thread_list=0x00000222b1729e20, length=56, elements={
0x000002228f69c800, 0x00000222aad73000, 0x00000222aad7c800, 0x00000222aadcd800,
0x00000222aadd1000, 0x00000222aadd2000, 0x00000222aadd4800, 0x00000222ab768800,
0x00000222ab769000, 0x00000222ab86a000, 0x00000222ac104000, 0x00000222ac25f800,
0x00000222acf56000, 0x00000222ac477000, 0x00000222ac99f800, 0x00000222ade29800,
0x00000222ac088800, 0x00000222ac103000, 0x00000222ac36f000, 0x00000222aca23800,
0x00000222aca21000, 0x00000222aca23000, 0x00000222ae28d800, 0x00000222ae28c000,
0x00000222ae28d000, 0x00000222ae28e800, 0x00000222ae28f000, 0x00000222ae290000,
0x00000222ae28a800, 0x00000222ae291000, 0x00000222ae28b000, 0x00000222ae294000,
0x00000222ae293800, 0x00000222ae292800, 0x00000222ae291800, 0x00000222ae298000,
0x00000222ae299000, 0x00000222ae295000, 0x00000222ae296000, 0x00000222ae296800,
0x00000222aca22000, 0x00000222afa8a000, 0x00000222afa8c800, 0x00000222afa8b000,
0x00000222afa8f000, 0x00000222afa8b800, 0x00000222afa8d800, 0x00000222afa8e000,
0x00000222afa89800, 0x00000222afa94000, 0x00000222afa95800, 0x00000222afa91800,
0x00000222afa90000, 0x00000222afa90800, 0x00000222afa96800, 0x00000222afa98000
}

Java Threads: ( => current thread )
  0x000002228f69c800 JavaThread "main" [_thread_blocked, id=1884, stack(0x0000003e85e00000,0x0000003e85f00000)]
  0x00000222aad73000 JavaThread "Reference Handler" daemon [_thread_blocked, id=13452, stack(0x0000003e86500000,0x0000003e86600000)]
  0x00000222aad7c800 JavaThread "Finalizer" daemon [_thread_blocked, id=9016, stack(0x0000003e86600000,0x0000003e86700000)]
  0x00000222aadcd800 JavaThread "Signal Dispatcher" daemon [_thread_blocked, id=6548, stack(0x0000003e86700000,0x0000003e86800000)]
  0x00000222aadd1000 JavaThread "Attach Listener" daemon [_thread_blocked, id=10740, stack(0x0000003e86800000,0x0000003e86900000)]
  0x00000222aadd2000 JavaThread "Service Thread" daemon [_thread_blocked, id=2124, stack(0x0000003e86900000,0x0000003e86a00000)]
=>0x00000222aadd4800 JavaThread "C2 CompilerThread0" daemon [_thread_in_native, id=10520, stack(0x0000003e86a00000,0x0000003e86b00000)]
  0x00000222ab768800 JavaThread "C1 CompilerThread0" daemon [_thread_blocked, id=10360, stack(0x0000003e86b00000,0x0000003e86c00000)]
  0x00000222ab769000 JavaThread "Sweeper thread" daemon [_thread_blocked, id=13868, stack(0x0000003e86c00000,0x0000003e86d00000)]
  0x00000222ab86a000 JavaThread "Common-Cleaner" daemon [_thread_blocked, id=13852, stack(0x0000003e86d00000,0x0000003e86e00000)]
  0x00000222ac104000 JavaThread "Daemon health stats" [_thread_blocked, id=10844, stack(0x0000003e85c00000,0x0000003e85d00000)]
  0x00000222ac25f800 JavaThread "Incoming local TCP Connector on port 51467" [_thread_in_native, id=1396, stack(0x0000003e87100000,0x0000003e87200000)]
  0x00000222acf56000 JavaThread "Daemon periodic checks" [_thread_blocked, id=13028, stack(0x0000003e87200000,0x0000003e87300000)]
  0x00000222ac477000 JavaThread "Daemon" [_thread_blocked, id=5104, stack(0x0000003e87300000,0x0000003e87400000)]
  0x00000222ac99f800 JavaThread "Handler for socket connection from /127.0.0.1:51467 to /127.0.0.1:51471" [_thread_in_native, id=14012, stack(0x0000003e87400000,0x0000003e87500000)]
  0x00000222ade29800 JavaThread "Cancel handler" [_thread_blocked, id=12748, stack(0x0000003e87500000,0x0000003e87600000)]
  0x00000222ac088800 JavaThread "Daemon worker" [_thread_in_vm, id=1540, stack(0x0000003e87600000,0x0000003e87700000)]
  0x00000222ac103000 JavaThread "Asynchronous log dispatcher for DefaultDaemonConnection: socket connection from /127.0.0.1:51467 to /127.0.0.1:51471" [_thread_blocked, id=7580, stack(0x0000003e87700000,0x0000003e87800000)]
  0x00000222ac36f000 JavaThread "Daemon client event forwarder" [_thread_blocked, id=1288, stack(0x0000003e87900000,0x0000003e87a00000)]
  0x00000222aca23800 JavaThread "Cache worker for journal cache (C:\Users\HP-CSD\.gradle\caches\journal-1)" [_thread_blocked, id=10088, stack(0x0000003e87c00000,0x0000003e87d00000)]
  0x00000222aca21000 JavaThread "File lock request listener" [_thread_in_native, id=10548, stack(0x0000003e87d00000,0x0000003e87e00000)]
  0x00000222aca23000 JavaThread "Cache worker for file hash cache (C:\Users\HP-CSD\.gradle\caches\8.0\fileHashes)" [_thread_blocked, id=10732, stack(0x0000003e85d00000,0x0000003e85e00000)]
  0x00000222ae28d800 JavaThread "File watcher server" daemon [_thread_in_native, id=2708, stack(0x0000003e87000000,0x0000003e87100000)]
  0x00000222ae28c000 JavaThread "File watcher consumer" daemon [_thread_blocked, id=10388, stack(0x0000003e87f00000,0x0000003e88000000)]
  0x00000222ae28d000 JavaThread "jar transforms" [_thread_blocked, id=3044, stack(0x0000003e87800000,0x0000003e87900000)]
  0x00000222ae28e800 JavaThread "jar transforms Thread 2" [_thread_blocked, id=11728, stack(0x0000003e88000000,0x0000003e88100000)]
  0x00000222ae28f000 JavaThread "Cache worker for checksums cache (C:\Users\HP-CSD\AndroidStudioProjects\PokeTinder\.gradle\8.0\checksums)" [_thread_blocked, id=14476, stack(0x0000003e88100000,0x0000003e88200000)]
  0x00000222ae290000 JavaThread "Cache worker for cache directory md-rule (C:\Users\HP-CSD\.gradle\caches\8.0\md-rule)" [_thread_blocked, id=14524, stack(0x0000003e88200000,0x0000003e88300000)]
  0x00000222ae28a800 JavaThread "Cache worker for file content cache (C:\Users\HP-CSD\.gradle\caches\8.0\fileContent)" [_thread_blocked, id=14532, stack(0x0000003e88300000,0x0000003e88400000)]
  0x00000222ae291000 JavaThread "Cache worker for file hash cache (C:\Users\HP-CSD\AndroidStudioProjects\PokeTinder\.gradle\8.0\fileHashes)" [_thread_blocked, id=14588, stack(0x0000003e88400000,0x0000003e88500000)]
  0x00000222ae28b000 JavaThread "Cache worker for cache directory md-supplier (C:\Users\HP-CSD\.gradle\caches\8.0\md-supplier)" [_thread_blocked, id=14612, stack(0x0000003e88500000,0x0000003e88600000)]
  0x00000222ae294000 JavaThread "Cache worker for execution history cache (C:\Users\HP-CSD\.gradle\caches\8.0\executionHistory)" [_thread_blocked, id=14656, stack(0x0000003e88600000,0x0000003e88700000)]
  0x00000222ae293800 JavaThread "File lock release action executor Thread 2" [_thread_blocked, id=7676, stack(0x0000003e87a00000,0x0000003e87b00000)]
  0x00000222ae292800 JavaThread "Cache worker for dependencies-accessors (C:\Users\HP-CSD\AndroidStudioProjects\PokeTinder\.gradle\8.0\dependencies-accessors)" [_thread_blocked, id=10956, stack(0x0000003e87b00000,0x0000003e87c00000)]
  0x00000222ae291800 JavaThread "Cache worker for Build Output Cleanup Cache (C:\Users\HP-CSD\AndroidStudioProjects\PokeTinder\.gradle\buildOutputCleanup)" [_thread_blocked, id=7868, stack(0x0000003e88700000,0x0000003e88800000)]
  0x00000222ae298000 JavaThread "Unconstrained build operations" [_thread_blocked, id=9368, stack(0x0000003e87e00000,0x0000003e87f00000)]
  0x00000222ae299000 JavaThread "Unconstrained build operations Thread 2" [_thread_blocked, id=14652, stack(0x0000003e88800000,0x0000003e88900000)]
  0x00000222ae295000 JavaThread "Unconstrained build operations Thread 3" [_thread_blocked, id=12084, stack(0x0000003e88900000,0x0000003e88a00000)]
  0x00000222ae296000 JavaThread "Unconstrained build operations Thread 4" [_thread_blocked, id=13912, stack(0x0000003e88a00000,0x0000003e88b00000)]
  0x00000222ae296800 JavaThread "Unconstrained build operations Thread 5" [_thread_blocked, id=14876, stack(0x0000003e88b00000,0x0000003e88c00000)]
  0x00000222aca22000 JavaThread "Unconstrained build operations Thread 6" [_thread_blocked, id=12676, stack(0x0000003e88c00000,0x0000003e88d00000)]
  0x00000222afa8a000 JavaThread "Unconstrained build operations Thread 7" [_thread_blocked, id=6412, stack(0x0000003e88d00000,0x0000003e88e00000)]
  0x00000222afa8c800 JavaThread "Unconstrained build operations Thread 8" [_thread_blocked, id=8296, stack(0x0000003e88e00000,0x0000003e88f00000)]
  0x00000222afa8b000 JavaThread "Unconstrained build operations Thread 9" [_thread_blocked, id=8348, stack(0x0000003e88f00000,0x0000003e89000000)]
  0x00000222afa8f000 JavaThread "Unconstrained build operations Thread 10" [_thread_blocked, id=9056, stack(0x0000003e89000000,0x0000003e89100000)]
  0x00000222afa8b800 JavaThread "Unconstrained build operations Thread 11" [_thread_blocked, id=10696, stack(0x0000003e89100000,0x0000003e89200000)]
  0x00000222afa8d800 JavaThread "Unconstrained build operations Thread 12" [_thread_blocked, id=4300, stack(0x0000003e89200000,0x0000003e89300000)]
  0x00000222afa8e000 JavaThread "Unconstrained build operations Thread 13" [_thread_blocked, id=8568, stack(0x0000003e89300000,0x0000003e89400000)]
  0x00000222afa89800 JavaThread "Unconstrained build operations Thread 14" [_thread_blocked, id=11460, stack(0x0000003e89400000,0x0000003e89500000)]
  0x00000222afa94000 JavaThread "Unconstrained build operations Thread 15" [_thread_blocked, id=11208, stack(0x0000003e89500000,0x0000003e89600000)]
  0x00000222afa95800 JavaThread "Unconstrained build operations Thread 16" [_thread_blocked, id=11912, stack(0x0000003e89600000,0x0000003e89700000)]
  0x00000222afa91800 JavaThread "Unconstrained build operations Thread 17" [_thread_blocked, id=9560, stack(0x0000003e89700000,0x0000003e89800000)]
  0x00000222afa90000 JavaThread "Unconstrained build operations Thread 18" [_thread_blocked, id=13660, stack(0x0000003e89800000,0x0000003e89900000)]
  0x00000222afa90800 JavaThread "Unconstrained build operations Thread 19" [_thread_blocked, id=1664, stack(0x0000003e89900000,0x0000003e89a00000)]
  0x00000222afa96800 JavaThread "Unconstrained build operations Thread 20" [_thread_blocked, id=12060, stack(0x0000003e89a00000,0x0000003e89b00000)]
  0x00000222afa98000 JavaThread "Memory manager" [_thread_blocked, id=15340, stack(0x0000003e89b00000,0x0000003e89c00000)]

Other Threads:
  0x00000222aad6d000 VMThread "VM Thread" [stack: 0x0000003e86400000,0x0000003e86500000] [id=992]
  0x00000222ab892000 WatcherThread [stack: 0x0000003e86e00000,0x0000003e86f00000] [id=8776]
  0x000002228f6b6000 GCTaskThread "GC Thread#0" [stack: 0x0000003e85f00000,0x0000003e86000000] [id=12708]
  0x00000222ab955800 GCTaskThread "GC Thread#1" [stack: 0x0000003e86f00000,0x0000003e87000000] [id=12784]
  0x000002228f6e7000 ConcurrentGCThread "G1 Main Marker" [stack: 0x0000003e86000000,0x0000003e86100000] [id=13364]
  0x000002228f6e9800 ConcurrentGCThread "G1 Conc#0" [stack: 0x0000003e86100000,0x0000003e86200000] [id=11836]
  0x000002228f727000 ConcurrentGCThread "G1 Refine#0" [stack: 0x0000003e86200000,0x0000003e86300000] [id=11552]
  0x000002228f72b000 ConcurrentGCThread "G1 Young RemSet Sampling" [stack: 0x0000003e86300000,0x0000003e86400000] [id=1736]

Threads with active compile tasks:
C2 CompilerThread0   639689 8068       4       java.beans.MethodRef::set (58 bytes)

VM state:not at safepoint (normal execution)

VM Mutex/Monitor currently owned by a thread: None

Heap address: 0x0000000080000000, size: 2048 MB, Compressed Oops mode: 32-bit
Narrow klass base: 0x0000000000000000, Narrow klass shift: 3
Compressed class space size: 1073741824 Address: 0x0000000100000000

Heap:
 garbage-first heap   total 139264K, used 131677K [0x0000000080000000, 0x0000000100000000)
  region size 1024K, 2 young (2048K), 1 survivors (1024K)
 Metaspace       used 72423K, capacity 74509K, committed 74800K, reserved 1114112K
  class space    used 9206K, capacity 10015K, committed 10112K, reserved 1048576K
Heap Regions: E=young(eden), S=young(survivor), O=old, HS=humongous(starts), HC=humongous(continues), CS=collection set, F=free, A=archive, TAMS=top-at-mark-start (previous, next)
|   0|0x0000000080000000, 0x0000000080100000, 0x0000000080100000|100%| O|  |TAMS 0x0000000080100000, 0x0000000080000000| Untracked 
|   1|0x0000000080100000, 0x0000000080200000, 0x0000000080200000|100%|HS|  |TAMS 0x0000000080200000, 0x0000000080100000| Complete 
|   2|0x0000000080200000, 0x0000000080300000, 0x0000000080300000|100%|HC|  |TAMS 0x0000000080300000, 0x0000000080200000| Complete 
|   3|0x0000000080300000, 0x0000000080400000, 0x0000000080400000|100%|HC|  |TAMS 0x0000000080400000, 0x0000000080300000| Complete 
|   4|0x0000000080400000, 0x0000000080500000, 0x0000000080500000|100%|HC|  |TAMS 0x0000000080500000, 0x0000000080400000| Complete 
|   5|0x0000000080500000, 0x0000000080600000, 0x0000000080600000|100%| O|  |TAMS 0x0000000080600000, 0x0000000080500000| Untracked 
|   6|0x0000000080600000, 0x0000000080700000, 0x0000000080700000|100%| O|  |TAMS 0x0000000080700000, 0x0000000080600000| Untracked 
|   7|0x0000000080700000, 0x0000000080800000, 0x0000000080800000|100%| O|  |TAMS 0x0000000080800000, 0x0000000080700000| Untracked 
|   8|0x0000000080800000, 0x0000000080900000, 0x0000000080900000|100%| O|  |TAMS 0x0000000080900000, 0x0000000080800000| Untracked 
|   9|0x0000000080900000, 0x0000000080a00000, 0x0000000080a00000|100%| O|  |TAMS 0x0000000080a00000, 0x0000000080900000| Untracked 
|  10|0x0000000080a00000, 0x0000000080b00000, 0x0000000080b00000|100%| O|  |TAMS 0x0000000080b00000, 0x0000000080a00000| Untracked 
|  11|0x0000000080b00000, 0x0000000080c00000, 0x0000000080c00000|100%| O|  |TAMS 0x0000000080c00000, 0x0000000080b00000| Untracked 
|  12|0x0000000080c00000, 0x0000000080d00000, 0x0000000080d00000|100%| O|  |TAMS 0x0000000080d00000, 0x0000000080c00000| Untracked 
|  13|0x0000000080d00000, 0x0000000080e00000, 0x0000000080e00000|100%| O|  |TAMS 0x0000000080e00000, 0x0000000080d00000| Untracked 
|  14|0x0000000080e00000, 0x0000000080f00000, 0x0000000080f00000|100%| O|  |TAMS 0x0000000080f00000, 0x0000000080e00000| Untracked 
|  15|0x0000000080f00000, 0x0000000081000000, 0x0000000081000000|100%| O|  |TAMS 0x0000000081000000, 0x0000000080f00000| Untracked 
|  16|0x0000000081000000, 0x0000000081100000, 0x0000000081100000|100%| O|  |TAMS 0x0000000081100000, 0x0000000081000000| Untracked 
|  17|0x0000000081100000, 0x0000000081200000, 0x0000000081200000|100%| O|  |TAMS 0x0000000081200000, 0x0000000081100000| Untracked 
|  18|0x0000000081200000, 0x0000000081300000, 0x0000000081300000|100%|HS|  |TAMS 0x0000000081300000, 0x0000000081200000| Complete 
|  19|0x0000000081300000, 0x0000000081400000, 0x0000000081400000|100%|HC|  |TAMS 0x0000000081400000, 0x0000000081300000| Complete 
|  20|0x0000000081400000, 0x0000000081500000, 0x0000000081500000|100%|HS|  |TAMS 0x0000000081500000, 0x0000000081400000| Complete 
|  21|0x0000000081500000, 0x0000000081600000, 0x0000000081600000|100%|HC|  |TAMS 0x0000000081600000, 0x0000000081500000| Complete 
|  22|0x0000000081600000, 0x0000000081700000, 0x0000000081700000|100%|HC|  |TAMS 0x0000000081700000, 0x0000000081600000| Complete 
|  23|0x0000000081700000, 0x0000000081800000, 0x0000000081800000|100%| O|  |TAMS 0x0000000081800000, 0x0000000081700000| Untracked 
|  24|0x0000000081800000, 0x0000000081900000, 0x0000000081900000|100%|HS|  |TAMS 0x0000000081900000, 0x0000000081800000| Complete 
|  25|0x0000000081900000, 0x0000000081a00000, 0x0000000081a00000|100%|HC|  |TAMS 0x0000000081a00000, 0x0000000081900000| Complete 
|  26|0x0000000081a00000, 0x0000000081b00000, 0x0000000081b00000|100%|HC|  |TAMS 0x0000000081b00000, 0x0000000081a00000| Complete 
|  27|0x0000000081b00000, 0x0000000081c00000, 0x0000000081c00000|100%| O|  |TAMS 0x0000000081c00000, 0x0000000081b00000| Untracked 
|  28|0x0000000081c00000, 0x0000000081d00000, 0x0000000081d00000|100%| O|  |TAMS 0x0000000081d00000, 0x0000000081c00000| Untracked 
|  29|0x0000000081d00000, 0x0000000081e00000, 0x0000000081e00000|100%| O|  |TAMS 0x0000000081e00000, 0x0000000081d00000| Untracked 
|  30|0x0000000081e00000, 0x0000000081f00000, 0x0000000081f00000|100%|HS|  |TAMS 0x0000000081f00000, 0x0000000081e00000| Complete 
|  31|0x0000000081f00000, 0x0000000082000000, 0x0000000082000000|100%|HC|  |TAMS 0x0000000082000000, 0x0000000081f00000| Complete 
|  32|0x0000000082000000, 0x0000000082100000, 0x0000000082100000|100%|HS|  |TAMS 0x0000000082100000, 0x0000000082000000| Complete 
|  33|0x0000000082100000, 0x0000000082200000, 0x0000000082200000|100%|HC|  |TAMS 0x0000000082200000, 0x0000000082100000| Complete 
|  34|0x0000000082200000, 0x0000000082300000, 0x0000000082300000|100%|HC|  |TAMS 0x0000000082300000, 0x0000000082200000| Complete 
|  35|0x0000000082300000, 0x0000000082400000, 0x0000000082400000|100%|HC|  |TAMS 0x0000000082400000, 0x0000000082300000| Complete 
|  36|0x0000000082400000, 0x0000000082500000, 0x0000000082500000|100%|HC|  |TAMS 0x0000000082500000, 0x0000000082400000| Complete 
|  37|0x0000000082500000, 0x0000000082600000, 0x0000000082600000|100%|HC|  |TAMS 0x0000000082600000, 0x0000000082500000| Complete 
|  38|0x0000000082600000, 0x0000000082700000, 0x0000000082700000|100%|HC|  |TAMS 0x0000000082700000, 0x0000000082600000| Complete 
|  39|0x0000000082700000, 0x0000000082800000, 0x0000000082800000|100%|HC|  |TAMS 0x0000000082800000, 0x0000000082700000| Complete 
|  40|0x0000000082800000, 0x0000000082900000, 0x0000000082900000|100%|HC|  |TAMS 0x0000000082900000, 0x0000000082800000| Complete 
|  41|0x0000000082900000, 0x0000000082a00000, 0x0000000082a00000|100%|HC|  |TAMS 0x0000000082a00000, 0x0000000082900000| Complete 
|  42|0x0000000082a00000, 0x0000000082b00000, 0x0000000082b00000|100%| O|  |TAMS 0x0000000082b00000, 0x0000000082a00000| Untracked 
|  43|0x0000000082b00000, 0x0000000082c00000, 0x0000000082c00000|100%|HS|  |TAMS 0x0000000082c00000, 0x0000000082b00000| Complete 
|  44|0x0000000082c00000, 0x0000000082d00000, 0x0000000082d00000|100%|HC|  |TAMS 0x0000000082d00000, 0x0000000082c00000| Complete 
|  45|0x0000000082d00000, 0x0000000082e00000, 0x0000000082e00000|100%| O|  |TAMS 0x0000000082e00000, 0x0000000082d00000| Untracked 
|  46|0x0000000082e00000, 0x0000000082f00000, 0x0000000082f00000|100%|HS|  |TAMS 0x0000000082f00000, 0x0000000082e00000| Complete 
|  47|0x0000000082f00000, 0x0000000083000000, 0x0000000083000000|100%|HC|  |TAMS 0x0000000083000000, 0x0000000082f00000| Complete 
|  48|0x0000000083000000, 0x0000000083100000, 0x0000000083100000|100%|HC|  |TAMS 0x0000000083100000, 0x0000000083000000| Complete 
|  49|0x0000000083100000, 0x0000000083200000, 0x0000000083200000|100%|HC|  |TAMS 0x0000000083200000, 0x0000000083100000| Complete 
|  50|0x0000000083200000, 0x0000000083300000, 0x0000000083300000|100%|HC|  |TAMS 0x0000000083300000, 0x0000000083200000| Complete 
|  51|0x0000000083300000, 0x0000000083400000, 0x0000000083400000|100%| O|  |TAMS 0x0000000083400000, 0x0000000083300000| Untracked 
|  52|0x0000000083400000, 0x0000000083500000, 0x0000000083500000|100%| O|  |TAMS 0x0000000083500000, 0x0000000083400000| Untracked 
|  53|0x0000000083500000, 0x0000000083600000, 0x0000000083600000|100%| O|  |TAMS 0x0000000083600000, 0x0000000083500000| Untracked 
|  54|0x0000000083600000, 0x0000000083700000, 0x0000000083700000|100%| O|  |TAMS 0x0000000083700000, 0x0000000083600000| Untracked 
|  55|0x0000000083700000, 0x0000000083800000, 0x0000000083800000|100%| O|  |TAMS 0x0000000083800000, 0x0000000083700000| Untracked 
|  56|0x0000000083800000, 0x0000000083900000, 0x0000000083900000|100%| O|  |TAMS 0x0000000083900000, 0x0000000083800000| Untracked 
|  57|0x0000000083900000, 0x0000000083a00000, 0x0000000083a00000|100%| O|  |TAMS 0x0000000083a00000, 0x0000000083900000| Untracked 
|  58|0x0000000083a00000, 0x0000000083b00000, 0x0000000083b00000|100%| O|  |TAMS 0x0000000083b00000, 0x0000000083a00000| Untracked 
|  59|0x0000000083b00000, 0x0000000083c00000, 0x0000000083c00000|100%| O|  |TAMS 0x0000000083c00000, 0x0000000083b00000| Untracked 
|  60|0x0000000083c00000, 0x0000000083d00000, 0x0000000083d00000|100%| O|  |TAMS 0x0000000083d00000, 0x0000000083c00000| Untracked 
|  61|0x0000000083d00000, 0x0000000083e00000, 0x0000000083e00000|100%| O|  |TAMS 0x0000000083e00000, 0x0000000083d00000| Untracked 
|  62|0x0000000083e00000, 0x0000000083f00000, 0x0000000083f00000|100%| O|  |TAMS 0x0000000083f00000, 0x0000000083e00000| Untracked 
|  63|0x0000000083f00000, 0x0000000084000000, 0x0000000084000000|100%| O|  |TAMS 0x0000000084000000, 0x0000000083f00000| Untracked 
|  64|0x0000000084000000, 0x0000000084100000, 0x0000000084100000|100%|HS|  |TAMS 0x0000000084100000, 0x0000000084000000| Complete 
|  65|0x0000000084100000, 0x0000000084200000, 0x0000000084200000|100%|HC|  |TAMS 0x0000000084200000, 0x0000000084100000| Complete 
|  66|0x0000000084200000, 0x0000000084300000, 0x0000000084300000|100%| O|  |TAMS 0x0000000084300000, 0x0000000084200000| Untracked 
|  67|0x0000000084300000, 0x0000000084400000, 0x0000000084400000|100%| O|  |TAMS 0x0000000084400000, 0x0000000084300000| Untracked 
|  68|0x0000000084400000, 0x0000000084500000, 0x0000000084500000|100%|HS|  |TAMS 0x0000000084500000, 0x0000000084400000| Complete 
|  69|0x0000000084500000, 0x0000000084600000, 0x0000000084600000|100%|HS|  |TAMS 0x0000000084600000, 0x0000000084500000| Complete 
|  70|0x0000000084600000, 0x0000000084700000, 0x0000000084700000|100%|HC|  |TAMS 0x0000000084700000, 0x0000000084600000| Complete 
|  71|0x0000000084700000, 0x0000000084800000, 0x0000000084800000|100%|HC|  |TAMS 0x0000000084800000, 0x0000000084700000| Complete 
|  72|0x0000000084800000, 0x0000000084900000, 0x0000000084900000|100%|HC|  |TAMS 0x0000000084900000, 0x0000000084800000| Complete 
|  73|0x0000000084900000, 0x0000000084a00000, 0x0000000084a00000|100%|HC|  |TAMS 0x0000000084a00000, 0x0000000084900000| Complete 
|  74|0x0000000084a00000, 0x0000000084b00000, 0x0000000084b00000|100%|HC|  |TAMS 0x0000000084b00000, 0x0000000084a00000| Complete 
|  75|0x0000000084b00000, 0x0000000084c00000, 0x0000000084c00000|100%|HC|  |TAMS 0x0000000084c00000, 0x0000000084b00000| Complete 
|  76|0x0000000084c00000, 0x0000000084d00000, 0x0000000084d00000|100%|HC|  |TAMS 0x0000000084d00000, 0x0000000084c00000| Complete 
|  77|0x0000000084d00000, 0x0000000084e00000, 0x0000000084e00000|100%|HC|  |TAMS 0x0000000084e00000, 0x0000000084d00000| Complete 
|  78|0x0000000084e00000, 0x0000000084f00000, 0x0000000084f00000|100%|HC|  |TAMS 0x0000000084f00000, 0x0000000084e00000| Complete 
|  79|0x0000000084f00000, 0x0000000085000000, 0x0000000085000000|100%|HS|  |TAMS 0x0000000085000000, 0x0000000084f00000| Complete 
|  80|0x0000000085000000, 0x0000000085100000, 0x0000000085100000|100%|HC|  |TAMS 0x0000000085100000, 0x0000000085000000| Complete 
|  81|0x0000000085100000, 0x0000000085200000, 0x0000000085200000|100%|HC|  |TAMS 0x0000000085200000, 0x0000000085100000| Complete 
|  82|0x0000000085200000, 0x0000000085300000, 0x0000000085300000|100%|HS|  |TAMS 0x0000000085300000, 0x0000000085200000| Complete 
|  83|0x0000000085300000, 0x0000000085400000, 0x0000000085400000|100%|HC|  |TAMS 0x0000000085400000, 0x0000000085300000| Complete 
|  84|0x0000000085400000, 0x0000000085500000, 0x0000000085500000|100%|HS|  |TAMS 0x0000000085500000, 0x0000000085400000| Complete 
|  85|0x0000000085500000, 0x0000000085600000, 0x0000000085600000|100%|HC|  |TAMS 0x0000000085600000, 0x0000000085500000| Complete 
|  86|0x0000000085600000, 0x0000000085700000, 0x0000000085700000|100%|HC|  |TAMS 0x0000000085700000, 0x0000000085600000| Complete 
|  87|0x0000000085700000, 0x0000000085800000, 0x0000000085800000|100%| O|  |TAMS 0x0000000085800000, 0x0000000085700000| Untracked 
|  88|0x0000000085800000, 0x0000000085900000, 0x0000000085900000|100%|HS|  |TAMS 0x0000000085900000, 0x0000000085800000| Complete 
|  89|0x0000000085900000, 0x0000000085a00000, 0x0000000085a00000|100%| O|  |TAMS 0x0000000085a00000, 0x0000000085900000| Untracked 
|  90|0x0000000085a00000, 0x0000000085b00000, 0x0000000085b00000|100%| O|  |TAMS 0x0000000085b00000, 0x0000000085a00000| Untracked 
|  91|0x0000000085b00000, 0x0000000085c00000, 0x0000000085c00000|100%| O|  |TAMS 0x0000000085c00000, 0x0000000085b00000| Untracked 
|  92|0x0000000085c00000, 0x0000000085d00000, 0x0000000085d00000|100%| O|  |TAMS 0x0000000085d00000, 0x0000000085c00000| Untracked 
|  93|0x0000000085d00000, 0x0000000085e00000, 0x0000000085e00000|100%| O|  |TAMS 0x0000000085e00000, 0x0000000085d00000| Untracked 
|  94|0x0000000085e00000, 0x0000000085f00000, 0x0000000085f00000|100%|HS|  |TAMS 0x0000000085f00000, 0x0000000085e00000| Complete 
|  95|0x0000000085f00000, 0x0000000086000000, 0x0000000086000000|100%|HC|  |TAMS 0x0000000086000000, 0x0000000085f00000| Complete 
|  96|0x0000000086000000, 0x0000000086100000, 0x0000000086100000|100%|HC|  |TAMS 0x0000000086100000, 0x0000000086000000| Complete 
|  97|0x0000000086100000, 0x0000000086200000, 0x0000000086200000|100%|HC|  |TAMS 0x0000000086200000, 0x0000000086100000| Complete 
|  98|0x0000000086200000, 0x0000000086300000, 0x0000000086300000|100%|HC|  |TAMS 0x0000000086300000, 0x0000000086200000| Complete 
|  99|0x0000000086300000, 0x0000000086400000, 0x0000000086400000|100%| O|  |TAMS 0x0000000086400000, 0x0000000086300000| Untracked 
| 100|0x0000000086400000, 0x0000000086500000, 0x0000000086500000|100%| O|  |TAMS 0x0000000086500000, 0x0000000086400000| Untracked 
| 101|0x0000000086500000, 0x0000000086600000, 0x0000000086600000|100%| O|  |TAMS 0x0000000086600000, 0x0000000086500000| Untracked 
| 102|0x0000000086600000, 0x0000000086700000, 0x0000000086700000|100%| O|  |TAMS 0x0000000086700000, 0x0000000086600000| Untracked 
| 103|0x0000000086700000, 0x0000000086800000, 0x0000000086800000|100%| O|  |TAMS 0x0000000086800000, 0x0000000086700000| Untracked 
| 104|0x0000000086800000, 0x0000000086900000, 0x0000000086900000|100%| O|  |TAMS 0x0000000086900000, 0x0000000086800000| Untracked 
| 105|0x0000000086900000, 0x0000000086a00000, 0x0000000086a00000|100%| O|  |TAMS 0x0000000086a00000, 0x0000000086900000| Untracked 
| 106|0x0000000086a00000, 0x0000000086b00000, 0x0000000086b00000|100%| O|  |TAMS 0x0000000086b00000, 0x0000000086a00000| Untracked 
| 107|0x0000000086b00000, 0x0000000086c00000, 0x0000000086c00000|100%|HS|  |TAMS 0x0000000086c00000, 0x0000000086b00000| Complete 
| 108|0x0000000086c00000, 0x0000000086d00000, 0x0000000086d00000|100%|HC|  |TAMS 0x0000000086d00000, 0x0000000086c00000| Complete 
| 109|0x0000000086d00000, 0x0000000086e00000, 0x0000000086e00000|100%| O|  |TAMS 0x0000000086e00000, 0x0000000086d00000| Untracked 
| 110|0x0000000086e00000, 0x0000000086f00000, 0x0000000086f00000|100%| O|  |TAMS 0x0000000086f00000, 0x0000000086e00000| Untracked 
| 111|0x0000000086f00000, 0x0000000087000000, 0x0000000087000000|100%| O|  |TAMS 0x0000000087000000, 0x0000000086f00000| Untracked 
| 112|0x0000000087000000, 0x0000000087100000, 0x0000000087100000|100%|HS|  |TAMS 0x0000000087100000, 0x0000000087000000| Complete 
| 113|0x0000000087100000, 0x0000000087200000, 0x0000000087200000|100%|HC|  |TAMS 0x0000000087200000, 0x0000000087100000| Complete 
| 114|0x0000000087200000, 0x0000000087300000, 0x0000000087300000|100%|HC|  |TAMS 0x0000000087300000, 0x0000000087200000| Complete 
| 115|0x0000000087300000, 0x0000000087400000, 0x0000000087400000|100%|HC|  |TAMS 0x0000000087400000, 0x0000000087300000| Complete 
| 116|0x0000000087400000, 0x0000000087500000, 0x0000000087500000|100%| O|  |TAMS 0x0000000087500000, 0x0000000087400000| Untracked 
| 117|0x0000000087500000, 0x0000000087600000, 0x0000000087600000|100%| O|  |TAMS 0x0000000087600000, 0x0000000087500000| Untracked 
| 118|0x0000000087600000, 0x0000000087700000, 0x0000000087700000|100%| O|  |TAMS 0x0000000087700000, 0x0000000087600000| Untracked 
| 119|0x0000000087700000, 0x0000000087800000, 0x0000000087800000|100%| O|  |TAMS 0x0000000087800000, 0x0000000087700000| Untracked 
| 120|0x0000000087800000, 0x0000000087900000, 0x0000000087900000|100%| O|  |TAMS 0x0000000087900000, 0x0000000087800000| Untracked 
| 121|0x0000000087900000, 0x0000000087a00000, 0x0000000087a00000|100%| O|  |TAMS 0x0000000087a00000, 0x0000000087900000| Untracked 
| 122|0x0000000087a00000, 0x0000000087b00000, 0x0000000087b00000|100%| O|  |TAMS 0x0000000087b00000, 0x0000000087a00000| Untracked 
| 123|0x0000000087b00000, 0x0000000087c00000, 0x0000000087c00000|100%| O|  |TAMS 0x0000000087c00000, 0x0000000087b00000| Untracked 
| 124|0x0000000087c00000, 0x0000000087d00000, 0x0000000087d00000|100%| O|  |TAMS 0x0000000087d00000, 0x0000000087c00000| Untracked 
| 125|0x0000000087d00000, 0x0000000087d00000, 0x0000000087e00000|  0%| F|  |TAMS 0x0000000087d00000, 0x0000000087d00000| Untracked 
| 126|0x0000000087e00000, 0x0000000087ef1818, 0x0000000087f00000| 94%| S|CS|TAMS 0x0000000087e00000, 0x0000000087e00000| Complete 
| 127|0x0000000087f00000, 0x0000000088000000, 0x0000000088000000|100%| O|  |TAMS 0x0000000088000000, 0x0000000087f00000| Untracked 
| 128|0x0000000088000000, 0x0000000088000000, 0x0000000088100000|  0%| F|  |TAMS 0x0000000088000000, 0x0000000088000000| Untracked 
| 129|0x0000000088100000, 0x000000008814c188, 0x0000000088200000| 29%| E|  |TAMS 0x0000000088100000, 0x0000000088100000| Complete 
| 130|0x0000000088200000, 0x0000000088300000, 0x0000000088300000|100%| E|CS|TAMS 0x0000000088200000, 0x0000000088200000| Complete 
| 131|0x0000000088300000, 0x0000000088400000, 0x0000000088400000|100%| E|CS|TAMS 0x0000000088300000, 0x0000000088300000| Complete 
| 132|0x0000000088400000, 0x0000000088500000, 0x0000000088500000|100%| E|CS|TAMS 0x0000000088400000, 0x0000000088400000| Complete 
| 133|0x0000000088500000, 0x0000000088600000, 0x0000000088600000|100%| E|CS|TAMS 0x0000000088500000, 0x0000000088500000| Complete 
| 134|0x0000000088600000, 0x0000000088700000, 0x0000000088700000|100%| O|  |TAMS 0x0000000088700000, 0x0000000088600000| Untracked 
| 135|0x0000000088700000, 0x00000000887a5e00, 0x0000000088800000| 64%| O|  |TAMS 0x00000000887a5e00, 0x0000000088700000| Untracked 

Card table byte_map: [0x00000222a41e0000,0x00000222a45e0000] _byte_map_base: 0x00000222a3de0000

Marking Bits (Prev, Next): (CMBitMap*) 0x000002228f6de540, (CMBitMap*) 0x000002228f6de508
 Prev Bits: [0x00000222a69e0000, 0x00000222a89e0000)
 Next Bits: [0x00000222a49e0000, 0x00000222a69e0000)

Polling page: 0x000002228f550000

Metaspace:

Usage:
  Non-class:     62.98 MB capacity,    61.77 MB ( 98%) used,     1.01 MB (  2%) free+waste,   210.56 KB ( <1%) overhead. 
      Class:      9.78 MB capacity,     8.99 MB ( 92%) used,   704.30 KB (  7%) free+waste,   100.12 KB ( <1%) overhead. 
       Both:     72.76 MB capacity,    70.76 MB ( 97%) used,     1.69 MB (  2%) free+waste,   310.69 KB ( <1%) overhead. 

Virtual space:
  Non-class space:       64.00 MB reserved,      63.17 MB ( 99%) committed 
      Class space:        1.00 GB reserved,       9.88 MB ( <1%) committed 
             Both:        1.06 GB reserved,      73.05 MB (  7%) committed 

Chunk freelists:
   Non-Class:  2.00 KB
       Class:  1.00 KB
        Both:  3.00 KB

MaxMetaspaceSize: 17179869184.00 GB
CompressedClassSpaceSize: 1.00 GB
Initial GC threshold: 20.80 MB
Current GC threshold: 121.75 MB
CDS: off

CodeHeap 'non-profiled nmethods': size=120064Kb used=5384Kb max_used=5384Kb free=114679Kb
 bounds [0x000002229c4a0000, 0x000002229c9f0000, 0x00000222a39e0000]
CodeHeap 'profiled nmethods': size=120000Kb used=17346Kb max_used=17346Kb free=102653Kb
 bounds [0x0000022294f70000, 0x0000022296070000, 0x000002229c4a0000]
CodeHeap 'non-nmethods': size=5696Kb used=2355Kb max_used=2411Kb free=3341Kb
 bounds [0x00000222949e0000, 0x0000022294c50000, 0x0000022294f70000]
 total_blobs=8891 nmethods=8016 adapters=787
 compilation: enabled
              stopped_count=0, restarted_count=0
 full_count=0

Compilation events (20 events):
Event: 637.608 Thread 0x00000222aadd4800 nmethod 8045 0x000002229c9d0190 code [0x000002229c9d0340, 0x000002229c9d0678]
Event: 637.608 Thread 0x00000222aadd4800 8046       4       java.lang.Class::getReflectionFactory (26 bytes)
Event: 637.608 Thread 0x00000222aadd4800 nmethod 8046 0x000002229c9d0810 code [0x000002229c9d09a0, 0x000002229c9d09f8]
Event: 637.608 Thread 0x00000222aadd4800 8044       4       java.lang.Class::getMethod0 (31 bytes)
Event: 637.612 Thread 0x00000222aadd4800 nmethod 8044 0x000002229c9d0b10 code [0x000002229c9d0cc0, 0x000002229c9d0f28]
Event: 637.718 Thread 0x00000222aadd4800 8063       4       com.sun.beans.TypeResolver::resolve (37 bytes)
Event: 637.834 Thread 0x00000222ab768800 8065       3       sun.reflect.generics.reflectiveObjects.ParameterizedTypeImpl::equals (81 bytes)
Event: 638.389 Thread 0x00000222ab768800 nmethod 8065 0x0000022296056c10 code [0x0000022296056e60, 0x00000222960579c8]
Event: 639.085 Thread 0x00000222ab768800 8067       3       groovy.lang.MetaClassImpl$1::skipClass (17 bytes)
Event: 639.085 Thread 0x00000222ab768800 nmethod 8067 0x0000022296057c10 code [0x0000022296057dc0, 0x0000022296057f18]
Event: 639.106 Thread 0x00000222ab768800 8070       3       java.lang.Thread::getContextClassLoader (32 bytes)
Event: 639.107 Thread 0x00000222ab768800 nmethod 8070 0x0000022296058010 code [0x0000022296058240, 0x0000022296058ab8]
Event: 639.117 Thread 0x00000222ab768800 8071       3       org.codehaus.groovy.util.ComplexKeyHashMap::resize (103 bytes)
Event: 639.118 Thread 0x00000222ab768800 nmethod 8071 0x0000022296058d90 code [0x0000022296058f80, 0x0000022296059518]
Event: 639.120 Thread 0x00000222ab768800 8072       3       org.codehaus.groovy.runtime.MetaClassHelper::getClassWithNullAndWrapper (28 bytes)
Event: 639.121 Thread 0x00000222ab768800 nmethod 8072 0x0000022296059710 code [0x00000222960598e0, 0x0000022296059d08]
Event: 639.318 Thread 0x00000222aadd4800 nmethod 8063 0x000002229c9d1090 code [0x000002229c9d1ba0, 0x000002229c9dcb38]
Event: 639.318 Thread 0x00000222aadd4800 8069       4       java.util.Hashtable$Enumerator::hasMoreElements (53 bytes)
Event: 639.322 Thread 0x00000222aadd4800 nmethod 8069 0x000002229c9e1c10 code [0x000002229c9e1da0, 0x000002229c9e1fd8]
Event: 639.322 Thread 0x00000222aadd4800 8068       4       java.beans.MethodRef::set (58 bytes)

GC Heap History (20 events):
Event: 626.482 GC heap before
{Heap before GC invocations=267 (full 0):
 garbage-first heap   total 138240K, used 133468K [0x0000000080000000, 0x0000000100000000)
  region size 1024K, 6 young (6144K), 1 survivors (1024K)
 Metaspace       used 72188K, capacity 74178K, committed 74416K, reserved 1114112K
  class space    used 9166K, capacity 9969K, committed 9984K, reserved 1048576K
}
Event: 626.493 GC heap after
{Heap after GC invocations=268 (full 0):
 garbage-first heap   total 138240K, used 128849K [0x0000000080000000, 0x0000000100000000)
  region size 1024K, 1 young (1024K), 1 survivors (1024K)
 Metaspace       used 72188K, capacity 74178K, committed 74416K, reserved 1114112K
  class space    used 9166K, capacity 9969K, committed 9984K, reserved 1048576K
}
Event: 627.814 GC heap before
{Heap before GC invocations=268 (full 0):
 garbage-first heap   total 138240K, used 133969K [0x0000000080000000, 0x0000000100000000)
  region size 1024K, 6 young (6144K), 1 survivors (1024K)
 Metaspace       used 72202K, capacity 74190K, committed 74416K, reserved 1114112K
  class space    used 9169K, capacity 9973K, committed 9984K, reserved 1048576K
}
Event: 627.819 GC heap after
{Heap after GC invocations=269 (full 0):
 garbage-first heap   total 138240K, used 129204K [0x0000000080000000, 0x0000000100000000)
  region size 1024K, 1 young (1024K), 1 survivors (1024K)
 Metaspace       used 72202K, capacity 74190K, committed 74416K, reserved 1114112K
  class space    used 9169K, capacity 9973K, committed 9984K, reserved 1048576K
}
Event: 631.074 GC heap before
{Heap before GC invocations=270 (full 0):
 garbage-first heap   total 138240K, used 134324K [0x0000000080000000, 0x0000000100000000)
  region size 1024K, 6 young (6144K), 1 survivors (1024K)
 Metaspace       used 72322K, capacity 74318K, committed 74416K, reserved 1114112K
  class space    used 9192K, capacity 9973K, committed 9984K, reserved 1048576K
}
Event: 631.081 GC heap after
{Heap after GC invocations=271 (full 0):
 garbage-first heap   total 138240K, used 129662K [0x0000000080000000, 0x0000000100000000)
  region size 1024K, 1 young (1024K), 1 survivors (1024K)
 Metaspace       used 72322K, capacity 74318K, committed 74416K, reserved 1114112K
  class space    used 9192K, capacity 9973K, committed 9984K, reserved 1048576K
}
Event: 636.280 GC heap before
{Heap before GC invocations=271 (full 0):
 garbage-first heap   total 138240K, used 134782K [0x0000000080000000, 0x0000000100000000)
  region size 1024K, 6 young (6144K), 1 survivors (1024K)
 Metaspace       used 72354K, capacity 74398K, committed 74416K, reserved 1114112K
  class space    used 9195K, capacity 9977K, committed 9984K, reserved 1048576K
}
Event: 636.287 GC heap after
{Heap after GC invocations=272 (full 0):
 garbage-first heap   total 138240K, used 130448K [0x0000000080000000, 0x0000000100000000)
  region size 1024K, 1 young (1024K), 1 survivors (1024K)
 Metaspace       used 72354K, capacity 74398K, committed 74416K, reserved 1114112K
  class space    used 9195K, capacity 9977K, committed 9984K, reserved 1048576K
}
Event: 636.526 GC heap before
{Heap before GC invocations=273 (full 0):
 garbage-first heap   total 138240K, used 135568K [0x0000000080000000, 0x0000000100000000)
  region size 1024K, 6 young (6144K), 1 survivors (1024K)
 Metaspace       used 72377K, capacity 74410K, committed 74416K, reserved 1114112K
  class space    used 9199K, capacity 9981K, committed 9984K, reserved 1048576K
}
Event: 636.534 GC heap after
{Heap after GC invocations=274 (full 0):
 garbage-first heap   total 138240K, used 130739K [0x0000000080000000, 0x0000000100000000)
  region size 1024K, 1 young (1024K), 1 survivors (1024K)
 Metaspace       used 72377K, capacity 74410K, committed 74416K, reserved 1114112K
  class space    used 9199K, capacity 9981K, committed 9984K, reserved 1048576K
}
Event: 636.719 GC heap before
{Heap before GC invocations=274 (full 0):
 garbage-first heap   total 138240K, used 135859K [0x0000000080000000, 0x0000000100000000)
  region size 1024K, 6 young (6144K), 1 survivors (1024K)
 Metaspace       used 72377K, capacity 74410K, committed 74416K, reserved 1114112K
  class space    used 9199K, capacity 9981K, committed 9984K, reserved 1048576K
}
Event: 636.721 GC heap after
{Heap after GC invocations=275 (full 0):
 garbage-first heap   total 138240K, used 130690K [0x0000000080000000, 0x0000000100000000)
  region size 1024K, 1 young (1024K), 1 survivors (1024K)
 Metaspace       used 72377K, capacity 74410K, committed 74416K, reserved 1114112K
  class space    used 9199K, capacity 9981K, committed 9984K, reserved 1048576K
}
Event: 637.544 GC heap before
{Heap before GC invocations=276 (full 0):
 garbage-first heap   total 138240K, used 135810K [0x0000000080000000, 0x0000000100000000)
  region size 1024K, 6 young (6144K), 1 survivors (1024K)
 Metaspace       used 72385K, capacity 74411K, committed 74416K, reserved 1114112K
  class space    used 9200K, capacity 9981K, committed 9984K, reserved 1048576K
}
Event: 637.548 GC heap after
{Heap after GC invocations=277 (full 0):
 garbage-first heap   total 138240K, used 131277K [0x0000000080000000, 0x0000000100000000)
  region size 1024K, 1 young (1024K), 1 survivors (1024K)
 Metaspace       used 72385K, capacity 74411K, committed 74416K, reserved 1114112K
  class space    used 9200K, capacity 9981K, committed 9984K, reserved 1048576K
}
Event: 637.834 GC heap before
{Heap before GC invocations=277 (full 0):
 garbage-first heap   total 138240K, used 136397K [0x0000000080000000, 0x0000000100000000)
  region size 1024K, 6 young (6144K), 1 survivors (1024K)
 Metaspace       used 72412K, capacity 74509K, committed 74800K, reserved 1114112K
  class space    used 9204K, capacity 10015K, committed 10112K, reserved 1048576K
}
Event: 637.846 GC heap after
{Heap after GC invocations=278 (full 0):
 garbage-first heap   total 139264K, used 131035K [0x0000000080000000, 0x0000000100000000)
  region size 1024K, 1 young (1024K), 1 survivors (1024K)
 Metaspace       used 72412K, capacity 74509K, committed 74800K, reserved 1114112K
  class space    used 9204K, capacity 10015K, committed 10112K, reserved 1048576K
}
Event: 637.870 GC heap before
{Heap before GC invocations=278 (full 0):
 garbage-first heap   total 139264K, used 136155K [0x0000000080000000, 0x0000000100000000)
  region size 1024K, 6 young (6144K), 1 survivors (1024K)
 Metaspace       used 72413K, capacity 74509K, committed 74800K, reserved 1114112K
  class space    used 9204K, capacity 10015K, committed 10112K, reserved 1048576K
}
Event: 637.874 GC heap after
{Heap after GC invocations=279 (full 0):
 garbage-first heap   total 139264K, used 131146K [0x0000000080000000, 0x0000000100000000)
  region size 1024K, 1 young (1024K), 1 survivors (1024K)
 Metaspace       used 72413K, capacity 74509K, committed 74800K, reserved 1114112K
  class space    used 9204K, capacity 10015K, committed 10112K, reserved 1048576K
}
Event: 639.110 GC heap before
{Heap before GC invocations=280 (full 0):
 garbage-first heap   total 139264K, used 136266K [0x0000000080000000, 0x0000000100000000)
  region size 1024K, 6 young (6144K), 1 survivors (1024K)
 Metaspace       used 72416K, capacity 74509K, committed 74800K, reserved 1114112K
  class space    used 9205K, capacity 10015K, committed 10112K, reserved 1048576K
}
Event: 639.115 GC heap after
{Heap after GC invocations=281 (full 0):
 garbage-first heap   total 139264K, used 131677K [0x0000000080000000, 0x0000000100000000)
  region size 1024K, 1 young (1024K), 1 survivors (1024K)
 Metaspace       used 72416K, capacity 74509K, committed 74800K, reserved 1114112K
  class space    used 9205K, capacity 10015K, committed 10112K, reserved 1048576K
}

Deoptimization events (20 events):
Event: 626.501 Thread 0x00000222ac088800 DEOPT PACKING pc=0x000002229c6808e0 sp=0x0000003e876f5e70
Event: 626.501 Thread 0x00000222ac088800 DEOPT UNPACKING pc=0x0000022294a2a1af sp=0x0000003e876f5de0 mode 2
Event: 627.788 Thread 0x00000222ac088800 Uncommon trap: trap_request=0xffffff4d fr.pc=0x000002229c7bd9ac relative=0x000000000000088c
Event: 627.788 Thread 0x00000222ac088800 Uncommon trap: reason=unstable_if action=reinterpret pc=0x000002229c7bd9ac method=com.sun.beans.introspect.MethodInfo$MethodOrder.compare(Ljava/lang/reflect/Method;Ljava/lang/reflect/Method;)I @ 124 c2
Event: 627.788 Thread 0x00000222ac088800 DEOPT PACKING pc=0x000002229c7bd9ac sp=0x0000003e876f5c60
Event: 627.788 Thread 0x00000222ac088800 DEOPT UNPACKING pc=0x0000022294a2a1af sp=0x0000003e876f5b90 mode 2
Event: 627.799 Thread 0x00000222ac088800 DEOPT PACKING pc=0x0000022295538f79 sp=0x0000003e876f7570
Event: 627.799 Thread 0x00000222ac088800 DEOPT UNPACKING pc=0x0000022294a2a95e sp=0x0000003e876f6a38 mode 0
Event: 629.754 Thread 0x00000222ac088800 Uncommon trap: trap_request=0xffffff4d fr.pc=0x000002229c6c9164 relative=0x0000000000000324
Event: 629.754 Thread 0x00000222ac088800 Uncommon trap: reason=unstable_if action=reinterpret pc=0x000002229c6c9164 method=java.util.StringJoiner.add(Ljava/lang/CharSequence;)Ljava/util/StringJoiner; @ 33 c2
Event: 629.754 Thread 0x00000222ac088800 DEOPT PACKING pc=0x000002229c6c9164 sp=0x0000003e876f4800
Event: 629.754 Thread 0x00000222ac088800 DEOPT UNPACKING pc=0x0000022294a2a1af sp=0x0000003e876f47b0 mode 2
Event: 631.351 Thread 0x00000222ac088800 Uncommon trap: trap_request=0xffffff4d fr.pc=0x000002229c79fe90 relative=0x00000000000019f0
Event: 631.351 Thread 0x00000222ac088800 Uncommon trap: reason=unstable_if action=reinterpret pc=0x000002229c79fe90 method=groovy.lang.MetaClassImpl.filterPropertyMethod(Ljava/lang/Object;ZZ)Ljava/lang/Object; @ 60 c2
Event: 631.351 Thread 0x00000222ac088800 DEOPT PACKING pc=0x000002229c79fe90 sp=0x0000003e876f6d20
Event: 631.351 Thread 0x00000222ac088800 DEOPT UNPACKING pc=0x0000022294a2a1af sp=0x0000003e876f6d10 mode 2
Event: 636.702 Thread 0x00000222ac088800 Uncommon trap: trap_request=0xfffffff4 fr.pc=0x000002229c9c7794 relative=0x00000000000030b4
Event: 636.702 Thread 0x00000222ac088800 Uncommon trap: reason=null_check action=make_not_entrant pc=0x000002229c9c7794 method=java.lang.PublicMethods$MethodList.getMostSpecific()Ljava/lang/reflect/Method; @ 41 c2
Event: 636.702 Thread 0x00000222ac088800 DEOPT PACKING pc=0x000002229c9c7794 sp=0x0000003e876f3910
Event: 636.703 Thread 0x00000222ac088800 DEOPT UNPACKING pc=0x0000022294a2a1af sp=0x0000003e876f3810 mode 2

Classes redefined (0 events):
No events

Internal exceptions (20 events):
Event: 637.599 Thread 0x00000222ac088800 Exception <a 'java/lang/ClassNotFoundException'{0x000000008814f4a0}: org/gradle/api/internal/FactoryNamedDomainObjectContainer_DecoratedBeanInfo> (0x000000008814f4a0) thrown at [src/hotspot/share/classfile/systemDictionary.cpp, line 230]
Event: 637.601 Thread 0x00000222ac088800 Exception <a 'java/lang/ClassNotFoundException'{0x000000008818b0d8}: org/gradle/api/internal/FactoryNamedDomainObjectContainerBeanInfo> (0x000000008818b0d8) thrown at [src/hotspot/share/classfile/systemDictionary.cpp, line 230]
Event: 637.698 Thread 0x00000222ac088800 Exception <a 'java/lang/ClassNotFoundException'{0x00000000881cab70}: org/gradle/api/internal/AbstractNamedDomainObjectContainerBeanInfo> (0x00000000881cab70) thrown at [src/hotspot/share/classfile/systemDictionary.cpp, line 230]
Event: 637.699 Thread 0x00000222ac088800 Exception <a 'java/lang/ClassNotFoundException'{0x0000000088006c20}: org/gradle/api/internal/DefaultNamedDomainObjectSetBeanInfo> (0x0000000088006c20) thrown at [src/hotspot/share/classfile/systemDictionary.cpp, line 230]
Event: 637.700 Thread 0x00000222ac088800 Exception <a 'java/lang/ClassNotFoundException'{0x0000000088042c20}: org/gradle/api/internal/DefaultNamedDomainObjectSetCustomizer> (0x0000000088042c20) thrown at [src/hotspot/share/classfile/systemDictionary.cpp, line 230]
Event: 637.831 Thread 0x00000222ac088800 Exception <a 'java/lang/ClassNotFoundException'{0x0000000088096220}: org/gradle/api/internal/AbstractNamedDomainObjectContainerCustomizer> (0x0000000088096220) thrown at [src/hotspot/share/classfile/systemDictionary.cpp, line 230]
Event: 637.833 Thread 0x00000222ac088800 Exception <a 'java/lang/ClassNotFoundException'{0x00000000880e7248}: org/gradle/api/internal/FactoryNamedDomainObjectContainerCustomizer> (0x00000000880e7248) thrown at [src/hotspot/share/classfile/systemDictionary.cpp, line 230]
Event: 637.848 Thread 0x00000222ac088800 Exception <a 'java/lang/ClassNotFoundException'{0x0000000088531068}: org/gradle/api/internal/FactoryNamedDomainObjectContainer_DecoratedCustomizer> (0x0000000088531068) thrown at [src/hotspot/share/classfile/systemDictionary.cpp, line 230]
Event: 639.092 Thread 0x00000222ac088800 Exception <a 'java/lang/ClassNotFoundException'{0x0000000088323408}: com/android/build/gradle/internal/dsl/BuildType$AgpDecorated_DecoratedBeanInfo> (0x0000000088323408) thrown at [src/hotspot/share/classfile/systemDictionary.cpp, line 230]
Event: 639.093 Thread 0x00000222ac088800 Exception <a 'java/lang/ClassNotFoundException'{0x0000000088344590}: com/android/build/gradle/internal/dsl/BuildType$AgpDecoratedBeanInfo> (0x0000000088344590) thrown at [src/hotspot/share/classfile/systemDictionary.cpp, line 230]
Event: 639.094 Thread 0x00000222ac088800 Exception <a 'java/lang/ClassNotFoundException'{0x0000000088362c20}: com/android/build/gradle/internal/dsl/BuildTypeBeanInfo> (0x0000000088362c20) thrown at [src/hotspot/share/classfile/systemDictionary.cpp, line 230]
Event: 639.094 Thread 0x00000222ac088800 Exception <a 'java/lang/ClassNotFoundException'{0x0000000088380d58}: com/android/builder/core/AbstractBuildTypeBeanInfo> (0x0000000088380d58) thrown at [src/hotspot/share/classfile/systemDictionary.cpp, line 230]
Event: 639.094 Thread 0x00000222ac088800 Exception <a 'java/lang/ClassNotFoundException'{0x000000008839ef90}: com/android/builder/core/AbstractBuildTypeCustomizer> (0x000000008839ef90) thrown at [src/hotspot/share/classfile/systemDictionary.cpp, line 230]
Event: 639.096 Thread 0x00000222ac088800 Exception <a 'java/lang/ClassNotFoundException'{0x00000000883d9d98}: com/android/build/gradle/internal/dsl/BuildTypeCustomizer> (0x00000000883d9d98) thrown at [src/hotspot/share/classfile/systemDictionary.cpp, line 230]
Event: 639.099 Thread 0x00000222ac088800 Exception <a 'java/lang/ClassNotFoundException'{0x0000000088273d00}: com/android/build/gradle/internal/dsl/BuildType$AgpDecoratedCustomizer> (0x0000000088273d00) thrown at [src/hotspot/share/classfile/systemDictionary.cpp, line 230]
Event: 639.100 Thread 0x00000222ac088800 Exception <a 'java/lang/ClassNotFoundException'{0x00000000882d8750}: com/android/build/gradle/internal/dsl/BuildType$AgpDecorated_DecoratedCustomizer> (0x00000000882d8750) thrown at [src/hotspot/share/classfile/systemDictionary.cpp, line 230]
Event: 639.105 Thread 0x00000222ac088800 Exception <a 'java/lang/ClassNotFoundException'{0x00000000881b59b0}: build_7446wx4snf351e40o9z3gnvcw$_run_closure1$_closure4BeanInfo> (0x00000000881b59b0) thrown at [src/hotspot/share/classfile/systemDictionary.cpp, line 230]
Event: 639.106 Thread 0x00000222ac088800 Exception <a 'java/lang/ClassNotFoundException'{0x00000000881c98f8}: build_7446wx4snf351e40o9z3gnvcw$_run_closure1$_closure4Customizer> (0x00000000881c98f8) thrown at [src/hotspot/share/classfile/systemDictionary.cpp, line 230]
Event: 639.109 Thread 0x00000222ac088800 Exception <a 'java/lang/ClassNotFoundException'{0x00000000881f5d38}: build_7446wx4snf351e40o9z3gnvcw$_run_closure1BeanInfo> (0x00000000881f5d38) thrown at [src/hotspot/share/classfile/systemDictionary.cpp, line 230]
Event: 639.116 Thread 0x00000222ac088800 Exception <a 'java/lang/ClassNotFoundException'{0x000000008850a1c0}: build_7446wx4snf351e40o9z3gnvcw$_run_closure1Customizer> (0x000000008850a1c0) thrown at [src/hotspot/share/classfile/systemDictionary.cpp, line 230]

Events (20 events):
Event: 639.105 loading class build_7446wx4snf351e40o9z3gnvcw$_run_closure1$_closure4BeanInfo
Event: 639.105 loading class build_7446wx4snf351e40o9z3gnvcw$_run_closure1$_closure4BeanInfo done
Event: 639.105 loading class build_7446wx4snf351e40o9z3gnvcw$_run_closure1$_closure4Customizer
Event: 639.105 loading class build_7446wx4snf351e40o9z3gnvcw$_run_closure1$_closure4Customizer done
Event: 639.106 loading class build_7446wx4snf351e40o9z3gnvcw$_run_closure1$_closure4Customizer
Event: 639.106 loading class build_7446wx4snf351e40o9z3gnvcw$_run_closure1$_closure4Customizer done
Event: 639.109 loading class build_7446wx4snf351e40o9z3gnvcw$_run_closure1BeanInfo
Event: 639.109 loading class build_7446wx4snf351e40o9z3gnvcw$_run_closure1BeanInfo done
Event: 639.109 loading class build_7446wx4snf351e40o9z3gnvcw$_run_closure1BeanInfo
Event: 639.109 loading class build_7446wx4snf351e40o9z3gnvcw$_run_closure1BeanInfo done
Event: 639.110 loading class build_7446wx4snf351e40o9z3gnvcw$_run_closure1Customizer
Event: 639.110 loading class build_7446wx4snf351e40o9z3gnvcw$_run_closure1Customizer done
Event: 639.110 Executing VM operation: G1CollectForAllocation
Event: 639.115 Executing VM operation: G1CollectForAllocation done
Event: 639.116 loading class build_7446wx4snf351e40o9z3gnvcw$_run_closure1Customizer
Event: 639.116 loading class build_7446wx4snf351e40o9z3gnvcw$_run_closure1Customizer done
Event: 639.119 loading class groovy/runtime/metaclass/build_7446wx4snf351e40o9z3gnvcw$_run_closure1$_closure5MetaClass
Event: 639.119 loading class groovy/runtime/metaclass/build_7446wx4snf351e40o9z3gnvcw$_run_closure1$_closure5MetaClass done
Event: 639.120 loading class groovy/runtime/metaclass/org/gradle/api/JavaVersionMetaClass
Event: 639.120 loading class groovy/runtime/metaclass/org/gradle/api/JavaVersionMetaClass done


Dynamic libraries:
0x00007ff72e500000 - 0x00007ff72e50a000 	C:\Program Files\Android\Android Studio\jbr\bin\java.exe
0x00007ffb574d0000 - 0x00007ffb576e4000 	C:\WINDOWS\SYSTEM32\ntdll.dll
0x00007ffb55740000 - 0x00007ffb55802000 	C:\WINDOWS\System32\KERNEL32.DLL
0x00007ffb548d0000 - 0x00007ffb54c73000 	C:\WINDOWS\System32\KERNELBASE.dll
0x00007ffb54cf0000 - 0x00007ffb54e01000 	C:\WINDOWS\System32\ucrtbase.dll
0x00007ffb16430000 - 0x00007ffb16447000 	C:\Program Files\Android\Android Studio\jbr\bin\jli.dll
0x00007ffb570c0000 - 0x00007ffb5726b000 	C:\WINDOWS\System32\USER32.dll
0x00007ffb54f30000 - 0x00007ffb54f56000 	C:\WINDOWS\System32\win32u.dll
0x00007ffb56500000 - 0x00007ffb56529000 	C:\WINDOWS\System32\GDI32.dll
0x00007ffb54e10000 - 0x00007ffb54f29000 	C:\WINDOWS\System32\gdi32full.dll
0x00007ffb55190000 - 0x00007ffb5522a000 	C:\WINDOWS\System32\msvcp_win.dll
0x00007ffb131d0000 - 0x00007ffb131eb000 	C:\Program Files\Android\Android Studio\jbr\bin\VCRUNTIME140.dll
0x00007ffb40730000 - 0x00007ffb409be000 	C:\WINDOWS\WinSxS\amd64_microsoft.windows.common-controls_6595b64144ccf1df_6.0.22621.1635_none_270f70857386168e\COMCTL32.dll
0x00007ffb55aa0000 - 0x00007ffb55b47000 	C:\WINDOWS\System32\msvcrt.dll
0x00007ffb57070000 - 0x00007ffb570a1000 	C:\WINDOWS\System32\IMM32.DLL
0x00007ffb40310000 - 0x00007ffb4031c000 	C:\Program Files\Android\Android Studio\jbr\bin\vcruntime140_1.dll
0x00007ffb08930000 - 0x00007ffb089bd000 	C:\Program Files\Android\Android Studio\jbr\bin\msvcp140.dll
0x00007ffb01ed0000 - 0x00007ffb02a8c000 	C:\Program Files\Android\Android Studio\jbr\bin\server\jvm.dll
0x00007ffb559f0000 - 0x00007ffb55a9e000 	C:\WINDOWS\System32\ADVAPI32.dll
0x00007ffb55930000 - 0x00007ffb559d4000 	C:\WINDOWS\System32\sechost.dll
0x00007ffb56d20000 - 0x00007ffb56e37000 	C:\WINDOWS\System32\RPCRT4.dll
0x00007ffb55b50000 - 0x00007ffb55b58000 	C:\WINDOWS\System32\PSAPI.DLL
0x00007ffb4cc00000 - 0x00007ffb4cc34000 	C:\WINDOWS\SYSTEM32\WINMM.dll
0x00007ffb33d50000 - 0x00007ffb33d59000 	C:\WINDOWS\SYSTEM32\WSOCK32.dll
0x00007ffb57270000 - 0x00007ffb572e1000 	C:\WINDOWS\System32\WS2_32.dll
0x00007ffb52690000 - 0x00007ffb5269a000 	C:\WINDOWS\SYSTEM32\VERSION.dll
0x00007ffb53920000 - 0x00007ffb53938000 	C:\WINDOWS\SYSTEM32\kernel.appcore.dll
0x00007ffb3fae0000 - 0x00007ffb3faf0000 	C:\Program Files\Android\Android Studio\jbr\bin\verify.dll
0x00007ffb3da30000 - 0x00007ffb3dc5e000 	C:\WINDOWS\SYSTEM32\DBGHELP.DLL
0x00007ffb552b0000 - 0x00007ffb55639000 	C:\WINDOWS\System32\combase.dll
0x00007ffb55b60000 - 0x00007ffb55c37000 	C:\WINDOWS\System32\OLEAUT32.dll
0x00007ffb36f60000 - 0x00007ffb36f92000 	C:\WINDOWS\SYSTEM32\dbgcore.DLL
0x00007ffb55230000 - 0x00007ffb552ab000 	C:\WINDOWS\System32\bcryptPrimitives.dll
0x00007ffb3f7d0000 - 0x00007ffb3f7f8000 	C:\Program Files\Android\Android Studio\jbr\bin\java.dll
0x00007ffb3fad0000 - 0x00007ffb3fada000 	C:\Program Files\Android\Android Studio\jbr\bin\jimage.dll
0x00007ffb3f7b0000 - 0x00007ffb3f7c8000 	C:\Program Files\Android\Android Studio\jbr\bin\zip.dll
0x00007ffb55d00000 - 0x00007ffb564fa000 	C:\WINDOWS\System32\SHELL32.dll
0x00007ffb528d0000 - 0x00007ffb5319e000 	C:\WINDOWS\SYSTEM32\windows.storage.dll
0x00007ffb52790000 - 0x00007ffb528ce000 	C:\WINDOWS\SYSTEM32\wintypes.dll
0x00007ffb55640000 - 0x00007ffb55731000 	C:\WINDOWS\System32\SHCORE.dll
0x00007ffb55ca0000 - 0x00007ffb55cfe000 	C:\WINDOWS\System32\shlwapi.dll
0x00007ffb54800000 - 0x00007ffb54821000 	C:\WINDOWS\SYSTEM32\profapi.dll
0x00007ffb3f790000 - 0x00007ffb3f7a9000 	C:\Program Files\Android\Android Studio\jbr\bin\net.dll
0x00007ffb4a3e0000 - 0x00007ffb4a517000 	C:\WINDOWS\SYSTEM32\WINHTTP.dll
0x00007ffb53d90000 - 0x00007ffb53df9000 	C:\WINDOWS\system32\mswsock.dll
0x00007ffb3f770000 - 0x00007ffb3f783000 	C:\Program Files\Android\Android Studio\jbr\bin\nio.dll
0x00007ffb40390000 - 0x00007ffb403b7000 	C:\Users\HP-CSD\.gradle\native\68d5fa5c4cc2d200863cafc0d521ce42e7d3e7ee720ec0a83991735586a16f82\windows-amd64\native-platform.dll
0x00007ffab9d30000 - 0x00007ffab9e74000 	C:\Users\HP-CSD\.gradle\native\e376f236ea51e6404a007f0833ffe2c6e607c4080706a723a18a27aeea778392\windows-amd64\native-platform-file-events.dll
0x00007ffb3f740000 - 0x00007ffb3f74a000 	C:\Program Files\Android\Android Studio\jbr\bin\management.dll
0x00007ffb20ee0000 - 0x00007ffb20eeb000 	C:\Program Files\Android\Android Studio\jbr\bin\management_ext.dll
0x00007ffb53ff0000 - 0x00007ffb5400b000 	C:\WINDOWS\SYSTEM32\CRYPTSP.dll
0x00007ffb53890000 - 0x00007ffb538c5000 	C:\WINDOWS\system32\rsaenh.dll
0x00007ffb53e90000 - 0x00007ffb53eb8000 	C:\WINDOWS\SYSTEM32\USERENV.dll
0x00007ffb541b0000 - 0x00007ffb541d8000 	C:\WINDOWS\SYSTEM32\bcrypt.dll
0x00007ffb54010000 - 0x00007ffb5401c000 	C:\WINDOWS\SYSTEM32\CRYPTBASE.dll
0x00007ffb53440000 - 0x00007ffb5346d000 	C:\WINDOWS\SYSTEM32\IPHLPAPI.DLL
0x00007ffb566f0000 - 0x00007ffb566f9000 	C:\WINDOWS\System32\NSI.dll
0x00007ffb4a600000 - 0x00007ffb4a619000 	C:\WINDOWS\SYSTEM32\dhcpcsvc6.DLL
0x00007ffb4a2c0000 - 0x00007ffb4a2df000 	C:\WINDOWS\SYSTEM32\dhcpcsvc.DLL
0x00007ffb53470000 - 0x00007ffb53563000 	C:\WINDOWS\SYSTEM32\DNSAPI.dll

dbghelp: loaded successfully - version: 4.0.5 - missing functions: none
symbol engine: initialized successfully - sym options: 0x614 - pdb path: .;C:\Program Files\Android\Android Studio\jbr\bin;C:\WINDOWS\SYSTEM32;C:\WINDOWS\WinSxS\amd64_microsoft.windows.common-controls_6595b64144ccf1df_6.0.22621.1635_none_270f70857386168e;C:\Program Files\Android\Android Studio\jbr\bin\server;C:\Users\HP-CSD\.gradle\native\68d5fa5c4cc2d200863cafc0d521ce42e7d3e7ee720ec0a83991735586a16f82\windows-amd64;C:\Users\HP-CSD\.gradle\native\e376f236ea51e6404a007f0833ffe2c6e607c4080706a723a18a27aeea778392\windows-amd64

VM Arguments:
jvm_args: --add-opens=java.base/java.util=ALL-UNNAMED --add-opens=java.base/java.lang=ALL-UNNAMED --add-opens=java.base/java.lang.invoke=ALL-UNNAMED --add-opens=java.prefs/java.util.prefs=ALL-UNNAMED --add-opens=java.base/java.nio.charset=ALL-UNNAMED --add-opens=java.base/java.net=ALL-UNNAMED --add-opens=java.base/java.util.concurrent.atomic=ALL-UNNAMED -Xmx2048m -Dfile.encoding=UTF-8 -Duser.country=PE -Duser.language=es -Duser.variant 
java_command: org.gradle.launcher.daemon.bootstrap.GradleDaemon 8.0
java_class_path (initial): C:\Users\HP-CSD\.gradle\wrapper\dists\gradle-8.0-bin\ca5e32bp14vu59qr306oxotwh\gradle-8.0\lib\gradle-launcher-8.0.jar
Launcher Type: SUN_STANDARD

[Global flags]
     intx CICompilerCount                          = 2                                         {product} {ergonomic}
     uint ConcGCThreads                            = 1                                         {product} {ergonomic}
     uint G1ConcRefinementThreads                  = 2                                         {product} {ergonomic}
   size_t G1HeapRegionSize                         = 1048576                                   {product} {ergonomic}
    uintx GCDrainStackTargetSize                   = 64                                        {product} {ergonomic}
   size_t InitialHeapSize                          = 58720256                                  {product} {ergonomic}
   size_t MarkStackSize                            = 4194304                                   {product} {ergonomic}
   size_t MaxHeapSize                              = 2147483648                                {product} {command line}
   size_t MaxNewSize                               = 1287651328                                {product} {ergonomic}
   size_t MinHeapDeltaBytes                        = 1048576                                   {product} {ergonomic}
    uintx NonNMethodCodeHeapSize                   = 5825164                                {pd product} {ergonomic}
    uintx NonProfiledCodeHeapSize                  = 122916538                              {pd product} {ergonomic}
    uintx ProfiledCodeHeapSize                     = 122916538                              {pd product} {ergonomic}
    uintx ReservedCodeCacheSize                    = 251658240                              {pd product} {ergonomic}
     bool SegmentedCodeCache                       = true                                      {product} {ergonomic}
     bool UseCompressedClassPointers               = true                                 {lp64_product} {ergonomic}
     bool UseCompressedOops                        = true                                 {lp64_product} {ergonomic}
     bool UseG1GC                                  = true                                      {product} {ergonomic}
     bool UseLargePagesIndividualAllocation        = false                                  {pd product} {ergonomic}

Logging:
Log output configuration:
 #0: stdout all=warning uptime,level,tags
 #1: stderr all=off uptime,level,tags

Environment Variables:
JAVA_HOME=C:\Program Files\Java\jdk-17
PATH=C:\app\HP-CSD\product\21c\dbhomeXE\bin;C:\Program Files\Common Files\Oracle\Java\javapath;C:\oraclexe\app\oracle\product\11.2.0\server\bin;C:\WINDOWS\system32;C:\WINDOWS;C:\WINDOWS\System32\Wbem;C:\WINDOWS\System32\WindowsPowerShell\v1.0\;C:\WINDOWS\System32\OpenSSH\;C:\Program Files\Git\cmd;C:\Program Files\nodejs\;C:\xampp\php;C:\ProgramData\ComposerSetup\bin;C:\Program Files\Java\jdk-17\bin;C:\Program Files\Apache Software Foundation\Tomcat 9.0\bin;C:\Users\HP-CSD\AppData\Local\Programs\Python\Python310\Scripts\;C:\Users\HP-CSD\AppData\Local\Programs\Python\Python310\;C:\Users\HP-CSD\AppData\Local\Microsoft\WindowsApps;C:\Program Files\MongoDB\Server\6.0\bin;C:\Program Files\MongoDB\Server\5.0\bin;D:\VISUAL\Microsoft VS Code\bin;C:\Users\HP-CSD\AppData\Roaming\npm;C:\Users\HP-CSD\AppData\Roaming\Composer\vendor\bin;
USERNAME=HP-CSD
OS=Windows_NT
PROCESSOR_IDENTIFIER=AMD64 Family 23 Model 24 Stepping 1, AuthenticAMD



---------------  S Y S T E M  ---------------

OS: Windows 11 , 64 bit Build 22621 (10.0.22621.1778)
OS uptime: 0 days 0:44 hours

CPU:total 2 (initial active 2) (2 cores per cpu, 1 threads per core) family 23 model 24 stepping 1 microcode 0x0, cmov, cx8, fxsr, mmx, sse, sse2, sse3, ssse3, sse4.1, sse4.2, popcnt, avx, avx2, aes, clmul, mmxext, 3dnowpref, lzcnt, sse4a, tsc, tscinvbit, tscinv, bmi1, bmi2, adx, sha, fma

Memory: 4k page, system-wide physical 3500M (146M free)
TotalPageFile size 14252M (AvailPageFile size 5M)
current process WorkingSet (physical memory assigned to process): 200M, peak: 206M
current process commit charge ("private bytes"): 378M, peak: 380M

vm_info: OpenJDK 64-Bit Server VM (11.0.15+0-b2043.56-9505619) for windows-amd64 JRE (11.0.15+0-b2043.56-9505619), built on Jan 19 2023 02:48:00 by "builduser" with unknown MS VC++:1929

END.
