#
# There is insufficient memory for the Java Runtime Environment to continue.
# Native memory allocation (malloc) failed to allocate 1151216 bytes for Chunk::new
# Possible reasons:
#   The system is out of physical RAM or swap space
#   The process is running with CompressedOops enabled, and the Java Heap may be blocking the growth of the native heap
# Possible solutions:
#   Reduce memory load on the system
#   Increase physical memory or swap space
#   Check if swap backing store is full
#   Decrease Java heap size (-Xmx/-Xms)
#   Decrease number of Java threads
#   Decrease Java thread stack sizes (-Xss)
#   Set larger code cache with -XX:ReservedCodeCacheSize=
#   JVM is running with Unscaled Compressed Oops mode in which the Java heap is
#     placed in the first 4GB address space. The Java Heap base address is the
#     maximum limit for the native heap growth. Please use -XX:HeapBaseMinAddress
#     to set the Java Heap base and to place the Java Heap above 4GB virtual address.
# This output file may be truncated or incomplete.
#
#  Out of Memory Error (src/hotspot/share/memory/arena.cpp:197), pid=11516, tid=12236
#
# JRE version: OpenJDK Runtime Environment (11.0.15) (build 11.0.15+0-b2043.56-9505619)
# Java VM: OpenJDK 64-Bit Server VM (11.0.15+0-b2043.56-9505619, mixed mode, tiered, compressed oops, g1 gc, windows-amd64)
# No core dump will be written. Minidumps are not enabled by default on client versions of Windows
#

---------------  S U M M A R Y ------------

Command Line: --add-opens=java.base/java.util=ALL-UNNAMED --add-opens=java.base/java.lang=ALL-UNNAMED --add-opens=java.base/java.lang.invoke=ALL-UNNAMED --add-opens=java.prefs/java.util.prefs=ALL-UNNAMED --add-opens=java.base/java.nio.charset=ALL-UNNAMED --add-opens=java.base/java.net=ALL-UNNAMED --add-opens=java.base/java.util.concurrent.atomic=ALL-UNNAMED -Xmx2048m -Dfile.encoding=UTF-8 -Duser.country=PE -Duser.language=es -Duser.variant org.gradle.launcher.daemon.bootstrap.GradleDaemon 8.0

Host: AMD Athlon Silver 3050U with Radeon Graphics   , 2 cores, 3G,  Windows 11 , 64 bit Build 22621 (10.0.22621.1778)
Time: Tue Jun 27 00:36:41 2023 Hora est. Pacífico, Sudamérica elapsed time: 104.171113 seconds (0d 0h 1m 44s)

---------------  T H R E A D  ---------------

Current thread (0x000002d346b38800):  JavaThread "C2 CompilerThread0" daemon [_thread_in_native, id=12236, stack(0x000000e6ea000000,0x000000e6ea100000)]


Current CompileTask:
C2: 104171 8521       4       groovy.lang.MetaClassImpl::inheritInterfaceNewMetaMethods (195 bytes)

Stack: [0x000000e6ea000000,0x000000e6ea100000]
Native frames: (J=compiled Java code, j=interpreted, Vv=VM code, C=native code)
V  [jvm.dll+0x64135a]
V  [jvm.dll+0x7d39f9]
V  [jvm.dll+0x7d51b9]
V  [jvm.dll+0x7d58a3]
V  [jvm.dll+0x2691c5]
V  [jvm.dll+0xc1a5c]
V  [jvm.dll+0xc200c]
V  [jvm.dll+0x377462]
V  [jvm.dll+0x342495]
V  [jvm.dll+0x34186a]
V  [jvm.dll+0x2214bd]
V  [jvm.dll+0x220498]
V  [jvm.dll+0x19e851]
V  [jvm.dll+0x230479]
V  [jvm.dll+0x22e5ef]
V  [jvm.dll+0x794de1]
V  [jvm.dll+0x78dc24]
V  [jvm.dll+0x6400f6]
C  [ucrtbase.dll+0x29363]
C  [KERNEL32.DLL+0x126ad]
C  [ntdll.dll+0x5a9f8]


---------------  P R O C E S S  ---------------

Threads class SMR info:
_java_thread_list=0x000002d34e22dca0, length=56, elements={
0x000002d32d3cc800, 0x000002d346ad3000, 0x000002d346add000, 0x000002d346b31800,
0x000002d346b35000, 0x000002d346b36000, 0x000002d346b38800, 0x000002d346b39800,
0x000002d3474a8800, 0x000002d3475d5800, 0x000002d3489c1000, 0x000002d3484c8800,
0x000002d34847c000, 0x000002d348840000, 0x000002d34974f000, 0x000002d34866c000,
0x000002d3485e6800, 0x000002d34783d000, 0x000002d348f4c800, 0x000002d348f4d000,
0x000002d348f4e000, 0x000002d348f48800, 0x000002d348f4f000, 0x000002d348f49000,
0x000002d348f4a000, 0x000002d348f4a800, 0x000002d348f4b800, 0x000002d3498b8800,
0x000002d3498b6000, 0x000002d3498bd000, 0x000002d3498b9800, 0x000002d3498ba800,
0x000002d3498b8000, 0x000002d3498bc000, 0x000002d3498b7000, 0x000002d3498bf000,
0x000002d3498c0000, 0x000002d3498c1800, 0x000002d3498c1000, 0x000002d3498c3800,
0x000002d3498c2800, 0x000002d3498bd800, 0x000002d3498c4000, 0x000002d3498be800,
0x000002d3498c5000, 0x000002d348ba4000, 0x000002d348ba3000, 0x000002d348ba2000,
0x000002d348ba4800, 0x000002d348ba5800, 0x000002d348ba6000, 0x000002d348ba7000,
0x000002d348ba1800, 0x000002d348bab000, 0x000002d348bac000, 0x000002d348bad800
}

Java Threads: ( => current thread )
  0x000002d32d3cc800 JavaThread "main" [_thread_blocked, id=3044, stack(0x000000e6e9400000,0x000000e6e9500000)]
  0x000002d346ad3000 JavaThread "Reference Handler" daemon [_thread_blocked, id=10984, stack(0x000000e6e9b00000,0x000000e6e9c00000)]
  0x000002d346add000 JavaThread "Finalizer" daemon [_thread_blocked, id=14832, stack(0x000000e6e9c00000,0x000000e6e9d00000)]
  0x000002d346b31800 JavaThread "Signal Dispatcher" daemon [_thread_blocked, id=12260, stack(0x000000e6e9d00000,0x000000e6e9e00000)]
  0x000002d346b35000 JavaThread "Attach Listener" daemon [_thread_blocked, id=14588, stack(0x000000e6e9e00000,0x000000e6e9f00000)]
  0x000002d346b36000 JavaThread "Service Thread" daemon [_thread_blocked, id=12344, stack(0x000000e6e9f00000,0x000000e6ea000000)]
=>0x000002d346b38800 JavaThread "C2 CompilerThread0" daemon [_thread_in_native, id=12236, stack(0x000000e6ea000000,0x000000e6ea100000)]
  0x000002d346b39800 JavaThread "C1 CompilerThread0" daemon [_thread_blocked, id=6668, stack(0x000000e6ea100000,0x000000e6ea200000)]
  0x000002d3474a8800 JavaThread "Sweeper thread" daemon [_thread_blocked, id=2464, stack(0x000000e6ea200000,0x000000e6ea300000)]
  0x000002d3475d5800 JavaThread "Common-Cleaner" daemon [_thread_blocked, id=9976, stack(0x000000e6ea300000,0x000000e6ea400000)]
  0x000002d3489c1000 JavaThread "Daemon health stats" [_thread_blocked, id=13428, stack(0x000000e6ea600000,0x000000e6ea700000)]
  0x000002d3484c8800 JavaThread "Incoming local TCP Connector on port 64952" [_thread_in_native, id=4540, stack(0x000000e6ea700000,0x000000e6ea800000)]
  0x000002d34847c000 JavaThread "Daemon" [_thread_blocked, id=13608, stack(0x000000e6ea800000,0x000000e6ea900000)]
  0x000002d348840000 JavaThread "Handler for socket connection from /127.0.0.1:64952 to /127.0.0.1:64953" [_thread_in_native, id=15060, stack(0x000000e6ea900000,0x000000e6eaa00000)]
  0x000002d34974f000 JavaThread "Daemon periodic checks" [_thread_blocked, id=1940, stack(0x000000e6eaa00000,0x000000e6eab00000)]
  0x000002d34866c000 JavaThread "Cancel handler" [_thread_blocked, id=15356, stack(0x000000e6eab00000,0x000000e6eac00000)]
  0x000002d3485e6800 JavaThread "Daemon worker" [_thread_in_vm, id=5104, stack(0x000000e6eac00000,0x000000e6ead00000)]
  0x000002d34783d000 JavaThread "Asynchronous log dispatcher for DefaultDaemonConnection: socket connection from /127.0.0.1:64952 to /127.0.0.1:64953" [_thread_blocked, id=15088, stack(0x000000e6ead00000,0x000000e6eae00000)]
  0x000002d348f4c800 JavaThread "Daemon client event forwarder" [_thread_blocked, id=11032, stack(0x000000e6eaf00000,0x000000e6eb000000)]
  0x000002d348f4d000 JavaThread "Cache worker for journal cache (C:\Users\HP-CSD\.gradle\caches\journal-1)" [_thread_blocked, id=2408, stack(0x000000e6eb000000,0x000000e6eb100000)]
  0x000002d348f4e000 JavaThread "File lock request listener" [_thread_in_native, id=15616, stack(0x000000e6eb100000,0x000000e6eb200000)]
  0x000002d348f48800 JavaThread "Cache worker for file hash cache (C:\Users\HP-CSD\.gradle\caches\8.0\fileHashes)" [_thread_blocked, id=6864, stack(0x000000e6eb200000,0x000000e6eb300000)]
  0x000002d348f4f000 JavaThread "File watcher server" daemon [_thread_in_native, id=16280, stack(0x000000e6eb300000,0x000000e6eb400000)]
  0x000002d348f49000 JavaThread "File watcher consumer" daemon [_thread_blocked, id=8060, stack(0x000000e6eb400000,0x000000e6eb500000)]
  0x000002d348f4a000 JavaThread "Cache worker for checksums cache (C:\Users\HP-CSD\AndroidStudioProjects\PokeTinder\.gradle\8.0\checksums)" [_thread_blocked, id=2484, stack(0x000000e6eb500000,0x000000e6eb600000)]
  0x000002d348f4a800 JavaThread "Cache worker for cache directory md-rule (C:\Users\HP-CSD\.gradle\caches\8.0\md-rule)" [_thread_blocked, id=9152, stack(0x000000e6eb600000,0x000000e6eb700000)]
  0x000002d348f4b800 JavaThread "Cache worker for file content cache (C:\Users\HP-CSD\.gradle\caches\8.0\fileContent)" [_thread_blocked, id=9184, stack(0x000000e6eb700000,0x000000e6eb800000)]
  0x000002d3498b8800 JavaThread "Cache worker for file hash cache (C:\Users\HP-CSD\AndroidStudioProjects\PokeTinder\.gradle\8.0\fileHashes)" [_thread_blocked, id=10444, stack(0x000000e6eb800000,0x000000e6eb900000)]
  0x000002d3498b6000 JavaThread "Cache worker for cache directory md-supplier (C:\Users\HP-CSD\.gradle\caches\8.0\md-supplier)" [_thread_blocked, id=14892, stack(0x000000e6eb900000,0x000000e6eba00000)]
  0x000002d3498bd000 JavaThread "Cache worker for execution history cache (C:\Users\HP-CSD\.gradle\caches\8.0\executionHistory)" [_thread_blocked, id=6488, stack(0x000000e6eba00000,0x000000e6ebb00000)]
  0x000002d3498b9800 JavaThread "jar transforms" [_thread_blocked, id=7840, stack(0x000000e6ebb00000,0x000000e6ebc00000)]
  0x000002d3498ba800 JavaThread "jar transforms Thread 2" [_thread_blocked, id=364, stack(0x000000e6ebc00000,0x000000e6ebd00000)]
  0x000002d3498b8000 JavaThread "Cache worker for dependencies-accessors (C:\Users\HP-CSD\AndroidStudioProjects\PokeTinder\.gradle\8.0\dependencies-accessors)" [_thread_blocked, id=13080, stack(0x000000e6ebd00000,0x000000e6ebe00000)]
  0x000002d3498bc000 JavaThread "Cache worker for Build Output Cleanup Cache (C:\Users\HP-CSD\AndroidStudioProjects\PokeTinder\.gradle\buildOutputCleanup)" [_thread_blocked, id=15944, stack(0x000000e6ebe00000,0x000000e6ebf00000)]
  0x000002d3498b7000 JavaThread "Unconstrained build operations" [_thread_blocked, id=15252, stack(0x000000e6ec000000,0x000000e6ec100000)]
  0x000002d3498bf000 JavaThread "Unconstrained build operations Thread 2" [_thread_blocked, id=4232, stack(0x000000e6ec100000,0x000000e6ec200000)]
  0x000002d3498c0000 JavaThread "Unconstrained build operations Thread 3" [_thread_blocked, id=14404, stack(0x000000e6ec200000,0x000000e6ec300000)]
  0x000002d3498c1800 JavaThread "Unconstrained build operations Thread 4" [_thread_blocked, id=15756, stack(0x000000e6ec300000,0x000000e6ec400000)]
  0x000002d3498c1000 JavaThread "Unconstrained build operations Thread 5" [_thread_blocked, id=13504, stack(0x000000e6ec400000,0x000000e6ec500000)]
  0x000002d3498c3800 JavaThread "Unconstrained build operations Thread 6" [_thread_blocked, id=7008, stack(0x000000e6ec500000,0x000000e6ec600000)]
  0x000002d3498c2800 JavaThread "Unconstrained build operations Thread 7" [_thread_blocked, id=15092, stack(0x000000e6ec600000,0x000000e6ec700000)]
  0x000002d3498bd800 JavaThread "Unconstrained build operations Thread 8" [_thread_blocked, id=15104, stack(0x000000e6ec700000,0x000000e6ec800000)]
  0x000002d3498c4000 JavaThread "Unconstrained build operations Thread 9" [_thread_blocked, id=15636, stack(0x000000e6ec800000,0x000000e6ec900000)]
  0x000002d3498be800 JavaThread "Unconstrained build operations Thread 10" [_thread_blocked, id=7252, stack(0x000000e6ec900000,0x000000e6eca00000)]
  0x000002d3498c5000 JavaThread "Unconstrained build operations Thread 11" [_thread_blocked, id=1096, stack(0x000000e6eca00000,0x000000e6ecb00000)]
  0x000002d348ba4000 JavaThread "Unconstrained build operations Thread 12" [_thread_blocked, id=6564, stack(0x000000e6ecb00000,0x000000e6ecc00000)]
  0x000002d348ba3000 JavaThread "Unconstrained build operations Thread 13" [_thread_blocked, id=3652, stack(0x000000e6ecc00000,0x000000e6ecd00000)]
  0x000002d348ba2000 JavaThread "Unconstrained build operations Thread 14" [_thread_blocked, id=5036, stack(0x000000e6ecd00000,0x000000e6ece00000)]
  0x000002d348ba4800 JavaThread "Unconstrained build operations Thread 15" [_thread_blocked, id=9924, stack(0x000000e6ece00000,0x000000e6ecf00000)]
  0x000002d348ba5800 JavaThread "Unconstrained build operations Thread 16" [_thread_blocked, id=14492, stack(0x000000e6ecf00000,0x000000e6ed000000)]
  0x000002d348ba6000 JavaThread "Unconstrained build operations Thread 17" [_thread_blocked, id=1860, stack(0x000000e6ed000000,0x000000e6ed100000)]
  0x000002d348ba7000 JavaThread "Unconstrained build operations Thread 18" [_thread_blocked, id=11324, stack(0x000000e6ed100000,0x000000e6ed200000)]
  0x000002d348ba1800 JavaThread "Unconstrained build operations Thread 19" [_thread_blocked, id=6388, stack(0x000000e6ed200000,0x000000e6ed300000)]
  0x000002d348bab000 JavaThread "Unconstrained build operations Thread 20" [_thread_blocked, id=3256, stack(0x000000e6ed300000,0x000000e6ed400000)]
  0x000002d348bac000 JavaThread "build event listener" [_thread_blocked, id=9464, stack(0x000000e6ed400000,0x000000e6ed500000)]
  0x000002d348bad800 JavaThread "Memory manager" [_thread_blocked, id=1368, stack(0x000000e6ed700000,0x000000e6ed800000)]

Other Threads:
  0x000002d346ace000 VMThread "VM Thread" [stack: 0x000000e6e9a00000,0x000000e6e9b00000] [id=15480]
  0x000002d34763c800 WatcherThread [stack: 0x000000e6ea400000,0x000000e6ea500000] [id=13436]
  0x000002d32d3e6000 GCTaskThread "GC Thread#0" [stack: 0x000000e6e9500000,0x000000e6e9600000] [id=15288]
  0x000002d347792000 GCTaskThread "GC Thread#1" [stack: 0x000000e6ea500000,0x000000e6ea600000] [id=3304]
  0x000002d32d417800 ConcurrentGCThread "G1 Main Marker" [stack: 0x000000e6e9600000,0x000000e6e9700000] [id=14232]
  0x000002d32d41a000 ConcurrentGCThread "G1 Conc#0" [stack: 0x000000e6e9700000,0x000000e6e9800000] [id=2648]
  0x000002d32d459000 ConcurrentGCThread "G1 Refine#0" [stack: 0x000000e6e9800000,0x000000e6e9900000] [id=7032]
  0x000002d32d45b000 ConcurrentGCThread "G1 Young RemSet Sampling" [stack: 0x000000e6e9900000,0x000000e6e9a00000] [id=13916]

Threads with active compile tasks:
C2 CompilerThread0   104268 8521       4       groovy.lang.MetaClassImpl::inheritInterfaceNewMetaMethods (195 bytes)

VM state:not at safepoint (normal execution)

VM Mutex/Monitor currently owned by a thread: None

Heap address: 0x0000000080000000, size: 2048 MB, Compressed Oops mode: 32-bit
Narrow klass base: 0x0000000000000000, Narrow klass shift: 3
Compressed class space size: 1073741824 Address: 0x0000000100000000

Heap:
 garbage-first heap   total 146432K, used 102516K [0x0000000080000000, 0x0000000100000000)
  region size 1024K, 31 young (31744K), 6 survivors (6144K)
 Metaspace       used 84721K, capacity 86693K, committed 86960K, reserved 1124352K
  class space    used 10982K, capacity 11748K, committed 11776K, reserved 1048576K
Heap Regions: E=young(eden), S=young(survivor), O=old, HS=humongous(starts), HC=humongous(continues), CS=collection set, F=free, A=archive, TAMS=top-at-mark-start (previous, next)
|   0|0x0000000080000000, 0x0000000080100000, 0x0000000080100000|100%| O|  |TAMS 0x0000000080100000, 0x0000000080000000| Untracked 
|   1|0x0000000080100000, 0x0000000080200000, 0x0000000080200000|100%|HS|  |TAMS 0x0000000080200000, 0x0000000080100000| Complete 
|   2|0x0000000080200000, 0x0000000080300000, 0x0000000080300000|100%|HC|  |TAMS 0x0000000080300000, 0x0000000080200000| Complete 
|   3|0x0000000080300000, 0x0000000080400000, 0x0000000080400000|100%|HC|  |TAMS 0x0000000080400000, 0x0000000080300000| Complete 
|   4|0x0000000080400000, 0x0000000080500000, 0x0000000080500000|100%|HC|  |TAMS 0x0000000080500000, 0x0000000080400000| Complete 
|   5|0x0000000080500000, 0x0000000080600000, 0x0000000080600000|100%| O|  |TAMS 0x0000000080600000, 0x0000000080500000| Untracked 
|   6|0x0000000080600000, 0x0000000080700000, 0x0000000080700000|100%| O|  |TAMS 0x0000000080700000, 0x0000000080600000| Untracked 
|   7|0x0000000080700000, 0x0000000080800000, 0x0000000080800000|100%| O|  |TAMS 0x0000000080800000, 0x0000000080700000| Untracked 
|   8|0x0000000080800000, 0x0000000080900000, 0x0000000080900000|100%| O|  |TAMS 0x0000000080900000, 0x0000000080800000| Untracked 
|   9|0x0000000080900000, 0x0000000080a00000, 0x0000000080a00000|100%| O|  |TAMS 0x0000000080a00000, 0x0000000080900000| Untracked 
|  10|0x0000000080a00000, 0x0000000080b00000, 0x0000000080b00000|100%| O|  |TAMS 0x0000000080b00000, 0x0000000080a00000| Untracked 
|  11|0x0000000080b00000, 0x0000000080c00000, 0x0000000080c00000|100%| O|  |TAMS 0x0000000080c00000, 0x0000000080b00000| Untracked 
|  12|0x0000000080c00000, 0x0000000080d00000, 0x0000000080d00000|100%| O|  |TAMS 0x0000000080d00000, 0x0000000080c00000| Untracked 
|  13|0x0000000080d00000, 0x0000000080e00000, 0x0000000080e00000|100%| O|  |TAMS 0x0000000080e00000, 0x0000000080d00000| Untracked 
|  14|0x0000000080e00000, 0x0000000080f00000, 0x0000000080f00000|100%| O|  |TAMS 0x0000000080f00000, 0x0000000080e00000| Untracked 
|  15|0x0000000080f00000, 0x0000000081000000, 0x0000000081000000|100%| O|  |TAMS 0x0000000081000000, 0x0000000080f00000| Untracked 
|  16|0x0000000081000000, 0x0000000081100000, 0x0000000081100000|100%| O|  |TAMS 0x0000000081100000, 0x0000000081000000| Untracked 
|  17|0x0000000081100000, 0x0000000081200000, 0x0000000081200000|100%| O|  |TAMS 0x0000000081200000, 0x0000000081100000| Untracked 
|  18|0x0000000081200000, 0x0000000081300000, 0x0000000081300000|100%| O|  |TAMS 0x0000000081300000, 0x0000000081200000| Untracked 
|  19|0x0000000081300000, 0x0000000081400000, 0x0000000081400000|100%| O|  |TAMS 0x0000000081400000, 0x0000000081300000| Untracked 
|  20|0x0000000081400000, 0x0000000081500000, 0x0000000081500000|100%| O|  |TAMS 0x0000000081500000, 0x0000000081400000| Untracked 
|  21|0x0000000081500000, 0x0000000081600000, 0x0000000081600000|100%| O|  |TAMS 0x0000000081600000, 0x0000000081500000| Untracked 
|  22|0x0000000081600000, 0x0000000081700000, 0x0000000081700000|100%| O|  |TAMS 0x0000000081700000, 0x0000000081600000| Untracked 
|  23|0x0000000081700000, 0x0000000081800000, 0x0000000081800000|100%| O|  |TAMS 0x0000000081800000, 0x0000000081700000| Untracked 
|  24|0x0000000081800000, 0x0000000081900000, 0x0000000081900000|100%| O|  |TAMS 0x0000000081900000, 0x0000000081800000| Untracked 
|  25|0x0000000081900000, 0x0000000081a00000, 0x0000000081a00000|100%| O|  |TAMS 0x0000000081a00000, 0x0000000081900000| Untracked 
|  26|0x0000000081a00000, 0x0000000081b00000, 0x0000000081b00000|100%| O|  |TAMS 0x0000000081b00000, 0x0000000081a00000| Untracked 
|  27|0x0000000081b00000, 0x0000000081c00000, 0x0000000081c00000|100%| O|  |TAMS 0x0000000081c00000, 0x0000000081b00000| Untracked 
|  28|0x0000000081c00000, 0x0000000081d00000, 0x0000000081d00000|100%| O|  |TAMS 0x0000000081d00000, 0x0000000081c00000| Untracked 
|  29|0x0000000081d00000, 0x0000000081e00000, 0x0000000081e00000|100%| O|  |TAMS 0x0000000081e00000, 0x0000000081d00000| Untracked 
|  30|0x0000000081e00000, 0x0000000081f00000, 0x0000000081f00000|100%| O|  |TAMS 0x0000000081f00000, 0x0000000081e00000| Untracked 
|  31|0x0000000081f00000, 0x0000000082000000, 0x0000000082000000|100%| O|  |TAMS 0x0000000082000000, 0x0000000081f00000| Untracked 
|  32|0x0000000082000000, 0x0000000082100000, 0x0000000082100000|100%| O|  |TAMS 0x0000000082100000, 0x0000000082000000| Untracked 
|  33|0x0000000082100000, 0x0000000082200000, 0x0000000082200000|100%| O|  |TAMS 0x0000000082200000, 0x0000000082100000| Untracked 
|  34|0x0000000082200000, 0x0000000082300000, 0x0000000082300000|100%| O|  |TAMS 0x0000000082300000, 0x0000000082200000| Untracked 
|  35|0x0000000082300000, 0x0000000082400000, 0x0000000082400000|100%| O|  |TAMS 0x0000000082400000, 0x0000000082300000| Untracked 
|  36|0x0000000082400000, 0x0000000082500000, 0x0000000082500000|100%| O|  |TAMS 0x0000000082500000, 0x0000000082400000| Untracked 
|  37|0x0000000082500000, 0x0000000082600000, 0x0000000082600000|100%| O|  |TAMS 0x0000000082600000, 0x0000000082500000| Untracked 
|  38|0x0000000082600000, 0x0000000082700000, 0x0000000082700000|100%|HS|  |TAMS 0x0000000082700000, 0x0000000082600000| Complete 
|  39|0x0000000082700000, 0x0000000082800000, 0x0000000082800000|100%|HS|  |TAMS 0x0000000082800000, 0x0000000082700000| Complete 
|  40|0x0000000082800000, 0x0000000082900000, 0x0000000082900000|100%|HS|  |TAMS 0x0000000082900000, 0x0000000082800000| Complete 
|  41|0x0000000082900000, 0x0000000082a00000, 0x0000000082a00000|100%|HC|  |TAMS 0x0000000082a00000, 0x0000000082900000| Complete 
|  42|0x0000000082a00000, 0x0000000082b00000, 0x0000000082b00000|100%| O|  |TAMS 0x0000000082b00000, 0x0000000082a00000| Untracked 
|  43|0x0000000082b00000, 0x0000000082c00000, 0x0000000082c00000|100%| O|  |TAMS 0x0000000082c00000, 0x0000000082b00000| Untracked 
|  44|0x0000000082c00000, 0x0000000082d00000, 0x0000000082d00000|100%|HS|  |TAMS 0x0000000082d00000, 0x0000000082c00000| Complete 
|  45|0x0000000082d00000, 0x0000000082e00000, 0x0000000082e00000|100%|HC|  |TAMS 0x0000000082e00000, 0x0000000082d00000| Complete 
|  46|0x0000000082e00000, 0x0000000082f00000, 0x0000000082f00000|100%|HC|  |TAMS 0x0000000082f00000, 0x0000000082e00000| Complete 
|  47|0x0000000082f00000, 0x0000000083000000, 0x0000000083000000|100%|HC|  |TAMS 0x0000000083000000, 0x0000000082f00000| Complete 
|  48|0x0000000083000000, 0x0000000083100000, 0x0000000083100000|100%| O|  |TAMS 0x0000000083100000, 0x0000000083000000| Untracked 
|  49|0x0000000083100000, 0x0000000083200000, 0x0000000083200000|100%| O|  |TAMS 0x0000000083200000, 0x0000000083100000| Untracked 
|  50|0x0000000083200000, 0x0000000083300000, 0x0000000083300000|100%| O|  |TAMS 0x0000000083300000, 0x0000000083200000| Untracked 
|  51|0x0000000083300000, 0x0000000083400000, 0x0000000083400000|100%| O|  |TAMS 0x0000000083400000, 0x0000000083300000| Untracked 
|  52|0x0000000083400000, 0x0000000083500000, 0x0000000083500000|100%| O|  |TAMS 0x0000000083500000, 0x0000000083400000| Untracked 
|  53|0x0000000083500000, 0x0000000083600000, 0x0000000083600000|100%| O|  |TAMS 0x0000000083600000, 0x0000000083500000| Untracked 
|  54|0x0000000083600000, 0x0000000083700000, 0x0000000083700000|100%| O|  |TAMS 0x0000000083700000, 0x0000000083600000| Untracked 
|  55|0x0000000083700000, 0x0000000083800000, 0x0000000083800000|100%| O|  |TAMS 0x0000000083800000, 0x0000000083700000| Untracked 
|  56|0x0000000083800000, 0x0000000083900000, 0x0000000083900000|100%| O|  |TAMS 0x0000000083900000, 0x0000000083800000| Untracked 
|  57|0x0000000083900000, 0x0000000083a00000, 0x0000000083a00000|100%| O|  |TAMS 0x0000000083a00000, 0x0000000083900000| Untracked 
|  58|0x0000000083a00000, 0x0000000083b00000, 0x0000000083b00000|100%| O|  |TAMS 0x0000000083b00000, 0x0000000083a00000| Untracked 
|  59|0x0000000083b00000, 0x0000000083c00000, 0x0000000083c00000|100%| O|  |TAMS 0x0000000083c00000, 0x0000000083b00000| Untracked 
|  60|0x0000000083c00000, 0x0000000083d00000, 0x0000000083d00000|100%| O|  |TAMS 0x0000000083d00000, 0x0000000083c00000| Untracked 
|  61|0x0000000083d00000, 0x0000000083e00000, 0x0000000083e00000|100%| O|  |TAMS 0x0000000083e00000, 0x0000000083d00000| Untracked 
|  62|0x0000000083e00000, 0x0000000083f00000, 0x0000000083f00000|100%| O|  |TAMS 0x0000000083f00000, 0x0000000083e00000| Untracked 
|  63|0x0000000083f00000, 0x0000000084000000, 0x0000000084000000|100%| O|  |TAMS 0x0000000084000000, 0x0000000083f00000| Untracked 
|  64|0x0000000084000000, 0x0000000084100000, 0x0000000084100000|100%| O|  |TAMS 0x0000000084100000, 0x0000000084000000| Untracked 
|  65|0x0000000084100000, 0x0000000084200000, 0x0000000084200000|100%| O|  |TAMS 0x0000000084200000, 0x0000000084100000| Untracked 
|  66|0x0000000084200000, 0x0000000084300000, 0x0000000084300000|100%| O|  |TAMS 0x0000000084300000, 0x0000000084200000| Untracked 
|  67|0x0000000084300000, 0x0000000084400000, 0x0000000084400000|100%| O|  |TAMS 0x0000000084400000, 0x0000000084300000| Untracked 
|  68|0x0000000084400000, 0x0000000084500000, 0x0000000084500000|100%| O|  |TAMS 0x0000000084500000, 0x0000000084400000| Untracked 
|  69|0x0000000084500000, 0x0000000084600000, 0x0000000084600000|100%| O|  |TAMS 0x0000000084600000, 0x0000000084500000| Untracked 
|  70|0x0000000084600000, 0x0000000084633e00, 0x0000000084700000| 20%| O|  |TAMS 0x0000000084633e00, 0x0000000084600000| Untracked 
|  71|0x0000000084700000, 0x0000000084700000, 0x0000000084800000|  0%| F|  |TAMS 0x0000000084700000, 0x0000000084700000| Untracked 
|  72|0x0000000084800000, 0x0000000084800000, 0x0000000084900000|  0%| F|  |TAMS 0x0000000084800000, 0x0000000084800000| Untracked 
|  73|0x0000000084900000, 0x0000000084900000, 0x0000000084a00000|  0%| F|  |TAMS 0x0000000084900000, 0x0000000084900000| Untracked 
|  74|0x0000000084a00000, 0x0000000084a00000, 0x0000000084b00000|  0%| F|  |TAMS 0x0000000084a00000, 0x0000000084a00000| Untracked 
|  75|0x0000000084b00000, 0x0000000084b00000, 0x0000000084c00000|  0%| F|  |TAMS 0x0000000084b00000, 0x0000000084b00000| Untracked 
|  76|0x0000000084c00000, 0x0000000084c00000, 0x0000000084d00000|  0%| F|  |TAMS 0x0000000084c00000, 0x0000000084c00000| Untracked 
|  77|0x0000000084d00000, 0x0000000084d00000, 0x0000000084e00000|  0%| F|  |TAMS 0x0000000084d00000, 0x0000000084d00000| Untracked 
|  78|0x0000000084e00000, 0x0000000084e00000, 0x0000000084f00000|  0%| F|  |TAMS 0x0000000084e00000, 0x0000000084e00000| Untracked 
|  79|0x0000000084f00000, 0x0000000084f00000, 0x0000000085000000|  0%| F|  |TAMS 0x0000000084f00000, 0x0000000084f00000| Untracked 
|  80|0x0000000085000000, 0x0000000085000000, 0x0000000085100000|  0%| F|  |TAMS 0x0000000085000000, 0x0000000085000000| Untracked 
|  81|0x0000000085100000, 0x0000000085100000, 0x0000000085200000|  0%| F|  |TAMS 0x0000000085100000, 0x0000000085100000| Untracked 
|  82|0x0000000085200000, 0x0000000085200000, 0x0000000085300000|  0%| F|  |TAMS 0x0000000085200000, 0x0000000085200000| Untracked 
|  83|0x0000000085300000, 0x0000000085300000, 0x0000000085400000|  0%| F|  |TAMS 0x0000000085300000, 0x0000000085300000| Untracked 
|  84|0x0000000085400000, 0x0000000085400000, 0x0000000085500000|  0%| F|  |TAMS 0x0000000085400000, 0x0000000085400000| Untracked 
|  85|0x0000000085500000, 0x0000000085500000, 0x0000000085600000|  0%| F|  |TAMS 0x0000000085500000, 0x0000000085500000| Untracked 
|  86|0x0000000085600000, 0x0000000085600000, 0x0000000085700000|  0%| F|  |TAMS 0x0000000085600000, 0x0000000085600000| Untracked 
|  87|0x0000000085700000, 0x0000000085700000, 0x0000000085800000|  0%| F|  |TAMS 0x0000000085700000, 0x0000000085700000| Untracked 
|  88|0x0000000085800000, 0x0000000085800000, 0x0000000085900000|  0%| F|  |TAMS 0x0000000085800000, 0x0000000085800000| Untracked 
|  89|0x0000000085900000, 0x0000000085900000, 0x0000000085a00000|  0%| F|  |TAMS 0x0000000085900000, 0x0000000085900000| Untracked 
|  90|0x0000000085a00000, 0x0000000085a00000, 0x0000000085b00000|  0%| F|  |TAMS 0x0000000085a00000, 0x0000000085a00000| Untracked 
|  91|0x0000000085b00000, 0x0000000085b00000, 0x0000000085c00000|  0%| F|  |TAMS 0x0000000085b00000, 0x0000000085b00000| Untracked 
|  92|0x0000000085c00000, 0x0000000085c00000, 0x0000000085d00000|  0%| F|  |TAMS 0x0000000085c00000, 0x0000000085c00000| Untracked 
|  93|0x0000000085d00000, 0x0000000085d00000, 0x0000000085e00000|  0%| F|  |TAMS 0x0000000085d00000, 0x0000000085d00000| Untracked 
|  94|0x0000000085e00000, 0x0000000085e00000, 0x0000000085f00000|  0%| F|  |TAMS 0x0000000085e00000, 0x0000000085e00000| Untracked 
|  95|0x0000000085f00000, 0x0000000085f00000, 0x0000000086000000|  0%| F|  |TAMS 0x0000000085f00000, 0x0000000085f00000| Untracked 
|  96|0x0000000086000000, 0x0000000086000000, 0x0000000086100000|  0%| F|  |TAMS 0x0000000086000000, 0x0000000086000000| Untracked 
|  97|0x0000000086100000, 0x0000000086100000, 0x0000000086200000|  0%| F|  |TAMS 0x0000000086100000, 0x0000000086100000| Untracked 
|  98|0x0000000086200000, 0x0000000086200000, 0x0000000086300000|  0%| F|  |TAMS 0x0000000086200000, 0x0000000086200000| Untracked 
|  99|0x0000000086300000, 0x00000000863e94a8, 0x0000000086400000| 91%| S|CS|TAMS 0x0000000086300000, 0x0000000086300000| Complete 
| 100|0x0000000086400000, 0x0000000086500000, 0x0000000086500000|100%| S|CS|TAMS 0x0000000086400000, 0x0000000086400000| Complete 
| 101|0x0000000086500000, 0x0000000086600000, 0x0000000086600000|100%| S|CS|TAMS 0x0000000086500000, 0x0000000086500000| Complete 
| 102|0x0000000086600000, 0x0000000086700000, 0x0000000086700000|100%| S|CS|TAMS 0x0000000086600000, 0x0000000086600000| Complete 
| 103|0x0000000086700000, 0x0000000086800000, 0x0000000086800000|100%| S|CS|TAMS 0x0000000086700000, 0x0000000086700000| Complete 
| 104|0x0000000086800000, 0x0000000086900000, 0x0000000086900000|100%| S|CS|TAMS 0x0000000086800000, 0x0000000086800000| Complete 
| 105|0x0000000086900000, 0x0000000086900000, 0x0000000086a00000|  0%| F|  |TAMS 0x0000000086900000, 0x0000000086900000| Untracked 
| 106|0x0000000086a00000, 0x0000000086a00000, 0x0000000086b00000|  0%| F|  |TAMS 0x0000000086a00000, 0x0000000086a00000| Untracked 
| 107|0x0000000086b00000, 0x0000000086b00000, 0x0000000086c00000|  0%| F|  |TAMS 0x0000000086b00000, 0x0000000086b00000| Untracked 
| 108|0x0000000086c00000, 0x0000000086c00000, 0x0000000086d00000|  0%| F|  |TAMS 0x0000000086c00000, 0x0000000086c00000| Untracked 
| 109|0x0000000086d00000, 0x0000000086d00000, 0x0000000086e00000|  0%| F|  |TAMS 0x0000000086d00000, 0x0000000086d00000| Untracked 
| 110|0x0000000086e00000, 0x0000000086e00000, 0x0000000086f00000|  0%| F|  |TAMS 0x0000000086e00000, 0x0000000086e00000| Untracked 
| 111|0x0000000086f00000, 0x0000000086f00000, 0x0000000087000000|  0%| F|  |TAMS 0x0000000086f00000, 0x0000000086f00000| Untracked 
| 112|0x0000000087000000, 0x0000000087000000, 0x0000000087100000|  0%| F|  |TAMS 0x0000000087000000, 0x0000000087000000| Untracked 
| 113|0x0000000087100000, 0x0000000087100000, 0x0000000087200000|  0%| F|  |TAMS 0x0000000087100000, 0x0000000087100000| Untracked 
| 114|0x0000000087200000, 0x0000000087200000, 0x0000000087300000|  0%| F|  |TAMS 0x0000000087200000, 0x0000000087200000| Untracked 
| 115|0x0000000087300000, 0x0000000087300000, 0x0000000087400000|  0%| F|  |TAMS 0x0000000087300000, 0x0000000087300000| Untracked 
| 116|0x0000000087400000, 0x0000000087400000, 0x0000000087500000|  0%| F|  |TAMS 0x0000000087400000, 0x0000000087400000| Untracked 
| 117|0x0000000087500000, 0x0000000087500000, 0x0000000087600000|  0%| F|  |TAMS 0x0000000087500000, 0x0000000087500000| Untracked 
| 118|0x0000000087600000, 0x0000000087680800, 0x0000000087700000| 50%| E|  |TAMS 0x0000000087600000, 0x0000000087600000| Complete 
| 119|0x0000000087700000, 0x0000000087800000, 0x0000000087800000|100%| E|CS|TAMS 0x0000000087700000, 0x0000000087700000| Complete 
| 120|0x0000000087800000, 0x0000000087900000, 0x0000000087900000|100%| E|CS|TAMS 0x0000000087800000, 0x0000000087800000| Complete 
| 121|0x0000000087900000, 0x0000000087a00000, 0x0000000087a00000|100%| E|CS|TAMS 0x0000000087900000, 0x0000000087900000| Complete 
| 122|0x0000000087a00000, 0x0000000087b00000, 0x0000000087b00000|100%| E|CS|TAMS 0x0000000087a00000, 0x0000000087a00000| Complete 
| 123|0x0000000087b00000, 0x0000000087c00000, 0x0000000087c00000|100%| E|CS|TAMS 0x0000000087b00000, 0x0000000087b00000| Complete 
| 124|0x0000000087c00000, 0x0000000087d00000, 0x0000000087d00000|100%| E|CS|TAMS 0x0000000087c00000, 0x0000000087c00000| Complete 
| 125|0x0000000087d00000, 0x0000000087e00000, 0x0000000087e00000|100%| E|CS|TAMS 0x0000000087d00000, 0x0000000087d00000| Complete 
| 126|0x0000000087e00000, 0x0000000087f00000, 0x0000000087f00000|100%| E|CS|TAMS 0x0000000087e00000, 0x0000000087e00000| Complete 
| 127|0x0000000087f00000, 0x0000000088000000, 0x0000000088000000|100%| E|CS|TAMS 0x0000000087f00000, 0x0000000087f00000| Complete 
| 128|0x0000000088000000, 0x0000000088100000, 0x0000000088100000|100%| E|CS|TAMS 0x0000000088000000, 0x0000000088000000| Complete 
| 129|0x0000000088100000, 0x0000000088200000, 0x0000000088200000|100%| E|CS|TAMS 0x0000000088100000, 0x0000000088100000| Complete 
| 130|0x0000000088200000, 0x0000000088300000, 0x0000000088300000|100%| E|CS|TAMS 0x0000000088200000, 0x0000000088200000| Complete 
| 131|0x0000000088300000, 0x0000000088400000, 0x0000000088400000|100%| E|CS|TAMS 0x0000000088300000, 0x0000000088300000| Complete 
| 132|0x0000000088400000, 0x0000000088500000, 0x0000000088500000|100%| E|CS|TAMS 0x0000000088400000, 0x0000000088400000| Complete 
| 133|0x0000000088500000, 0x0000000088600000, 0x0000000088600000|100%| E|CS|TAMS 0x0000000088500000, 0x0000000088500000| Complete 
| 134|0x0000000088600000, 0x0000000088700000, 0x0000000088700000|100%| E|CS|TAMS 0x0000000088600000, 0x0000000088600000| Complete 
| 135|0x0000000088700000, 0x0000000088800000, 0x0000000088800000|100%| E|CS|TAMS 0x0000000088700000, 0x0000000088700000| Complete 
| 136|0x0000000088800000, 0x0000000088900000, 0x0000000088900000|100%| E|CS|TAMS 0x0000000088800000, 0x0000000088800000| Complete 
| 137|0x0000000088900000, 0x0000000088a00000, 0x0000000088a00000|100%| E|CS|TAMS 0x0000000088900000, 0x0000000088900000| Complete 
| 138|0x0000000088a00000, 0x0000000088b00000, 0x0000000088b00000|100%| E|CS|TAMS 0x0000000088a00000, 0x0000000088a00000| Complete 
| 139|0x0000000088b00000, 0x0000000088c00000, 0x0000000088c00000|100%| E|CS|TAMS 0x0000000088b00000, 0x0000000088b00000| Complete 
| 140|0x0000000088c00000, 0x0000000088d00000, 0x0000000088d00000|100%| E|CS|TAMS 0x0000000088c00000, 0x0000000088c00000| Complete 
| 141|0x0000000088d00000, 0x0000000088e00000, 0x0000000088e00000|100%| E|CS|TAMS 0x0000000088d00000, 0x0000000088d00000| Complete 
| 142|0x0000000088e00000, 0x0000000088f00000, 0x0000000088f00000|100%| E|CS|TAMS 0x0000000088e00000, 0x0000000088e00000| Complete 

Card table byte_map: [0x000002d33fef0000,0x000002d3402f0000] _byte_map_base: 0x000002d33faf0000

Marking Bits (Prev, Next): (CMBitMap*) 0x000002d32d40ee88, (CMBitMap*) 0x000002d32d40eec0
 Prev Bits: [0x000002d3406f0000, 0x000002d3426f0000)
 Next Bits: [0x000002d3426f0000, 0x000002d3446f0000)

Polling page: 0x000002d32b3c0000

Metaspace:

Usage:
  Non-class:     73.19 MB capacity,    72.01 MB ( 98%) used,   976.90 KB (  1%) free+waste,   228.88 KB ( <1%) overhead. 
      Class:     11.47 MB capacity,    10.73 MB ( 93%) used,   659.50 KB (  6%) free+waste,   105.88 KB ( <1%) overhead. 
       Both:     84.66 MB capacity,    82.74 MB ( 98%) used,     1.60 MB (  2%) free+waste,   334.75 KB ( <1%) overhead. 

Virtual space:
  Non-class space:       74.00 MB reserved,      73.42 MB (>99%) committed 
      Class space:        1.00 GB reserved,      11.50 MB (  1%) committed 
             Both:        1.07 GB reserved,      84.92 MB (  8%) committed 

Chunk freelists:
   Non-Class:  47.00 KB
       Class:  0 bytes
        Both:  47.00 KB

MaxMetaspaceSize: 17179869184.00 GB
CompressedClassSpaceSize: 1.00 GB
Initial GC threshold: 20.80 MB
Current GC threshold: 138.83 MB
CDS: off

CodeHeap 'non-profiled nmethods': size=120064Kb used=5887Kb max_used=5887Kb free=114176Kb
 bounds [0x000002d3389b0000, 0x000002d338f70000, 0x000002d33fef0000]
CodeHeap 'profiled nmethods': size=120000Kb used=18507Kb max_used=18507Kb free=101492Kb
 bounds [0x000002d331480000, 0x000002d3326a0000, 0x000002d3389b0000]
CodeHeap 'non-nmethods': size=5696Kb used=2386Kb max_used=2427Kb free=3309Kb
 bounds [0x000002d330ef0000, 0x000002d331170000, 0x000002d331480000]
 total_blobs=9423 nmethods=8508 adapters=826
 compilation: enabled
              stopped_count=0, restarted_count=0
 full_count=0

Compilation events (20 events):
Event: 103.872 Thread 0x000002d346b39800 nmethod 8513 0x000002d33268dd90 code [0x000002d33268df80, 0x000002d33268e478]
Event: 103.958 Thread 0x000002d346b39800 8514       3       groovyjarjarasm.asm.Frame::pop (53 bytes)
Event: 103.966 Thread 0x000002d346b39800 nmethod 8514 0x000002d33268e790 code [0x000002d33268e9e0, 0x000002d33268f178]
Event: 103.967 Thread 0x000002d346b38800 8515   !   4       java.util.concurrent.locks.AbstractQueuedSynchronizer::acquireQueued (74 bytes)
Event: 103.970 Thread 0x000002d346b39800 8516       3       groovyjarjarasm.asm.Label::<init> (5 bytes)
Event: 103.970 Thread 0x000002d346b39800 nmethod 8516 0x000002d33268f490 code [0x000002d33268f640, 0x000002d33268f798]
Event: 103.985 Thread 0x000002d346b38800 nmethod 8515 0x000002d338f6e510 code [0x000002d338f6e6e0, 0x000002d338f6ee30]
Event: 104.003 Thread 0x000002d346b39800 8517       3       groovyjarjarasm.asm.Frame::push (59 bytes)
Event: 104.004 Thread 0x000002d346b39800 nmethod 8517 0x000002d33268f890 code [0x000002d33268fae0, 0x000002d332690298]
Event: 104.005 Thread 0x000002d346b39800 8518       3       groovyjarjarasm.asm.Frame::merge (395 bytes)
Event: 104.006 Thread 0x000002d346b39800 nmethod 8518 0x000002d332690610 code [0x000002d3326908e0, 0x000002d332691718]
Event: 104.043 Thread 0x000002d346b38800 8519       4       groovy.lang.MetaClassImpl::addToAllMethodsIfPublic (22 bytes)
Event: 104.049 Thread 0x000002d346b39800 8520       3       org.codehaus.groovy.runtime.metaclass.MetaMethodIndex::copyNonPrivateMethods (24 bytes)
Event: 104.049 Thread 0x000002d346b39800 nmethod 8520 0x000002d332691d90 code [0x000002d332691f60, 0x000002d332692168]
Event: 104.052 Thread 0x000002d346b38800 nmethod 8519 0x000002d338f6f190 code [0x000002d338f6f340, 0x000002d338f6f9b8]
Event: 104.052 Thread 0x000002d346b38800 8521       4       groovy.lang.MetaClassImpl::inheritInterfaceNewMetaMethods (195 bytes)
Event: 104.057 Thread 0x000002d346b39800 8522       3       groovy.lang.MetaMethod::equal (44 bytes)
Event: 104.058 Thread 0x000002d346b39800 nmethod 8522 0x000002d332692290 code [0x000002d332692460, 0x000002d332692818]
Event: 104.060 Thread 0x000002d346b39800 8523       3       org.codehaus.groovy.runtime.metaclass.MetaMethodIndex::copyNonPrivateNonNewMetaMethods (24 bytes)
Event: 104.060 Thread 0x000002d346b39800 nmethod 8523 0x000002d332692990 code [0x000002d332692b60, 0x000002d332692d68]

GC Heap History (20 events):
Event: 51.534 GC heap before
{Heap before GC invocations=47 (full 0):
 garbage-first heap   total 121856K, used 66138K [0x0000000080000000, 0x0000000100000000)
  region size 1024K, 4 young (4096K), 3 survivors (3072K)
 Metaspace       used 67606K, capacity 69263K, committed 69552K, reserved 1110016K
  class space    used 8535K, capacity 9169K, committed 9216K, reserved 1048576K
}
Event: 51.541 GC heap after
{Heap after GC invocations=48 (full 0):
 garbage-first heap   total 121856K, used 64965K [0x0000000080000000, 0x0000000100000000)
  region size 1024K, 1 young (1024K), 1 survivors (1024K)
 Metaspace       used 67606K, capacity 69263K, committed 69552K, reserved 1110016K
  class space    used 8535K, capacity 9169K, committed 9216K, reserved 1048576K
}
Event: 52.256 GC heap before
{Heap before GC invocations=49 (full 0):
 garbage-first heap   total 121856K, used 72133K [0x0000000080000000, 0x0000000100000000)
  region size 1024K, 7 young (7168K), 1 survivors (1024K)
 Metaspace       used 67614K, capacity 69269K, committed 69552K, reserved 1110016K
  class space    used 8535K, capacity 9170K, committed 9216K, reserved 1048576K
}
Event: 52.262 GC heap after
{Heap after GC invocations=50 (full 0):
 garbage-first heap   total 121856K, used 67966K [0x0000000080000000, 0x0000000100000000)
  region size 1024K, 3 young (3072K), 3 survivors (3072K)
 Metaspace       used 67614K, capacity 69269K, committed 69552K, reserved 1110016K
  class space    used 8535K, capacity 9170K, committed 9216K, reserved 1048576K
}
Event: 56.408 GC heap before
{Heap before GC invocations=51 (full 0):
 garbage-first heap   total 121856K, used 98686K [0x0000000080000000, 0x0000000100000000)
  region size 1024K, 31 young (31744K), 3 survivors (3072K)
 Metaspace       used 70055K, capacity 71764K, committed 71984K, reserved 1112064K
  class space    used 8842K, capacity 9502K, committed 9600K, reserved 1048576K
}
Event: 56.413 GC heap after
{Heap after GC invocations=52 (full 0):
 garbage-first heap   total 121856K, used 67633K [0x0000000080000000, 0x0000000100000000)
  region size 1024K, 2 young (2048K), 2 survivors (2048K)
 Metaspace       used 70055K, capacity 71764K, committed 71984K, reserved 1112064K
  class space    used 8842K, capacity 9502K, committed 9600K, reserved 1048576K
}
Event: 62.255 GC heap before
{Heap before GC invocations=52 (full 0):
 garbage-first heap   total 121856K, used 93233K [0x0000000080000000, 0x0000000100000000)
  region size 1024K, 28 young (28672K), 2 survivors (2048K)
 Metaspace       used 71533K, capacity 73338K, committed 73392K, reserved 1114112K
  class space    used 9041K, capacity 9702K, committed 9728K, reserved 1048576K
}
Event: 62.267 GC heap after
{Heap after GC invocations=53 (full 0):
 garbage-first heap   total 121856K, used 69640K [0x0000000080000000, 0x0000000100000000)
  region size 1024K, 4 young (4096K), 4 survivors (4096K)
 Metaspace       used 71533K, capacity 73338K, committed 73392K, reserved 1114112K
  class space    used 9041K, capacity 9702K, committed 9728K, reserved 1048576K
}
Event: 71.684 GC heap before
{Heap before GC invocations=54 (full 0):
 garbage-first heap   total 121856K, used 97288K [0x0000000080000000, 0x0000000100000000)
  region size 1024K, 32 young (32768K), 4 survivors (4096K)
 Metaspace       used 74333K, capacity 76064K, committed 76336K, reserved 1116160K
  class space    used 9413K, capacity 10092K, committed 10112K, reserved 1048576K
}
Event: 71.761 GC heap after
{Heap after GC invocations=55 (full 0):
 garbage-first heap   total 121856K, used 67568K [0x0000000080000000, 0x0000000100000000)
  region size 1024K, 2 young (2048K), 2 survivors (2048K)
 Metaspace       used 74333K, capacity 76064K, committed 76336K, reserved 1116160K
  class space    used 9413K, capacity 10092K, committed 10112K, reserved 1048576K
}
Event: 78.404 GC heap before
{Heap before GC invocations=55 (full 0):
 garbage-first heap   total 121856K, used 98288K [0x0000000080000000, 0x0000000100000000)
  region size 1024K, 32 young (32768K), 2 survivors (2048K)
 Metaspace       used 75466K, capacity 77192K, committed 77360K, reserved 1116160K
  class space    used 9562K, capacity 10268K, committed 10368K, reserved 1048576K
}
Event: 78.438 GC heap after
{Heap after GC invocations=56 (full 0):
 garbage-first heap   total 121856K, used 69778K [0x0000000080000000, 0x0000000100000000)
  region size 1024K, 4 young (4096K), 4 survivors (4096K)
 Metaspace       used 75466K, capacity 77192K, committed 77360K, reserved 1116160K
  class space    used 9562K, capacity 10268K, committed 10368K, reserved 1048576K
}
Event: 83.601 GC heap before
{Heap before GC invocations=57 (full 0):
 garbage-first heap   total 121856K, used 99474K [0x0000000080000000, 0x0000000100000000)
  region size 1024K, 33 young (33792K), 4 survivors (4096K)
 Metaspace       used 75551K, capacity 77511K, committed 77616K, reserved 1116160K
  class space    used 9574K, capacity 10310K, committed 10368K, reserved 1048576K
}
Event: 83.657 GC heap after
{Heap after GC invocations=58 (full 0):
 garbage-first heap   total 121856K, used 71725K [0x0000000080000000, 0x0000000100000000)
  region size 1024K, 5 young (5120K), 5 survivors (5120K)
 Metaspace       used 75551K, capacity 77511K, committed 77616K, reserved 1116160K
  class space    used 9574K, capacity 10310K, committed 10368K, reserved 1048576K
}
Event: 88.381 GC heap before
{Heap before GC invocations=58 (full 0):
 garbage-first heap   total 121856K, used 100397K [0x0000000080000000, 0x0000000100000000)
  region size 1024K, 33 young (33792K), 5 survivors (5120K)
 Metaspace       used 77163K, capacity 78968K, committed 79152K, reserved 1118208K
  class space    used 9787K, capacity 10537K, committed 10624K, reserved 1048576K
}
Event: 88.573 GC heap after
{Heap after GC invocations=59 (full 0):
 garbage-first heap   total 121856K, used 73755K [0x0000000080000000, 0x0000000100000000)
  region size 1024K, 4 young (4096K), 4 survivors (4096K)
 Metaspace       used 77163K, capacity 78968K, committed 79152K, reserved 1118208K
  class space    used 9787K, capacity 10537K, committed 10624K, reserved 1048576K
}
Event: 97.042 GC heap before
{Heap before GC invocations=60 (full 0):
 garbage-first heap   total 121856K, used 101403K [0x0000000080000000, 0x0000000100000000)
  region size 1024K, 31 young (31744K), 4 survivors (4096K)
 Metaspace       used 80612K, capacity 82562K, committed 82864K, reserved 1120256K
  class space    used 10433K, capacity 11154K, committed 11264K, reserved 1048576K
}
Event: 97.176 GC heap after
{Heap after GC invocations=61 (full 0):
 garbage-first heap   total 146432K, used 75317K [0x0000000080000000, 0x0000000100000000)
  region size 1024K, 4 young (4096K), 4 survivors (4096K)
 Metaspace       used 80612K, capacity 82562K, committed 82864K, reserved 1120256K
  class space    used 10433K, capacity 11154K, committed 11264K, reserved 1048576K
}
Event: 101.797 GC heap before
{Heap before GC invocations=61 (full 0):
 garbage-first heap   total 146432K, used 114229K [0x0000000080000000, 0x0000000100000000)
  region size 1024K, 42 young (43008K), 4 survivors (4096K)
 Metaspace       used 83011K, capacity 85013K, committed 85168K, reserved 1122304K
  class space    used 10748K, capacity 11511K, committed 11520K, reserved 1048576K
}
Event: 101.849 GC heap after
{Heap after GC invocations=62 (full 0):
 garbage-first heap   total 146432K, used 77940K [0x0000000080000000, 0x0000000100000000)
  region size 1024K, 6 young (6144K), 6 survivors (6144K)
 Metaspace       used 83011K, capacity 85013K, committed 85168K, reserved 1122304K
  class space    used 10748K, capacity 11511K, committed 11520K, reserved 1048576K
}

Deoptimization events (20 events):
Event: 96.406 Thread 0x000002d3485e6800 DEOPT PACKING pc=0x000002d3324b6da5 sp=0x000000e6eacf8130
Event: 96.406 Thread 0x000002d3485e6800 DEOPT UNPACKING pc=0x000002d330f3a95e sp=0x000000e6eacf76a0 mode 0
Event: 100.407 Thread 0x000002d3485e6800 Uncommon trap: trap_request=0xffffff4d fr.pc=0x000002d338ed3d1c relative=0x00000000000005dc
Event: 100.408 Thread 0x000002d3485e6800 Uncommon trap: reason=unstable_if action=reinterpret pc=0x000002d338ed3d1c method=groovy.lang.MetaClassImpl.filterPropertyMethod(Ljava/lang/Object;ZZ)Ljava/lang/Object; @ 72 c2
Event: 100.408 Thread 0x000002d3485e6800 DEOPT PACKING pc=0x000002d338ed3d1c sp=0x000000e6eacf6640
Event: 100.408 Thread 0x000002d3485e6800 DEOPT UNPACKING pc=0x000002d330f3a1af sp=0x000000e6eacf65b0 mode 2
Event: 103.569 Thread 0x000002d3485e6800 Uncommon trap: trap_request=0xffffff4d fr.pc=0x000002d338d080a0 relative=0x00000000000005c0
Event: 103.569 Thread 0x000002d3485e6800 Uncommon trap: reason=unstable_if action=reinterpret pc=0x000002d338d080a0 method=java.lang.String.regionMatches(ZILjava/lang/String;II)Z @ 52 c2
Event: 103.569 Thread 0x000002d3485e6800 DEOPT PACKING pc=0x000002d338d080a0 sp=0x000000e6eacf8560
Event: 103.569 Thread 0x000002d3485e6800 DEOPT UNPACKING pc=0x000002d330f3a1af sp=0x000000e6eacf84e0 mode 2
Event: 103.824 Thread 0x000002d3485e6800 Uncommon trap: trap_request=0xffffffde fr.pc=0x000002d338bc2dc8 relative=0x0000000000001ee8
Event: 103.825 Thread 0x000002d3485e6800 Uncommon trap: reason=class_check action=maybe_recompile pc=0x000002d338bc2dc8 method=org.codehaus.groovy.reflection.ParameterTypes.getParametersTypes0()V @ 16 c2
Event: 103.825 Thread 0x000002d3485e6800 DEOPT PACKING pc=0x000002d338bc2dc8 sp=0x000000e6eacf73e0
Event: 103.825 Thread 0x000002d3485e6800 DEOPT UNPACKING pc=0x000002d330f3a1af sp=0x000000e6eacf73d8 mode 2
Event: 103.956 Thread 0x000002d3485e6800 Uncommon trap: trap_request=0xffffffde fr.pc=0x000002d338bc2dc8 relative=0x0000000000001ee8
Event: 103.957 Thread 0x000002d3485e6800 Uncommon trap: reason=class_check action=maybe_recompile pc=0x000002d338bc2dc8 method=org.codehaus.groovy.reflection.ParameterTypes.getParametersTypes0()V @ 16 c2
Event: 103.957 Thread 0x000002d3485e6800 DEOPT PACKING pc=0x000002d338bc2dc8 sp=0x000000e6eacf73c0
Event: 103.957 Thread 0x000002d3485e6800 DEOPT UNPACKING pc=0x000002d330f3a1af sp=0x000000e6eacf73b8 mode 2
Event: 104.050 Thread 0x000002d3485e6800 DEOPT PACKING pc=0x000002d33247a9f0 sp=0x000000e6eacf7470
Event: 104.050 Thread 0x000002d3485e6800 DEOPT UNPACKING pc=0x000002d330f3a95e sp=0x000000e6eacf6950 mode 0

Classes redefined (0 events):
No events

Internal exceptions (20 events):
Event: 100.585 Thread 0x000002d3485e6800 Exception <a 'java/lang/ClassNotFoundException'{0x000000008701f0f0}: org/gradle/api/internal/tasks/DefaultTaskContainer_DecoratedCustomizer> (0x000000008701f0f0) thrown at [src/hotspot/share/classfile/systemDictionary.cpp, line 230]
Event: 100.662 Thread 0x000002d3485e6800 Exception <a 'java/lang/ClassNotFoundException'{0x0000000086f99508}: java/util/Collections$SingletonListBeanInfo> (0x0000000086f99508) thrown at [src/hotspot/share/classfile/systemDictionary.cpp, line 230]
Event: 100.666 Thread 0x000002d3485e6800 Exception <a 'java/lang/ClassNotFoundException'{0x0000000086fa5d08}: java/util/Collections$SingletonListCustomizer> (0x0000000086fa5d08) thrown at [src/hotspot/share/classfile/systemDictionary.cpp, line 230]
Event: 100.719 Thread 0x000002d3485e6800 Exception <a 'java/lang/ClassNotFoundException'{0x0000000086e500a0}: org/gradle/api/internal/tasks/DefaultTaskContainer$TaskCreatingProvider_DecoratedBeanInfo> (0x0000000086e500a0) thrown at [src/hotspot/share/classfile/systemDictionary.cpp, line 230]
Event: 100.720 Thread 0x000002d3485e6800 Exception <a 'java/lang/ClassNotFoundException'{0x0000000086e6e030}: org/gradle/api/internal/tasks/DefaultTaskContainer$TaskCreatingProviderBeanInfo> (0x0000000086e6e030) thrown at [src/hotspot/share/classfile/systemDictionary.cpp, line 230]
Event: 100.726 Thread 0x000002d3485e6800 Exception <a 'java/lang/ClassNotFoundException'{0x0000000086e8fdb8}: org/gradle/api/internal/DefaultNamedDomainObjectCollection$AbstractDomainObjectCreatingProviderBeanInfo> (0x0000000086e8fdb8) thrown at [src/hotspot/share/classfile/systemDictionary.cpp, line 230]
Event: 100.727 Thread 0x000002d3485e6800 Exception <a 'java/lang/ClassNotFoundException'{0x0000000086eb1850}: org/gradle/api/internal/DefaultNamedDomainObjectCollection$AbstractNamedDomainObjectProviderBeanInfo> (0x0000000086eb1850) thrown at [src/hotspot/share/classfile/systemDictionary.cpp, line 230]
Event: 100.727 Thread 0x000002d3485e6800 Exception <a 'java/lang/ClassNotFoundException'{0x0000000086ed34f8}: org/gradle/api/internal/DefaultNamedDomainObjectCollection$AbstractNamedDomainObjectProviderCustomizer> (0x0000000086ed34f8) thrown at [src/hotspot/share/classfile/systemDictionary.cpp, line 230]
Event: 100.764 Thread 0x000002d3485e6800 Exception <a 'java/lang/ClassNotFoundException'{0x0000000086d08bc8}: org/gradle/api/internal/DefaultNamedDomainObjectCollection$AbstractDomainObjectCreatingProviderCustomizer> (0x0000000086d08bc8) thrown at [src/hotspot/share/classfile/systemDictionary.cpp, line 230]
Event: 100.787 Thread 0x000002d3485e6800 Exception <a 'java/lang/ClassNotFoundException'{0x0000000086d31580}: org/gradle/api/internal/tasks/DefaultTaskContainer$TaskCreatingProviderCustomizer> (0x0000000086d31580) thrown at [src/hotspot/share/classfile/systemDictionary.cpp, line 230]
Event: 100.788 Thread 0x000002d3485e6800 Exception <a 'java/lang/ClassNotFoundException'{0x0000000086d57fa8}: org/gradle/api/internal/tasks/DefaultTaskContainer$TaskCreatingProvider_DecoratedCustomizer> (0x0000000086d57fa8) thrown at [src/hotspot/share/classfile/systemDictionary.cpp, line 230]
Event: 103.822 Thread 0x000002d3485e6800 Exception <a 'java/lang/ClassNotFoundException'{0x0000000087b4b5e8}: com/google/android/gms/dependencies/DependencyAnalyzerBeanInfo> (0x0000000087b4b5e8) thrown at [src/hotspot/share/classfile/systemDictionary.cpp, line 230]
Event: 103.822 Thread 0x000002d3485e6800 Exception <a 'java/lang/ClassNotFoundException'{0x0000000087b68cb0}: com/google/android/gms/dependencies/DependencyAnalyzerCustomizer> (0x0000000087b68cb0) thrown at [src/hotspot/share/classfile/systemDictionary.cpp, line 230]
Event: 103.953 Thread 0x000002d3485e6800 Exception <a 'java/lang/ClassNotFoundException'{0x0000000087be4d90}: com/google/android/gms/dependencies/DependencyInspectorBeanInfo> (0x0000000087be4d90) thrown at [src/hotspot/share/classfile/systemDictionary.cpp, line 230]
Event: 103.955 Thread 0x000002d3485e6800 Exception <a 'java/lang/ClassNotFoundException'{0x0000000087a05a20}: com/google/android/gms/dependencies/DependencyInspectorCustomizer> (0x0000000087a05a20) thrown at [src/hotspot/share/classfile/systemDictionary.cpp, line 230]
Event: 104.073 Thread 0x000002d3485e6800 Exception <a 'java/lang/ClassNotFoundException'{0x00000000878a6c78}: org/gradle/api/internal/artifacts/configurations/DefaultConfigurationContainer_DecoratedBeanInfo> (0x00000000878a6c78) thrown at [src/hotspot/share/classfile/systemDictionary.cpp, line 230]
Event: 104.093 Thread 0x000002d3485e6800 Exception <a 'java/lang/ClassNotFoundException'{0x00000000878d67e0}: org/gradle/api/internal/artifacts/configurations/DefaultConfigurationContainerBeanInfo> (0x00000000878d67e0) thrown at [src/hotspot/share/classfile/systemDictionary.cpp, line 230]
Event: 104.098 Thread 0x000002d3485e6800 Exception <a 'java/lang/ClassNotFoundException'{0x00000000878f32f8}: org/gradle/api/internal/AbstractValidatingNamedDomainObjectContainerBeanInfo> (0x00000000878f32f8) thrown at [src/hotspot/share/classfile/systemDictionary.cpp, line 230]
Event: 104.098 Thread 0x000002d3485e6800 Exception <a 'java/lang/ClassNotFoundException'{0x00000000877104f8}: org/gradle/api/internal/AbstractValidatingNamedDomainObjectContainerCustomizer> (0x00000000877104f8) thrown at [src/hotspot/share/classfile/systemDictionary.cpp, line 230]
Event: 104.140 Thread 0x000002d3485e6800 Exception <a 'java/lang/ClassNotFoundException'{0x000000008774b200}: org/gradle/api/internal/artifacts/configurations/DefaultConfigurationContainerCustomizer> (0x000000008774b200) thrown at [src/hotspot/share/classfile/systemDictionary.cpp, line 230]

Events (20 events):
Event: 104.093 loading class org/gradle/api/internal/artifacts/configurations/DefaultConfigurationContainerBeanInfo
Event: 104.093 loading class org/gradle/api/internal/artifacts/configurations/DefaultConfigurationContainerBeanInfo done
Event: 104.095 loading class org/gradle/api/internal/AbstractValidatingNamedDomainObjectContainerBeanInfo
Event: 104.095 loading class org/gradle/api/internal/AbstractValidatingNamedDomainObjectContainerBeanInfo done
Event: 104.098 loading class org/gradle/api/internal/AbstractValidatingNamedDomainObjectContainerBeanInfo
Event: 104.098 loading class org/gradle/api/internal/AbstractValidatingNamedDomainObjectContainerBeanInfo done
Event: 104.098 loading class org/gradle/api/internal/AbstractValidatingNamedDomainObjectContainerBeanInfo
Event: 104.098 loading class org/gradle/api/internal/AbstractValidatingNamedDomainObjectContainerBeanInfo done
Event: 104.098 loading class org/gradle/api/internal/AbstractValidatingNamedDomainObjectContainerCustomizer
Event: 104.098 loading class org/gradle/api/internal/AbstractValidatingNamedDomainObjectContainerCustomizer done
Event: 104.098 loading class org/gradle/api/internal/AbstractValidatingNamedDomainObjectContainerCustomizer
Event: 104.098 loading class org/gradle/api/internal/AbstractValidatingNamedDomainObjectContainerCustomizer done
Event: 104.098 loading class org/gradle/api/internal/AbstractValidatingNamedDomainObjectContainerCustomizer
Event: 104.098 loading class org/gradle/api/internal/AbstractValidatingNamedDomainObjectContainerCustomizer done
Event: 104.126 loading class org/gradle/api/internal/artifacts/configurations/DefaultConfigurationContainerCustomizer
Event: 104.126 loading class org/gradle/api/internal/artifacts/configurations/DefaultConfigurationContainerCustomizer done
Event: 104.139 loading class org/gradle/api/internal/artifacts/configurations/DefaultConfigurationContainerCustomizer
Event: 104.139 loading class org/gradle/api/internal/artifacts/configurations/DefaultConfigurationContainerCustomizer done
Event: 104.140 loading class org/gradle/api/internal/artifacts/configurations/DefaultConfigurationContainerCustomizer
Event: 104.140 loading class org/gradle/api/internal/artifacts/configurations/DefaultConfigurationContainerCustomizer done


Dynamic libraries:
0x00007ff764b10000 - 0x00007ff764b1a000 	C:\Program Files\Android\Android Studio\jbr\bin\java.exe
0x00007fffe83d0000 - 0x00007fffe85e4000 	C:\WINDOWS\SYSTEM32\ntdll.dll
0x00007fffe6f40000 - 0x00007fffe7002000 	C:\WINDOWS\System32\KERNEL32.DLL
0x00007fffe5970000 - 0x00007fffe5d13000 	C:\WINDOWS\System32\KERNELBASE.dll
0x00007fffe5df0000 - 0x00007fffe5f01000 	C:\WINDOWS\System32\ucrtbase.dll
0x00007fffaeab0000 - 0x00007fffaeac7000 	C:\Program Files\Android\Android Studio\jbr\bin\jli.dll
0x00007fffe71f0000 - 0x00007fffe739b000 	C:\WINDOWS\System32\USER32.dll
0x00007fffe5dc0000 - 0x00007fffe5de6000 	C:\WINDOWS\System32\win32u.dll
0x00007fffe6640000 - 0x00007fffe6669000 	C:\WINDOWS\System32\GDI32.dll
0x00007fffe57d0000 - 0x00007fffe58e9000 	C:\WINDOWS\System32\gdi32full.dll
0x00007fffe5d20000 - 0x00007fffe5dba000 	C:\WINDOWS\System32\msvcp_win.dll
0x00007fffa24b0000 - 0x00007fffa24cb000 	C:\Program Files\Android\Android Studio\jbr\bin\VCRUNTIME140.dll
0x00007fffd1c60000 - 0x00007fffd1eee000 	C:\WINDOWS\WinSxS\amd64_microsoft.windows.common-controls_6595b64144ccf1df_6.0.22621.1635_none_270f70857386168e\COMCTL32.dll
0x00007fffe6390000 - 0x00007fffe6437000 	C:\WINDOWS\System32\msvcrt.dll
0x00007fffe7030000 - 0x00007fffe7061000 	C:\WINDOWS\System32\IMM32.DLL
0x00007fffcb350000 - 0x00007fffcb35c000 	C:\Program Files\Android\Android Studio\jbr\bin\vcruntime140_1.dll
0x00007fffa0b40000 - 0x00007fffa0bcd000 	C:\Program Files\Android\Android Studio\jbr\bin\msvcp140.dll
0x00007fff90a60000 - 0x00007fff9161c000 	C:\Program Files\Android\Android Studio\jbr\bin\server\jvm.dll
0x00007fffe67d0000 - 0x00007fffe687e000 	C:\WINDOWS\System32\ADVAPI32.dll
0x00007fffe69e0000 - 0x00007fffe6a84000 	C:\WINDOWS\System32\sechost.dll
0x00007fffe8270000 - 0x00007fffe8387000 	C:\WINDOWS\System32\RPCRT4.dll
0x00007fffe6a90000 - 0x00007fffe6a98000 	C:\WINDOWS\System32\PSAPI.DLL
0x00007fffddc00000 - 0x00007fffddc34000 	C:\WINDOWS\SYSTEM32\WINMM.dll
0x00007fffddbc0000 - 0x00007fffddbca000 	C:\WINDOWS\SYSTEM32\VERSION.dll
0x00007fffc1170000 - 0x00007fffc1179000 	C:\WINDOWS\SYSTEM32\WSOCK32.dll
0x00007fffe78f0000 - 0x00007fffe7961000 	C:\WINDOWS\System32\ws2_32.DLL
0x00007fffe4820000 - 0x00007fffe4838000 	C:\WINDOWS\SYSTEM32\kernel.appcore.dll
0x00007fffd7c30000 - 0x00007fffd7c40000 	C:\Program Files\Android\Android Studio\jbr\bin\verify.dll
0x00007fffcef60000 - 0x00007fffcf18e000 	C:\WINDOWS\SYSTEM32\DBGHELP.DLL
0x00007fffe7560000 - 0x00007fffe78e9000 	C:\WINDOWS\System32\combase.dll
0x00007fffe68e0000 - 0x00007fffe69b7000 	C:\WINDOWS\System32\OLEAUT32.dll
0x00007fffc4bd0000 - 0x00007fffc4c02000 	C:\WINDOWS\SYSTEM32\dbgcore.DLL
0x00007fffe58f0000 - 0x00007fffe596b000 	C:\WINDOWS\System32\bcryptPrimitives.dll
0x00007fffd1130000 - 0x00007fffd1158000 	C:\Program Files\Android\Android Studio\jbr\bin\java.dll
0x00007fffd7500000 - 0x00007fffd750a000 	C:\Program Files\Android\Android Studio\jbr\bin\jimage.dll
0x00007fffd1020000 - 0x00007fffd1038000 	C:\Program Files\Android\Android Studio\jbr\bin\zip.dll
0x00007fffe7a70000 - 0x00007fffe826a000 	C:\WINDOWS\System32\SHELL32.dll
0x00007fffe37d0000 - 0x00007fffe409e000 	C:\WINDOWS\SYSTEM32\windows.storage.dll
0x00007fffe3690000 - 0x00007fffe37ce000 	C:\WINDOWS\SYSTEM32\wintypes.dll
0x00007fffe7070000 - 0x00007fffe7161000 	C:\WINDOWS\System32\SHCORE.dll
0x00007fffe6880000 - 0x00007fffe68de000 	C:\WINDOWS\System32\shlwapi.dll
0x00007fffe5700000 - 0x00007fffe5721000 	C:\WINDOWS\SYSTEM32\profapi.dll
0x00007fffd0db0000 - 0x00007fffd0dc9000 	C:\Program Files\Android\Android Studio\jbr\bin\net.dll
0x00007fffdb610000 - 0x00007fffdb747000 	C:\WINDOWS\SYSTEM32\WINHTTP.dll
0x00007fffe4c90000 - 0x00007fffe4cf9000 	C:\WINDOWS\system32\mswsock.dll
0x00007fffd01e0000 - 0x00007fffd01f3000 	C:\Program Files\Android\Android Studio\jbr\bin\nio.dll
0x00007fffb04e0000 - 0x00007fffb0507000 	C:\Users\HP-CSD\.gradle\native\68d5fa5c4cc2d200863cafc0d521ce42e7d3e7ee720ec0a83991735586a16f82\windows-amd64\native-platform.dll
0x00007fff9fe70000 - 0x00007fff9ffb4000 	C:\Users\HP-CSD\.gradle\native\e376f236ea51e6404a007f0833ffe2c6e607c4080706a723a18a27aeea778392\windows-amd64\native-platform-file-events.dll
0x00007fffd74f0000 - 0x00007fffd74fa000 	C:\Program Files\Android\Android Studio\jbr\bin\management.dll
0x00007fffd1010000 - 0x00007fffd101b000 	C:\Program Files\Android\Android Studio\jbr\bin\management_ext.dll
0x00007fffe4ef0000 - 0x00007fffe4f0b000 	C:\WINDOWS\SYSTEM32\CRYPTSP.dll
0x00007fffe4790000 - 0x00007fffe47c5000 	C:\WINDOWS\system32\rsaenh.dll
0x00007fffe4d90000 - 0x00007fffe4db8000 	C:\WINDOWS\SYSTEM32\USERENV.dll
0x00007fffe50b0000 - 0x00007fffe50d8000 	C:\WINDOWS\SYSTEM32\bcrypt.dll
0x00007fffe4f10000 - 0x00007fffe4f1c000 	C:\WINDOWS\SYSTEM32\CRYPTBASE.dll
0x00007fffe4340000 - 0x00007fffe436d000 	C:\WINDOWS\SYSTEM32\IPHLPAPI.DLL
0x00007fffe6aa0000 - 0x00007fffe6aa9000 	C:\WINDOWS\System32\NSI.dll
0x00007fffdb7a0000 - 0x00007fffdb7b9000 	C:\WINDOWS\SYSTEM32\dhcpcsvc6.DLL
0x00007fffdb460000 - 0x00007fffdb47f000 	C:\WINDOWS\SYSTEM32\dhcpcsvc.DLL
0x00007fffe43c0000 - 0x00007fffe44b3000 	C:\WINDOWS\SYSTEM32\DNSAPI.dll
0x00007fffc4aa0000 - 0x00007fffc4ac7000 	C:\Program Files\Android\Android Studio\jbr\bin\sunec.dll
0x00007fffca860000 - 0x00007fffca86a000 	C:\Windows\System32\rasadhlp.dll
0x00007fffdd360000 - 0x00007fffdd3e4000 	C:\WINDOWS\System32\fwpuclnt.dll
0x00007fffba0d0000 - 0x00007fffba0e7000 	C:\WINDOWS\system32\napinsp.dll
0x00007fffba030000 - 0x00007fffba04b000 	C:\WINDOWS\system32\pnrpnsp.dll
0x00007fffba010000 - 0x00007fffba021000 	C:\WINDOWS\System32\winrnr.dll
0x00007fffc59c0000 - 0x00007fffc59d5000 	C:\WINDOWS\system32\wshbth.dll
0x00007fffb9fe0000 - 0x00007fffba001000 	C:\WINDOWS\system32\nlansp_c.dll

dbghelp: loaded successfully - version: 4.0.5 - missing functions: none
symbol engine: initialized successfully - sym options: 0x614 - pdb path: .;C:\Program Files\Android\Android Studio\jbr\bin;C:\WINDOWS\SYSTEM32;C:\WINDOWS\WinSxS\amd64_microsoft.windows.common-controls_6595b64144ccf1df_6.0.22621.1635_none_270f70857386168e;C:\Program Files\Android\Android Studio\jbr\bin\server;C:\Users\HP-CSD\.gradle\native\68d5fa5c4cc2d200863cafc0d521ce42e7d3e7ee720ec0a83991735586a16f82\windows-amd64;C:\Users\HP-CSD\.gradle\native\e376f236ea51e6404a007f0833ffe2c6e607c4080706a723a18a27aeea778392\windows-amd64

VM Arguments:
jvm_args: --add-opens=java.base/java.util=ALL-UNNAMED --add-opens=java.base/java.lang=ALL-UNNAMED --add-opens=java.base/java.lang.invoke=ALL-UNNAMED --add-opens=java.prefs/java.util.prefs=ALL-UNNAMED --add-opens=java.base/java.nio.charset=ALL-UNNAMED --add-opens=java.base/java.net=ALL-UNNAMED --add-opens=java.base/java.util.concurrent.atomic=ALL-UNNAMED -Xmx2048m -Dfile.encoding=UTF-8 -Duser.country=PE -Duser.language=es -Duser.variant 
java_command: org.gradle.launcher.daemon.bootstrap.GradleDaemon 8.0
java_class_path (initial): C:\Users\HP-CSD\.gradle\wrapper\dists\gradle-8.0-bin\ca5e32bp14vu59qr306oxotwh\gradle-8.0\lib\gradle-launcher-8.0.jar
Launcher Type: SUN_STANDARD

[Global flags]
     intx CICompilerCount                          = 2                                         {product} {ergonomic}
     uint ConcGCThreads                            = 1                                         {product} {ergonomic}
     uint G1ConcRefinementThreads                  = 2                                         {product} {ergonomic}
   size_t G1HeapRegionSize                         = 1048576                                   {product} {ergonomic}
    uintx GCDrainStackTargetSize                   = 64                                        {product} {ergonomic}
   size_t InitialHeapSize                          = 58720256                                  {product} {ergonomic}
   size_t MarkStackSize                            = 4194304                                   {product} {ergonomic}
   size_t MaxHeapSize                              = 2147483648                                {product} {command line}
   size_t MaxNewSize                               = 1287651328                                {product} {ergonomic}
   size_t MinHeapDeltaBytes                        = 1048576                                   {product} {ergonomic}
    uintx NonNMethodCodeHeapSize                   = 5825164                                {pd product} {ergonomic}
    uintx NonProfiledCodeHeapSize                  = 122916538                              {pd product} {ergonomic}
    uintx ProfiledCodeHeapSize                     = 122916538                              {pd product} {ergonomic}
    uintx ReservedCodeCacheSize                    = 251658240                              {pd product} {ergonomic}
     bool SegmentedCodeCache                       = true                                      {product} {ergonomic}
     bool UseCompressedClassPointers               = true                                 {lp64_product} {ergonomic}
     bool UseCompressedOops                        = true                                 {lp64_product} {ergonomic}
     bool UseG1GC                                  = true                                      {product} {ergonomic}
     bool UseLargePagesIndividualAllocation        = false                                  {pd product} {ergonomic}

Logging:
Log output configuration:
 #0: stdout all=warning uptime,level,tags
 #1: stderr all=off uptime,level,tags

Environment Variables:
JAVA_HOME=C:\Program Files\Java\jdk-17
PATH=C:\app\HP-CSD\product\21c\dbhomeXE\bin;C:\Program Files\Common Files\Oracle\Java\javapath;C:\oraclexe\app\oracle\product\11.2.0\server\bin;C:\WINDOWS\system32;C:\WINDOWS;C:\WINDOWS\System32\Wbem;C:\WINDOWS\System32\WindowsPowerShell\v1.0\;C:\WINDOWS\System32\OpenSSH\;C:\Program Files\Git\cmd;C:\Program Files\nodejs\;C:\xampp\php;C:\ProgramData\ComposerSetup\bin;C:\Program Files\Java\jdk-17\bin;C:\Program Files\Apache Software Foundation\Tomcat 9.0\bin;C:\Users\HP-CSD\AppData\Local\Programs\Python\Python310\Scripts\;C:\Users\HP-CSD\AppData\Local\Programs\Python\Python310\;C:\Users\HP-CSD\AppData\Local\Microsoft\WindowsApps;C:\Program Files\MongoDB\Server\6.0\bin;C:\Program Files\MongoDB\Server\5.0\bin;D:\VISUAL\Microsoft VS Code\bin;C:\Users\HP-CSD\AppData\Roaming\npm;C:\Users\HP-CSD\AppData\Roaming\Composer\vendor\bin;
USERNAME=HP-CSD
OS=Windows_NT
PROCESSOR_IDENTIFIER=AMD64 Family 23 Model 24 Stepping 1, AuthenticAMD



---------------  S Y S T E M  ---------------

OS: Windows 11 , 64 bit Build 22621 (10.0.22621.1778)
OS uptime: 0 days 12:01 hours

CPU:total 2 (initial active 2) (2 cores per cpu, 1 threads per core) family 23 model 24 stepping 1 microcode 0x0, cmov, cx8, fxsr, mmx, sse, sse2, sse3, ssse3, sse4.1, sse4.2, popcnt, avx, avx2, aes, clmul, mmxext, 3dnowpref, lzcnt, sse4a, tsc, tscinvbit, tscinv, bmi1, bmi2, adx, sha, fma

Memory: 4k page, system-wide physical 3500M (194M free)
TotalPageFile size 14252M (AvailPageFile size 4M)
current process WorkingSet (physical memory assigned to process): 245M, peak: 274M
current process commit charge ("private bytes"): 383M, peak: 393M

vm_info: OpenJDK 64-Bit Server VM (11.0.15+0-b2043.56-9505619) for windows-amd64 JRE (11.0.15+0-b2043.56-9505619), built on Jan 19 2023 02:48:00 by "builduser" with unknown MS VC++:1929

END.
