#
# There is insufficient memory for the Java Runtime Environment to continue.
# Native memory allocation (malloc) failed to allocate 1964336 bytes for Chunk::new
# Possible reasons:
#   The system is out of physical RAM or swap space
#   The process is running with CompressedOops enabled, and the Java Heap may be blocking the growth of the native heap
# Possible solutions:
#   Reduce memory load on the system
#   Increase physical memory or swap space
#   Check if swap backing store is full
#   Decrease Java heap size (-Xmx/-Xms)
#   Decrease number of Java threads
#   Decrease Java thread stack sizes (-Xss)
#   Set larger code cache with -XX:ReservedCodeCacheSize=
#   JVM is running with Unscaled Compressed Oops mode in which the Java heap is
#     placed in the first 4GB address space. The Java Heap base address is the
#     maximum limit for the native heap growth. Please use -XX:HeapBaseMinAddress
#     to set the Java Heap base and to place the Java Heap above 4GB virtual address.
# This output file may be truncated or incomplete.
#
#  Out of Memory Error (src/hotspot/share/memory/arena.cpp:197), pid=10888, tid=7096
#
# JRE version: OpenJDK Runtime Environment (11.0.15) (build 11.0.15+0-b2043.56-9505619)
# Java VM: OpenJDK 64-Bit Server VM (11.0.15+0-b2043.56-9505619, mixed mode, tiered, compressed oops, g1 gc, windows-amd64)
# No core dump will be written. Minidumps are not enabled by default on client versions of Windows
#

---------------  S U M M A R Y ------------

Command Line: --add-opens=java.base/java.util=ALL-UNNAMED --add-opens=java.base/java.lang=ALL-UNNAMED --add-opens=java.base/java.lang.invoke=ALL-UNNAMED --add-opens=java.prefs/java.util.prefs=ALL-UNNAMED --add-opens=java.base/java.nio.charset=ALL-UNNAMED --add-opens=java.base/java.net=ALL-UNNAMED --add-opens=java.base/java.util.concurrent.atomic=ALL-UNNAMED -Xmx2048m -Dfile.encoding=UTF-8 -Duser.country=PE -Duser.language=es -Duser.variant org.gradle.launcher.daemon.bootstrap.GradleDaemon 8.0

Host: AMD Athlon Silver 3050U with Radeon Graphics   , 2 cores, 3G,  Windows 11 , 64 bit Build 22621 (10.0.22621.1778)
Time: Wed Jun 28 22:55:12 2023 Hora est. Pacífico, Sudamérica elapsed time: 351.562189 seconds (0d 0h 5m 51s)

---------------  T H R E A D  ---------------

Current thread (0x00000201a9618000):  JavaThread "C2 CompilerThread0" daemon [_thread_in_native, id=7096, stack(0x0000008397b00000,0x0000008397c00000)]


Current CompileTask:
C2: 351563 10461       4       org.gradle.api.internal.artifacts.ModuleComponentSelectorSerializer::read (50 bytes)

Stack: [0x0000008397b00000,0x0000008397c00000]
Native frames: (J=compiled Java code, j=interpreted, Vv=VM code, C=native code)
V  [jvm.dll+0x64135a]
V  [jvm.dll+0x7d39f9]
V  [jvm.dll+0x7d51b9]
V  [jvm.dll+0x7d58a3]
V  [jvm.dll+0x2691c5]
V  [jvm.dll+0xc1a5c]
V  [jvm.dll+0xc200c]
V  [jvm.dll+0x377462]
V  [jvm.dll+0x342495]
V  [jvm.dll+0x34186a]
V  [jvm.dll+0x2214bd]
V  [jvm.dll+0x220498]
V  [jvm.dll+0x19e851]
V  [jvm.dll+0x230479]
V  [jvm.dll+0x22e5ef]
V  [jvm.dll+0x794de1]
V  [jvm.dll+0x78dc24]
V  [jvm.dll+0x6400f6]
C  [ucrtbase.dll+0x29363]
C  [KERNEL32.DLL+0x126ad]
C  [ntdll.dll+0x5a9f8]


---------------  P R O C E S S  ---------------

Threads class SMR info:
_java_thread_list=0x00000201b1cd9450, length=59, elements={
0x000002018f4ec800, 0x00000201a8d93000, 0x00000201a8d95000, 0x00000201a9610800,
0x00000201a9613800, 0x00000201a9615000, 0x00000201a9618000, 0x00000201a9658000,
0x00000201a965c800, 0x00000201a977c800, 0x00000201a99f2800, 0x00000201ab7f2800,
0x00000201aaf03800, 0x00000201aaf04800, 0x00000201aa3f1800, 0x00000201a9b60000,
0x00000201a992a000, 0x00000201aa826000, 0x00000201aa670800, 0x00000201aa1d7800,
0x00000201aa1db800, 0x00000201aa1dc000, 0x00000201aa1dd000, 0x00000201aa1de000,
0x00000201aa1d9000, 0x00000201aa1d9800, 0x00000201aa1da800, 0x00000201aadcc000,
0x00000201aadce800, 0x00000201aadce000, 0x00000201aadd2800, 0x00000201aadcf800,
0x00000201aadcd000, 0x00000201aadd5000, 0x00000201aadd3800, 0x00000201aadd6000,
0x00000201aadd4800, 0x00000201aadd0000, 0x00000201aadd7800, 0x00000201aadd2000,
0x00000201aadd8800, 0x00000201aadd9000, 0x00000201aadda000, 0x00000201aadd7000,
0x00000201aaddb000, 0x00000201ae291000, 0x00000201ae292800, 0x00000201ae291800,
0x00000201ae293000, 0x00000201ae28f000, 0x00000201ae294000, 0x00000201ae28e800,
0x00000201ae295800, 0x00000201ae295000, 0x00000201ae290000, 0x00000201ae299000,
0x00000201ae296800, 0x00000201ae298000, 0x00000201ae299800
}

Java Threads: ( => current thread )
  0x000002018f4ec800 JavaThread "main" [_thread_blocked, id=15112, stack(0x0000008396f00000,0x0000008397000000)]
  0x00000201a8d93000 JavaThread "Reference Handler" daemon [_thread_blocked, id=12292, stack(0x0000008397600000,0x0000008397700000)]
  0x00000201a8d95000 JavaThread "Finalizer" daemon [_thread_blocked, id=1708, stack(0x0000008397700000,0x0000008397800000)]
  0x00000201a9610800 JavaThread "Signal Dispatcher" daemon [_thread_blocked, id=3336, stack(0x0000008397800000,0x0000008397900000)]
  0x00000201a9613800 JavaThread "Attach Listener" daemon [_thread_blocked, id=12972, stack(0x0000008397900000,0x0000008397a00000)]
  0x00000201a9615000 JavaThread "Service Thread" daemon [_thread_blocked, id=13832, stack(0x0000008397a00000,0x0000008397b00000)]
=>0x00000201a9618000 JavaThread "C2 CompilerThread0" daemon [_thread_in_native, id=7096, stack(0x0000008397b00000,0x0000008397c00000)]
  0x00000201a9658000 JavaThread "C1 CompilerThread0" daemon [_thread_blocked, id=11688, stack(0x0000008397c00000,0x0000008397d00000)]
  0x00000201a965c800 JavaThread "Sweeper thread" daemon [_thread_blocked, id=8264, stack(0x0000008397d00000,0x0000008397e00000)]
  0x00000201a977c800 JavaThread "Common-Cleaner" daemon [_thread_blocked, id=9432, stack(0x0000008397e00000,0x0000008397f00000)]
  0x00000201a99f2800 JavaThread "Daemon health stats" [_thread_blocked, id=12484, stack(0x0000008398100000,0x0000008398200000)]
  0x00000201ab7f2800 JavaThread "Incoming local TCP Connector on port 53674" [_thread_in_native, id=11372, stack(0x0000008398200000,0x0000008398300000)]
  0x00000201aaf03800 JavaThread "Daemon" [_thread_blocked, id=13156, stack(0x0000008398300000,0x0000008398400000)]
  0x00000201aaf04800 JavaThread "Handler for socket connection from /127.0.0.1:53674 to /127.0.0.1:53675" [_thread_in_native, id=8244, stack(0x0000008398400000,0x0000008398500000)]
  0x00000201aa3f1800 JavaThread "Daemon periodic checks" [_thread_blocked, id=14692, stack(0x0000008398500000,0x0000008398600000)]
  0x00000201a9b60000 JavaThread "Cancel handler" [_thread_blocked, id=11164, stack(0x0000008398600000,0x0000008398700000)]
  0x00000201a992a000 JavaThread "Daemon worker" [_thread_in_native, id=13848, stack(0x0000008398700000,0x0000008398800000)]
  0x00000201aa826000 JavaThread "Asynchronous log dispatcher for DefaultDaemonConnection: socket connection from /127.0.0.1:53674 to /127.0.0.1:53675" [_thread_blocked, id=1872, stack(0x0000008398800000,0x0000008398900000)]
  0x00000201aa670800 JavaThread "Daemon client event forwarder" [_thread_blocked, id=11252, stack(0x0000008398a00000,0x0000008398b00000)]
  0x00000201aa1d7800 JavaThread "Cache worker for journal cache (C:\Users\HP-CSD\.gradle\caches\journal-1)" [_thread_blocked, id=1828, stack(0x0000008398b00000,0x0000008398c00000)]
  0x00000201aa1db800 JavaThread "File lock request listener" [_thread_in_native, id=12076, stack(0x0000008398c00000,0x0000008398d00000)]
  0x00000201aa1dc000 JavaThread "Cache worker for file hash cache (C:\Users\HP-CSD\.gradle\caches\8.0\fileHashes)" [_thread_blocked, id=12864, stack(0x0000008398e00000,0x0000008398f00000)]
  0x00000201aa1dd000 JavaThread "File watcher server" daemon [_thread_in_native, id=5836, stack(0x0000008398f00000,0x0000008399000000)]
  0x00000201aa1de000 JavaThread "File watcher consumer" daemon [_thread_blocked, id=10836, stack(0x0000008399000000,0x0000008399100000)]
  0x00000201aa1d9000 JavaThread "jar transforms" [_thread_blocked, id=2600, stack(0x0000008399100000,0x0000008399200000)]
  0x00000201aa1d9800 JavaThread "jar transforms Thread 2" [_thread_blocked, id=2424, stack(0x0000008399200000,0x0000008399300000)]
  0x00000201aa1da800 JavaThread "Cache worker for checksums cache (C:\Users\HP-CSD\AndroidStudioProjects\PokeTinder\.gradle\8.0\checksums)" [_thread_blocked, id=7504, stack(0x0000008399300000,0x0000008399400000)]
  0x00000201aadcc000 JavaThread "Cache worker for cache directory md-rule (C:\Users\HP-CSD\.gradle\caches\8.0\md-rule)" [_thread_blocked, id=11008, stack(0x0000008399400000,0x0000008399500000)]
  0x00000201aadce800 JavaThread "Cache worker for file content cache (C:\Users\HP-CSD\.gradle\caches\8.0\fileContent)" [_thread_blocked, id=10760, stack(0x0000008399500000,0x0000008399600000)]
  0x00000201aadce000 JavaThread "Cache worker for file hash cache (C:\Users\HP-CSD\AndroidStudioProjects\PokeTinder\.gradle\8.0\fileHashes)" [_thread_blocked, id=14860, stack(0x0000008399600000,0x0000008399700000)]
  0x00000201aadd2800 JavaThread "Cache worker for cache directory md-supplier (C:\Users\HP-CSD\.gradle\caches\8.0\md-supplier)" [_thread_blocked, id=10524, stack(0x0000008399700000,0x0000008399800000)]
  0x00000201aadcf800 JavaThread "Cache worker for execution history cache (C:\Users\HP-CSD\.gradle\caches\8.0\executionHistory)" [_thread_blocked, id=3460, stack(0x0000008399800000,0x0000008399900000)]
  0x00000201aadcd000 JavaThread "Cache worker for dependencies-accessors (C:\Users\HP-CSD\AndroidStudioProjects\PokeTinder\.gradle\8.0\dependencies-accessors)" [_thread_blocked, id=8796, stack(0x0000008396d00000,0x0000008396e00000)]
  0x00000201aadd5000 JavaThread "Cache worker for Build Output Cleanup Cache (C:\Users\HP-CSD\AndroidStudioProjects\PokeTinder\.gradle\buildOutputCleanup)" [_thread_blocked, id=14192, stack(0x0000008396e00000,0x0000008396f00000)]
  0x00000201aadd3800 JavaThread "Unconstrained build operations" [_thread_blocked, id=10440, stack(0x0000008398900000,0x0000008398a00000)]
  0x00000201aadd6000 JavaThread "Unconstrained build operations Thread 2" [_thread_blocked, id=1764, stack(0x0000008399b00000,0x0000008399c00000)]
  0x00000201aadd4800 JavaThread "Unconstrained build operations Thread 3" [_thread_blocked, id=9940, stack(0x0000008399c00000,0x0000008399d00000)]
  0x00000201aadd0000 JavaThread "Unconstrained build operations Thread 4" [_thread_blocked, id=2724, stack(0x0000008399d00000,0x0000008399e00000)]
  0x00000201aadd7800 JavaThread "Unconstrained build operations Thread 5" [_thread_blocked, id=236, stack(0x0000008399e00000,0x0000008399f00000)]
  0x00000201aadd2000 JavaThread "Unconstrained build operations Thread 6" [_thread_blocked, id=5424, stack(0x0000008399f00000,0x000000839a000000)]
  0x00000201aadd8800 JavaThread "Unconstrained build operations Thread 7" [_thread_blocked, id=3124, stack(0x000000839a000000,0x000000839a100000)]
  0x00000201aadd9000 JavaThread "Unconstrained build operations Thread 8" [_thread_blocked, id=2976, stack(0x000000839a100000,0x000000839a200000)]
  0x00000201aadda000 JavaThread "Unconstrained build operations Thread 9" [_thread_blocked, id=13340, stack(0x000000839a200000,0x000000839a300000)]
  0x00000201aadd7000 JavaThread "Unconstrained build operations Thread 10" [_thread_blocked, id=9328, stack(0x000000839a300000,0x000000839a400000)]
  0x00000201aaddb000 JavaThread "Unconstrained build operations Thread 11" [_thread_blocked, id=12180, stack(0x000000839a400000,0x000000839a500000)]
  0x00000201ae291000 JavaThread "Unconstrained build operations Thread 12" [_thread_blocked, id=5068, stack(0x000000839a500000,0x000000839a600000)]
  0x00000201ae292800 JavaThread "Unconstrained build operations Thread 13" [_thread_blocked, id=13748, stack(0x000000839a600000,0x000000839a700000)]
  0x00000201ae291800 JavaThread "Unconstrained build operations Thread 14" [_thread_blocked, id=13576, stack(0x000000839a700000,0x000000839a800000)]
  0x00000201ae293000 JavaThread "Unconstrained build operations Thread 15" [_thread_blocked, id=7036, stack(0x000000839a800000,0x000000839a900000)]
  0x00000201ae28f000 JavaThread "Unconstrained build operations Thread 16" [_thread_blocked, id=10244, stack(0x000000839a900000,0x000000839aa00000)]
  0x00000201ae294000 JavaThread "Unconstrained build operations Thread 17" [_thread_blocked, id=4964, stack(0x000000839aa00000,0x000000839ab00000)]
  0x00000201ae28e800 JavaThread "Unconstrained build operations Thread 18" [_thread_blocked, id=1248, stack(0x000000839ab00000,0x000000839ac00000)]
  0x00000201ae295800 JavaThread "Unconstrained build operations Thread 19" [_thread_blocked, id=13480, stack(0x000000839ac00000,0x000000839ad00000)]
  0x00000201ae295000 JavaThread "Unconstrained build operations Thread 20" [_thread_blocked, id=7708, stack(0x000000839ad00000,0x000000839ae00000)]
  0x00000201ae290000 JavaThread "Memory manager" [_thread_blocked, id=10492, stack(0x000000839ae00000,0x000000839af00000)]
  0x00000201ae299000 JavaThread "Execution worker" [_thread_blocked, id=15416, stack(0x000000839af00000,0x000000839b000000)]
  0x00000201ae296800 JavaThread "Cache worker for execution history cache (C:\Users\HP-CSD\AndroidStudioProjects\PokeTinder\.gradle\8.0\executionHistory)" [_thread_blocked, id=12648, stack(0x000000839b000000,0x000000839b100000)]
  0x00000201ae298000 JavaThread "File lock release action executor Thread 2" [_thread_blocked, id=10584, stack(0x000000839b100000,0x000000839b200000)]
  0x00000201ae299800 JavaThread "idea-tooling-model-converter" [_thread_blocked, id=9572, stack(0x000000839b200000,0x000000839b300000)]

Other Threads:
  0x00000201a8d8d800 VMThread "VM Thread" [stack: 0x0000008397500000,0x0000008397600000] [id=9180]
  0x00000201a97c6000 WatcherThread [stack: 0x0000008397f00000,0x0000008398000000] [id=6120]
  0x000002018f506000 GCTaskThread "GC Thread#0" [stack: 0x0000008397000000,0x0000008397100000] [id=2464]
  0x00000201a99f4000 GCTaskThread "GC Thread#1" [stack: 0x0000008398000000,0x0000008398100000] [id=10940]
  0x000002018f537000 ConcurrentGCThread "G1 Main Marker" [stack: 0x0000008397100000,0x0000008397200000] [id=11492]
  0x000002018f539800 ConcurrentGCThread "G1 Conc#0" [stack: 0x0000008397200000,0x0000008397300000] [id=11712]
  0x000002018f577000 ConcurrentGCThread "G1 Refine#0" [stack: 0x0000008397300000,0x0000008397400000] [id=14904]
  0x000002018f579000 ConcurrentGCThread "G1 Young RemSet Sampling" [stack: 0x0000008397400000,0x0000008397500000] [id=12344]

Threads with active compile tasks:
C2 CompilerThread0   351631 10461       4       org.gradle.api.internal.artifacts.ModuleComponentSelectorSerializer::read (50 bytes)

VM state:not at safepoint (normal execution)

VM Mutex/Monitor currently owned by a thread: None

Heap address: 0x0000000080000000, size: 2048 MB, Compressed Oops mode: 32-bit
Narrow klass base: 0x0000000000000000, Narrow klass shift: 3
Compressed class space size: 1073741824 Address: 0x0000000100000000

Heap:
 garbage-first heap   total 220160K, used 184763K [0x0000000080000000, 0x0000000100000000)
  region size 1024K, 3 young (3072K), 2 survivors (2048K)
 Metaspace       used 98821K, capacity 101714K, committed 101808K, reserved 1136640K
  class space    used 12751K, capacity 13814K, committed 13824K, reserved 1048576K
Heap Regions: E=young(eden), S=young(survivor), O=old, HS=humongous(starts), HC=humongous(continues), CS=collection set, F=free, A=archive, TAMS=top-at-mark-start (previous, next)
|   0|0x0000000080000000, 0x0000000080100000, 0x0000000080100000|100%| O|  |TAMS 0x0000000080100000, 0x0000000080000000| Untracked 
|   1|0x0000000080100000, 0x0000000080200000, 0x0000000080200000|100%|HS|  |TAMS 0x0000000080200000, 0x0000000080100000| Complete 
|   2|0x0000000080200000, 0x0000000080300000, 0x0000000080300000|100%|HC|  |TAMS 0x0000000080300000, 0x0000000080200000| Complete 
|   3|0x0000000080300000, 0x0000000080400000, 0x0000000080400000|100%|HC|  |TAMS 0x0000000080400000, 0x0000000080300000| Complete 
|   4|0x0000000080400000, 0x0000000080500000, 0x0000000080500000|100%|HC|  |TAMS 0x0000000080500000, 0x0000000080400000| Complete 
|   5|0x0000000080500000, 0x0000000080600000, 0x0000000080600000|100%| O|  |TAMS 0x0000000080600000, 0x0000000080500000| Untracked 
|   6|0x0000000080600000, 0x0000000080700000, 0x0000000080700000|100%| O|  |TAMS 0x0000000080700000, 0x0000000080600000| Untracked 
|   7|0x0000000080700000, 0x0000000080800000, 0x0000000080800000|100%| O|  |TAMS 0x0000000080800000, 0x0000000080700000| Untracked 
|   8|0x0000000080800000, 0x0000000080900000, 0x0000000080900000|100%| O|  |TAMS 0x0000000080900000, 0x0000000080800000| Untracked 
|   9|0x0000000080900000, 0x0000000080a00000, 0x0000000080a00000|100%| O|  |TAMS 0x0000000080a00000, 0x0000000080900000| Untracked 
|  10|0x0000000080a00000, 0x0000000080b00000, 0x0000000080b00000|100%| O|  |TAMS 0x0000000080b00000, 0x0000000080a00000| Untracked 
|  11|0x0000000080b00000, 0x0000000080c00000, 0x0000000080c00000|100%| O|  |TAMS 0x0000000080c00000, 0x0000000080b00000| Untracked 
|  12|0x0000000080c00000, 0x0000000080d00000, 0x0000000080d00000|100%| O|  |TAMS 0x0000000080d00000, 0x0000000080c00000| Untracked 
|  13|0x0000000080d00000, 0x0000000080e00000, 0x0000000080e00000|100%| O|  |TAMS 0x0000000080e00000, 0x0000000080d00000| Untracked 
|  14|0x0000000080e00000, 0x0000000080f00000, 0x0000000080f00000|100%| O|  |TAMS 0x0000000080f00000, 0x0000000080e00000| Untracked 
|  15|0x0000000080f00000, 0x0000000081000000, 0x0000000081000000|100%| O|  |TAMS 0x0000000081000000, 0x0000000080f00000| Untracked 
|  16|0x0000000081000000, 0x0000000081100000, 0x0000000081100000|100%| O|  |TAMS 0x0000000081100000, 0x0000000081000000| Untracked 
|  17|0x0000000081100000, 0x0000000081200000, 0x0000000081200000|100%| O|  |TAMS 0x0000000081200000, 0x0000000081100000| Untracked 
|  18|0x0000000081200000, 0x0000000081300000, 0x0000000081300000|100%|HS|  |TAMS 0x0000000081300000, 0x0000000081200000| Complete 
|  19|0x0000000081300000, 0x0000000081400000, 0x0000000081400000|100%|HC|  |TAMS 0x0000000081400000, 0x0000000081300000| Complete 
|  20|0x0000000081400000, 0x0000000081500000, 0x0000000081500000|100%|HS|  |TAMS 0x0000000081500000, 0x0000000081400000| Complete 
|  21|0x0000000081500000, 0x0000000081600000, 0x0000000081600000|100%|HC|  |TAMS 0x0000000081600000, 0x0000000081500000| Complete 
|  22|0x0000000081600000, 0x0000000081700000, 0x0000000081700000|100%|HC|  |TAMS 0x0000000081700000, 0x0000000081600000| Complete 
|  23|0x0000000081700000, 0x0000000081800000, 0x0000000081800000|100%| O|  |TAMS 0x0000000081800000, 0x0000000081700000| Untracked 
|  24|0x0000000081800000, 0x0000000081900000, 0x0000000081900000|100%|HS|  |TAMS 0x0000000081900000, 0x0000000081800000| Complete 
|  25|0x0000000081900000, 0x0000000081a00000, 0x0000000081a00000|100%|HC|  |TAMS 0x0000000081a00000, 0x0000000081900000| Complete 
|  26|0x0000000081a00000, 0x0000000081b00000, 0x0000000081b00000|100%|HC|  |TAMS 0x0000000081b00000, 0x0000000081a00000| Complete 
|  27|0x0000000081b00000, 0x0000000081c00000, 0x0000000081c00000|100%| O|  |TAMS 0x0000000081c00000, 0x0000000081b00000| Untracked 
|  28|0x0000000081c00000, 0x0000000081d00000, 0x0000000081d00000|100%|HS|  |TAMS 0x0000000081d00000, 0x0000000081c00000| Complete 
|  29|0x0000000081d00000, 0x0000000081e00000, 0x0000000081e00000|100%|HC|  |TAMS 0x0000000081e00000, 0x0000000081d00000| Complete 
|  30|0x0000000081e00000, 0x0000000081f00000, 0x0000000081f00000|100%| O|  |TAMS 0x0000000081f00000, 0x0000000081e00000| Untracked 
|  31|0x0000000081f00000, 0x0000000082000000, 0x0000000082000000|100%| O|  |TAMS 0x0000000082000000, 0x0000000081f00000| Untracked 
|  32|0x0000000082000000, 0x0000000082100000, 0x0000000082100000|100%|HS|  |TAMS 0x0000000082100000, 0x0000000082000000| Complete 
|  33|0x0000000082100000, 0x0000000082200000, 0x0000000082200000|100%|HC|  |TAMS 0x0000000082200000, 0x0000000082100000| Complete 
|  34|0x0000000082200000, 0x0000000082300000, 0x0000000082300000|100%|HC|  |TAMS 0x0000000082300000, 0x0000000082200000| Complete 
|  35|0x0000000082300000, 0x0000000082400000, 0x0000000082400000|100%|HC|  |TAMS 0x0000000082400000, 0x0000000082300000| Complete 
|  36|0x0000000082400000, 0x0000000082500000, 0x0000000082500000|100%|HC|  |TAMS 0x0000000082500000, 0x0000000082400000| Complete 
|  37|0x0000000082500000, 0x0000000082600000, 0x0000000082600000|100%|HC|  |TAMS 0x0000000082600000, 0x0000000082500000| Complete 
|  38|0x0000000082600000, 0x0000000082700000, 0x0000000082700000|100%|HC|  |TAMS 0x0000000082700000, 0x0000000082600000| Complete 
|  39|0x0000000082700000, 0x0000000082800000, 0x0000000082800000|100%|HC|  |TAMS 0x0000000082800000, 0x0000000082700000| Complete 
|  40|0x0000000082800000, 0x0000000082900000, 0x0000000082900000|100%|HC|  |TAMS 0x0000000082900000, 0x0000000082800000| Complete 
|  41|0x0000000082900000, 0x0000000082a00000, 0x0000000082a00000|100%|HC|  |TAMS 0x0000000082a00000, 0x0000000082900000| Complete 
|  42|0x0000000082a00000, 0x0000000082b00000, 0x0000000082b00000|100%|HS|  |TAMS 0x0000000082b00000, 0x0000000082a00000| Complete 
|  43|0x0000000082b00000, 0x0000000082c00000, 0x0000000082c00000|100%|HC|  |TAMS 0x0000000082c00000, 0x0000000082b00000| Complete 
|  44|0x0000000082c00000, 0x0000000082d00000, 0x0000000082d00000|100%| O|  |TAMS 0x0000000082d00000, 0x0000000082c00000| Untracked 
|  45|0x0000000082d00000, 0x0000000082e00000, 0x0000000082e00000|100%|HS|  |TAMS 0x0000000082e00000, 0x0000000082d00000| Complete 
|  46|0x0000000082e00000, 0x0000000082f00000, 0x0000000082f00000|100%|HC|  |TAMS 0x0000000082f00000, 0x0000000082e00000| Complete 
|  47|0x0000000082f00000, 0x0000000083000000, 0x0000000083000000|100%|HC|  |TAMS 0x0000000083000000, 0x0000000082f00000| Complete 
|  48|0x0000000083000000, 0x0000000083100000, 0x0000000083100000|100%|HC|  |TAMS 0x0000000083100000, 0x0000000083000000| Complete 
|  49|0x0000000083100000, 0x0000000083200000, 0x0000000083200000|100%|HC|  |TAMS 0x0000000083200000, 0x0000000083100000| Complete 
|  50|0x0000000083200000, 0x0000000083300000, 0x0000000083300000|100%| O|  |TAMS 0x0000000083300000, 0x0000000083200000| Untracked 
|  51|0x0000000083300000, 0x0000000083400000, 0x0000000083400000|100%| O|  |TAMS 0x0000000083400000, 0x0000000083300000| Untracked 
|  52|0x0000000083400000, 0x0000000083500000, 0x0000000083500000|100%| O|  |TAMS 0x0000000083500000, 0x0000000083400000| Untracked 
|  53|0x0000000083500000, 0x0000000083600000, 0x0000000083600000|100%| O|  |TAMS 0x0000000083600000, 0x0000000083500000| Untracked 
|  54|0x0000000083600000, 0x0000000083700000, 0x0000000083700000|100%| O|  |TAMS 0x0000000083700000, 0x0000000083600000| Untracked 
|  55|0x0000000083700000, 0x0000000083800000, 0x0000000083800000|100%| O|  |TAMS 0x0000000083800000, 0x0000000083700000| Untracked 
|  56|0x0000000083800000, 0x0000000083900000, 0x0000000083900000|100%| O|  |TAMS 0x0000000083900000, 0x0000000083800000| Untracked 
|  57|0x0000000083900000, 0x0000000083a00000, 0x0000000083a00000|100%| O|  |TAMS 0x0000000083a00000, 0x0000000083900000| Untracked 
|  58|0x0000000083a00000, 0x0000000083b00000, 0x0000000083b00000|100%| O|  |TAMS 0x0000000083b00000, 0x0000000083a00000| Untracked 
|  59|0x0000000083b00000, 0x0000000083c00000, 0x0000000083c00000|100%| O|  |TAMS 0x0000000083c00000, 0x0000000083b00000| Untracked 
|  60|0x0000000083c00000, 0x0000000083d00000, 0x0000000083d00000|100%| O|  |TAMS 0x0000000083d00000, 0x0000000083c00000| Untracked 
|  61|0x0000000083d00000, 0x0000000083e00000, 0x0000000083e00000|100%|HS|  |TAMS 0x0000000083e00000, 0x0000000083d00000| Complete 
|  62|0x0000000083e00000, 0x0000000083f00000, 0x0000000083f00000|100%|HC|  |TAMS 0x0000000083f00000, 0x0000000083e00000| Complete 
|  63|0x0000000083f00000, 0x0000000084000000, 0x0000000084000000|100%|HC|  |TAMS 0x0000000084000000, 0x0000000083f00000| Complete 
|  64|0x0000000084000000, 0x0000000084100000, 0x0000000084100000|100%|HC|  |TAMS 0x0000000084100000, 0x0000000084000000| Complete 
|  65|0x0000000084100000, 0x0000000084200000, 0x0000000084200000|100%|HC|  |TAMS 0x0000000084200000, 0x0000000084100000| Complete 
|  66|0x0000000084200000, 0x0000000084300000, 0x0000000084300000|100%|HC|  |TAMS 0x0000000084300000, 0x0000000084200000| Complete 
|  67|0x0000000084300000, 0x0000000084400000, 0x0000000084400000|100%|HC|  |TAMS 0x0000000084400000, 0x0000000084300000| Complete 
|  68|0x0000000084400000, 0x0000000084500000, 0x0000000084500000|100%|HC|  |TAMS 0x0000000084500000, 0x0000000084400000| Complete 
|  69|0x0000000084500000, 0x0000000084600000, 0x0000000084600000|100%|HC|  |TAMS 0x0000000084600000, 0x0000000084500000| Complete 
|  70|0x0000000084600000, 0x0000000084700000, 0x0000000084700000|100%|HC|  |TAMS 0x0000000084700000, 0x0000000084600000| Complete 
|  71|0x0000000084700000, 0x0000000084800000, 0x0000000084800000|100%|HS|  |TAMS 0x0000000084800000, 0x0000000084700000| Complete 
|  72|0x0000000084800000, 0x0000000084900000, 0x0000000084900000|100%|HC|  |TAMS 0x0000000084900000, 0x0000000084800000| Complete 
|  73|0x0000000084900000, 0x0000000084a00000, 0x0000000084a00000|100%|HS|  |TAMS 0x0000000084a00000, 0x0000000084900000| Complete 
|  74|0x0000000084a00000, 0x0000000084b00000, 0x0000000084b00000|100%|HC|  |TAMS 0x0000000084b00000, 0x0000000084a00000| Complete 
|  75|0x0000000084b00000, 0x0000000084c00000, 0x0000000084c00000|100%|HC|  |TAMS 0x0000000084c00000, 0x0000000084b00000| Complete 
|  76|0x0000000084c00000, 0x0000000084d00000, 0x0000000084d00000|100%|HS|  |TAMS 0x0000000084d00000, 0x0000000084c00000| Complete 
|  77|0x0000000084d00000, 0x0000000084e00000, 0x0000000084e00000|100%|HC|  |TAMS 0x0000000084e00000, 0x0000000084d00000| Complete 
|  78|0x0000000084e00000, 0x0000000084f00000, 0x0000000084f00000|100%|HS|  |TAMS 0x0000000084f00000, 0x0000000084e00000| Complete 
|  79|0x0000000084f00000, 0x0000000085000000, 0x0000000085000000|100%|HC|  |TAMS 0x0000000085000000, 0x0000000084f00000| Complete 
|  80|0x0000000085000000, 0x0000000085100000, 0x0000000085100000|100%|HC|  |TAMS 0x0000000085100000, 0x0000000085000000| Complete 
|  81|0x0000000085100000, 0x0000000085200000, 0x0000000085200000|100%| O|  |TAMS 0x0000000085200000, 0x0000000085100000| Untracked 
|  82|0x0000000085200000, 0x0000000085300000, 0x0000000085300000|100%| O|  |TAMS 0x0000000085300000, 0x0000000085200000| Untracked 
|  83|0x0000000085300000, 0x0000000085400000, 0x0000000085400000|100%| O|  |TAMS 0x0000000085400000, 0x0000000085300000| Untracked 
|  84|0x0000000085400000, 0x0000000085500000, 0x0000000085500000|100%| O|  |TAMS 0x0000000085500000, 0x0000000085400000| Untracked 
|  85|0x0000000085500000, 0x0000000085600000, 0x0000000085600000|100%| O|  |TAMS 0x0000000085600000, 0x0000000085500000| Untracked 
|  86|0x0000000085600000, 0x0000000085700000, 0x0000000085700000|100%|HS|  |TAMS 0x0000000085700000, 0x0000000085600000| Complete 
|  87|0x0000000085700000, 0x0000000085800000, 0x0000000085800000|100%|HC|  |TAMS 0x0000000085800000, 0x0000000085700000| Complete 
|  88|0x0000000085800000, 0x0000000085900000, 0x0000000085900000|100%|HC|  |TAMS 0x0000000085900000, 0x0000000085800000| Complete 
|  89|0x0000000085900000, 0x0000000085a00000, 0x0000000085a00000|100%|HC|  |TAMS 0x0000000085a00000, 0x0000000085900000| Complete 
|  90|0x0000000085a00000, 0x0000000085b00000, 0x0000000085b00000|100%|HC|  |TAMS 0x0000000085b00000, 0x0000000085a00000| Complete 
|  91|0x0000000085b00000, 0x0000000085c00000, 0x0000000085c00000|100%| O|  |TAMS 0x0000000085c00000, 0x0000000085b00000| Untracked 
|  92|0x0000000085c00000, 0x0000000085d00000, 0x0000000085d00000|100%| O|  |TAMS 0x0000000085d00000, 0x0000000085c00000| Untracked 
|  93|0x0000000085d00000, 0x0000000085e00000, 0x0000000085e00000|100%| O|  |TAMS 0x0000000085e00000, 0x0000000085d00000| Untracked 
|  94|0x0000000085e00000, 0x0000000085f00000, 0x0000000085f00000|100%| O|  |TAMS 0x0000000085f00000, 0x0000000085e00000| Untracked 
|  95|0x0000000085f00000, 0x0000000086000000, 0x0000000086000000|100%| O|  |TAMS 0x0000000086000000, 0x0000000085f00000| Untracked 
|  96|0x0000000086000000, 0x0000000086100000, 0x0000000086100000|100%| O|  |TAMS 0x0000000086100000, 0x0000000086000000| Untracked 
|  97|0x0000000086100000, 0x0000000086200000, 0x0000000086200000|100%| O|  |TAMS 0x0000000086200000, 0x0000000086100000| Untracked 
|  98|0x0000000086200000, 0x0000000086300000, 0x0000000086300000|100%|HS|  |TAMS 0x0000000086300000, 0x0000000086200000| Complete 
|  99|0x0000000086300000, 0x0000000086400000, 0x0000000086400000|100%|HS|  |TAMS 0x0000000086400000, 0x0000000086300000| Complete 
| 100|0x0000000086400000, 0x0000000086500000, 0x0000000086500000|100%| O|  |TAMS 0x0000000086500000, 0x0000000086400000| Untracked 
| 101|0x0000000086500000, 0x0000000086600000, 0x0000000086600000|100%|HS|  |TAMS 0x0000000086600000, 0x0000000086500000| Complete 
| 102|0x0000000086600000, 0x0000000086700000, 0x0000000086700000|100%|HC|  |TAMS 0x0000000086700000, 0x0000000086600000| Complete 
| 103|0x0000000086700000, 0x0000000086800000, 0x0000000086800000|100%| O|  |TAMS 0x0000000086800000, 0x0000000086700000| Untracked 
| 104|0x0000000086800000, 0x0000000086900000, 0x0000000086900000|100%|HS|  |TAMS 0x0000000086900000, 0x0000000086800000| Complete 
| 105|0x0000000086900000, 0x0000000086a00000, 0x0000000086a00000|100%|HC|  |TAMS 0x0000000086a00000, 0x0000000086900000| Complete 
| 106|0x0000000086a00000, 0x0000000086b00000, 0x0000000086b00000|100%|HC|  |TAMS 0x0000000086b00000, 0x0000000086a00000| Complete 
| 107|0x0000000086b00000, 0x0000000086c00000, 0x0000000086c00000|100%|HC|  |TAMS 0x0000000086c00000, 0x0000000086b00000| Complete 
| 108|0x0000000086c00000, 0x0000000086d00000, 0x0000000086d00000|100%| O|  |TAMS 0x0000000086d00000, 0x0000000086c00000| Untracked 
| 109|0x0000000086d00000, 0x0000000086e00000, 0x0000000086e00000|100%| O|  |TAMS 0x0000000086e00000, 0x0000000086d00000| Untracked 
| 110|0x0000000086e00000, 0x0000000086f00000, 0x0000000086f00000|100%| O|  |TAMS 0x0000000086f00000, 0x0000000086e00000| Untracked 
| 111|0x0000000086f00000, 0x0000000087000000, 0x0000000087000000|100%| O|  |TAMS 0x0000000087000000, 0x0000000086f00000| Untracked 
| 112|0x0000000087000000, 0x0000000087100000, 0x0000000087100000|100%| O|  |TAMS 0x0000000087100000, 0x0000000087000000| Untracked 
| 113|0x0000000087100000, 0x0000000087200000, 0x0000000087200000|100%| O|  |TAMS 0x0000000087200000, 0x0000000087100000| Untracked 
| 114|0x0000000087200000, 0x0000000087300000, 0x0000000087300000|100%| O|  |TAMS 0x0000000087300000, 0x0000000087200000| Untracked 
| 115|0x0000000087300000, 0x0000000087400000, 0x0000000087400000|100%| O|  |TAMS 0x0000000087400000, 0x0000000087300000| Untracked 
| 116|0x0000000087400000, 0x0000000087500000, 0x0000000087500000|100%| O|  |TAMS 0x0000000087500000, 0x0000000087400000| Untracked 
| 117|0x0000000087500000, 0x0000000087600000, 0x0000000087600000|100%| O|  |TAMS 0x0000000087600000, 0x0000000087500000| Untracked 
| 118|0x0000000087600000, 0x0000000087700000, 0x0000000087700000|100%| O|  |TAMS 0x0000000087700000, 0x0000000087600000| Untracked 
| 119|0x0000000087700000, 0x0000000087800000, 0x0000000087800000|100%| O|  |TAMS 0x0000000087800000, 0x0000000087700000| Untracked 
| 120|0x0000000087800000, 0x0000000087900000, 0x0000000087900000|100%| O|  |TAMS 0x0000000087900000, 0x0000000087800000| Untracked 
| 121|0x0000000087900000, 0x0000000087a00000, 0x0000000087a00000|100%| O|  |TAMS 0x0000000087a00000, 0x0000000087900000| Untracked 
| 122|0x0000000087a00000, 0x0000000087b00000, 0x0000000087b00000|100%| O|  |TAMS 0x0000000087b00000, 0x0000000087a00000| Untracked 
| 123|0x0000000087b00000, 0x0000000087c00000, 0x0000000087c00000|100%| O|  |TAMS 0x0000000087c00000, 0x0000000087b00000| Untracked 
| 124|0x0000000087c00000, 0x0000000087d00000, 0x0000000087d00000|100%| O|  |TAMS 0x0000000087d00000, 0x0000000087c00000| Untracked 
| 125|0x0000000087d00000, 0x0000000087e00000, 0x0000000087e00000|100%| O|  |TAMS 0x0000000087e00000, 0x0000000087d00000| Untracked 
| 126|0x0000000087e00000, 0x0000000087f00000, 0x0000000087f00000|100%| O|  |TAMS 0x0000000087f00000, 0x0000000087e00000| Untracked 
| 127|0x0000000087f00000, 0x0000000088000000, 0x0000000088000000|100%| O|  |TAMS 0x0000000088000000, 0x0000000087f00000| Untracked 
| 128|0x0000000088000000, 0x0000000088100000, 0x0000000088100000|100%| O|  |TAMS 0x0000000088100000, 0x0000000088000000| Untracked 
| 129|0x0000000088100000, 0x0000000088200000, 0x0000000088200000|100%| O|  |TAMS 0x0000000088200000, 0x0000000088100000| Untracked 
| 130|0x0000000088200000, 0x0000000088300000, 0x0000000088300000|100%| O|  |TAMS 0x0000000088300000, 0x0000000088200000| Untracked 
| 131|0x0000000088300000, 0x0000000088400000, 0x0000000088400000|100%| O|  |TAMS 0x0000000088400000, 0x0000000088300000| Untracked 
| 132|0x0000000088400000, 0x0000000088500000, 0x0000000088500000|100%| O|  |TAMS 0x0000000088500000, 0x0000000088400000| Untracked 
| 133|0x0000000088500000, 0x0000000088600000, 0x0000000088600000|100%| O|  |TAMS 0x0000000088600000, 0x0000000088500000| Untracked 
| 134|0x0000000088600000, 0x0000000088700000, 0x0000000088700000|100%|HS|  |TAMS 0x0000000088700000, 0x0000000088600000| Complete 
| 135|0x0000000088700000, 0x0000000088800000, 0x0000000088800000|100%|HC|  |TAMS 0x0000000088800000, 0x0000000088700000| Complete 
| 136|0x0000000088800000, 0x0000000088900000, 0x0000000088900000|100%|HS|  |TAMS 0x0000000088900000, 0x0000000088800000| Complete 
| 137|0x0000000088900000, 0x0000000088a00000, 0x0000000088a00000|100%|HC|  |TAMS 0x0000000088a00000, 0x0000000088900000| Complete 
| 138|0x0000000088a00000, 0x0000000088b00000, 0x0000000088b00000|100%|HC|  |TAMS 0x0000000088b00000, 0x0000000088a00000| Complete 
| 139|0x0000000088b00000, 0x0000000088c00000, 0x0000000088c00000|100%|HS|  |TAMS 0x0000000088c00000, 0x0000000088b00000| Complete 
| 140|0x0000000088c00000, 0x0000000088d00000, 0x0000000088d00000|100%|HC|  |TAMS 0x0000000088d00000, 0x0000000088c00000| Complete 
| 141|0x0000000088d00000, 0x0000000088e00000, 0x0000000088e00000|100%|HC|  |TAMS 0x0000000088e00000, 0x0000000088d00000| Complete 
| 142|0x0000000088e00000, 0x0000000088f00000, 0x0000000088f00000|100%|HS|  |TAMS 0x0000000088f00000, 0x0000000088e00000| Complete 
| 143|0x0000000088f00000, 0x0000000089000000, 0x0000000089000000|100%|HC|  |TAMS 0x0000000089000000, 0x0000000088f00000| Complete 
| 144|0x0000000089000000, 0x0000000089100000, 0x0000000089100000|100%|HS|  |TAMS 0x0000000089100000, 0x0000000089000000| Complete 
| 145|0x0000000089100000, 0x0000000089200000, 0x0000000089200000|100%|HC|  |TAMS 0x0000000089200000, 0x0000000089100000| Complete 
| 146|0x0000000089200000, 0x0000000089300000, 0x0000000089300000|100%|HC|  |TAMS 0x0000000089300000, 0x0000000089200000| Complete 
| 147|0x0000000089300000, 0x0000000089400000, 0x0000000089400000|100%|HC|  |TAMS 0x0000000089400000, 0x0000000089300000| Complete 
| 148|0x0000000089400000, 0x0000000089500000, 0x0000000089500000|100%|HC|  |TAMS 0x0000000089500000, 0x0000000089400000| Complete 
| 149|0x0000000089500000, 0x0000000089600000, 0x0000000089600000|100%|HC|  |TAMS 0x0000000089600000, 0x0000000089500000| Complete 
| 150|0x0000000089600000, 0x0000000089700000, 0x0000000089700000|100%|HC|  |TAMS 0x0000000089700000, 0x0000000089600000| Complete 
| 151|0x0000000089700000, 0x0000000089800000, 0x0000000089800000|100%|HC|  |TAMS 0x0000000089800000, 0x0000000089700000| Complete 
| 152|0x0000000089800000, 0x0000000089900000, 0x0000000089900000|100%|HC|  |TAMS 0x0000000089900000, 0x0000000089800000| Complete 
| 153|0x0000000089900000, 0x0000000089a00000, 0x0000000089a00000|100%|HC|  |TAMS 0x0000000089a00000, 0x0000000089900000| Complete 
| 154|0x0000000089a00000, 0x0000000089b00000, 0x0000000089b00000|100%| O|  |TAMS 0x0000000089b00000, 0x0000000089a00000| Untracked 
| 155|0x0000000089b00000, 0x0000000089c00000, 0x0000000089c00000|100%| O|  |TAMS 0x0000000089c00000, 0x0000000089b00000| Untracked 
| 156|0x0000000089c00000, 0x0000000089d00000, 0x0000000089d00000|100%|HS|  |TAMS 0x0000000089d00000, 0x0000000089c00000| Complete 
| 157|0x0000000089d00000, 0x0000000089e00000, 0x0000000089e00000|100%|HC|  |TAMS 0x0000000089e00000, 0x0000000089d00000| Complete 
| 158|0x0000000089e00000, 0x0000000089f00000, 0x0000000089f00000|100%| O|  |TAMS 0x0000000089f00000, 0x0000000089e00000| Untracked 
| 159|0x0000000089f00000, 0x000000008a000000, 0x000000008a000000|100%| O|  |TAMS 0x000000008a000000, 0x0000000089f00000| Untracked 
| 160|0x000000008a000000, 0x000000008a100000, 0x000000008a100000|100%| O|  |TAMS 0x000000008a100000, 0x000000008a000000| Untracked 
| 161|0x000000008a100000, 0x000000008a200000, 0x000000008a200000|100%| O|  |TAMS 0x000000008a200000, 0x000000008a100000| Untracked 
| 162|0x000000008a200000, 0x000000008a300000, 0x000000008a300000|100%|HS|  |TAMS 0x000000008a300000, 0x000000008a200000| Complete 
| 163|0x000000008a300000, 0x000000008a400000, 0x000000008a400000|100%|HC|  |TAMS 0x000000008a400000, 0x000000008a300000| Complete 
| 164|0x000000008a400000, 0x000000008a500000, 0x000000008a500000|100%|HC|  |TAMS 0x000000008a500000, 0x000000008a400000| Complete 
| 165|0x000000008a500000, 0x000000008a600000, 0x000000008a600000|100%|HC|  |TAMS 0x000000008a600000, 0x000000008a500000| Complete 
| 166|0x000000008a600000, 0x000000008a700000, 0x000000008a700000|100%|HC|  |TAMS 0x000000008a700000, 0x000000008a600000| Complete 
| 167|0x000000008a700000, 0x000000008a800000, 0x000000008a800000|100%| O|  |TAMS 0x000000008a800000, 0x000000008a700000| Untracked 
| 168|0x000000008a800000, 0x000000008a900000, 0x000000008a900000|100%| O|  |TAMS 0x000000008a900000, 0x000000008a800000| Untracked 
| 169|0x000000008a900000, 0x000000008aa00000, 0x000000008aa00000|100%| O|  |TAMS 0x000000008aa00000, 0x000000008a900000| Untracked 
| 170|0x000000008aa00000, 0x000000008ab00000, 0x000000008ab00000|100%| O|  |TAMS 0x000000008ab00000, 0x000000008aa00000| Untracked 
| 171|0x000000008ab00000, 0x000000008ac00000, 0x000000008ac00000|100%| O|  |TAMS 0x000000008ac00000, 0x000000008ab00000| Untracked 
| 172|0x000000008ac00000, 0x000000008ad00000, 0x000000008ad00000|100%| O|  |TAMS 0x000000008ad00000, 0x000000008ac00000| Untracked 
| 173|0x000000008ad00000, 0x000000008ae00000, 0x000000008ae00000|100%| O|  |TAMS 0x000000008ae00000, 0x000000008ad00000| Untracked 
| 174|0x000000008ae00000, 0x000000008af00000, 0x000000008af00000|100%| O|  |TAMS 0x000000008af00000, 0x000000008ae00000| Untracked 
| 175|0x000000008af00000, 0x000000008b000000, 0x000000008b000000|100%| O|  |TAMS 0x000000008b000000, 0x000000008af00000| Untracked 
| 176|0x000000008b000000, 0x000000008b100000, 0x000000008b100000|100%| O|  |TAMS 0x000000008b06a200, 0x000000008b000000| Untracked 
| 177|0x000000008b100000, 0x000000008b200000, 0x000000008b200000|100%| O|  |TAMS 0x000000008b100000, 0x000000008b100000| Untracked 
| 178|0x000000008b200000, 0x000000008b26ee00, 0x000000008b300000| 43%| O|  |TAMS 0x000000008b200000, 0x000000008b200000| Untracked 
| 179|0x000000008b300000, 0x000000008b300000, 0x000000008b400000|  0%| F|  |TAMS 0x000000008b300000, 0x000000008b300000| Untracked 
| 180|0x000000008b400000, 0x000000008b400000, 0x000000008b500000|  0%| F|  |TAMS 0x000000008b400000, 0x000000008b400000| Untracked 
| 181|0x000000008b500000, 0x000000008b500000, 0x000000008b600000|  0%| F|  |TAMS 0x000000008b500000, 0x000000008b500000| Untracked 
| 182|0x000000008b600000, 0x000000008b600000, 0x000000008b700000|  0%| F|  |TAMS 0x000000008b600000, 0x000000008b600000| Untracked 
| 183|0x000000008b700000, 0x000000008b700000, 0x000000008b800000|  0%| F|  |TAMS 0x000000008b700000, 0x000000008b700000| Untracked 
| 184|0x000000008b800000, 0x000000008b800000, 0x000000008b900000|  0%| F|  |TAMS 0x000000008b800000, 0x000000008b800000| Untracked 
| 185|0x000000008b900000, 0x000000008b900000, 0x000000008ba00000|  0%| F|  |TAMS 0x000000008b900000, 0x000000008b900000| Untracked 
| 186|0x000000008ba00000, 0x000000008ba00000, 0x000000008bb00000|  0%| F|  |TAMS 0x000000008ba00000, 0x000000008ba00000| Untracked 
| 187|0x000000008bb00000, 0x000000008bb00000, 0x000000008bc00000|  0%| F|  |TAMS 0x000000008bb00000, 0x000000008bb00000| Untracked 
| 188|0x000000008bc00000, 0x000000008bc00000, 0x000000008bd00000|  0%| F|  |TAMS 0x000000008bc00000, 0x000000008bc00000| Untracked 
| 189|0x000000008bd00000, 0x000000008bd00000, 0x000000008be00000|  0%| F|  |TAMS 0x000000008bd00000, 0x000000008bd00000| Untracked 
| 190|0x000000008be00000, 0x000000008be00000, 0x000000008bf00000|  0%| F|  |TAMS 0x000000008be00000, 0x000000008be00000| Untracked 
| 191|0x000000008bf00000, 0x000000008bf00000, 0x000000008c000000|  0%| F|  |TAMS 0x000000008bf00000, 0x000000008bf00000| Untracked 
| 192|0x000000008c000000, 0x000000008c000000, 0x000000008c100000|  0%| F|  |TAMS 0x000000008c000000, 0x000000008c000000| Untracked 
| 193|0x000000008c100000, 0x000000008c100000, 0x000000008c200000|  0%| F|  |TAMS 0x000000008c100000, 0x000000008c100000| Untracked 
| 194|0x000000008c200000, 0x000000008c200000, 0x000000008c300000|  0%| F|  |TAMS 0x000000008c200000, 0x000000008c200000| Untracked 
| 195|0x000000008c300000, 0x000000008c300000, 0x000000008c400000|  0%| F|  |TAMS 0x000000008c300000, 0x000000008c300000| Untracked 
| 196|0x000000008c400000, 0x000000008c400000, 0x000000008c500000|  0%| F|  |TAMS 0x000000008c400000, 0x000000008c400000| Untracked 
| 197|0x000000008c500000, 0x000000008c500000, 0x000000008c600000|  0%| F|  |TAMS 0x000000008c500000, 0x000000008c500000| Untracked 
| 198|0x000000008c600000, 0x000000008c600000, 0x000000008c700000|  0%| F|  |TAMS 0x000000008c600000, 0x000000008c600000| Untracked 
| 199|0x000000008c700000, 0x000000008c700000, 0x000000008c800000|  0%| F|  |TAMS 0x000000008c700000, 0x000000008c700000| Untracked 
| 200|0x000000008c800000, 0x000000008c900000, 0x000000008c900000|100%| S|CS|TAMS 0x000000008c800000, 0x000000008c800000| Complete 
| 201|0x000000008c900000, 0x000000008ca00000, 0x000000008ca00000|100%| S|CS|TAMS 0x000000008c900000, 0x000000008c900000| Complete 
| 202|0x000000008ca00000, 0x000000008ca00000, 0x000000008cb00000|  0%| F|  |TAMS 0x000000008ca00000, 0x000000008ca00000| Untracked 
| 203|0x000000008cb00000, 0x000000008cb00000, 0x000000008cc00000|  0%| F|  |TAMS 0x000000008cb00000, 0x000000008cb00000| Untracked 
| 204|0x000000008cc00000, 0x000000008cc00000, 0x000000008cd00000|  0%| F|  |TAMS 0x000000008cc00000, 0x000000008cc00000| Untracked 
| 205|0x000000008cd00000, 0x000000008cd00000, 0x000000008ce00000|  0%| F|  |TAMS 0x000000008cd00000, 0x000000008cd00000| Untracked 
| 206|0x000000008ce00000, 0x000000008ce00000, 0x000000008cf00000|  0%| F|  |TAMS 0x000000008ce00000, 0x000000008ce00000| Untracked 
| 207|0x000000008cf00000, 0x000000008cf00000, 0x000000008d000000|  0%| F|  |TAMS 0x000000008cf00000, 0x000000008cf00000| Untracked 
| 208|0x000000008d000000, 0x000000008d000000, 0x000000008d100000|  0%| F|  |TAMS 0x000000008d000000, 0x000000008d000000| Untracked 
| 209|0x000000008d100000, 0x000000008d100000, 0x000000008d200000|  0%| F|  |TAMS 0x000000008d100000, 0x000000008d100000| Untracked 
| 210|0x000000008d200000, 0x000000008d200000, 0x000000008d300000|  0%| F|  |TAMS 0x000000008d200000, 0x000000008d200000| Untracked 
| 211|0x000000008d300000, 0x000000008d300000, 0x000000008d400000|  0%| F|  |TAMS 0x000000008d300000, 0x000000008d300000| Untracked 
| 212|0x000000008d400000, 0x000000008d400000, 0x000000008d500000|  0%| F|  |TAMS 0x000000008d400000, 0x000000008d400000| Untracked 
| 213|0x000000008d500000, 0x000000008d500000, 0x000000008d600000|  0%| F|  |TAMS 0x000000008d500000, 0x000000008d500000| Untracked 
| 214|0x000000008d600000, 0x000000008d6b7f70, 0x000000008d700000| 71%| E|  |TAMS 0x000000008d600000, 0x000000008d600000| Complete 

Card table byte_map: [0x00000201a2410000,0x00000201a2810000] _byte_map_base: 0x00000201a2010000

Marking Bits (Prev, Next): (CMBitMap*) 0x000002018f52e468, (CMBitMap*) 0x000002018f52e4a0
 Prev Bits: [0x00000201a2c10000, 0x00000201a4c10000)
 Next Bits: [0x00000201a4c10000, 0x00000201a6c10000)

Polling page: 0x000002018d4f0000

Metaspace:

Usage:
  Non-class:     85.84 MB capacity,    84.05 MB ( 98%) used,     1.49 MB (  2%) free+waste,   300.94 KB ( <1%) overhead. 
      Class:     13.49 MB capacity,    12.45 MB ( 92%) used,   923.57 KB (  7%) free+waste,   139.25 KB (  1%) overhead. 
       Both:     99.33 MB capacity,    96.51 MB ( 97%) used,     2.40 MB (  2%) free+waste,   440.19 KB ( <1%) overhead. 

Virtual space:
  Non-class space:       86.00 MB reserved,      85.92 MB (>99%) committed 
      Class space:        1.00 GB reserved,      13.50 MB (  1%) committed 
             Both:        1.08 GB reserved,      99.42 MB (  9%) committed 

Chunk freelists:
   Non-Class:  20.00 KB
       Class:  10.00 KB
        Both:  30.00 KB

MaxMetaspaceSize: 17179869184.00 GB
CompressedClassSpaceSize: 1.00 GB
Initial GC threshold: 20.80 MB
Current GC threshold: 165.70 MB
CDS: off

CodeHeap 'non-profiled nmethods': size=120064Kb used=6772Kb max_used=6772Kb free=113291Kb
 bounds [0x000002019aad0000, 0x000002019b170000, 0x00000201a2010000]
CodeHeap 'profiled nmethods': size=120000Kb used=23285Kb max_used=23285Kb free=96715Kb
 bounds [0x00000201935a0000, 0x0000020194c60000, 0x000002019aad0000]
CodeHeap 'non-nmethods': size=5696Kb used=2410Kb max_used=2441Kb free=3285Kb
 bounds [0x0000020193010000, 0x0000020193280000, 0x00000201935a0000]
 total_blobs=11367 nmethods=10430 adapters=848
 compilation: enabled
              stopped_count=0, restarted_count=0
 full_count=0

Compilation events (20 events):
Event: 351.320 Thread 0x00000201a9658000 nmethod 10451 0x000002019b16a790 code [0x000002019b16a940, 0x000002019b16a9f8]
Event: 351.320 Thread 0x00000201a9658000 10452       1       org.gradle.internal.resolve.caching.ComponentMetadataRuleExecutor$SimpleResolvedModuleVersion::getId (5 bytes)
Event: 351.320 Thread 0x00000201a9658000 nmethod 10452 0x000002019b16aa90 code [0x000002019b16ac40, 0x000002019b16acf8]
Event: 351.320 Thread 0x00000201a9658000 10453       1       org.gradle.internal.resolve.caching.CrossBuildCachingRuleExecutor$CachedEntry::getImplicits (5 bytes)
Event: 351.320 Thread 0x00000201a9658000 nmethod 10453 0x000002019b16ad90 code [0x000002019b16af40, 0x000002019b16aff8]
Event: 351.320 Thread 0x00000201a9658000 10454       3       com.google.common.primitives.Longs$AsciiDigits::digit (17 bytes)
Event: 351.320 Thread 0x00000201a9658000 nmethod 10454 0x0000020194c57590 code [0x0000020194c57740, 0x0000020194c578b8]
Event: 351.320 Thread 0x00000201a9658000 10455       3       org.gradle.api.internal.artifacts.ivyservice.ivyresolve.strategy.StaticVersionComparator::compare (326 bytes)
Event: 351.321 Thread 0x00000201a9618000 10456       4       org.gradle.api.internal.artifacts.ivyservice.resolveengine.graph.builder.EdgeState::equals (11 bytes)
Event: 351.321 Thread 0x00000201a9618000 nmethod 10456 0x000002019b16b090 code [0x000002019b16b220, 0x000002019b16b298]
Event: 351.322 Thread 0x00000201a9658000 nmethod 10455 0x0000020194c57990 code [0x0000020194c57d20, 0x0000020194c59508]
Event: 351.327 Thread 0x00000201a9618000 10457       4       org.gradle.api.internal.artifacts.dependencies.DefaultImmutableVersionConstraint::<init> (152 bytes)
Event: 351.347 Thread 0x00000201a9618000 nmethod 10457 0x000002019b16b390 code [0x000002019b16b560, 0x000002019b16c0d8]
Event: 351.347 Thread 0x00000201a9618000 10458       4       org.gradle.api.internal.artifacts.dependencies.AbstractVersionConstraint::hashCode (36 bytes)
Event: 351.356 Thread 0x00000201a9618000 nmethod 10458 0x000002019b16c690 code [0x000002019b16c860, 0x000002019b16cdd8]
Event: 351.363 Thread 0x00000201a9658000 10460       3       org.gradle.internal.action.DefaultConfigurableRules::computeCacheable (47 bytes)
Event: 351.363 Thread 0x00000201a9658000 nmethod 10460 0x0000020194c59e10 code [0x0000020194c5a020, 0x0000020194c5a5c8]
Event: 351.363 Thread 0x00000201a9658000 10459       3       org.gradle.internal.action.DefaultConfigurableRules::<init> (21 bytes)
Event: 351.363 Thread 0x00000201a9658000 nmethod 10459 0x0000020194c5a790 code [0x0000020194c5a960, 0x0000020194c5ab98]
Event: 351.366 Thread 0x00000201a9618000 10461       4       org.gradle.api.internal.artifacts.ModuleComponentSelectorSerializer::read (50 bytes)

GC Heap History (20 events):
Event: 276.337 GC heap before
{Heap before GC invocations=197 (full 0):
 garbage-first heap   total 220160K, used 180105K [0x0000000080000000, 0x0000000100000000)
  region size 1024K, 5 young (5120K), 1 survivors (1024K)
 Metaspace       used 86829K, capacity 89304K, committed 89520K, reserved 1126400K
  class space    used 11294K, capacity 12272K, committed 12288K, reserved 1048576K
}
Event: 276.340 GC heap after
{Heap after GC invocations=198 (full 0):
 garbage-first heap   total 220160K, used 177625K [0x0000000080000000, 0x0000000100000000)
  region size 1024K, 2 young (2048K), 2 survivors (2048K)
 Metaspace       used 86829K, capacity 89304K, committed 89520K, reserved 1126400K
  class space    used 11294K, capacity 12272K, committed 12288K, reserved 1048576K
}
Event: 279.891 GC heap before
{Heap before GC invocations=199 (full 0):
 garbage-first heap   total 220160K, used 189913K [0x0000000080000000, 0x0000000100000000)
  region size 1024K, 13 young (13312K), 2 survivors (2048K)
 Metaspace       used 88426K, capacity 91075K, committed 91312K, reserved 1128448K
  class space    used 11427K, capacity 12435K, committed 12544K, reserved 1048576K
}
Event: 279.903 GC heap after
{Heap after GC invocations=200 (full 0):
 garbage-first heap   total 220160K, used 177302K [0x0000000080000000, 0x0000000100000000)
  region size 1024K, 1 young (1024K), 1 survivors (1024K)
 Metaspace       used 88426K, capacity 91075K, committed 91312K, reserved 1128448K
  class space    used 11427K, capacity 12435K, committed 12544K, reserved 1048576K
}
Event: 287.905 GC heap before
{Heap before GC invocations=200 (full 0):
 garbage-first heap   total 220160K, used 189590K [0x0000000080000000, 0x0000000100000000)
  region size 1024K, 13 young (13312K), 1 survivors (1024K)
 Metaspace       used 89940K, capacity 92514K, committed 92720K, reserved 1130496K
  class space    used 11638K, capacity 12571K, committed 12672K, reserved 1048576K
}
Event: 287.965 GC heap after
{Heap after GC invocations=201 (full 0):
 garbage-first heap   total 220160K, used 177607K [0x0000000080000000, 0x0000000100000000)
  region size 1024K, 1 young (1024K), 1 survivors (1024K)
 Metaspace       used 89940K, capacity 92514K, committed 92720K, reserved 1130496K
  class space    used 11638K, capacity 12571K, committed 12672K, reserved 1048576K
}
Event: 292.536 GC heap before
{Heap before GC invocations=202 (full 0):
 garbage-first heap   total 220160K, used 190919K [0x0000000080000000, 0x0000000100000000)
  region size 1024K, 14 young (14336K), 1 survivors (1024K)
 Metaspace       used 91161K, capacity 93666K, committed 93872K, reserved 1130496K
  class space    used 11846K, capacity 12763K, committed 12800K, reserved 1048576K
}
Event: 292.543 GC heap after
{Heap after GC invocations=203 (full 0):
 garbage-first heap   total 220160K, used 177880K [0x0000000080000000, 0x0000000100000000)
  region size 1024K, 1 young (1024K), 1 survivors (1024K)
 Metaspace       used 91161K, capacity 93666K, committed 93872K, reserved 1130496K
  class space    used 11846K, capacity 12763K, committed 12800K, reserved 1048576K
}
Event: 299.589 GC heap before
{Heap before GC invocations=203 (full 0):
 garbage-first heap   total 220160K, used 191192K [0x0000000080000000, 0x0000000100000000)
  region size 1024K, 14 young (14336K), 1 survivors (1024K)
 Metaspace       used 93346K, capacity 95965K, committed 96304K, reserved 1132544K
  class space    used 12099K, capacity 13070K, committed 13184K, reserved 1048576K
}
Event: 299.620 GC heap after
{Heap after GC invocations=204 (full 0):
 garbage-first heap   total 220160K, used 178899K [0x0000000080000000, 0x0000000100000000)
  region size 1024K, 2 young (2048K), 2 survivors (2048K)
 Metaspace       used 93346K, capacity 95965K, committed 96304K, reserved 1132544K
  class space    used 12099K, capacity 13070K, committed 13184K, reserved 1048576K
}
Event: 311.078 GC heap before
{Heap before GC invocations=205 (full 0):
 garbage-first heap   total 220160K, used 191187K [0x0000000080000000, 0x0000000100000000)
  region size 1024K, 15 young (15360K), 2 survivors (2048K)
 Metaspace       used 94492K, capacity 97241K, committed 97456K, reserved 1134592K
  class space    used 12266K, capacity 13276K, committed 13312K, reserved 1048576K
}
Event: 311.132 GC heap after
{Heap after GC invocations=206 (full 0):
 garbage-first heap   total 220160K, used 179561K [0x0000000080000000, 0x0000000100000000)
  region size 1024K, 2 young (2048K), 2 survivors (2048K)
 Metaspace       used 94492K, capacity 97241K, committed 97456K, reserved 1134592K
  class space    used 12266K, capacity 13276K, committed 13312K, reserved 1048576K
}
Event: 323.757 GC heap before
{Heap before GC invocations=206 (full 0):
 garbage-first heap   total 220160K, used 191849K [0x0000000080000000, 0x0000000100000000)
  region size 1024K, 14 young (14336K), 2 survivors (2048K)
 Metaspace       used 95599K, capacity 98481K, committed 98736K, reserved 1134592K
  class space    used 12456K, capacity 13536K, committed 13568K, reserved 1048576K
}
Event: 323.818 GC heap after
{Heap after GC invocations=207 (full 0):
 garbage-first heap   total 220160K, used 180767K [0x0000000080000000, 0x0000000100000000)
  region size 1024K, 2 young (2048K), 2 survivors (2048K)
 Metaspace       used 95599K, capacity 98481K, committed 98736K, reserved 1134592K
  class space    used 12456K, capacity 13536K, committed 13568K, reserved 1048576K
}
Event: 337.410 GC heap before
{Heap before GC invocations=208 (full 0):
 garbage-first heap   total 220160K, used 193055K [0x0000000080000000, 0x0000000100000000)
  region size 1024K, 14 young (14336K), 2 survivors (2048K)
 Metaspace       used 97079K, capacity 99932K, committed 100144K, reserved 1136640K
  class space    used 12608K, capacity 13675K, committed 13696K, reserved 1048576K
}
Event: 337.519 GC heap after
{Heap after GC invocations=209 (full 0):
 garbage-first heap   total 220160K, used 181499K [0x0000000080000000, 0x0000000100000000)
  region size 1024K, 2 young (2048K), 2 survivors (2048K)
 Metaspace       used 97079K, capacity 99932K, committed 100144K, reserved 1136640K
  class space    used 12608K, capacity 13675K, committed 13696K, reserved 1048576K
}
Event: 347.022 GC heap before
{Heap before GC invocations=209 (full 0):
 garbage-first heap   total 220160K, used 191739K [0x0000000080000000, 0x0000000100000000)
  region size 1024K, 13 young (13312K), 2 survivors (2048K)
 Metaspace       used 98652K, capacity 101558K, committed 101808K, reserved 1136640K
  class space    used 12746K, capacity 13809K, committed 13824K, reserved 1048576K
}
Event: 347.284 GC heap after
{Heap after GC invocations=210 (full 0):
 garbage-first heap   total 220160K, used 182190K [0x0000000080000000, 0x0000000100000000)
  region size 1024K, 2 young (2048K), 2 survivors (2048K)
 Metaspace       used 98652K, capacity 101558K, committed 101808K, reserved 1136640K
  class space    used 12746K, capacity 13809K, committed 13824K, reserved 1048576K
}
Event: 351.406 GC heap before
{Heap before GC invocations=211 (full 0):
 garbage-first heap   total 220160K, used 193454K [0x0000000080000000, 0x0000000100000000)
  region size 1024K, 13 young (13312K), 2 survivors (2048K)
 Metaspace       used 98818K, capacity 101714K, committed 101808K, reserved 1136640K
  class space    used 12751K, capacity 13814K, committed 13824K, reserved 1048576K
}
Event: 351.450 GC heap after
{Heap after GC invocations=212 (full 0):
 garbage-first heap   total 220160K, used 184763K [0x0000000080000000, 0x0000000100000000)
  region size 1024K, 2 young (2048K), 2 survivors (2048K)
 Metaspace       used 98818K, capacity 101714K, committed 101808K, reserved 1136640K
  class space    used 12751K, capacity 13814K, committed 13824K, reserved 1048576K
}

Deoptimization events (20 events):
Event: 319.219 Thread 0x00000201a992a000 Uncommon trap: trap_request=0xfffffff4 fr.pc=0x000002019b11dbd0 relative=0x0000000000000ad0
Event: 319.219 Thread 0x00000201a992a000 Uncommon trap: reason=null_check action=make_not_entrant pc=0x000002019b11dbd0 method=org.gradle.tooling.internal.provider.runner.ClientBuildEventGenerator$Enabled.accept(Lorg/gradle/internal/operations/BuildOperationDescriptor;)Lorg/gradle/tooling/intern
Event: 319.219 Thread 0x00000201a992a000 DEOPT PACKING pc=0x000002019b11dbd0 sp=0x00000083987f8bc0
Event: 319.219 Thread 0x00000201a992a000 DEOPT UNPACKING pc=0x000002019305a1af sp=0x00000083987f8af8 mode 2
Event: 323.995 Thread 0x00000201a992a000 Uncommon trap: trap_request=0xffffff4d fr.pc=0x000002019af1bf64 relative=0x0000000000000264
Event: 323.995 Thread 0x00000201a992a000 Uncommon trap: reason=unstable_if action=reinterpret pc=0x000002019af1bf64 method=java.lang.Class.getTypeName()Ljava/lang/String; @ 23 c2
Event: 323.995 Thread 0x00000201a992a000 DEOPT PACKING pc=0x000002019af1bf64 sp=0x00000083987f8e80
Event: 323.995 Thread 0x00000201a992a000 DEOPT UNPACKING pc=0x000002019305a1af sp=0x00000083987f8e48 mode 2
Event: 332.742 Thread 0x00000201a992a000 Uncommon trap: trap_request=0xffffffde fr.pc=0x000002019aeb2f5c relative=0x000000000000141c
Event: 332.742 Thread 0x00000201a992a000 Uncommon trap: reason=class_check action=maybe_recompile pc=0x000002019aeb2f5c method=java.util.concurrent.ConcurrentHashMap.putVal(Ljava/lang/Object;Ljava/lang/Object;Z)Ljava/lang/Object; @ 242 c2
Event: 332.742 Thread 0x00000201a992a000 DEOPT PACKING pc=0x000002019aeb2f5c sp=0x00000083987f8c10
Event: 332.748 Thread 0x00000201a992a000 DEOPT UNPACKING pc=0x000002019305a1af sp=0x00000083987f8b90 mode 2
Event: 332.773 Thread 0x00000201a992a000 Uncommon trap: trap_request=0xffffffde fr.pc=0x000002019aeb2f5c relative=0x000000000000141c
Event: 332.773 Thread 0x00000201a992a000 Uncommon trap: reason=class_check action=maybe_recompile pc=0x000002019aeb2f5c method=java.util.concurrent.ConcurrentHashMap.putVal(Ljava/lang/Object;Ljava/lang/Object;Z)Ljava/lang/Object; @ 242 c2
Event: 332.773 Thread 0x00000201a992a000 DEOPT PACKING pc=0x000002019aeb2f5c sp=0x00000083987f8910
Event: 332.773 Thread 0x00000201a992a000 DEOPT UNPACKING pc=0x000002019305a1af sp=0x00000083987f8890 mode 2
Event: 339.799 Thread 0x00000201a992a000 Uncommon trap: trap_request=0xffffff4d fr.pc=0x000002019aeb2e74 relative=0x0000000000001334
Event: 339.799 Thread 0x00000201a992a000 Uncommon trap: reason=unstable_if action=reinterpret pc=0x000002019aeb2e74 method=java.util.concurrent.ConcurrentHashMap.putVal(Ljava/lang/Object;Ljava/lang/Object;Z)Ljava/lang/Object; @ 162 c2
Event: 339.799 Thread 0x00000201a992a000 DEOPT PACKING pc=0x000002019aeb2e74 sp=0x00000083987fa650
Event: 339.799 Thread 0x00000201a992a000 DEOPT UNPACKING pc=0x000002019305a1af sp=0x00000083987fa5e8 mode 2

Classes redefined (0 events):
No events

Internal exceptions (20 events):
Event: 275.870 Thread 0x00000201a992a000 Exception <a 'java/lang/ClassNotFoundException'{0x000000008cb345e8}: org/gradle/api/internal/tasks/DefaultSourceSetContainer_DecoratedCustomizer> (0x000000008cb345e8) thrown at [src/hotspot/share/classfile/systemDictionary.cpp, line 230]
Event: 286.089 Thread 0x00000201a992a000 Exception <a 'sun/nio/fs/WindowsException'{0x000000008d0c0820}> (0x000000008d0c0820) thrown at [src/hotspot/share/prims/jni.cpp, line 617]
Event: 291.727 Thread 0x00000201a992a000 Exception <a 'java/lang/NullPointerException'{0x000000008d108b10}> (0x000000008d108b10) thrown at [src/hotspot/share/interpreter/linkResolver.cpp, line 1440]
Event: 292.457 Thread 0x00000201a992a000 Implicit null exception at 0x000002019ae5a847 to 0x000002019ae5c290
Event: 298.746 Thread 0x00000201a992a000 Exception <a 'sun/nio/fs/WindowsException'{0x000000008cc3ab68}> (0x000000008cc3ab68) thrown at [src/hotspot/share/prims/jni.cpp, line 617]
Event: 298.748 Thread 0x00000201a992a000 Exception <a 'sun/nio/fs/WindowsException'{0x000000008cc3bf08}> (0x000000008cc3bf08) thrown at [src/hotspot/share/prims/jni.cpp, line 617]
Event: 298.748 Thread 0x00000201a992a000 Exception <a 'sun/nio/fs/WindowsException'{0x000000008cc40a28}> (0x000000008cc40a28) thrown at [src/hotspot/share/prims/jni.cpp, line 617]
Event: 298.748 Thread 0x00000201a992a000 Exception <a 'sun/nio/fs/WindowsException'{0x000000008cc41e00}> (0x000000008cc41e00) thrown at [src/hotspot/share/prims/jni.cpp, line 617]
Event: 299.638 Thread 0x00000201a8d95000 Implicit null exception at 0x000002019b0a810d to 0x000002019b0a88d0
Event: 306.679 Thread 0x00000201a992a000 Exception <a 'java/lang/NoSuchMethodError'{0x000000008d277200}: 'java.lang.Object java.lang.invoke.DirectMethodHandle$Holder.invokeStatic(java.lang.Object, java.lang.Object, java.lang.Object, java.lang.Object, java.lang.Object, java.lang.Object, int)'> (0x000000008d277200) thrown at [src/hotspot/share/interpreter/linkResolver.cpp, line 773]
Event: 306.694 Thread 0x00000201a992a000 Exception <a 'java/lang/NoSuchMethodError'{0x000000008d292388}: 'java.lang.Object java.lang.invoke.DirectMethodHandle$Holder.invokeStatic(java.lang.Object, java.lang.Object, java.lang.Object, java.lang.Object, java.lang.Object, java.lang.Object, int, int)'> (0x000000008d292388) thrown at [src/hotspot/share/interpreter/linkResolver.cpp, line 773]
Event: 306.697 Thread 0x00000201a992a000 Exception <a 'java/lang/NoSuchMethodError'{0x000000008d2aabe8}: 'java.lang.Object java.lang.invoke.DirectMethodHandle$Holder.invokeStatic(java.lang.Object, java.lang.Object, java.lang.Object, java.lang.Object, java.lang.Object, java.lang.Object, int, int, java.lang.Object)'> (0x000000008d2aabe8) thrown at [src/hotspot/share/interpreter/linkResolver.cpp, line 773]
Event: 309.751 Thread 0x00000201a992a000 Exception <a 'java/lang/NoSuchMethodError'{0x000000008cd254f8}: 'int java.lang.invoke.DirectMethodHandle$Holder.invokeSpecialIFC(java.lang.Object, java.lang.Object, java.lang.Object)'> (0x000000008cd254f8) thrown at [src/hotspot/share/interpreter/linkResolver.cpp, line 773]
Event: 310.850 Thread 0x00000201a992a000 Exception <a 'java/lang/NoSuchMethodError'{0x000000008cab02c0}: 'java.lang.Object java.lang.invoke.DirectMethodHandle$Holder.invokeStatic(java.lang.Object, java.lang.Object, java.lang.Object, java.lang.Object, int, java.lang.Object)'> (0x000000008cab02c0) thrown at [src/hotspot/share/interpreter/linkResolver.cpp, line 773]
Event: 310.854 Thread 0x00000201a992a000 Exception <a 'java/lang/NoSuchMethodError'{0x000000008cab45c0}: 'java.lang.Object java.lang.invoke.Invokers$Holder.linkToTargetMethod(java.lang.Object, java.lang.Object, java.lang.Object, int, java.lang.Object, java.lang.Object)'> (0x000000008cab45c0) thrown at [src/hotspot/share/interpreter/linkResolver.cpp, line 773]
Event: 313.779 Thread 0x00000201a992a000 Exception <a 'java/lang/NoSuchMethodError'{0x000000008d30e6c8}: 'void java.lang.invoke.DirectMethodHandle$Holder.invokeStatic(java.lang.Object, java.lang.Object, java.lang.Object, java.lang.Object, int, java.lang.Object, java.lang.Object)'> (0x000000008d30e6c8) thrown at [src/hotspot/share/interpreter/linkResolver.cpp, line 773]
Event: 315.525 Thread 0x00000201a992a000 Exception <a 'java/lang/IncompatibleClassChangeError'{0x000000008d291fd8}: Found class java.lang.Object, but interface was expected> (0x000000008d291fd8) thrown at [src/hotspot/share/interpreter/linkResolver.cpp, line 839]
Event: 319.219 Thread 0x00000201a992a000 Implicit null exception at 0x000002019b11d423 to 0x000002019b11dbb4
Event: 321.754 Thread 0x00000201a992a000 Exception <a 'java/lang/IncompatibleClassChangeError'{0x000000008cf25468}: Found class java.lang.Object, but interface was expected> (0x000000008cf25468) thrown at [src/hotspot/share/interpreter/linkResolver.cpp, line 839]
Event: 322.270 Thread 0x00000201a992a000 Exception <a 'java/lang/NoSuchMethodError'{0x000000008cd02a08}: 'int java.lang.invoke.DirectMethodHandle$Holder.invokeStaticInit(java.lang.Object, java.lang.Object, java.lang.Object, java.lang.Object, java.lang.Object)'> (0x000000008cd02a08) thrown at [src/hotspot/share/interpreter/linkResolver.cpp, line 773]

Events (20 events):
Event: 346.764 loading class org/gradle/internal/component/external/model/ForcedDependencyMetadataWrapper
Event: 346.764 loading class org/gradle/internal/component/external/model/ForcedDependencyMetadataWrapper done
Event: 347.022 Executing VM operation: G1CollectForAllocation
Event: 347.284 Executing VM operation: G1CollectForAllocation done
Event: 347.411 loading class org/gradle/internal/component/external/model/RealisedVariantBackedConfigurationMetadata
Event: 347.411 loading class org/gradle/internal/component/external/model/RealisedVariantBackedConfigurationMetadata done
Event: 347.430 loading class org/gradle/internal/component/external/model/RealisedVariantBackedConfigurationMetadata$ComponentAttributesAwareVariant
Event: 347.430 loading class org/gradle/internal/component/external/model/RealisedVariantBackedConfigurationMetadata$ComponentAttributesAwareVariant done
Event: 348.261 Executing VM operation: CGC_Operation
Event: 348.463 Executing VM operation: CGC_Operation done
Event: 348.605 Executing VM operation: CGC_Operation
Event: 348.605 Executing VM operation: CGC_Operation done
Event: 350.701 loading class org/gradle/api/internal/artifacts/ivyservice/resolveengine/excludes/specs/ExcludeSpec
Event: 350.701 loading class org/gradle/api/internal/artifacts/ivyservice/resolveengine/excludes/specs/ExcludeSpec done
Event: 350.701 loading class org/gradle/api/internal/artifacts/ivyservice/resolveengine/graph/builder/EdgeState
Event: 350.702 loading class org/gradle/api/internal/artifacts/ivyservice/resolveengine/graph/builder/EdgeState done
Event: 350.702 loading class org/gradle/api/internal/artifacts/ivyservice/resolveengine/excludes/specs/ExcludeSpec
Event: 350.702 loading class org/gradle/api/internal/artifacts/ivyservice/resolveengine/excludes/specs/ExcludeSpec done
Event: 351.405 Executing VM operation: G1CollectForAllocation
Event: 351.450 Executing VM operation: G1CollectForAllocation done


Dynamic libraries:
0x00007ff7c61e0000 - 0x00007ff7c61ea000 	C:\Program Files\Android\Android Studio\jbr\bin\java.exe
0x00007ffcf7770000 - 0x00007ffcf7984000 	C:\WINDOWS\SYSTEM32\ntdll.dll
0x00007ffcf6e50000 - 0x00007ffcf6f12000 	C:\WINDOWS\System32\KERNEL32.DLL
0x00007ffcf4c60000 - 0x00007ffcf5003000 	C:\WINDOWS\System32\KERNELBASE.dll
0x00007ffcf5010000 - 0x00007ffcf5121000 	C:\WINDOWS\System32\ucrtbase.dll
0x00007ffcdfa70000 - 0x00007ffcdfa87000 	C:\Program Files\Android\Android Studio\jbr\bin\jli.dll
0x00007ffcf6b30000 - 0x00007ffcf6cdb000 	C:\WINDOWS\System32\USER32.dll
0x00007ffcf4c30000 - 0x00007ffcf4c56000 	C:\WINDOWS\System32\win32u.dll
0x00007ffcf7030000 - 0x00007ffcf7059000 	C:\WINDOWS\System32\GDI32.dll
0x00007ffcf5130000 - 0x00007ffcf5249000 	C:\WINDOWS\System32\gdi32full.dll
0x00007ffcf54b0000 - 0x00007ffcf554a000 	C:\WINDOWS\System32\msvcp_win.dll
0x00007ffcbe090000 - 0x00007ffcbe0ab000 	C:\Program Files\Android\Android Studio\jbr\bin\VCRUNTIME140.dll
0x00007ffce1000000 - 0x00007ffce128e000 	C:\WINDOWS\WinSxS\amd64_microsoft.windows.common-controls_6595b64144ccf1df_6.0.22621.1635_none_270f70857386168e\COMCTL32.dll
0x00007ffcf6570000 - 0x00007ffcf6617000 	C:\WINDOWS\System32\msvcrt.dll
0x00007ffcf57c0000 - 0x00007ffcf57f1000 	C:\WINDOWS\System32\IMM32.DLL
0x00007ffced930000 - 0x00007ffced93c000 	C:\Program Files\Android\Android Studio\jbr\bin\vcruntime140_1.dll
0x00007ffcb1bd0000 - 0x00007ffcb1c5d000 	C:\Program Files\Android\Android Studio\jbr\bin\msvcp140.dll
0x00007ffc90a30000 - 0x00007ffc915ec000 	C:\Program Files\Android\Android Studio\jbr\bin\server\jvm.dll
0x00007ffcf56f0000 - 0x00007ffcf579e000 	C:\WINDOWS\System32\ADVAPI32.dll
0x00007ffcf6f20000 - 0x00007ffcf6fc4000 	C:\WINDOWS\System32\sechost.dll
0x00007ffcf6620000 - 0x00007ffcf6737000 	C:\WINDOWS\System32\RPCRT4.dll
0x00007ffcf75d0000 - 0x00007ffcf75d8000 	C:\WINDOWS\System32\PSAPI.DLL
0x00007ffccf560000 - 0x00007ffccf569000 	C:\WINDOWS\SYSTEM32\WSOCK32.dll
0x00007ffcf7550000 - 0x00007ffcf75c1000 	C:\WINDOWS\System32\WS2_32.dll
0x00007ffcecf80000 - 0x00007ffcecfb4000 	C:\WINDOWS\SYSTEM32\WINMM.dll
0x00007ffcecfc0000 - 0x00007ffcecfca000 	C:\WINDOWS\SYSTEM32\VERSION.dll
0x00007ffcf3bc0000 - 0x00007ffcf3bd8000 	C:\WINDOWS\SYSTEM32\kernel.appcore.dll
0x00007ffcc2d40000 - 0x00007ffcc2d50000 	C:\Program Files\Android\Android Studio\jbr\bin\verify.dll
0x00007ffcde900000 - 0x00007ffcdeb2e000 	C:\WINDOWS\SYSTEM32\DBGHELP.DLL
0x00007ffcf6740000 - 0x00007ffcf6ac9000 	C:\WINDOWS\System32\combase.dll
0x00007ffcf6260000 - 0x00007ffcf6337000 	C:\WINDOWS\System32\OLEAUT32.dll
0x00007ffcd8030000 - 0x00007ffcd8062000 	C:\WINDOWS\SYSTEM32\dbgcore.DLL
0x00007ffcf5430000 - 0x00007ffcf54ab000 	C:\WINDOWS\System32\bcryptPrimitives.dll
0x00007ffcaf780000 - 0x00007ffcaf7a8000 	C:\Program Files\Android\Android Studio\jbr\bin\java.dll
0x00007ffcc2520000 - 0x00007ffcc252a000 	C:\Program Files\Android\Android Studio\jbr\bin\jimage.dll
0x00007ffcbe0f0000 - 0x00007ffcbe108000 	C:\Program Files\Android\Android Studio\jbr\bin\zip.dll
0x00007ffcf5820000 - 0x00007ffcf601a000 	C:\WINDOWS\System32\SHELL32.dll
0x00007ffcf2b70000 - 0x00007ffcf343e000 	C:\WINDOWS\SYSTEM32\windows.storage.dll
0x00007ffcf2a30000 - 0x00007ffcf2b6e000 	C:\WINDOWS\SYSTEM32\wintypes.dll
0x00007ffcf6ce0000 - 0x00007ffcf6dd1000 	C:\WINDOWS\System32\SHCORE.dll
0x00007ffcf6ad0000 - 0x00007ffcf6b2e000 	C:\WINDOWS\System32\shlwapi.dll
0x00007ffcf4aa0000 - 0x00007ffcf4ac1000 	C:\WINDOWS\SYSTEM32\profapi.dll
0x00007ffc9e0f0000 - 0x00007ffc9e109000 	C:\Program Files\Android\Android Studio\jbr\bin\net.dll
0x00007ffcea9e0000 - 0x00007ffceab17000 	C:\WINDOWS\SYSTEM32\WINHTTP.dll
0x00007ffcf4030000 - 0x00007ffcf4099000 	C:\WINDOWS\system32\mswsock.dll
0x00007ffc9bed0000 - 0x00007ffc9bee3000 	C:\Program Files\Android\Android Studio\jbr\bin\nio.dll
0x00007ffcbdfa0000 - 0x00007ffcbdfc7000 	C:\Users\HP-CSD\.gradle\native\68d5fa5c4cc2d200863cafc0d521ce42e7d3e7ee720ec0a83991735586a16f82\windows-amd64\native-platform.dll
0x00007ffcb0580000 - 0x00007ffcb06c4000 	C:\Users\HP-CSD\.gradle\native\e376f236ea51e6404a007f0833ffe2c6e607c4080706a723a18a27aeea778392\windows-amd64\native-platform-file-events.dll
0x00007ffca3b30000 - 0x00007ffca3b3a000 	C:\Program Files\Android\Android Studio\jbr\bin\management.dll
0x00007ffc9bec0000 - 0x00007ffc9becb000 	C:\Program Files\Android\Android Studio\jbr\bin\management_ext.dll
0x00007ffcf4290000 - 0x00007ffcf42ab000 	C:\WINDOWS\SYSTEM32\CRYPTSP.dll
0x00007ffcf3b30000 - 0x00007ffcf3b65000 	C:\WINDOWS\system32\rsaenh.dll
0x00007ffcf4130000 - 0x00007ffcf4158000 	C:\WINDOWS\SYSTEM32\USERENV.dll
0x00007ffcf4450000 - 0x00007ffcf4478000 	C:\WINDOWS\SYSTEM32\bcrypt.dll
0x00007ffcf42b0000 - 0x00007ffcf42bc000 	C:\WINDOWS\SYSTEM32\CRYPTBASE.dll
0x00007ffcf36e0000 - 0x00007ffcf370d000 	C:\WINDOWS\SYSTEM32\IPHLPAPI.DLL
0x00007ffcf7060000 - 0x00007ffcf7069000 	C:\WINDOWS\System32\NSI.dll
0x00007ffcecb70000 - 0x00007ffcecb89000 	C:\WINDOWS\SYSTEM32\dhcpcsvc6.DLL
0x00007ffcecb50000 - 0x00007ffcecb6f000 	C:\WINDOWS\SYSTEM32\dhcpcsvc.DLL
0x00007ffcf3710000 - 0x00007ffcf3803000 	C:\WINDOWS\SYSTEM32\DNSAPI.dll
0x00007ffcce870000 - 0x00007ffcce887000 	C:\WINDOWS\system32\napinsp.dll
0x00007ffcce820000 - 0x00007ffcce83b000 	C:\WINDOWS\system32\pnrpnsp.dll
0x00007ffcce7d0000 - 0x00007ffcce7e1000 	C:\WINDOWS\System32\winrnr.dll
0x00007ffcce7b0000 - 0x00007ffcce7c5000 	C:\WINDOWS\system32\wshbth.dll
0x00007ffcce780000 - 0x00007ffcce7a1000 	C:\WINDOWS\system32\nlansp_c.dll
0x00007ffcddc90000 - 0x00007ffcddc9a000 	C:\Windows\System32\rasadhlp.dll
0x00007ffcec520000 - 0x00007ffcec5a4000 	C:\WINDOWS\System32\fwpuclnt.dll

dbghelp: loaded successfully - version: 4.0.5 - missing functions: none
symbol engine: initialized successfully - sym options: 0x614 - pdb path: .;C:\Program Files\Android\Android Studio\jbr\bin;C:\WINDOWS\SYSTEM32;C:\WINDOWS\WinSxS\amd64_microsoft.windows.common-controls_6595b64144ccf1df_6.0.22621.1635_none_270f70857386168e;C:\Program Files\Android\Android Studio\jbr\bin\server;C:\Users\HP-CSD\.gradle\native\68d5fa5c4cc2d200863cafc0d521ce42e7d3e7ee720ec0a83991735586a16f82\windows-amd64;C:\Users\HP-CSD\.gradle\native\e376f236ea51e6404a007f0833ffe2c6e607c4080706a723a18a27aeea778392\windows-amd64

VM Arguments:
jvm_args: --add-opens=java.base/java.util=ALL-UNNAMED --add-opens=java.base/java.lang=ALL-UNNAMED --add-opens=java.base/java.lang.invoke=ALL-UNNAMED --add-opens=java.prefs/java.util.prefs=ALL-UNNAMED --add-opens=java.base/java.nio.charset=ALL-UNNAMED --add-opens=java.base/java.net=ALL-UNNAMED --add-opens=java.base/java.util.concurrent.atomic=ALL-UNNAMED -Xmx2048m -Dfile.encoding=UTF-8 -Duser.country=PE -Duser.language=es -Duser.variant 
java_command: org.gradle.launcher.daemon.bootstrap.GradleDaemon 8.0
java_class_path (initial): C:\Users\HP-CSD\.gradle\wrapper\dists\gradle-8.0-bin\ca5e32bp14vu59qr306oxotwh\gradle-8.0\lib\gradle-launcher-8.0.jar
Launcher Type: SUN_STANDARD

[Global flags]
     intx CICompilerCount                          = 2                                         {product} {ergonomic}
     uint ConcGCThreads                            = 1                                         {product} {ergonomic}
     uint G1ConcRefinementThreads                  = 2                                         {product} {ergonomic}
   size_t G1HeapRegionSize                         = 1048576                                   {product} {ergonomic}
    uintx GCDrainStackTargetSize                   = 64                                        {product} {ergonomic}
   size_t InitialHeapSize                          = 58720256                                  {product} {ergonomic}
   size_t MarkStackSize                            = 4194304                                   {product} {ergonomic}
   size_t MaxHeapSize                              = 2147483648                                {product} {command line}
   size_t MaxNewSize                               = 1287651328                                {product} {ergonomic}
   size_t MinHeapDeltaBytes                        = 1048576                                   {product} {ergonomic}
    uintx NonNMethodCodeHeapSize                   = 5825164                                {pd product} {ergonomic}
    uintx NonProfiledCodeHeapSize                  = 122916538                              {pd product} {ergonomic}
    uintx ProfiledCodeHeapSize                     = 122916538                              {pd product} {ergonomic}
    uintx ReservedCodeCacheSize                    = 251658240                              {pd product} {ergonomic}
     bool SegmentedCodeCache                       = true                                      {product} {ergonomic}
     bool UseCompressedClassPointers               = true                                 {lp64_product} {ergonomic}
     bool UseCompressedOops                        = true                                 {lp64_product} {ergonomic}
     bool UseG1GC                                  = true                                      {product} {ergonomic}
     bool UseLargePagesIndividualAllocation        = false                                  {pd product} {ergonomic}

Logging:
Log output configuration:
 #0: stdout all=warning uptime,level,tags
 #1: stderr all=off uptime,level,tags

Environment Variables:
JAVA_HOME=C:\Program Files\Java\jdk-17
PATH=C:\app\HP-CSD\product\21c\dbhomeXE\bin;C:\Program Files\Common Files\Oracle\Java\javapath;C:\oraclexe\app\oracle\product\11.2.0\server\bin;C:\WINDOWS\system32;C:\WINDOWS;C:\WINDOWS\System32\Wbem;C:\WINDOWS\System32\WindowsPowerShell\v1.0\;C:\WINDOWS\System32\OpenSSH\;C:\Program Files\Git\cmd;C:\Program Files\nodejs\;C:\xampp\php;C:\ProgramData\ComposerSetup\bin;C:\Program Files\Java\jdk-17\bin;C:\Program Files\Apache Software Foundation\Tomcat 9.0\bin;C:\Users\HP-CSD\AppData\Local\Programs\Python\Python310\Scripts\;C:\Users\HP-CSD\AppData\Local\Programs\Python\Python310\;C:\Users\HP-CSD\AppData\Local\Microsoft\WindowsApps;C:\Program Files\MongoDB\Server\6.0\bin;C:\Program Files\MongoDB\Server\5.0\bin;D:\VISUAL\Microsoft VS Code\bin;C:\Users\HP-CSD\AppData\Roaming\npm;C:\Users\HP-CSD\AppData\Roaming\Composer\vendor\bin;
USERNAME=HP-CSD
OS=Windows_NT
PROCESSOR_IDENTIFIER=AMD64 Family 23 Model 24 Stepping 1, AuthenticAMD



---------------  S Y S T E M  ---------------

OS: Windows 11 , 64 bit Build 22621 (10.0.22621.1778)
OS uptime: 0 days 3:23 hours

CPU:total 2 (initial active 2) (2 cores per cpu, 1 threads per core) family 23 model 24 stepping 1 microcode 0x0, cmov, cx8, fxsr, mmx, sse, sse2, sse3, ssse3, sse4.1, sse4.2, popcnt, avx, avx2, aes, clmul, mmxext, 3dnowpref, lzcnt, sse4a, tsc, tscinvbit, tscinv, bmi1, bmi2, adx, sha, fma

Memory: 4k page, system-wide physical 3500M (104M free)
TotalPageFile size 14252M (AvailPageFile size 5M)
current process WorkingSet (physical memory assigned to process): 216M, peak: 243M
current process commit charge ("private bytes"): 486M, peak: 488M

vm_info: OpenJDK 64-Bit Server VM (11.0.15+0-b2043.56-9505619) for windows-amd64 JRE (11.0.15+0-b2043.56-9505619), built on Jan 19 2023 02:48:00 by "builduser" with unknown MS VC++:1929

END.
