#
# There is insufficient memory for the Java Runtime Environment to continue.
# Native memory allocation (mmap) failed to map 14680064 bytes for Failed to commit area from 0x0000000084500000 to 0x0000000085300000 of length 14680064.
# Possible reasons:
#   The system is out of physical RAM or swap space
#   The process is running with CompressedOops enabled, and the Java Heap may be blocking the growth of the native heap
# Possible solutions:
#   Reduce memory load on the system
#   Increase physical memory or swap space
#   Check if swap backing store is full
#   Decrease Java heap size (-Xmx/-Xms)
#   Decrease number of Java threads
#   Decrease Java thread stack sizes (-Xss)
#   Set larger code cache with -XX:ReservedCodeCacheSize=
#   JVM is running with Unscaled Compressed Oops mode in which the Java heap is
#     placed in the first 4GB address space. The Java Heap base address is the
#     maximum limit for the native heap growth. Please use -XX:HeapBaseMinAddress
#     to set the Java Heap base and to place the Java Heap above 4GB virtual address.
# This output file may be truncated or incomplete.
#
#  Out of Memory Error (src/hotspot/os/windows/os_windows.cpp:3627), pid=2712, tid=13008
#
# JRE version: OpenJDK Runtime Environment (11.0.15) (build 11.0.15+0-b2043.56-9505619)
# Java VM: OpenJDK 64-Bit Server VM (11.0.15+0-b2043.56-9505619, mixed mode, tiered, compressed oops, g1 gc, windows-amd64)
# No core dump will be written. Minidumps are not enabled by default on client versions of Windows
#

---------------  S U M M A R Y ------------

Command Line: --add-opens=java.base/java.util=ALL-UNNAMED --add-opens=java.base/java.lang=ALL-UNNAMED --add-opens=java.base/java.lang.invoke=ALL-UNNAMED --add-opens=java.prefs/java.util.prefs=ALL-UNNAMED --add-opens=java.base/java.nio.charset=ALL-UNNAMED --add-opens=java.base/java.net=ALL-UNNAMED --add-opens=java.base/java.util.concurrent.atomic=ALL-UNNAMED -Xmx2048m -Dfile.encoding=UTF-8 -Duser.country=PE -Duser.language=es -Duser.variant org.gradle.launcher.daemon.bootstrap.GradleDaemon 8.0

Host: AMD Athlon Silver 3050U with Radeon Graphics   , 2 cores, 3G,  Windows 11 , 64 bit Build 22621 (10.0.22621.1778)
Time: Tue Jun 27 01:18:57 2023 Hora est. Pacífico, Sudamérica elapsed time: 275.401326 seconds (0d 0h 4m 35s)

---------------  T H R E A D  ---------------

Current thread (0x00000168af61b800):  VMThread "VM Thread" [stack: 0x0000001d60600000,0x0000001d60700000] [id=13008]

Stack: [0x0000001d60600000,0x0000001d60700000]
[error occurred during error reporting (printing stack bounds), id 0xc0000005, EXCEPTION_ACCESS_VIOLATION (0xc0000005) at pc=0x00000168998b112d]

Native frames: (J=compiled Java code, j=interpreted, Vv=VM code, C=native code)
V  [jvm.dll+0x64135a]
V  [jvm.dll+0x7d39f9]
V  [jvm.dll+0x7d51b9]
V  [jvm.dll+0x7d5805]
V  [jvm.dll+0x7d57bb]
V  [jvm.dll+0x640655]
V  [jvm.dll+0x640d68]
C  [ntdll.dll+0xa3cff]
C  [ntdll.dll+0x1e456]
C  [ntdll.dll+0xa2cee]
C  0x00000168998b112d

VM_Operation (0x0000001d618f4a20): G1CollectForAllocation, mode: safepoint, requested by thread 0x00000168b0da8000


---------------  P R O C E S S  ---------------

Threads class SMR info:
_java_thread_list=0x00000168b3044c10, length=32, elements={
0x0000016895d8c800, 0x00000168af623000, 0x00000168af624000, 0x00000168af67d800,
0x00000168af681000, 0x00000168af682000, 0x00000168af684800, 0x00000168afee9000,
0x00000168afef0000, 0x00000168affe7000, 0x00000168b10b4000, 0x00000168b20c0800,
0x00000168b02ce800, 0x00000168b2203800, 0x00000168b185d000, 0x00000168b1620800,
0x00000168b0da8000, 0x00000168b1682000, 0x00000168b02fe800, 0x00000168b0e09800,
0x00000168b0e0a000, 0x00000168b0e06000, 0x00000168b0e08800, 0x00000168b0e04800,
0x00000168b0e0b000, 0x00000168b0e05000, 0x00000168b0e07000, 0x00000168b0e07800,
0x00000168b22c4000, 0x00000168b22c3000, 0x00000168b22c4800, 0x00000168b22c5800
}

Java Threads: ( => current thread )
  0x0000016895d8c800 JavaThread "main" [_thread_blocked, id=14212, stack(0x0000001d5ff00000,0x0000001d60000000)]
  0x00000168af623000 JavaThread "Reference Handler" daemon [_thread_blocked, id=13420, stack(0x0000001d60700000,0x0000001d60800000)]
  0x00000168af624000 JavaThread "Finalizer" daemon [_thread_blocked, id=13828, stack(0x0000001d60800000,0x0000001d60900000)]
  0x00000168af67d800 JavaThread "Signal Dispatcher" daemon [_thread_blocked, id=2676, stack(0x0000001d60900000,0x0000001d60a00000)]
  0x00000168af681000 JavaThread "Attach Listener" daemon [_thread_blocked, id=8048, stack(0x0000001d60a00000,0x0000001d60b00000)]
  0x00000168af682000 JavaThread "Service Thread" daemon [_thread_blocked, id=13772, stack(0x0000001d60b00000,0x0000001d60c00000)]
  0x00000168af684800 JavaThread "C2 CompilerThread0" daemon [_thread_blocked, id=8768, stack(0x0000001d60c00000,0x0000001d60d00000)]
  0x00000168afee9000 JavaThread "C1 CompilerThread0" daemon [_thread_blocked, id=8288, stack(0x0000001d60d00000,0x0000001d60e00000)]
  0x00000168afef0000 JavaThread "Sweeper thread" daemon [_thread_blocked, id=13928, stack(0x0000001d60e00000,0x0000001d60f00000)]
  0x00000168affe7000 JavaThread "Common-Cleaner" daemon [_thread_blocked, id=1964, stack(0x0000001d60f00000,0x0000001d61000000)]
  0x00000168b10b4000 JavaThread "Daemon health stats" [_thread_blocked, id=12452, stack(0x0000001d5fe00000,0x0000001d5ff00000)]
  0x00000168b20c0800 JavaThread "Incoming local TCP Connector on port 51512" [_thread_in_native, id=14260, stack(0x0000001d61300000,0x0000001d61400000)]
  0x00000168b02ce800 JavaThread "Daemon periodic checks" [_thread_blocked, id=12696, stack(0x0000001d61400000,0x0000001d61500000)]
  0x00000168b2203800 JavaThread "Daemon" [_thread_blocked, id=12836, stack(0x0000001d61500000,0x0000001d61600000)]
  0x00000168b185d000 JavaThread "Handler for socket connection from /127.0.0.1:51512 to /127.0.0.1:51518" [_thread_in_native, id=6764, stack(0x0000001d61600000,0x0000001d61700000)]
  0x00000168b1620800 JavaThread "Cancel handler" [_thread_blocked, id=10268, stack(0x0000001d61700000,0x0000001d61800000)]
  0x00000168b0da8000 JavaThread "Daemon worker" [_thread_blocked, id=14204, stack(0x0000001d61800000,0x0000001d61900000)]
  0x00000168b1682000 JavaThread "Asynchronous log dispatcher for DefaultDaemonConnection: socket connection from /127.0.0.1:51512 to /127.0.0.1:51518" [_thread_blocked, id=11724, stack(0x0000001d61900000,0x0000001d61a00000)]
  0x00000168b02fe800 JavaThread "Daemon client event forwarder" [_thread_blocked, id=1868, stack(0x0000001d61b00000,0x0000001d61c00000)]
  0x00000168b0e09800 JavaThread "Cache worker for journal cache (C:\Users\HP-CSD\.gradle\caches\journal-1)" [_thread_blocked, id=10320, stack(0x0000001d61e00000,0x0000001d61f00000)]
  0x00000168b0e0a000 JavaThread "File lock request listener" [_thread_in_native, id=4532, stack(0x0000001d61f00000,0x0000001d62000000)]
  0x00000168b0e06000 JavaThread "File lock release action executor" [_thread_blocked, id=6404, stack(0x0000001d62000000,0x0000001d62100000)]
  0x00000168b0e08800 JavaThread "Cache worker for file hash cache (C:\Users\HP-CSD\.gradle\caches\8.0\fileHashes)" [_thread_blocked, id=11272, stack(0x0000001d60000000,0x0000001d60100000)]
  0x00000168b0e04800 JavaThread "File watcher server" daemon [_thread_in_native, id=12772, stack(0x0000001d61200000,0x0000001d61300000)]
  0x00000168b0e0b000 JavaThread "File watcher consumer" daemon [_thread_blocked, id=620, stack(0x0000001d62100000,0x0000001d62200000)]
  0x00000168b0e05000 JavaThread "jar transforms" [_thread_blocked, id=14624, stack(0x0000001d61a00000,0x0000001d61b00000)]
  0x00000168b0e07000 JavaThread "jar transforms Thread 2" [_thread_blocked, id=14628, stack(0x0000001d62200000,0x0000001d62300000)]
  0x00000168b0e07800 JavaThread "Cache worker for checksums cache (C:\Users\HP-CSD\AndroidStudioProjects\PokeTinder\.gradle\8.0\checksums)" [_thread_blocked, id=14860, stack(0x0000001d61c00000,0x0000001d61d00000)]
  0x00000168b22c4000 JavaThread "Cache worker for cache directory md-rule (C:\Users\HP-CSD\.gradle\caches\8.0\md-rule)" [_thread_blocked, id=14880, stack(0x0000001d62300000,0x0000001d62400000)]
  0x00000168b22c3000 JavaThread "Cache worker for file content cache (C:\Users\HP-CSD\.gradle\caches\8.0\fileContent)" [_thread_blocked, id=14900, stack(0x0000001d62400000,0x0000001d62500000)]
  0x00000168b22c4800 JavaThread "Cache worker for file hash cache (C:\Users\HP-CSD\AndroidStudioProjects\PokeTinder\.gradle\8.0\fileHashes)" [_thread_blocked, id=14964, stack(0x0000001d62500000,0x0000001d62600000)]
  0x00000168b22c5800 JavaThread "Cache worker for cache directory md-supplier (C:\Users\HP-CSD\.gradle\caches\8.0\md-supplier)" [_thread_blocked, id=15012, stack(0x0000001d62600000,0x0000001d62700000)]

Other Threads:
=>0x00000168af61b800 VMThread "VM Thread" [stack: 0x0000001d60600000,0x0000001d60700000] [id=13008]
  0x00000168b0046800 WatcherThread [stack: 0x0000001d61000000,0x0000001d61100000] [id=11888]
  0x0000016895da6000 GCTaskThread "GC Thread#0" [stack: 0x0000001d60100000,0x0000001d60200000] [id=3340]
  0x00000168b0034800 GCTaskThread "GC Thread#1" [stack: 0x0000001d61100000,0x0000001d61200000] [id=8404]
  0x0000016895dd7000 ConcurrentGCThread "G1 Main Marker" [stack: 0x0000001d60200000,0x0000001d60300000] [id=10140]
  0x0000016895dd9800 ConcurrentGCThread "G1 Conc#0" [stack: 0x0000001d60300000,0x0000001d60400000] [id=12752]
  0x0000016895e17000 ConcurrentGCThread "G1 Refine#0" [stack: 0x0000001d60400000,0x0000001d60500000] [id=11944]
  0x0000016895e1b000 ConcurrentGCThread "G1 Young RemSet Sampling" [stack: 0x0000001d60500000,0x0000001d60600000] [id=9824]

Threads with active compile tasks:

VM state:at safepoint (normal execution)

VM Mutex/Monitor currently owned by a thread:  ([mutex/lock_event])
[0x0000016895d87180] Threads_lock - owner thread: 0x00000168af61b800
[0x0000016895d88650] Heap_lock - owner thread: 0x00000168b0da8000

Heap address: 0x0000000080000000, size: 2048 MB, Compressed Oops mode: 32-bit
Narrow klass base: 0x0000000000000000, Narrow klass shift: 3
Compressed class space size: 1073741824 Address: 0x0000000100000000

Heap:
 garbage-first heap   total 84992K, used 55364K [0x0000000080000000, 0x0000000100000000)
  region size 1024K, 1 young (1024K), 1 survivors (1024K)
 Metaspace       used 31812K, capacity 32832K, committed 32944K, reserved 1077248K
  class space    used 4221K, capacity 4582K, committed 4608K, reserved 1048576K
Heap Regions: E=young(eden), S=young(survivor), O=old, HS=humongous(starts), HC=humongous(continues), CS=collection set, F=free, A=archive, TAMS=top-at-mark-start (previous, next)
|   0|0x0000000080000000, 0x0000000080100000, 0x0000000080100000|100%| O|  |TAMS 0x0000000080100000, 0x0000000080100000| Untracked 
|   1|0x0000000080100000, 0x0000000080200000, 0x0000000080200000|100%|HS|  |TAMS 0x0000000080200000, 0x0000000080200000| Complete 
|   2|0x0000000080200000, 0x0000000080300000, 0x0000000080300000|100%|HC|  |TAMS 0x0000000080300000, 0x0000000080300000| Complete 
|   3|0x0000000080300000, 0x0000000080400000, 0x0000000080400000|100%|HC|  |TAMS 0x0000000080400000, 0x0000000080400000| Complete 
|   4|0x0000000080400000, 0x0000000080500000, 0x0000000080500000|100%|HC|  |TAMS 0x0000000080500000, 0x0000000080500000| Complete 
|   5|0x0000000080500000, 0x0000000080600000, 0x0000000080600000|100%| O|  |TAMS 0x0000000080600000, 0x0000000080600000| Untracked 
|   6|0x0000000080600000, 0x0000000080700000, 0x0000000080700000|100%| O|  |TAMS 0x0000000080700000, 0x0000000080700000| Untracked 
|   7|0x0000000080700000, 0x0000000080800000, 0x0000000080800000|100%| O|  |TAMS 0x0000000080800000, 0x0000000080800000| Untracked 
|   8|0x0000000080800000, 0x0000000080900000, 0x0000000080900000|100%| O|  |TAMS 0x0000000080900000, 0x0000000080900000| Untracked 
|   9|0x0000000080900000, 0x0000000080a00000, 0x0000000080a00000|100%| O|  |TAMS 0x0000000080a00000, 0x0000000080a00000| Untracked 
|  10|0x0000000080a00000, 0x0000000080b00000, 0x0000000080b00000|100%| O|  |TAMS 0x0000000080b00000, 0x0000000080b00000| Untracked 
|  11|0x0000000080b00000, 0x0000000080c00000, 0x0000000080c00000|100%| O|  |TAMS 0x0000000080c00000, 0x0000000080c00000| Untracked 
|  12|0x0000000080c00000, 0x0000000080d00000, 0x0000000080d00000|100%| O|  |TAMS 0x0000000080d00000, 0x0000000080d00000| Untracked 
|  13|0x0000000080d00000, 0x0000000080e00000, 0x0000000080e00000|100%| O|  |TAMS 0x0000000080e00000, 0x0000000080e00000| Untracked 
|  14|0x0000000080e00000, 0x0000000080f00000, 0x0000000080f00000|100%| O|  |TAMS 0x0000000080f00000, 0x0000000080f00000| Untracked 
|  15|0x0000000080f00000, 0x0000000081000000, 0x0000000081000000|100%| O|  |TAMS 0x0000000081000000, 0x0000000081000000| Untracked 
|  16|0x0000000081000000, 0x0000000081100000, 0x0000000081100000|100%| O|  |TAMS 0x0000000081100000, 0x0000000081100000| Untracked 
|  17|0x0000000081100000, 0x0000000081200000, 0x0000000081200000|100%| O|  |TAMS 0x0000000081200000, 0x0000000081200000| Untracked 
|  18|0x0000000081200000, 0x0000000081300000, 0x0000000081300000|100%| O|  |TAMS 0x0000000081300000, 0x0000000081300000| Untracked 
|  19|0x0000000081300000, 0x0000000081400000, 0x0000000081400000|100%|HS|  |TAMS 0x0000000081400000, 0x0000000081400000| Complete 
|  20|0x0000000081400000, 0x0000000081500000, 0x0000000081500000|100%|HC|  |TAMS 0x0000000081500000, 0x0000000081500000| Complete 
|  21|0x0000000081500000, 0x0000000081600000, 0x0000000081600000|100%|HS|  |TAMS 0x0000000081600000, 0x0000000081600000| Complete 
|  22|0x0000000081600000, 0x0000000081700000, 0x0000000081700000|100%|HC|  |TAMS 0x0000000081700000, 0x0000000081700000| Complete 
|  23|0x0000000081700000, 0x0000000081800000, 0x0000000081800000|100%|HC|  |TAMS 0x0000000081800000, 0x0000000081800000| Complete 
|  24|0x0000000081800000, 0x0000000081900000, 0x0000000081900000|100%| O|  |TAMS 0x0000000081900000, 0x0000000081900000| Untracked 
|  25|0x0000000081900000, 0x0000000081a00000, 0x0000000081a00000|100%|HS|  |TAMS 0x0000000081a00000, 0x0000000081a00000| Complete 
|  26|0x0000000081a00000, 0x0000000081b00000, 0x0000000081b00000|100%|HC|  |TAMS 0x0000000081b00000, 0x0000000081b00000| Complete 
|  27|0x0000000081b00000, 0x0000000081c00000, 0x0000000081c00000|100%|HC|  |TAMS 0x0000000081c00000, 0x0000000081c00000| Complete 
|  28|0x0000000081c00000, 0x0000000081d00000, 0x0000000081d00000|100%| O|  |TAMS 0x0000000081d00000, 0x0000000081d00000| Untracked 
|  29|0x0000000081d00000, 0x0000000081e00000, 0x0000000081e00000|100%|HS|  |TAMS 0x0000000081e00000, 0x0000000081e00000| Complete 
|  30|0x0000000081e00000, 0x0000000081f00000, 0x0000000081f00000|100%|HC|  |TAMS 0x0000000081f00000, 0x0000000081f00000| Complete 
|  31|0x0000000081f00000, 0x0000000082000000, 0x0000000082000000|100%| O|  |TAMS 0x0000000082000000, 0x0000000082000000| Untracked 
|  32|0x0000000082000000, 0x0000000082100000, 0x0000000082100000|100%|HS|  |TAMS 0x0000000082100000, 0x0000000082100000| Complete 
|  33|0x0000000082100000, 0x0000000082200000, 0x0000000082200000|100%|HC|  |TAMS 0x0000000082200000, 0x0000000082200000| Complete 
|  34|0x0000000082200000, 0x0000000082300000, 0x0000000082300000|100%|HC|  |TAMS 0x0000000082300000, 0x0000000082300000| Complete 
|  35|0x0000000082300000, 0x0000000082400000, 0x0000000082400000|100%|HC|  |TAMS 0x0000000082400000, 0x0000000082400000| Complete 
|  36|0x0000000082400000, 0x0000000082500000, 0x0000000082500000|100%|HC|  |TAMS 0x0000000082500000, 0x0000000082500000| Complete 
|  37|0x0000000082500000, 0x0000000082600000, 0x0000000082600000|100%|HC|  |TAMS 0x0000000082600000, 0x0000000082600000| Complete 
|  38|0x0000000082600000, 0x0000000082700000, 0x0000000082700000|100%|HC|  |TAMS 0x0000000082700000, 0x0000000082700000| Complete 
|  39|0x0000000082700000, 0x0000000082800000, 0x0000000082800000|100%|HC|  |TAMS 0x0000000082800000, 0x0000000082800000| Complete 
|  40|0x0000000082800000, 0x0000000082900000, 0x0000000082900000|100%|HC|  |TAMS 0x0000000082900000, 0x0000000082900000| Complete 
|  41|0x0000000082900000, 0x0000000082a00000, 0x0000000082a00000|100%|HC|  |TAMS 0x0000000082a00000, 0x0000000082a00000| Complete 
|  42|0x0000000082a00000, 0x0000000082b00000, 0x0000000082b00000|100%| O|  |TAMS 0x0000000082b00000, 0x0000000082b00000| Untracked 
|  43|0x0000000082b00000, 0x0000000082c00000, 0x0000000082c00000|100%|HS|  |TAMS 0x0000000082c00000, 0x0000000082c00000| Complete 
|  44|0x0000000082c00000, 0x0000000082d00000, 0x0000000082d00000|100%|HC|  |TAMS 0x0000000082d00000, 0x0000000082d00000| Complete 
|  45|0x0000000082d00000, 0x0000000082e00000, 0x0000000082e00000|100%| O|  |TAMS 0x0000000082e00000, 0x0000000082e00000| Untracked 
|  46|0x0000000082e00000, 0x0000000082f00000, 0x0000000082f00000|100%|HS|  |TAMS 0x0000000082f00000, 0x0000000082f00000| Complete 
|  47|0x0000000082f00000, 0x0000000083000000, 0x0000000083000000|100%|HC|  |TAMS 0x0000000083000000, 0x0000000083000000| Complete 
|  48|0x0000000083000000, 0x0000000083100000, 0x0000000083100000|100%|HC|  |TAMS 0x0000000083100000, 0x0000000083100000| Complete 
|  49|0x0000000083100000, 0x0000000083200000, 0x0000000083200000|100%|HC|  |TAMS 0x0000000083200000, 0x0000000083200000| Complete 
|  50|0x0000000083200000, 0x0000000083300000, 0x0000000083300000|100%|HC|  |TAMS 0x0000000083300000, 0x0000000083300000| Complete 
|  51|0x0000000083300000, 0x0000000083400000, 0x0000000083400000|100%| O|  |TAMS 0x0000000083400000, 0x0000000083400000| Untracked 
|  52|0x0000000083400000, 0x0000000083500000, 0x0000000083500000|100%| O|  |TAMS 0x0000000083500000, 0x0000000083500000| Untracked 
|  53|0x0000000083500000, 0x0000000083500000, 0x0000000083600000|  0%| F|  |TAMS 0x0000000083500000, 0x0000000083500000| Untracked 
|  54|0x0000000083600000, 0x0000000083600000, 0x0000000083700000|  0%| F|  |TAMS 0x0000000083600000, 0x0000000083600000| Untracked 
|  55|0x0000000083700000, 0x0000000083700000, 0x0000000083800000|  0%| F|  |TAMS 0x0000000083700000, 0x0000000083700000| Untracked 
|  56|0x0000000083800000, 0x0000000083886000, 0x0000000083900000| 52%| O|  |TAMS 0x000000008382c800, 0x0000000083886000| Untracked 
|  57|0x0000000083900000, 0x0000000083900000, 0x0000000083a00000|  0%| F|  |TAMS 0x0000000083900000, 0x0000000083900000| Untracked 
|  58|0x0000000083a00000, 0x0000000083a00000, 0x0000000083b00000|  0%| F|  |TAMS 0x0000000083a00000, 0x0000000083a00000| Untracked 
|  59|0x0000000083b00000, 0x0000000083b00000, 0x0000000083c00000|  0%| F|  |TAMS 0x0000000083b00000, 0x0000000083b00000| Untracked 
|  60|0x0000000083c00000, 0x0000000083c00000, 0x0000000083d00000|  0%| F|  |TAMS 0x0000000083c00000, 0x0000000083c00000| Untracked 
|  61|0x0000000083d00000, 0x0000000083d00000, 0x0000000083e00000|  0%| F|  |TAMS 0x0000000083d00000, 0x0000000083d00000| Untracked 
|  62|0x0000000083e00000, 0x0000000083e00000, 0x0000000083f00000|  0%| F|  |TAMS 0x0000000083e00000, 0x0000000083e00000| Untracked 
|  63|0x0000000083f00000, 0x0000000083f8b210, 0x0000000084000000| 54%| S|CS|TAMS 0x0000000083f00000, 0x0000000083f00000| Complete 
|  64|0x0000000084000000, 0x0000000084000000, 0x0000000084100000|  0%| F|  |TAMS 0x0000000084000000, 0x0000000084000000| Untracked 
|  65|0x0000000084100000, 0x0000000084100000, 0x0000000084200000|  0%| F|  |TAMS 0x0000000084100000, 0x0000000084100000| Untracked 
|  66|0x0000000084200000, 0x0000000084200000, 0x0000000084300000|  0%| F|  |TAMS 0x0000000084200000, 0x0000000084200000| Untracked 
|  67|0x0000000084300000, 0x0000000084300000, 0x0000000084400000|  0%| F|  |TAMS 0x0000000084300000, 0x0000000084300000| Untracked 
|  68|0x0000000084400000, 0x0000000084400000, 0x0000000084500000|  0%| F|  |TAMS 0x0000000084400000, 0x0000000084400000| Untracked 

Card table byte_map: [0x00000168a8cb0000,0x00000168a90b0000] _byte_map_base: 0x00000168a88b0000

Marking Bits (Prev, Next): (CMBitMap*) 0x0000016895dce588, (CMBitMap*) 0x0000016895dce5c0
 Prev Bits: [0x00000168a94b0000, 0x00000168ab4b0000)
 Next Bits: [0x00000168ab4b0000, 0x00000168ad4b0000)

Polling page: 0x0000016893d90000

Metaspace:

Usage:
  Non-class:     27.59 MB capacity,    26.94 MB ( 98%) used,   576.80 KB (  2%) free+waste,    82.62 KB ( <1%) overhead. 
      Class:      4.47 MB capacity,     4.12 MB ( 92%) used,   318.39 KB (  7%) free+waste,    41.88 KB ( <1%) overhead. 
       Both:     32.06 MB capacity,    31.07 MB ( 97%) used,   895.19 KB (  3%) free+waste,   124.50 KB ( <1%) overhead. 

Virtual space:
  Non-class space:       28.00 MB reserved,      27.67 MB ( 99%) committed 
      Class space:        1.00 GB reserved,       4.50 MB ( <1%) committed 
             Both:        1.03 GB reserved,      32.17 MB (  3%) committed 

Chunk freelists:
   Non-Class:  22.00 KB
       Class:  26.00 KB
        Both:  48.00 KB

MaxMetaspaceSize: 17179869184.00 GB
CompressedClassSpaceSize: 1.00 GB
Initial GC threshold: 20.80 MB
Current GC threshold: 53.20 MB
CDS: off

CodeHeap 'non-profiled nmethods': size=120064Kb used=1611Kb max_used=1611Kb free=118452Kb
 bounds [0x00000168a1370000, 0x00000168a15e0000, 0x00000168a88b0000]
CodeHeap 'profiled nmethods': size=120000Kb used=6578Kb max_used=6578Kb free=113421Kb
 bounds [0x0000016899e40000, 0x000001689a4b0000, 0x00000168a1370000]
CodeHeap 'non-nmethods': size=5696Kb used=1233Kb max_used=1269Kb free=4462Kb
 bounds [0x00000168998b0000, 0x0000016899b20000, 0x0000016899e40000]
 total_blobs=3628 nmethods=3115 adapters=425
 compilation: enabled
              stopped_count=0, restarted_count=0
 full_count=0

Compilation events (20 events):
Event: 273.591 Thread 0x00000168afee9000 3120   !   3       java.util.concurrent.LinkedBlockingDeque::offerLast (53 bytes)
Event: 273.592 Thread 0x00000168afee9000 nmethod 3120 0x000001689a4a8490 code [0x000001689a4a8700, 0x000001689a4a9178]
Event: 273.592 Thread 0x00000168afee9000 3121       3       java.util.concurrent.LinkedBlockingDeque$Node::<init> (10 bytes)
Event: 273.592 Thread 0x00000168afee9000 nmethod 3121 0x000001689a4a9590 code [0x000001689a4a9740, 0x000001689a4a98f8]
Event: 273.592 Thread 0x00000168afee9000 3122       3       java.util.concurrent.ScheduledThreadPoolExecutor$ScheduledFutureTask::getDelay (16 bytes)
Event: 273.592 Thread 0x00000168afee9000 nmethod 3122 0x000001689a4a9990 code [0x000001689a4a9b60, 0x000001689a4a9ce8]
Event: 274.154 Thread 0x00000168af684800 3123       4       java.lang.invoke.VarHandleGuards::guard_LLL_Z (70 bytes)
Event: 274.156 Thread 0x00000168af684800 nmethod 3123 0x00000168a14ff990 code [0x00000168a14ffb40, 0x00000168a14ffcc8]
Event: 274.281 Thread 0x00000168afee9000 3124       3       java.io.ByteArrayInputStream::<init> (26 bytes)
Event: 274.282 Thread 0x00000168afee9000 nmethod 3124 0x000001689a4a9d90 code [0x000001689a4a9f60, 0x000001689a4aa198]
Event: 274.648 Thread 0x00000168afee9000 3125       1       org.gradle.internal.event.DefaultListenerManager::access$100 (5 bytes)
Event: 274.649 Thread 0x00000168afee9000 nmethod 3125 0x00000168a14fff10 code [0x00000168a15000c0, 0x00000168a1500158]
Event: 274.655 Thread 0x00000168afee9000 3126       3       java.lang.reflect.ProxyGenerator::addProxyMethod (233 bytes)
Event: 274.658 Thread 0x00000168afee9000 nmethod 3126 0x000001689a4aa290 code [0x000001689a4aa660, 0x000001689a4ac1a8]
Event: 274.907 Thread 0x00000168af684800 3127       4       java.util.concurrent.TimeUnit::toNanos (45 bytes)
Event: 274.908 Thread 0x00000168af684800 nmethod 3127 0x00000168a1500210 code [0x00000168a15003a0, 0x00000168a1500478]
Event: 275.270 Thread 0x00000168af684800 3129   !   4       java.util.concurrent.locks.AbstractQueuedSynchronizer::acquireQueued (74 bytes)
Event: 275.280 Thread 0x00000168af684800 nmethod 3129 0x00000168a1500910 code [0x00000168a1500b00, 0x00000168a1501190]
Event: 275.287 Thread 0x00000168af684800 3130       4       java.io.WinNTFileSystem::resolve (275 bytes)
Event: 275.305 Thread 0x00000168af684800 nmethod 3130 0x00000168a1501510 code [0x00000168a1501720, 0x00000168a1502408]

GC Heap History (20 events):
Event: 266.509 GC heap after
{Heap after GC invocations=47 (full 0):
 garbage-first heap   total 57344K, used 54552K [0x0000000080000000, 0x0000000100000000)
  region size 1024K, 1 young (1024K), 1 survivors (1024K)
 Metaspace       used 29636K, capacity 30636K, committed 30768K, reserved 1075200K
  class space    used 3878K, capacity 4210K, committed 4224K, reserved 1048576K
}
Event: 266.832 GC heap before
{Heap before GC invocations=48 (full 0):
 garbage-first heap   total 57344K, used 55576K [0x0000000080000000, 0x0000000100000000)
  region size 1024K, 2 young (2048K), 1 survivors (1024K)
 Metaspace       used 29704K, capacity 30668K, committed 30896K, reserved 1075200K
  class space    used 3890K, capacity 4242K, committed 4352K, reserved 1048576K
}
Event: 266.835 GC heap after
{Heap after GC invocations=49 (full 0):
 garbage-first heap   total 57344K, used 54563K [0x0000000080000000, 0x0000000100000000)
  region size 1024K, 1 young (1024K), 1 survivors (1024K)
 Metaspace       used 29704K, capacity 30668K, committed 30896K, reserved 1075200K
  class space    used 3890K, capacity 4242K, committed 4352K, reserved 1048576K
}
Event: 266.855 GC heap before
{Heap before GC invocations=49 (full 0):
 garbage-first heap   total 57344K, used 55587K [0x0000000080000000, 0x0000000100000000)
  region size 1024K, 2 young (2048K), 1 survivors (1024K)
 Metaspace       used 29755K, capacity 30735K, committed 30896K, reserved 1075200K
  class space    used 3898K, capacity 4243K, committed 4352K, reserved 1048576K
}
Event: 266.857 GC heap after
{Heap after GC invocations=50 (full 0):
 garbage-first heap   total 58368K, used 54617K [0x0000000080000000, 0x0000000100000000)
  region size 1024K, 1 young (1024K), 1 survivors (1024K)
 Metaspace       used 29755K, capacity 30735K, committed 30896K, reserved 1075200K
  class space    used 3898K, capacity 4243K, committed 4352K, reserved 1048576K
}
Event: 267.063 GC heap before
{Heap before GC invocations=51 (full 0):
 garbage-first heap   total 58368K, used 55641K [0x0000000080000000, 0x0000000100000000)
  region size 1024K, 2 young (2048K), 1 survivors (1024K)
 Metaspace       used 29811K, capacity 30744K, committed 30896K, reserved 1075200K
  class space    used 3907K, capacity 4246K, committed 4352K, reserved 1048576K
}
Event: 267.066 GC heap after
{Heap after GC invocations=52 (full 0):
 garbage-first heap   total 58368K, used 54610K [0x0000000080000000, 0x0000000100000000)
  region size 1024K, 1 young (1024K), 1 survivors (1024K)
 Metaspace       used 29811K, capacity 30744K, committed 30896K, reserved 1075200K
  class space    used 3907K, capacity 4246K, committed 4352K, reserved 1048576K
}
Event: 267.214 GC heap before
{Heap before GC invocations=52 (full 0):
 garbage-first heap   total 58368K, used 55634K [0x0000000080000000, 0x0000000100000000)
  region size 1024K, 2 young (2048K), 1 survivors (1024K)
 Metaspace       used 29844K, capacity 30811K, committed 31152K, reserved 1077248K
  class space    used 3915K, capacity 4247K, committed 4352K, reserved 1048576K
}
Event: 267.218 GC heap after
{Heap after GC invocations=53 (full 0):
 garbage-first heap   total 70656K, used 54646K [0x0000000080000000, 0x0000000100000000)
  region size 1024K, 1 young (1024K), 1 survivors (1024K)
 Metaspace       used 29844K, capacity 30811K, committed 31152K, reserved 1077248K
  class space    used 3915K, capacity 4247K, committed 4352K, reserved 1048576K
}
Event: 268.227 GC heap before
{Heap before GC invocations=54 (full 0):
 garbage-first heap   total 70656K, used 58742K [0x0000000080000000, 0x0000000100000000)
  region size 1024K, 5 young (5120K), 1 survivors (1024K)
 Metaspace       used 30084K, capacity 31069K, committed 31152K, reserved 1077248K
  class space    used 3956K, capacity 4312K, committed 4352K, reserved 1048576K
}
Event: 268.231 GC heap after
{Heap after GC invocations=55 (full 0):
 garbage-first heap   total 70656K, used 54709K [0x0000000080000000, 0x0000000100000000)
  region size 1024K, 1 young (1024K), 1 survivors (1024K)
 Metaspace       used 30084K, capacity 31069K, committed 31152K, reserved 1077248K
  class space    used 3956K, capacity 4312K, committed 4352K, reserved 1048576K
}
Event: 268.958 GC heap before
{Heap before GC invocations=55 (full 0):
 garbage-first heap   total 70656K, used 58805K [0x0000000080000000, 0x0000000100000000)
  region size 1024K, 5 young (5120K), 1 survivors (1024K)
 Metaspace       used 30407K, capacity 31405K, committed 31536K, reserved 1077248K
  class space    used 4011K, capacity 4361K, committed 4480K, reserved 1048576K
}
Event: 268.962 GC heap after
{Heap after GC invocations=56 (full 0):
 garbage-first heap   total 70656K, used 54828K [0x0000000080000000, 0x0000000100000000)
  region size 1024K, 1 young (1024K), 1 survivors (1024K)
 Metaspace       used 30407K, capacity 31405K, committed 31536K, reserved 1077248K
  class space    used 4011K, capacity 4361K, committed 4480K, reserved 1048576K
}
Event: 270.778 GC heap before
{Heap before GC invocations=57 (full 0):
 garbage-first heap   total 70656K, used 58924K [0x0000000080000000, 0x0000000100000000)
  region size 1024K, 5 young (5120K), 1 survivors (1024K)
 Metaspace       used 30726K, capacity 31742K, committed 31792K, reserved 1077248K
  class space    used 4062K, capacity 4430K, committed 4480K, reserved 1048576K
}
Event: 270.781 GC heap after
{Heap after GC invocations=58 (full 0):
 garbage-first heap   total 70656K, used 54996K [0x0000000080000000, 0x0000000100000000)
  region size 1024K, 1 young (1024K), 1 survivors (1024K)
 Metaspace       used 30726K, capacity 31742K, committed 31792K, reserved 1077248K
  class space    used 4062K, capacity 4430K, committed 4480K, reserved 1048576K
}
Event: 272.207 GC heap before
{Heap before GC invocations=58 (full 0):
 garbage-first heap   total 70656K, used 59092K [0x0000000080000000, 0x0000000100000000)
  region size 1024K, 5 young (5120K), 1 survivors (1024K)
 Metaspace       used 31299K, capacity 32324K, committed 32688K, reserved 1077248K
  class space    used 4143K, capacity 4496K, committed 4608K, reserved 1048576K
}
Event: 272.210 GC heap after
{Heap after GC invocations=59 (full 0):
 garbage-first heap   total 70656K, used 55172K [0x0000000080000000, 0x0000000100000000)
  region size 1024K, 1 young (1024K), 1 survivors (1024K)
 Metaspace       used 31299K, capacity 32324K, committed 32688K, reserved 1077248K
  class space    used 4143K, capacity 4496K, committed 4608K, reserved 1048576K
}
Event: 274.790 GC heap before
{Heap before GC invocations=60 (full 0):
 garbage-first heap   total 70656K, used 59268K [0x0000000080000000, 0x0000000100000000)
  region size 1024K, 5 young (5120K), 1 survivors (1024K)
 Metaspace       used 31552K, capacity 32594K, committed 32688K, reserved 1077248K
  class space    used 4189K, capacity 4545K, committed 4608K, reserved 1048576K
}
Event: 274.803 GC heap after
{Heap after GC invocations=61 (full 0):
 garbage-first heap   total 70656K, used 55249K [0x0000000080000000, 0x0000000100000000)
  region size 1024K, 1 young (1024K), 1 survivors (1024K)
 Metaspace       used 31552K, capacity 32594K, committed 32688K, reserved 1077248K
  class space    used 4189K, capacity 4545K, committed 4608K, reserved 1048576K
}
Event: 275.353 GC heap before
{Heap before GC invocations=61 (full 0):
 garbage-first heap   total 70656K, used 59345K [0x0000000080000000, 0x0000000100000000)
  region size 1024K, 5 young (5120K), 1 survivors (1024K)
 Metaspace       used 31812K, capacity 32832K, committed 32944K, reserved 1077248K
  class space    used 4221K, capacity 4582K, committed 4608K, reserved 1048576K
}

Deoptimization events (20 events):
Event: 258.470 Thread 0x00000168b0da8000 DEOPT PACKING pc=0x00000168a13f41e0 sp=0x0000001d618f5b20
Event: 258.472 Thread 0x00000168b0da8000 DEOPT UNPACKING pc=0x00000168998fa1af sp=0x0000001d618f5af0 mode 2
Event: 259.800 Thread 0x00000168b0da8000 DEOPT PACKING pc=0x000001689a3ff804 sp=0x0000001d618f49d0
Event: 259.800 Thread 0x00000168b0da8000 DEOPT UNPACKING pc=0x00000168998fa95e sp=0x0000001d618f3fa8 mode 0
Event: 261.111 Thread 0x00000168b0da8000 DEOPT PACKING pc=0x000001689a3ff804 sp=0x0000001d618f49d0
Event: 261.111 Thread 0x00000168b0da8000 DEOPT UNPACKING pc=0x00000168998fa95e sp=0x0000001d618f3fa8 mode 0
Event: 261.493 Thread 0x00000168b0da8000 DEOPT PACKING pc=0x000001689a3ff804 sp=0x0000001d618f49d0
Event: 261.493 Thread 0x00000168b0da8000 DEOPT UNPACKING pc=0x00000168998fa95e sp=0x0000001d618f3fa8 mode 0
Event: 262.003 Thread 0x00000168b0da8000 DEOPT PACKING pc=0x000001689a3ff804 sp=0x0000001d618f3960
Event: 262.003 Thread 0x00000168b0da8000 DEOPT UNPACKING pc=0x00000168998fa95e sp=0x0000001d618f2f38 mode 0
Event: 262.624 Thread 0x00000168b0da8000 DEOPT PACKING pc=0x000001689a1b78c9 sp=0x0000001d618f8110
Event: 262.624 Thread 0x00000168b0da8000 DEOPT UNPACKING pc=0x00000168998fa95e sp=0x0000001d618f7588 mode 0
Event: 271.734 Thread 0x00000168b0da8000 Uncommon trap: trap_request=0xffffff4d fr.pc=0x00000168a145934c relative=0x000000000000020c
Event: 271.734 Thread 0x00000168b0da8000 Uncommon trap: reason=unstable_if action=reinterpret pc=0x00000168a145934c method=java.util.HashMap.hash(Ljava/lang/Object;)I @ 1 c2
Event: 271.734 Thread 0x00000168b0da8000 DEOPT PACKING pc=0x00000168a145934c sp=0x0000001d618f6c80
Event: 271.734 Thread 0x00000168b0da8000 DEOPT UNPACKING pc=0x00000168998fa1af sp=0x0000001d618f6bb8 mode 2
Event: 272.255 Thread 0x00000168b0da8000 Uncommon trap: trap_request=0xffffff4d fr.pc=0x00000168a14faf64 relative=0x00000000000001a4
Event: 272.255 Thread 0x00000168b0da8000 Uncommon trap: reason=unstable_if action=reinterpret pc=0x00000168a14faf64 method=java.util.regex.Pattern$BmpCharProperty.match(Ljava/util/regex/Matcher;ILjava/lang/CharSequence;)Z @ 39 c2
Event: 272.255 Thread 0x00000168b0da8000 DEOPT PACKING pc=0x00000168a14faf64 sp=0x0000001d618f87a0
Event: 272.255 Thread 0x00000168b0da8000 DEOPT UNPACKING pc=0x00000168998fa1af sp=0x0000001d618f8750 mode 2

Classes redefined (0 events):
No events

Internal exceptions (20 events):
Event: 262.649 Thread 0x00000168b0da8000 Exception <a 'java/lang/NoSuchMethodError'{0x00000000837feeb0}: <clinit>> (0x00000000837feeb0) thrown at [src/hotspot/share/prims/jni.cpp, line 1367]
Event: 262.657 Thread 0x00000168b0da8000 Exception <a 'java/lang/NoSuchMethodError'{0x0000000083714fd8}: <clinit>> (0x0000000083714fd8) thrown at [src/hotspot/share/prims/jni.cpp, line 1367]
Event: 262.666 Thread 0x00000168b0da8000 Exception <a 'java/lang/NoSuchMethodError'{0x000000008371ef58}: <clinit>> (0x000000008371ef58) thrown at [src/hotspot/share/prims/jni.cpp, line 1367]
Event: 262.669 Thread 0x00000168b0da8000 Exception <a 'java/lang/NoSuchMethodError'{0x0000000083729b58}: <clinit>> (0x0000000083729b58) thrown at [src/hotspot/share/prims/jni.cpp, line 1367]
Event: 262.670 Thread 0x00000168b0da8000 Exception <a 'java/lang/NoSuchMethodError'{0x0000000083733f78}: <clinit>> (0x0000000083733f78) thrown at [src/hotspot/share/prims/jni.cpp, line 1367]
Event: 263.204 Thread 0x00000168b0da8000 Exception <a 'java/lang/NoSuchMethodError'{0x00000000837e6aa8}: <clinit>> (0x00000000837e6aa8) thrown at [src/hotspot/share/prims/jni.cpp, line 1367]
Event: 263.208 Thread 0x00000168b0da8000 Exception <a 'java/lang/NoSuchMethodError'{0x00000000837ea188}: <clinit>> (0x00000000837ea188) thrown at [src/hotspot/share/prims/jni.cpp, line 1367]
Event: 263.209 Thread 0x00000168b0da8000 Exception <a 'java/lang/NoSuchMethodError'{0x00000000837eb790}: <clinit>> (0x00000000837eb790) thrown at [src/hotspot/share/prims/jni.cpp, line 1367]
Event: 263.209 Thread 0x00000168b0da8000 Exception <a 'java/lang/NoSuchMethodError'{0x00000000837ecd28}: <clinit>> (0x00000000837ecd28) thrown at [src/hotspot/share/prims/jni.cpp, line 1367]
Event: 263.210 Thread 0x00000168b0da8000 Exception <a 'java/lang/NoSuchMethodError'{0x00000000837ee6c8}: <clinit>> (0x00000000837ee6c8) thrown at [src/hotspot/share/prims/jni.cpp, line 1367]
Event: 263.212 Thread 0x00000168b0da8000 Exception <a 'java/lang/NoSuchMethodError'{0x00000000837efd60}: <clinit>> (0x00000000837efd60) thrown at [src/hotspot/share/prims/jni.cpp, line 1367]
Event: 263.212 Thread 0x00000168b0da8000 Exception <a 'java/lang/NoSuchMethodError'{0x00000000837f0ff0}: <clinit>> (0x00000000837f0ff0) thrown at [src/hotspot/share/prims/jni.cpp, line 1367]
Event: 263.697 Thread 0x00000168b0da8000 Exception <a 'java/lang/NoSuchMethodError'{0x000000008375e5c0}: 'java.lang.Object java.lang.invoke.Invokers$Holder.linkToTargetMethod(java.lang.Object, int, java.lang.Object)'> (0x000000008375e5c0) thrown at [src/hotspot/share/interpreter/linkResolver.cpp, line 773]
Event: 268.815 Thread 0x00000168b0da8000 Exception <a 'java/lang/NoSuchMethodError'{0x00000000843f15b8}: 'java.lang.Object java.lang.invoke.DirectMethodHandle$Holder.invokeSpecialIFC(java.lang.Object, java.lang.Object, java.lang.Object, java.lang.Object)'> (0x00000000843f15b8) thrown at [src/hotspot/share/interpreter/linkResolver.cpp, line 773]
Event: 271.734 Thread 0x00000168b0da8000 Implicit null exception at 0x00000168a1459175 to 0x00000168a145933c
Event: 272.580 Thread 0x00000168b0da8000 Exception <a 'java/lang/NoSuchMethodError'{0x0000000084322b88}: 'java.lang.Object java.lang.invoke.DirectMethodHandle$Holder.invokeSpecial(java.lang.Object, java.lang.Object, java.lang.Object, java.lang.Object, java.lang.Object, java.lang.Object, java.lang.Object, java.lang.Object, java.lang.Object, java.lang.Object, java.lang.Object, java.lang.Object, java.lang.Object)'> (0x0000000084322b88) thrown at [src/hotspot/share/interpreter/linkResolver.cpp, line 773]
Event: 272.583 Thread 0x00000168b0da8000 Exception <a 'java/lang/NoSuchMethodError'{0x0000000084333918}: 'java.lang.Object java.lang.invoke.Invokers$Holder.linkToTargetMethod(java.lang.Object, java.lang.Object, java.lang.Object, java.lang.Object, java.lang.Object, java.lang.Object, java.lang.Object, java.lang.Object, java.lang.Object, java.lang.Object, java.lang.Object)'> (0x0000000084333918) thrown at [src/hotspot/share/interpreter/linkResolver.cpp, line 773]
Event: 272.618 Thread 0x00000168b0da8000 Exception <a 'java/lang/NoSuchMethodError'{0x00000000843e0cd0}: 'java.lang.Object java.lang.invoke.DirectMethodHandle$Holder.invokeSpecial(java.lang.Object, java.lang.Object, java.lang.Object, java.lang.Object, java.lang.Object, java.lang.Object, java.lang.Object, java.lang.Object, java.lang.Object, java.lang.Object, java.lang.Object, java.lang.Object, java.lang.Object, java.lang.Object)'> (0x00000000843e0cd0) thrown at [src/hotspot/share/interpreter/linkResolver.cpp, line 773]
Event: 272.620 Thread 0x00000168b0da8000 Exception <a 'java/lang/NoSuchMethodError'{0x00000000843f2858}: 'java.lang.Object java.lang.invoke.Invokers$Holder.linkToTargetMethod(java.lang.Object, java.lang.Object, java.lang.Object, java.lang.Object, java.lang.Object, java.lang.Object, java.lang.Object, java.lang.Object, java.lang.Object, java.lang.Object, java.lang.Object, java.lang.Object)'> (0x00000000843f2858) thrown at [src/hotspot/share/interpreter/linkResolver.cpp, line 773]
Event: 274.616 Thread 0x00000168b0da8000 Exception <a 'java/lang/NoSuchMethodError'{0x00000000842fdc70}: 'java.lang.Object java.lang.invoke.DirectMethodHandle$Holder.invokeStaticInit(java.lang.Object, java.lang.Object, java.lang.Object, java.lang.Object)'> (0x00000000842fdc70) thrown at [src/hotspot/share/interpreter/linkResolver.cpp, line 773]

Events (20 events):
Event: 275.311 loading class org/apache/ivy/util/MessageLogger done
Event: 275.333 loading class org/gradle/api/internal/artifacts/repositories/DefaultBaseRepositoryFactory
Event: 275.333 loading class org/gradle/api/internal/artifacts/repositories/DefaultBaseRepositoryFactory done
Event: 275.335 loading class org/gradle/api/artifacts/repositories/AuthenticationContainer
Event: 275.335 loading class org/gradle/api/artifacts/repositories/AuthenticationContainer done
Event: 275.335 loading class org/gradle/api/internal/artifacts/ivyservice/ivyresolve/parser/GradlePomModuleDescriptorParser
Event: 275.335 loading class org/gradle/api/internal/artifacts/ivyservice/ivyresolve/parser/GradlePomModuleDescriptorParser done
Event: 275.348 loading class org/gradle/api/internal/artifacts/ivyservice/ivyresolve/parser/AbstractModuleDescriptorParser
Event: 275.348 loading class org/gradle/api/internal/artifacts/ivyservice/ivyresolve/parser/AbstractModuleDescriptorParser done
Event: 275.349 loading class org/gradle/api/internal/artifacts/ivyservice/ivyresolve/parser/MetaDataParseException
Event: 275.349 loading class org/gradle/api/internal/artifacts/ivyservice/ivyresolve/parser/MetaDataParseException done
Event: 275.349 loading class org/gradle/api/internal/artifacts/ivyservice/ivyresolve/parser/PomParent
Event: 275.349 loading class org/gradle/api/internal/artifacts/ivyservice/ivyresolve/parser/PomParent done
Event: 275.350 loading class org/gradle/api/internal/artifacts/ivyservice/ivyresolve/strategy/MavenVersionSelectorScheme
Event: 275.350 loading class org/gradle/api/internal/artifacts/ivyservice/ivyresolve/strategy/MavenVersionSelectorScheme done
Event: 275.350 loading class org/gradle/api/internal/artifacts/ivyservice/ivyresolve/parser/GradleModuleMetadataParser
Event: 275.350 loading class org/gradle/api/internal/artifacts/ivyservice/ivyresolve/parser/GradleModuleMetadataParser done
Event: 275.352 loading class org/gradle/api/internal/artifacts/dsl/DefaultRepositoryHandler
Event: 275.352 loading class org/gradle/api/internal/artifacts/dsl/DefaultRepositoryHandler done
Event: 275.353 Executing VM operation: G1CollectForAllocation


Dynamic libraries:
0x00007ff72e500000 - 0x00007ff72e50a000 	C:\Program Files\Android\Android Studio\jbr\bin\java.exe
0x00007ffb574d0000 - 0x00007ffb576e4000 	C:\WINDOWS\SYSTEM32\ntdll.dll
0x00007ffb55740000 - 0x00007ffb55802000 	C:\WINDOWS\System32\KERNEL32.DLL
0x00007ffb548d0000 - 0x00007ffb54c73000 	C:\WINDOWS\System32\KERNELBASE.dll
0x00007ffb54cf0000 - 0x00007ffb54e01000 	C:\WINDOWS\System32\ucrtbase.dll
0x00007ffb16430000 - 0x00007ffb16447000 	C:\Program Files\Android\Android Studio\jbr\bin\jli.dll
0x00007ffb570c0000 - 0x00007ffb5726b000 	C:\WINDOWS\System32\USER32.dll
0x00007ffb54f30000 - 0x00007ffb54f56000 	C:\WINDOWS\System32\win32u.dll
0x00007ffb56500000 - 0x00007ffb56529000 	C:\WINDOWS\System32\GDI32.dll
0x00007ffb54e10000 - 0x00007ffb54f29000 	C:\WINDOWS\System32\gdi32full.dll
0x00007ffb55190000 - 0x00007ffb5522a000 	C:\WINDOWS\System32\msvcp_win.dll
0x00007ffb131d0000 - 0x00007ffb131eb000 	C:\Program Files\Android\Android Studio\jbr\bin\VCRUNTIME140.dll
0x00007ffb40730000 - 0x00007ffb409be000 	C:\WINDOWS\WinSxS\amd64_microsoft.windows.common-controls_6595b64144ccf1df_6.0.22621.1635_none_270f70857386168e\COMCTL32.dll
0x00007ffb55aa0000 - 0x00007ffb55b47000 	C:\WINDOWS\System32\msvcrt.dll
0x00007ffb57070000 - 0x00007ffb570a1000 	C:\WINDOWS\System32\IMM32.DLL
0x00007ffb40310000 - 0x00007ffb4031c000 	C:\Program Files\Android\Android Studio\jbr\bin\vcruntime140_1.dll
0x00007ffb08930000 - 0x00007ffb089bd000 	C:\Program Files\Android\Android Studio\jbr\bin\msvcp140.dll
0x00007ffb01ed0000 - 0x00007ffb02a8c000 	C:\Program Files\Android\Android Studio\jbr\bin\server\jvm.dll
0x00007ffb559f0000 - 0x00007ffb55a9e000 	C:\WINDOWS\System32\ADVAPI32.dll
0x00007ffb55930000 - 0x00007ffb559d4000 	C:\WINDOWS\System32\sechost.dll
0x00007ffb56d20000 - 0x00007ffb56e37000 	C:\WINDOWS\System32\RPCRT4.dll
0x00007ffb55b50000 - 0x00007ffb55b58000 	C:\WINDOWS\System32\PSAPI.DLL
0x00007ffb33d50000 - 0x00007ffb33d59000 	C:\WINDOWS\SYSTEM32\WSOCK32.dll
0x00007ffb57270000 - 0x00007ffb572e1000 	C:\WINDOWS\System32\WS2_32.dll
0x00007ffb4cc00000 - 0x00007ffb4cc34000 	C:\WINDOWS\SYSTEM32\WINMM.dll
0x00007ffb52690000 - 0x00007ffb5269a000 	C:\WINDOWS\SYSTEM32\VERSION.dll
0x00007ffb53920000 - 0x00007ffb53938000 	C:\WINDOWS\SYSTEM32\kernel.appcore.dll
0x00007ffb3fae0000 - 0x00007ffb3faf0000 	C:\Program Files\Android\Android Studio\jbr\bin\verify.dll
0x00007ffb3da30000 - 0x00007ffb3dc5e000 	C:\WINDOWS\SYSTEM32\DBGHELP.DLL
0x00007ffb552b0000 - 0x00007ffb55639000 	C:\WINDOWS\System32\combase.dll
0x00007ffb55b60000 - 0x00007ffb55c37000 	C:\WINDOWS\System32\OLEAUT32.dll
0x00007ffb36f60000 - 0x00007ffb36f92000 	C:\WINDOWS\SYSTEM32\dbgcore.DLL
0x00007ffb55230000 - 0x00007ffb552ab000 	C:\WINDOWS\System32\bcryptPrimitives.dll
0x00007ffb3f7d0000 - 0x00007ffb3f7f8000 	C:\Program Files\Android\Android Studio\jbr\bin\java.dll
0x00007ffb3fad0000 - 0x00007ffb3fada000 	C:\Program Files\Android\Android Studio\jbr\bin\jimage.dll
0x00007ffb3f7b0000 - 0x00007ffb3f7c8000 	C:\Program Files\Android\Android Studio\jbr\bin\zip.dll
0x00007ffb55d00000 - 0x00007ffb564fa000 	C:\WINDOWS\System32\SHELL32.dll
0x00007ffb528d0000 - 0x00007ffb5319e000 	C:\WINDOWS\SYSTEM32\windows.storage.dll
0x00007ffb52790000 - 0x00007ffb528ce000 	C:\WINDOWS\SYSTEM32\wintypes.dll
0x00007ffb55640000 - 0x00007ffb55731000 	C:\WINDOWS\System32\SHCORE.dll
0x00007ffb55ca0000 - 0x00007ffb55cfe000 	C:\WINDOWS\System32\shlwapi.dll
0x00007ffb54800000 - 0x00007ffb54821000 	C:\WINDOWS\SYSTEM32\profapi.dll
0x00007ffb3f790000 - 0x00007ffb3f7a9000 	C:\Program Files\Android\Android Studio\jbr\bin\net.dll
0x00007ffb4a3e0000 - 0x00007ffb4a517000 	C:\WINDOWS\SYSTEM32\WINHTTP.dll
0x00007ffb53d90000 - 0x00007ffb53df9000 	C:\WINDOWS\system32\mswsock.dll
0x00007ffb3f770000 - 0x00007ffb3f783000 	C:\Program Files\Android\Android Studio\jbr\bin\nio.dll
0x00007ffb40390000 - 0x00007ffb403b7000 	C:\Users\HP-CSD\.gradle\native\68d5fa5c4cc2d200863cafc0d521ce42e7d3e7ee720ec0a83991735586a16f82\windows-amd64\native-platform.dll
0x00007ffab9d30000 - 0x00007ffab9e74000 	C:\Users\HP-CSD\.gradle\native\e376f236ea51e6404a007f0833ffe2c6e607c4080706a723a18a27aeea778392\windows-amd64\native-platform-file-events.dll
0x00007ffb3f740000 - 0x00007ffb3f74a000 	C:\Program Files\Android\Android Studio\jbr\bin\management.dll
0x00007ffb20ee0000 - 0x00007ffb20eeb000 	C:\Program Files\Android\Android Studio\jbr\bin\management_ext.dll
0x00007ffb53ff0000 - 0x00007ffb5400b000 	C:\WINDOWS\SYSTEM32\CRYPTSP.dll
0x00007ffb53890000 - 0x00007ffb538c5000 	C:\WINDOWS\system32\rsaenh.dll
0x00007ffb53e90000 - 0x00007ffb53eb8000 	C:\WINDOWS\SYSTEM32\USERENV.dll
0x00007ffb541b0000 - 0x00007ffb541d8000 	C:\WINDOWS\SYSTEM32\bcrypt.dll
0x00007ffb54010000 - 0x00007ffb5401c000 	C:\WINDOWS\SYSTEM32\CRYPTBASE.dll
0x00007ffb53440000 - 0x00007ffb5346d000 	C:\WINDOWS\SYSTEM32\IPHLPAPI.DLL
0x00007ffb566f0000 - 0x00007ffb566f9000 	C:\WINDOWS\System32\NSI.dll
0x00007ffb4a600000 - 0x00007ffb4a619000 	C:\WINDOWS\SYSTEM32\dhcpcsvc6.DLL
0x00007ffb4a2c0000 - 0x00007ffb4a2df000 	C:\WINDOWS\SYSTEM32\dhcpcsvc.DLL
0x00007ffb53470000 - 0x00007ffb53563000 	C:\WINDOWS\SYSTEM32\DNSAPI.dll

dbghelp: loaded successfully - version: 4.0.5 - missing functions: none
symbol engine: initialized successfully - sym options: 0x614 - pdb path: .;C:\Program Files\Android\Android Studio\jbr\bin;C:\WINDOWS\SYSTEM32;C:\WINDOWS\WinSxS\amd64_microsoft.windows.common-controls_6595b64144ccf1df_6.0.22621.1635_none_270f70857386168e;C:\Program Files\Android\Android Studio\jbr\bin\server;C:\Users\HP-CSD\.gradle\native\68d5fa5c4cc2d200863cafc0d521ce42e7d3e7ee720ec0a83991735586a16f82\windows-amd64;C:\Users\HP-CSD\.gradle\native\e376f236ea51e6404a007f0833ffe2c6e607c4080706a723a18a27aeea778392\windows-amd64

VM Arguments:
jvm_args: --add-opens=java.base/java.util=ALL-UNNAMED --add-opens=java.base/java.lang=ALL-UNNAMED --add-opens=java.base/java.lang.invoke=ALL-UNNAMED --add-opens=java.prefs/java.util.prefs=ALL-UNNAMED --add-opens=java.base/java.nio.charset=ALL-UNNAMED --add-opens=java.base/java.net=ALL-UNNAMED --add-opens=java.base/java.util.concurrent.atomic=ALL-UNNAMED -Xmx2048m -Dfile.encoding=UTF-8 -Duser.country=PE -Duser.language=es -Duser.variant 
java_command: org.gradle.launcher.daemon.bootstrap.GradleDaemon 8.0
java_class_path (initial): C:\Users\HP-CSD\.gradle\wrapper\dists\gradle-8.0-bin\ca5e32bp14vu59qr306oxotwh\gradle-8.0\lib\gradle-launcher-8.0.jar
Launcher Type: SUN_STANDARD

[Global flags]
     intx CICompilerCount                          = 2                                         {product} {ergonomic}
     uint ConcGCThreads                            = 1                                         {product} {ergonomic}
     uint G1ConcRefinementThreads                  = 2                                         {product} {ergonomic}
   size_t G1HeapRegionSize                         = 1048576                                   {product} {ergonomic}
    uintx GCDrainStackTargetSize                   = 64                                        {product} {ergonomic}
   size_t InitialHeapSize                          = 58720256                                  {product} {ergonomic}
   size_t MarkStackSize                            = 4194304                                   {product} {ergonomic}
   size_t MaxHeapSize                              = 2147483648                                {product} {command line}
   size_t MaxNewSize                               = 1287651328                                {product} {ergonomic}
   size_t MinHeapDeltaBytes                        = 1048576                                   {product} {ergonomic}
    uintx NonNMethodCodeHeapSize                   = 5825164                                {pd product} {ergonomic}
    uintx NonProfiledCodeHeapSize                  = 122916538                              {pd product} {ergonomic}
    uintx ProfiledCodeHeapSize                     = 122916538                              {pd product} {ergonomic}
    uintx ReservedCodeCacheSize                    = 251658240                              {pd product} {ergonomic}
     bool SegmentedCodeCache                       = true                                      {product} {ergonomic}
     bool UseCompressedClassPointers               = true                                 {lp64_product} {ergonomic}
     bool UseCompressedOops                        = true                                 {lp64_product} {ergonomic}
     bool UseG1GC                                  = true                                      {product} {ergonomic}
     bool UseLargePagesIndividualAllocation        = false                                  {pd product} {ergonomic}

Logging:
Log output configuration:
 #0: stdout all=warning uptime,level,tags
 #1: stderr all=off uptime,level,tags

Environment Variables:
JAVA_HOME=C:\Program Files\Java\jdk-17
PATH=C:\app\HP-CSD\product\21c\dbhomeXE\bin;C:\Program Files\Common Files\Oracle\Java\javapath;C:\oraclexe\app\oracle\product\11.2.0\server\bin;C:\WINDOWS\system32;C:\WINDOWS;C:\WINDOWS\System32\Wbem;C:\WINDOWS\System32\WindowsPowerShell\v1.0\;C:\WINDOWS\System32\OpenSSH\;C:\Program Files\Git\cmd;C:\Program Files\nodejs\;C:\xampp\php;C:\ProgramData\ComposerSetup\bin;C:\Program Files\Java\jdk-17\bin;C:\Program Files\Apache Software Foundation\Tomcat 9.0\bin;C:\Users\HP-CSD\AppData\Local\Programs\Python\Python310\Scripts\;C:\Users\HP-CSD\AppData\Local\Programs\Python\Python310\;C:\Users\HP-CSD\AppData\Local\Microsoft\WindowsApps;C:\Program Files\MongoDB\Server\6.0\bin;C:\Program Files\MongoDB\Server\5.0\bin;D:\VISUAL\Microsoft VS Code\bin;C:\Users\HP-CSD\AppData\Roaming\npm;C:\Users\HP-CSD\AppData\Roaming\Composer\vendor\bin;
USERNAME=HP-CSD
OS=Windows_NT
PROCESSOR_IDENTIFIER=AMD64 Family 23 Model 24 Stepping 1, AuthenticAMD



---------------  S Y S T E M  ---------------

OS: Windows 11 , 64 bit Build 22621 (10.0.22621.1778)
OS uptime: 0 days 0:38 hours

CPU:total 2 (initial active 2) (2 cores per cpu, 1 threads per core) family 23 model 24 stepping 1 microcode 0x0, cmov, cx8, fxsr, mmx, sse, sse2, sse3, ssse3, sse4.1, sse4.2, popcnt, avx, avx2, aes, clmul, mmxext, 3dnowpref, lzcnt, sse4a, tsc, tscinvbit, tscinv, bmi1, bmi2, adx, sha, fma

Memory: 4k page, system-wide physical 3500M (189M free)
TotalPageFile size 14252M (AvailPageFile size 2M)
current process WorkingSet (physical memory assigned to process): 115M, peak: 115M
current process commit charge ("private bytes"): 194M, peak: 208M

vm_info: OpenJDK 64-Bit Server VM (11.0.15+0-b2043.56-9505619) for windows-amd64 JRE (11.0.15+0-b2043.56-9505619), built on Jan 19 2023 02:48:00 by "builduser" with unknown MS VC++:1929

END.
